
     **********************************************************
                           Example1_Simple

      Program to provide a (relatively) simple example of how 
      to call the CRTM K-Matrix function.

      CRTM Version: alpha.REL-2.0
     **********************************************************


     Enter sensor id [hirs4_n18, amsua_n18, or mhs_n18]: 

     Running CRTM for mhs_n18 sensor...

     Initializing the CRTM...
 Read_SpcCoeff_Binary(INFORMATION) : FILE: ../Coefficient_Data/mhs_n18.SpcCoeff.bin; 
 SpcCoeff RELEASE.VERSION:  7.01  N_CHANNELS=5
 Read_ODAS_Binary(INFORMATION) : FILE: ../Coefficient_Data/mhs_n18.TauCoeff.bin; 
   ODAS RELEASE.VERSION:  7.06  N_PREDICTORS= 6  N_ABSORBERS= 3  N_CHANNELS=5  N_Alphas= 3  N_Coeffs=444
 Read_CloudCoeff_Binary(INFORMATION) : FILE: ../Coefficient_Data/CloudCoeff.bin; 
 CloudCoeff RELEASE.VERSION:  2.04  N_FREQUENCIES(MW)=  31  N_FREQUENCIES(IR)=  61  N_RADII(MW)=10  N_RADII(IR)=10  N_TEMPERATURES= 5  N_DENSITIES= 3  N_LEGENDRE_TERMS=38  N_PHASE_ELEMENTS= 1
 Read_AerosolCoeff_Binary(INFORMATION) : FILE: ../Coefficient_Data/AerosolCoeff.bin; 
 AerosolCoeff RELEASE.VERSION:  2.03  N_WAVELENGTHS=  61  N_RADII= 36  N_TYPES= 8  N_RH= 36  N_LEGENDRE_TERMS=37  N_PHASE_ELEMENTS= 1
 Read_EmisCoeff_Binary(INFORMATION) : FILE: ../Coefficient_Data/EmisCoeff.bin; 
 EmisCoeff RELEASE.VERSION:  2.01  N_ANGLES= 67  N_FREQUENCIES=  153  N_WIND_SPEEDS= 23


       Profile 1 output for mhs_n18

     Channel 1 results

   FORWARD OUTPUT
 RTSolution OBJECT
   Surface Emissivity      :  9.500000E-01
   Up Radiance             :  6.305451E-03
   Down Radiance           :  6.448738E-03
   Down Solar Radiance     :  0.000000E+00
   Surface Planck Radiance :  2.304672E-02
   Radiance                :  2.190575E-02
   Brightness Temperature  :  3.023621E+02

   K-MATRIX OUTPUT
 Surface OBJECT
   Land Coverage :  1.000
   Water Coverage:  0.000
   Snow Coverage :  0.000
   Ice Coverage  :  0.000
   Land type            : Scrub
   Land Temperature     :  6.670761E-01
   Soil Moisture Content:  0.000000E+00
   Canopy Water Content :  0.000000E+00
   Vegetation Fraction  :  0.000000E+00
   Soil Temperature     :  0.000000E+00
   Water Type       : Sea water
   Water Temperature:  0.000000E+00
   Wind Speed       :  0.000000E+00
   Wind Direction   :  0.000000E+00
   Salinity         :  0.000000E+00
   Snow Type       : Powder snow
   Snow Temperature:  0.000000E+00
   Snow Depth      :  0.000000E+00
   Snow Density    :  0.000000E+00
   Snow Grain_Size :  0.000000E+00
   Ice Type       : Fresh ice
   Ice Temperature:  0.000000E+00
   Ice Thickness  :  0.000000E+00
   Ice Density    :  0.000000E+00
   Ice Roughness  :  0.000000E+00
 ATMOSPHERE OBJECT
   n_Layers   : 92
   n_Absorbers: 2
   n_Clouds   : 0
   n_Aerosols : 0
   Climatology    : Tropical                
   Level pressure:
  4.842791E-07  3.654710E-07  1.413108E-06  1.702195E-06  5.264856E-06
  1.068829E-05  7.560396E-06  3.625434E-06  1.186688E-06  4.306902E-07
  1.102899E-06  4.838912E-06  7.883794E-06  8.624317E-06  9.404317E-06
  1.186897E-05  1.665782E-05  2.505972E-05  3.568374E-05  4.838735E-05
  6.304405E-05  6.923608E-05  7.537830E-05  8.999552E-05  1.065980E-04
  1.246169E-04  1.445623E-04  1.694495E-04  2.043788E-04  2.399158E-04
  2.707033E-04  3.023430E-04  3.248403E-04  3.344649E-04  3.466253E-04
  3.240972E-04  2.933040E-04  2.797766E-04  2.463147E-04  2.282036E-04
  2.121859E-04  1.959474E-04  1.826440E-04  1.651603E-04  1.522649E-04
  1.371650E-04  1.241754E-04  1.154371E-04  1.062465E-04  9.745802E-05
  8.895187E-05  7.658150E-05  6.097950E-05  4.659419E-05  2.778380E-05
  1.182321E-05  3.223842E-06 -3.327432E-06  7.276666E-06  1.919083E-05
  5.035682E-05  6.370534E-04  9.284150E-04  3.089697E-04  3.117096E-04
  1.028686E-03  1.404856E-03  1.212595E-03  9.623265E-04  7.357811E-04
  3.814198E-04  1.777040E-05 -2.557960E-04 -5.508386E-04 -9.137417E-04
 -1.254339E-03 -1.428795E-03 -1.556895E-03 -1.624021E-03 -1.494884E-03
 -1.295216E-03 -1.191000E-03 -1.130585E-03 -1.078835E-03 -1.037833E-03
 -9.981773E-04 -9.119319E-04 -2.965996E-03 -2.985447E-03  7.459260E-05
  9.107519E-05  1.105099E-04  1.127913E-02
   Layer pressure:
  5.508238E-08  1.234299E-07  2.408971E-07  3.784149E-07  3.407986E-07
 -2.951521E-08 -4.909472E-07 -9.818464E-07 -1.415840E-06 -1.858409E-06
 -2.483014E-06 -3.513505E-06 -4.977786E-06 -6.774614E-06 -8.943632E-06
 -1.164262E-05 -1.511277E-05 -1.970096E-05 -2.569136E-05 -3.326340E-05
 -4.264171E-05 -5.315251E-05 -6.479519E-05 -7.817979E-05 -9.332214E-05
 -1.103104E-04 -1.290951E-04 -1.497522E-04 -1.725965E-04 -1.969857E-04
 -2.221433E-04 -2.472095E-04 -2.709907E-04 -2.923405E-04 -3.107449E-04
 -3.246806E-04 -3.345182E-04 -3.407303E-04 -3.436805E-04 -3.437985E-04
 -3.416957E-04 -3.374684E-04 -3.315153E-04 -3.240462E-04 -3.153826E-04
 -3.057795E-04 -2.955045E-04 -2.844871E-04 -2.728640E-04 -2.608050E-04
 -2.482155E-04 -2.354780E-04 -2.232013E-04 -2.113373E-04 -2.003561E-04
 -1.905476E-04 -1.808449E-04 -1.718577E-04 -1.633402E-04 -1.542962E-04
 -1.614806E-04 -1.933571E-04 -1.970940E-04 -1.654441E-04 -1.441345E-04
 -1.586777E-04 -1.883086E-04 -2.112335E-04 -2.263731E-04 -2.342489E-04
 -2.308365E-04 -2.167112E-04 -1.974631E-04 -1.735111E-04 -1.429005E-04
 -1.058895E-04 -6.645010E-05 -2.597080E-05  1.427710E-05  4.809299E-05
  7.226051E-05  8.958487E-05  1.020000E-04  1.106649E-04  1.159613E-04
  1.181332E-04  1.171264E-04  1.829847E-04  2.606018E-04  2.425305E-04
  2.210239E-04  1.955973E-04
   Layer temperature:
  3.928705E-08  5.131415E-08  7.469746E-08  1.426538E-07  3.470472E-07
  7.197586E-07  1.121932E-06  1.535359E-06  1.932244E-06  2.348242E-06
  2.873128E-06  3.622853E-06  4.595452E-06  5.722307E-06  7.012151E-06
  8.538972E-06  1.043410E-05  1.291082E-05  1.615483E-05  2.030362E-05
  2.554763E-05  3.139355E-05  3.783326E-05  4.540320E-05  5.422358E-05
  6.447460E-05  7.630303E-05  9.009361E-05  1.067146E-04  1.262914E-04
  1.487314E-04  1.741995E-04  2.022859E-04  2.323466E-04  2.648945E-04
  2.974326E-04  3.295341E-04  3.623107E-04  3.942363E-04  4.260373E-04
  4.581008E-04  4.899506E-04  5.219172E-04  5.531350E-04  5.840693E-04
  6.141120E-04  6.434273E-04  6.722315E-04  7.004943E-04  7.290495E-04
  7.580089E-04  7.875422E-04  8.185451E-04  8.501146E-04  8.799432E-04
  9.085415E-04  9.305212E-04  9.440053E-04  9.658723E-04  1.001303E-03
  1.201601E-03  1.678628E-03  2.179933E-03  2.423596E-03  2.727073E-03
  3.542244E-03  4.724014E-03  6.016332E-03  7.401321E-03  8.868349E-03
  1.025354E-02  1.145597E-02  1.256004E-02  1.352339E-02  1.418041E-02
  1.441229E-02  1.429024E-02  1.377978E-02  1.275766E-02  1.159538E-02
  1.079026E-02  1.026073E-02  9.888260E-03  9.641094E-03  9.419743E-03
  9.221696E-03  9.066443E-03  1.149557E-02  1.383893E-02  1.387418E-02
  1.392158E-02  1.397770E-02
   Layer absorber:
     H2O(Mass mixing ratio, g/kg)
  8.241445E-04  1.016542E-03  1.230814E-03  1.469464E-03  1.725153E-03
  2.007472E-03  2.310183E-03  2.635614E-03  2.986786E-03  3.353752E-03
  3.740971E-03  4.152092E-03  4.573107E-03  5.010419E-03  5.466410E-03
  5.932640E-03  6.407946E-03  6.881178E-03  7.353235E-03  7.800822E-03
  8.226170E-03  8.641422E-03  9.052022E-03  9.435004E-03  9.774801E-03
  1.007566E-02  1.032412E-02  1.049518E-02  1.054123E-02  1.043713E-02
  1.019703E-02  9.790033E-03  9.251160E-03  8.647647E-03  7.949610E-03
  7.365714E-03  6.965943E-03  6.628267E-03  6.493372E-03  6.458004E-03
  6.533770E-03  6.688280E-03  6.870112E-03  7.093224E-03  7.301709E-03
  7.504614E-03  7.693173E-03  7.841652E-03  7.980389E-03  8.070774E-03
  8.049458E-03  7.818515E-03  7.144461E-03  6.169455E-03  5.284884E-03
  4.628265E-03  5.149660E-03  6.772472E-03  7.638490E-03  7.463321E-03
 -8.302605E-03 -3.422530E-02 -4.039767E-02 -3.745791E-02 -3.764108E-02
 -4.200519E-02 -4.607377E-02 -4.795346E-02 -4.850205E-02 -4.833637E-02
 -4.740201E-02 -4.581151E-02 -4.354437E-02 -4.044877E-02 -3.642053E-02
 -3.162361E-02 -2.654467E-02 -2.123050E-02 -1.581736E-02 -1.058996E-02
 -5.502189E-03 -3.470951E-04  4.895987E-03  1.015158E-02  1.546790E-02
  2.085111E-02  2.607512E-02  3.374616E-02  4.000137E-02  4.187093E-02
  4.379154E-02  4.575264E-02
     O3(Volume mixing ratio, ppmv)
  0.000000E+00  0.000000E+00  0.000000E+00  0.000000E+00  0.000000E+00
  0.000000E+00  0.000000E+00  0.000000E+00  0.000000E+00  0.000000E+00
  0.000000E+00  0.000000E+00  0.000000E+00  0.000000E+00  0.000000E+00
  0.000000E+00  0.000000E+00  0.000000E+00  0.000000E+00  0.000000E+00
  0.000000E+00  0.000000E+00  0.000000E+00  0.000000E+00  0.000000E+00
  0.000000E+00  0.000000E+00  0.000000E+00  0.000000E+00  0.000000E+00
  0.000000E+00  0.000000E+00  0.000000E+00  0.000000E+00  0.000000E+00
  0.000000E+00  0.000000E+00  0.000000E+00  0.000000E+00  0.000000E+00
  0.000000E+00  0.000000E+00  0.000000E+00  0.000000E+00  0.000000E+00
  0.000000E+00  0.000000E+00  0.000000E+00  0.000000E+00  0.000000E+00
  0.000000E+00  0.000000E+00  0.000000E+00  0.000000E+00  0.000000E+00
  0.000000E+00  0.000000E+00  0.000000E+00  0.000000E+00  0.000000E+00
  0.000000E+00  0.000000E+00  0.000000E+00  0.000000E+00  0.000000E+00
  0.000000E+00  0.000000E+00  0.000000E+00  0.000000E+00  0.000000E+00
  0.000000E+00  0.000000E+00  0.000000E+00  0.000000E+00  0.000000E+00
  0.000000E+00  0.000000E+00  0.000000E+00  0.000000E+00  0.000000E+00
  0.000000E+00  0.000000E+00  0.000000E+00  0.000000E+00  0.000000E+00
  0.000000E+00  0.000000E+00  0.000000E+00  0.000000E+00  0.000000E+00
  0.000000E+00  0.000000E+00

     Channel 2 results

   FORWARD OUTPUT
 RTSolution OBJECT
   Surface Emissivity      :  9.500000E-01
   Up Radiance             :  4.578411E-02
   Down Radiance           :  4.765269E-02
   Down Solar Radiance     :  0.000000E+00
   Surface Planck Radiance :  7.134660E-02
   Radiance                :  6.666278E-02
   Brightness Temperature  :  2.973690E+02

   K-MATRIX OUTPUT
 Surface OBJECT
   Land Coverage :  1.000
   Water Coverage:  0.000
   Snow Coverage :  0.000
   Ice Coverage  :  0.000
   Land type            : Scrub
   Land Temperature     :  2.827014E-01
   Soil Moisture Content:  0.000000E+00
   Canopy Water Content :  0.000000E+00
   Vegetation Fraction  :  0.000000E+00
   Soil Temperature     :  0.000000E+00
   Water Type       : Sea water
   Water Temperature:  0.000000E+00
   Wind Speed       :  0.000000E+00
   Wind Direction   :  0.000000E+00
   Salinity         :  0.000000E+00
   Snow Type       : Powder snow
   Snow Temperature:  0.000000E+00
   Snow Depth      :  0.000000E+00
   Snow Density    :  0.000000E+00
   Snow Grain_Size :  0.000000E+00
   Ice Type       : Fresh ice
   Ice Temperature:  0.000000E+00
   Ice Thickness  :  0.000000E+00
   Ice Density    :  0.000000E+00
   Ice Roughness  :  0.000000E+00
 ATMOSPHERE OBJECT
   n_Layers   : 92
   n_Absorbers: 2
   n_Clouds   : 0
   n_Aerosols : 0
   Climatology    : Tropical                
   Level pressure:
 -4.004246E-07 -3.379769E-07 -2.725580E-07  7.517600E-07  3.115515E-06
  4.790289E-06  4.030603E-06  3.353980E-06  2.056200E-06  1.765956E-06
  3.078936E-06  5.443833E-06  7.638866E-06  8.989036E-06  1.060586E-05
  1.329143E-05  1.734926E-05  2.337972E-05  3.071498E-05  3.923563E-05
  4.880779E-05  5.463146E-05  6.073581E-05  7.118195E-05  8.275865E-05
  9.525569E-05  1.088216E-04  1.247579E-04  1.453363E-04  1.655970E-04
  1.825739E-04  1.988588E-04  2.092285E-04  2.116642E-04  2.138265E-04
  1.963849E-04  1.743654E-04  1.616149E-04  1.387045E-04  1.253294E-04
  1.154584E-04  1.058308E-04  9.758328E-05  8.808778E-05  8.024067E-05
  7.105865E-05  6.365085E-05  5.508590E-05  4.678873E-05  4.814469E-05
  5.162184E-05  6.183883E-05  8.620643E-05  9.405750E-05  8.187061E-05
  7.020180E-05  7.670538E-07 -6.307873E-05 -5.851954E-06  6.346248E-05
  1.112768E-03  3.078173E-03  3.176998E-03  9.269574E-04  1.202361E-03
  4.251644E-03  5.722832E-03  5.056561E-03  4.258090E-03  3.594078E-03
  2.460148E-03  1.282054E-03  4.894808E-04 -3.742178E-04 -1.544181E-03
 -2.737774E-03 -3.423671E-03 -4.037081E-03 -4.659690E-03 -4.455734E-03
 -3.548165E-03 -2.956547E-03 -2.607690E-03 -2.330249E-03 -2.195634E-03
 -2.075006E-03 -1.860015E-03 -3.006059E-03 -2.973993E-03  3.040223E-05
  3.133223E-05  3.304590E-05  6.469114E-03
   Layer pressure:
 -6.261987E-08 -1.057144E-07 -1.877750E-07 -3.401851E-07 -5.964645E-07
 -9.539155E-07 -1.367130E-06 -1.851142E-06 -2.416366E-06 -3.120102E-06
 -4.055465E-06 -5.288671E-06 -6.839163E-06 -8.752824E-06 -1.112445E-05
 -1.406076E-05 -1.768924E-05 -2.211002E-05 -2.741924E-05 -3.359409E-05
 -4.065961E-05 -4.856715E-05 -5.743346E-05 -6.735201E-05 -7.826005E-05
 -9.020369E-05 -1.030843E-04 -1.167214E-04 -1.307807E-04 -1.446378E-04
 -1.578298E-04 -1.695358E-04 -1.791717E-04 -1.863986E-04 -1.906006E-04
 -1.922427E-04 -1.920758E-04 -1.898436E-04 -1.866991E-04 -1.825025E-04
 -1.776743E-04 -1.723156E-04 -1.665250E-04 -1.605973E-04 -1.544961E-04
 -1.483975E-04 -1.423807E-04 -1.361044E-04 -1.296421E-04 -1.234194E-04
 -1.174132E-04 -1.122002E-04 -1.086851E-04 -1.060181E-04 -1.037702E-04
 -1.019845E-04 -9.802831E-05 -9.264262E-05 -8.912181E-05 -8.698632E-05
 -1.235341E-04 -2.684979E-04 -3.978464E-04 -4.009391E-04 -4.163818E-04
 -5.476448E-04 -7.327734E-04 -9.070421E-04 -1.066468E-03 -1.203738E-03
 -1.288807E-03 -1.314574E-03 -1.298525E-03 -1.245113E-03 -1.152482E-03
 -1.028185E-03 -8.931165E-04 -7.509530E-04 -6.001941E-04 -4.633131E-04
 -3.584017E-04 -2.741699E-04 -2.021300E-04 -1.393110E-04 -8.125555E-05
 -2.739858E-05  1.994674E-05  9.867106E-05  1.782280E-04  1.741974E-04
  1.690332E-04  1.628439E-04
   Layer temperature:
  1.824366E-08  2.375463E-08  3.419644E-08  6.424236E-08  1.540884E-07
  3.177602E-07  4.958460E-07  6.812879E-07  8.595563E-07  1.045379E-06
  1.281168E-06  1.619633E-06  2.061233E-06  2.574117E-06  3.161499E-06
  3.858146E-06  4.727333E-06  5.874898E-06  7.397080E-06  9.372841E-06
  1.191185E-05  1.476221E-05  1.791161E-05  2.164961E-05  2.605213E-05
  3.122236E-05  3.725664E-05  4.439677E-05  5.320740E-05  6.384074E-05
  7.628217E-05  9.071750E-05  1.068963E-04  1.243192E-04  1.433169E-04
  1.617836E-04  1.791525E-04  1.963115E-04  2.119043E-04  2.267460E-04
  2.414201E-04  2.557272E-04  2.698816E-04  2.834719E-04  2.966778E-04
  3.090250E-04  3.207430E-04  3.312250E-04  3.404736E-04  3.512819E-04
  3.644369E-04  3.827363E-04  4.123460E-04  4.493992E-04  4.873745E-04
  5.262408E-04  5.383890E-04  5.213825E-04  5.290129E-04  5.728307E-04
  1.279817E-03  3.205752E-03  5.071567E-03  5.790397E-03  6.799647E-03
  1.007181E-02  1.496335E-02  2.004198E-02  2.502082E-02  2.983329E-02
  3.393474E-02  3.714948E-02  3.990903E-02  4.211187E-02  4.325808E-02
  4.302950E-02  4.170097E-02  3.922785E-02  3.530640E-02  3.111476E-02
  2.813520E-02  2.607143E-02  2.452976E-02  2.337991E-02  2.231839E-02
  2.132607E-02  2.042527E-02  2.645473E-02  3.143998E-02  2.929592E-02
  2.725980E-02  2.533967E-02
   Layer absorber:
     H2O(Mass mixing ratio, g/kg)
 -1.794326E-04 -2.219016E-04 -2.695970E-04 -3.264333E-04 -3.975029E-04
 -4.844016E-04 -5.828118E-04 -6.967177E-04 -8.211540E-04 -9.543542E-04
 -1.109322E-03 -1.300483E-03 -1.529244E-03 -1.790362E-03 -2.085500E-03
 -2.424288E-03 -2.829025E-03 -3.337817E-03 -3.989895E-03 -4.814787E-03
 -5.857841E-03 -7.031862E-03 -8.332217E-03 -9.862424E-03 -1.164856E-02
 -1.373028E-02 -1.613985E-02 -1.896649E-02 -2.242467E-02 -2.657987E-02
 -3.143988E-02 -3.708797E-02 -4.343320E-02 -5.026779E-02 -5.772652E-02
 -6.487092E-02 -7.137332E-02 -7.759944E-02 -8.288414E-02 -8.759628E-02
 -9.186834E-02 -9.558012E-02 -9.887309E-02 -1.015458E-01 -1.038817E-01
 -1.058562E-01 -1.076179E-01 -1.095581E-01 -1.117196E-01 -1.136561E-01
 -1.152016E-01 -1.156988E-01 -1.142900E-01 -1.124432E-01 -1.109731E-01
 -1.097528E-01 -1.097872E-01 -1.095543E-01 -1.085531E-01 -1.077485E-01
 -1.074141E-01 -1.322558E-01 -1.463328E-01 -1.492057E-01 -1.546930E-01
 -1.659815E-01 -1.780931E-01 -1.855344E-01 -1.886094E-01 -1.889468E-01
 -1.865758E-01 -1.821603E-01 -1.758195E-01 -1.672319E-01 -1.560753E-01
 -1.427688E-01 -1.287600E-01 -1.140723E-01 -9.888631E-02 -8.429609E-02
 -7.069651E-02 -5.749411E-02 -4.454466E-02 -3.206242E-02 -1.981981E-02
 -7.825185E-03  3.271415E-03  1.656483E-02  2.542152E-02  2.638698E-02
  2.738266E-02  2.839981E-02
     O3(Volume mixing ratio, ppmv)
  0.000000E+00  0.000000E+00  0.000000E+00  0.000000E+00  0.000000E+00
  0.000000E+00  0.000000E+00  0.000000E+00  0.000000E+00  0.000000E+00
  0.000000E+00  0.000000E+00  0.000000E+00  0.000000E+00  0.000000E+00
  0.000000E+00  0.000000E+00  0.000000E+00  0.000000E+00  0.000000E+00
  0.000000E+00  0.000000E+00  0.000000E+00  0.000000E+00  0.000000E+00
  0.000000E+00  0.000000E+00  0.000000E+00  0.000000E+00  0.000000E+00
  0.000000E+00  0.000000E+00  0.000000E+00  0.000000E+00  0.000000E+00
  0.000000E+00  0.000000E+00  0.000000E+00  0.000000E+00  0.000000E+00
  0.000000E+00  0.000000E+00  0.000000E+00  0.000000E+00  0.000000E+00
  0.000000E+00  0.000000E+00  0.000000E+00  0.000000E+00  0.000000E+00
  0.000000E+00  0.000000E+00  0.000000E+00  0.000000E+00  0.000000E+00
  0.000000E+00  0.000000E+00  0.000000E+00  0.000000E+00  0.000000E+00
  0.000000E+00  0.000000E+00  0.000000E+00  0.000000E+00  0.000000E+00
  0.000000E+00  0.000000E+00  0.000000E+00  0.000000E+00  0.000000E+00
  0.000000E+00  0.000000E+00  0.000000E+00  0.000000E+00  0.000000E+00
  0.000000E+00  0.000000E+00  0.000000E+00  0.000000E+00  0.000000E+00
  0.000000E+00  0.000000E+00  0.000000E+00  0.000000E+00  0.000000E+00
  0.000000E+00  0.000000E+00  0.000000E+00  0.000000E+00  0.000000E+00
  0.000000E+00  0.000000E+00

     Channel 3 results

   FORWARD OUTPUT
 RTSolution OBJECT
   Surface Emissivity      :  9.500000E-01
   Up Radiance             :  7.839508E-02
   Down Radiance           :  9.621718E-02
   Down Solar Radiance     :  0.000000E+00
   Surface Planck Radiance :  9.707071E-02
   Radiance                :  7.839508E-02
   Brightness Temperature  :  2.576570E+02

   K-MATRIX OUTPUT
 Surface OBJECT
   Land Coverage :  1.000
   Water Coverage:  0.000
   Snow Coverage :  0.000
   Ice Coverage  :  0.000
   Land type            : Scrub
   Land Temperature     :  7.784587E-18
   Soil Moisture Content:  0.000000E+00
   Canopy Water Content :  0.000000E+00
   Vegetation Fraction  :  0.000000E+00
   Soil Temperature     :  0.000000E+00
   Water Type       : Sea water
   Water Temperature:  0.000000E+00
   Wind Speed       :  0.000000E+00
   Wind Direction   :  0.000000E+00
   Salinity         :  0.000000E+00
   Snow Type       : Powder snow
   Snow Temperature:  0.000000E+00
   Snow Depth      :  0.000000E+00
   Snow Density    :  0.000000E+00
   Snow Grain_Size :  0.000000E+00
   Ice Type       : Fresh ice
   Ice Temperature:  0.000000E+00
   Ice Thickness  :  0.000000E+00
   Ice Density    :  0.000000E+00
   Ice Roughness  :  0.000000E+00
 ATMOSPHERE OBJECT
   n_Layers   : 92
   n_Absorbers: 2
   n_Clouds   : 0
   n_Aerosols : 0
   Climatology    : Tropical                
   Level pressure:
 -5.816340E-06 -6.097017E-06 -7.046548E-06 -3.451637E-08  1.238790E-05
  1.266509E-05  1.208485E-05  2.044247E-05  1.087016E-05  2.568964E-06
  1.169810E-05  1.892866E-05  2.572045E-05  2.820651E-05  3.017393E-05
  3.526579E-05  4.478977E-05  6.236416E-05  8.496491E-05  1.115559E-04
  1.416817E-04  1.486660E-04  1.521906E-04  1.737295E-04  1.969931E-04
  2.248625E-04  2.578334E-04  2.972083E-04  3.582191E-04  4.184005E-04
  4.609433E-04  5.027190E-04  5.442950E-04  5.890177E-04  6.252023E-04
  5.953098E-04  5.413239E-04  4.816370E-04  3.651838E-04  3.130487E-04
  4.570155E-04  5.349161E-04  5.138516E-04  4.943369E-04  3.454423E-04
  1.242754E-04 -5.193012E-05 -4.828116E-04 -8.091949E-04 -4.158828E-04
  9.728620E-06  7.895811E-04  2.127229E-03  2.179442E-03  1.163048E-03
  1.295220E-04 -2.637002E-03 -3.991394E-03 -2.101251E-03 -9.557831E-04
  6.897795E-03  1.033456E-02  2.331728E-03 -5.125945E-03 -4.029258E-03
 -1.876119E-03 -3.519460E-03 -4.304198E-03 -2.680078E-03 -1.135153E-03
 -3.796001E-04 -1.039528E-04 -2.601171E-05 -5.933450E-06 -1.222214E-06
 -2.281152E-07 -3.909665E-08 -6.731616E-09 -1.185784E-09 -2.240296E-10
 -4.799988E-11 -1.157318E-11 -2.978674E-12 -7.892280E-13 -2.194201E-13
 -6.259145E-14 -1.730866E-14 -5.693613E-15 -9.806625E-16 -4.270553E-20
 -3.336482E-20 -2.440512E-20 -1.309489E-18
   Layer pressure:
  1.456922E-06  2.236766E-06  2.415809E-06  1.707941E-06 -1.270683E-06
 -4.942448E-06 -7.705867E-06 -1.121656E-05 -1.298979E-05 -1.342826E-05
 -1.512806E-05 -1.795471E-05 -2.168232E-05 -2.565092E-05 -2.984681E-05
 -3.468315E-05 -4.072021E-05 -4.880337E-05 -5.941037E-05 -7.267860E-05
 -8.885739E-05 -1.053769E-04 -1.218807E-04 -1.399326E-04 -1.593006E-04
 -1.801872E-04 -2.025288E-04 -2.262589E-04 -2.523605E-04 -2.795593E-04
 -3.057571E-04 -3.296123E-04 -3.502768E-04 -3.673707E-04 -3.793482E-04
 -3.832419E-04 -3.792400E-04 -3.671130E-04 -3.472091E-04 -3.228173E-04
 -3.015901E-04 -2.804019E-04 -2.565233E-04 -2.311963E-04 -2.025488E-04
 -1.712486E-04 -1.396296E-04 -1.050657E-04 -7.088021E-05 -4.472888E-05
 -2.444835E-05 -1.015884E-05 -7.824227E-07  1.337146E-05  3.410702E-05
  5.679405E-05  6.963660E-05  6.292375E-05  5.328337E-05  4.548325E-05
  1.061591E-04  2.145227E-04  2.547400E-04  2.211007E-04  1.894028E-04
  1.762823E-04  1.304703E-04  6.564256E-05  2.431968E-05  7.271584E-06
  1.850581E-06  4.397346E-07  9.824553E-08  2.055405E-08  4.029446E-09
  7.492922E-10  1.411277E-10  2.734792E-11  5.689613E-12  1.321147E-12
  3.354749E-13  8.871023E-14  2.375138E-14  6.454050E-15  1.724789E-15
  4.342844E-16  1.041170E-16  1.163069E-17  9.335666E-21  1.150930E-21
 -6.891651E-21 -1.471518E-20
   Layer temperature:
  1.256474E-07  1.778389E-07  2.220424E-07  3.387377E-07  6.411977E-07
  1.014795E-06  1.519792E-06  2.386095E-06  3.271965E-06  4.072172E-06
  5.333952E-06  7.036685E-06  9.236667E-06  1.188009E-05  1.499229E-05
  1.872242E-05  2.332922E-05  2.929465E-05  3.707328E-05  4.695576E-05
  5.935036E-05  7.306826E-05  8.798310E-05  1.052569E-04  1.250753E-04
  1.483154E-04  1.757723E-04  2.080966E-04  2.473762E-04  2.940464E-04
  3.474950E-04  4.080461E-04  4.780339E-04  5.611889E-04  6.571558E-04
  7.632170E-04  8.789565E-04  9.999034E-04  1.121085E-03  1.249322E-03
  1.429200E-03  1.654885E-03  1.909036E-03  2.197823E-03  2.485017E-03
  2.743250E-03  2.976586E-03  3.067129E-03  3.017891E-03  3.138941E-03
  3.503273E-03  4.415467E-03  6.468089E-03  9.117757E-03  1.169802E-02
  1.414619E-02  1.402001E-02  1.146811E-02  1.086221E-02  1.269382E-02
  5.713465E-02  1.512505E-01  1.872570E-01  1.452277E-01  1.126891E-01
  1.002303E-01  7.389016E-02  4.115783E-02  1.837268E-02  6.782237E-03
  2.091317E-03  5.536938E-04  1.304474E-04  2.768446E-05  5.344159E-06
  9.620446E-07  1.678573E-07  2.926502E-08  5.260685E-09  1.037019E-09
  2.333036E-10  5.795759E-11  1.539150E-11  4.293969E-12  1.235983E-12
  3.661786E-13  1.114406E-13  3.962267E-14  9.395694E-15  1.481251E-15
  2.416873E-16  4.086423E-17
   Layer absorber:
     H2O(Mass mixing ratio, g/kg)
 -2.491925E-03 -2.732502E-03 -3.040304E-03 -4.018159E-03 -7.132993E-03
 -1.233243E-02 -1.835140E-02 -2.564475E-02 -3.322714E-02 -4.109959E-02
 -5.116638E-02 -6.597129E-02 -8.601956E-02 -1.095454E-01 -1.362692E-01
 -1.679273E-01 -2.083224E-01 -2.647735E-01 -3.440282E-01 -4.522150E-01
 -5.969247E-01 -7.588232E-01 -9.354792E-01 -1.147467E+00 -1.399575E+00
 -1.697076E+00 -2.044927E+00 -2.459444E+00 -2.980576E+00 -3.616261E+00
 -4.358843E+00 -5.216599E+00 -6.158570E+00 -7.131587E+00 -8.151063E+00
 -9.046416E+00 -9.766313E+00 -1.038012E+01 -1.078421E+01 -1.104073E+01
 -1.116552E+01 -1.115813E+01 -1.104897E+01 -1.081758E+01 -1.050318E+01
 -1.010005E+01 -9.628502E+00 -9.119966E+00 -8.579658E+00 -8.016463E+00
 -7.436969E+00 -6.828514E+00 -6.182660E+00 -5.512189E+00 -4.793179E+00
 -4.037873E+00 -3.271057E+00 -2.492581E+00 -1.803973E+00 -1.227710E+00
 -7.915442E-01 -5.559150E-01 -4.119488E-01 -3.031216E-01 -2.142695E-01
 -1.344978E-01 -6.925199E-02 -2.753199E-02 -8.855912E-03 -2.443955E-03
 -5.978373E-04 -1.381008E-04 -2.936655E-05 -5.684131E-06 -1.013422E-06
 -1.713856E-07 -2.973354E-08 -5.458759E-09 -1.132858E-09 -2.730515E-10
 -7.185273E-11 -1.963822E-11 -5.471686E-12 -1.566986E-12 -4.537915E-13
 -1.284910E-13 -3.651785E-14 -4.002663E-15 -4.653985E-18 -4.747585E-18
 -4.872483E-18 -5.030130E-18
     O3(Volume mixing ratio, ppmv)
  0.000000E+00  0.000000E+00  0.000000E+00  0.000000E+00  0.000000E+00
  0.000000E+00  0.000000E+00  0.000000E+00  0.000000E+00  0.000000E+00
  0.000000E+00  0.000000E+00  0.000000E+00  0.000000E+00  0.000000E+00
  0.000000E+00  0.000000E+00  0.000000E+00  0.000000E+00  0.000000E+00
  0.000000E+00  0.000000E+00  0.000000E+00  0.000000E+00  0.000000E+00
  0.000000E+00  0.000000E+00  0.000000E+00  0.000000E+00  0.000000E+00
  0.000000E+00  0.000000E+00  0.000000E+00  0.000000E+00  0.000000E+00
  0.000000E+00  0.000000E+00  0.000000E+00  0.000000E+00  0.000000E+00
  0.000000E+00  0.000000E+00  0.000000E+00  0.000000E+00  0.000000E+00
  0.000000E+00  0.000000E+00  0.000000E+00  0.000000E+00  0.000000E+00
  0.000000E+00  0.000000E+00  0.000000E+00  0.000000E+00  0.000000E+00
  0.000000E+00  0.000000E+00  0.000000E+00  0.000000E+00  0.000000E+00
  0.000000E+00  0.000000E+00  0.000000E+00  0.000000E+00  0.000000E+00
  0.000000E+00  0.000000E+00  0.000000E+00  0.000000E+00  0.000000E+00
  0.000000E+00  0.000000E+00  0.000000E+00  0.000000E+00  0.000000E+00
  0.000000E+00  0.000000E+00  0.000000E+00  0.000000E+00  0.000000E+00
  0.000000E+00  0.000000E+00  0.000000E+00  0.000000E+00  0.000000E+00
  0.000000E+00  0.000000E+00  0.000000E+00  0.000000E+00  0.000000E+00
  0.000000E+00  0.000000E+00

     Channel 4 results

   FORWARD OUTPUT
 RTSolution OBJECT
   Surface Emissivity      :  9.500000E-01
   Up Radiance             :  8.035502E-02
   Down Radiance           :  9.620882E-02
   Down Solar Radiance     :  0.000000E+00
   Surface Planck Radiance :  9.709308E-02
   Radiance                :  8.035502E-02
   Brightness Temperature  :  2.639305E+02

   K-MATRIX OUTPUT
 Surface OBJECT
   Land Coverage :  1.000
   Water Coverage:  0.000
   Snow Coverage :  0.000
   Ice Coverage  :  0.000
   Land type            : Scrub
   Land Temperature     :  4.109585E-08
   Soil Moisture Content:  0.000000E+00
   Canopy Water Content :  0.000000E+00
   Vegetation Fraction  :  0.000000E+00
   Soil Temperature     :  0.000000E+00
   Water Type       : Sea water
   Water Temperature:  0.000000E+00
   Wind Speed       :  0.000000E+00
   Wind Direction   :  0.000000E+00
   Salinity         :  0.000000E+00
   Snow Type       : Powder snow
   Snow Temperature:  0.000000E+00
   Snow Depth      :  0.000000E+00
   Snow Density    :  0.000000E+00
   Snow Grain_Size :  0.000000E+00
   Ice Type       : Fresh ice
   Ice Temperature:  0.000000E+00
   Ice Thickness  :  0.000000E+00
   Ice Density    :  0.000000E+00
   Ice Roughness  :  0.000000E+00
 ATMOSPHERE OBJECT
   n_Layers   : 92
   n_Absorbers: 2
   n_Clouds   : 0
   n_Aerosols : 0
   Climatology    : Tropical                
   Level pressure:
 -2.914486E-06 -2.757637E-06 -4.559001E-06 -1.091384E-06  3.387100E-06
  1.759899E-06  2.749357E-06  5.979170E-06  2.502351E-06  3.091432E-07
  3.785747E-06  6.518509E-06  9.254565E-06  1.101464E-05  1.293351E-05
  1.601537E-05  2.061584E-05  2.769688E-05  3.648331E-05  4.680766E-05
  5.859403E-05  6.492482E-05  7.094356E-05  8.230913E-05  9.469005E-05
  1.083248E-04  1.232910E-04  1.406438E-04  1.641672E-04  1.875611E-04
  2.064642E-04  2.249565E-04  2.393510E-04  2.484770E-04  2.563050E-04
  2.406959E-04  2.175465E-04  1.994903E-04  1.648449E-04  1.453844E-04
  1.572361E-04  1.606853E-04  1.510000E-04  1.411852E-04  1.120806E-04
  6.880955E-05  3.242924E-05 -5.345192E-05 -1.274616E-04 -5.965014E-05
  2.601342E-05  2.062718E-04  5.528357E-04  6.389385E-04  4.621938E-04
  2.578073E-04 -5.443803E-04 -1.085362E-03 -5.424707E-04 -9.245658E-05
  5.455933E-03  1.184126E-02  8.335430E-03 -2.563579E-04  1.321799E-04
  5.674927E-03  3.494549E-03 -3.699501E-03 -7.484635E-03 -7.676557E-03
 -6.395980E-03 -4.514055E-03 -2.992309E-03 -1.876674E-03 -1.101093E-03
 -5.948419E-04 -2.921223E-04 -1.415642E-04 -6.828037E-05 -3.260223E-05
 -1.577256E-05 -8.094355E-06 -4.286944E-06 -2.271266E-06 -1.242845E-06
 -6.824866E-07 -3.556553E-07 -2.050745E-07 -8.242059E-08 -8.493611E-12
  7.366519E-12  2.236582E-11 -3.709199E-09
   Layer pressure:
  7.992891E-08  1.785041E-07  2.447352E-07  1.942811E-07 -2.234337E-07
 -9.019538E-07 -1.613364E-06 -2.542708E-06 -3.318848E-06 -4.027768E-06
 -5.101947E-06 -6.628508E-06 -8.606460E-06 -1.093407E-05 -1.364028E-05
 -1.684272E-05 -2.071832E-05 -2.551279E-05 -3.141773E-05 -3.849140E-05
 -4.686216E-05 -5.589060E-05 -6.548733E-05 -7.603618E-05 -8.742343E-05
 -9.966451E-05 -1.126286E-04 -1.262174E-04 -1.405513E-04 -1.550463E-04
 -1.690218E-04 -1.817698E-04 -1.926484E-04 -2.011975E-04 -2.069027E-04
 -2.090749E-04 -2.081142E-04 -2.040060E-04 -1.972836E-04 -1.886209E-04
 -1.801727E-04 -1.715947E-04 -1.623959E-04 -1.531001E-04 -1.429159E-04
 -1.316787E-04 -1.199014E-04 -1.052633E-04 -8.849846E-05 -7.563969E-05
 -6.719086E-05 -6.710782E-05 -8.195948E-05 -1.008024E-04 -1.133918E-04
 -1.186155E-04 -9.615617E-05 -5.928311E-05 -4.332158E-05 -4.227485E-05
 -2.022843E-04 -5.305413E-04 -7.448201E-04 -7.051132E-04 -6.692218E-04
 -7.648484E-04 -8.015745E-04 -6.863694E-04 -5.076846E-04 -3.395181E-04
 -2.073437E-04 -1.187607E-04 -6.368510E-05 -3.177730E-05 -1.474157E-05
 -6.465640E-06 -2.824209E-06 -1.248184E-06 -5.660281E-07 -2.698025E-07
 -1.374775E-07 -7.382146E-08 -4.138086E-08 -2.421673E-08 -1.429880E-08
 -8.166617E-09 -4.373732E-09 -1.619629E-09 -8.940591E-11 -1.041717E-10
 -1.185753E-10 -1.324088E-10
   Layer temperature:
  2.148396E-08  2.969746E-08  4.053946E-08  7.180634E-08  1.661247E-07
  3.257207E-07  5.132532E-07  7.515037E-07  9.847444E-07  1.210781E-06
  1.529607E-06  1.978799E-06  2.565735E-06  3.258148E-06  4.060855E-06
  5.018928E-06  6.212477E-06  7.781836E-06  9.855120E-06  1.252824E-05
  1.593258E-05  1.973054E-05  2.390194E-05  2.881447E-05  3.455431E-05
  4.131324E-05  4.927016E-05  5.870284E-05  7.030202E-05  8.426140E-05
  1.005419E-04  1.193722E-04  1.409519E-04  1.655465E-04  1.935193E-04
  2.232248E-04  2.543199E-04  2.868791E-04  3.192055E-04  3.528409E-04
  3.948424E-04  4.446328E-04  5.002267E-04  5.626112E-04  6.267664E-04
  6.880621E-04  7.473027E-04  7.838656E-04  7.963204E-04  8.411526E-04
  9.358025E-04  1.146268E-03  1.608152E-03  2.234290E-03  2.894613E-03
  3.576578E-03  3.681014E-03  3.168649E-03  3.125546E-03  3.749479E-03
  1.691533E-02  4.943510E-02  7.621200E-02  7.909758E-02  8.295935E-02
  1.053840E-01  1.242556E-01  1.239786E-01  1.092408E-01  8.700103E-02
  6.265598E-02  4.127144E-02  2.537441E-02  1.461520E-02  7.875761E-03
  3.999521E-03  1.951275E-03  9.266716E-04  4.322048E-04  2.058455E-04
  1.042929E-04  5.542717E-05  3.033886E-05  1.695889E-05  9.548902E-06
  5.407336E-06  3.078669E-06  2.157955E-06  1.170852E-06  4.578414E-07
  1.800035E-07  7.164249E-08
   Layer absorber:
     H2O(Mass mixing ratio, g/kg)
 -2.106285E-03 -2.575271E-03 -3.102403E-03 -3.764928E-03 -4.716928E-03
 -6.001808E-03 -7.464879E-03 -9.175519E-03 -1.098111E-02 -1.286100E-02
 -1.510411E-02 -1.802368E-02 -2.165135E-02 -2.578734E-02 -3.041130E-02
 -3.572837E-02 -4.221176E-02 -5.073720E-02 -6.214827E-02 -7.716002E-02
 -9.675399E-02 -1.186320E-01 -1.425453E-01 -1.710275E-01 -2.047186E-01
 -2.444443E-01 -2.909762E-01 -3.464979E-01 -4.162396E-01 -5.017267E-01
 -6.027727E-01 -7.212470E-01 -8.542766E-01 -9.958718E-01 -1.148727E+00
 -1.289997E+00 -1.412024E+00 -1.524161E+00 -1.611162E+00 -1.681398E+00
 -1.736147E+00 -1.774527E+00 -1.800758E+00 -1.810745E+00 -1.810282E+00
 -1.797532E+00 -1.774445E+00 -1.745611E+00 -1.710256E+00 -1.667853E+00
 -1.619112E+00 -1.560989E+00 -1.491658E+00 -1.412805E+00 -1.315498E+00
 -1.198580E+00 -1.063359E+00 -9.109310E-01 -7.703768E-01 -6.486461E-01
 -5.584975E-01 -4.992657E-01 -4.705469E-01 -4.480633E-01 -4.159012E-01
 -3.684045E-01 -3.000340E-01 -2.164331E-01 -1.417873E-01 -8.744244E-02
 -5.169323E-02 -2.994660E-02 -1.664371E-02 -8.779565E-03 -4.405398E-03
 -2.137671E-03 -1.046607E-03 -5.234378E-04 -2.732935E-04 -1.496432E-04
 -8.351657E-05 -4.642068E-05 -2.548860E-05 -1.385481E-05 -7.314680E-06
 -3.629413E-06 -1.664018E-06 -3.711011E-07 -1.296991E-08 -1.350788E-08
 -1.414670E-08 -1.488612E-08
     O3(Volume mixing ratio, ppmv)
  0.000000E+00  0.000000E+00  0.000000E+00  0.000000E+00  0.000000E+00
  0.000000E+00  0.000000E+00  0.000000E+00  0.000000E+00  0.000000E+00
  0.000000E+00  0.000000E+00  0.000000E+00  0.000000E+00  0.000000E+00
  0.000000E+00  0.000000E+00  0.000000E+00  0.000000E+00  0.000000E+00
  0.000000E+00  0.000000E+00  0.000000E+00  0.000000E+00  0.000000E+00
  0.000000E+00  0.000000E+00  0.000000E+00  0.000000E+00  0.000000E+00
  0.000000E+00  0.000000E+00  0.000000E+00  0.000000E+00  0.000000E+00
  0.000000E+00  0.000000E+00  0.000000E+00  0.000000E+00  0.000000E+00
  0.000000E+00  0.000000E+00  0.000000E+00  0.000000E+00  0.000000E+00
  0.000000E+00  0.000000E+00  0.000000E+00  0.000000E+00  0.000000E+00
  0.000000E+00  0.000000E+00  0.000000E+00  0.000000E+00  0.000000E+00
  0.000000E+00  0.000000E+00  0.000000E+00  0.000000E+00  0.000000E+00
  0.000000E+00  0.000000E+00  0.000000E+00  0.000000E+00  0.000000E+00
  0.000000E+00  0.000000E+00  0.000000E+00  0.000000E+00  0.000000E+00
  0.000000E+00  0.000000E+00  0.000000E+00  0.000000E+00  0.000000E+00
  0.000000E+00  0.000000E+00  0.000000E+00  0.000000E+00  0.000000E+00
  0.000000E+00  0.000000E+00  0.000000E+00  0.000000E+00  0.000000E+00
  0.000000E+00  0.000000E+00  0.000000E+00  0.000000E+00  0.000000E+00
  0.000000E+00  0.000000E+00

     Channel 5 results

   FORWARD OUTPUT
 RTSolution OBJECT
   Surface Emissivity      :  9.500000E-01
   Up Radiance             :  8.973507E-02
   Down Radiance           :  1.027069E-01
   Down Solar Radiance     :  0.000000E+00
   Surface Planck Radiance :  1.045686E-01
   Radiance                :  8.996854E-02
   Brightness Temperature  :  2.742314E+02

   K-MATRIX OUTPUT
 Surface OBJECT
   Land Coverage :  1.000
   Water Coverage:  0.000
   Snow Coverage :  0.000
   Ice Coverage  :  0.000
   Land type            : Scrub
   Land Temperature     :  2.123003E-03
   Soil Moisture Content:  0.000000E+00
   Canopy Water Content :  0.000000E+00
   Vegetation Fraction  :  0.000000E+00
   Soil Temperature     :  0.000000E+00
   Water Type       : Sea water
   Water Temperature:  0.000000E+00
   Wind Speed       :  0.000000E+00
   Wind Direction   :  0.000000E+00
   Salinity         :  0.000000E+00
   Snow Type       : Powder snow
   Snow Temperature:  0.000000E+00
   Snow Depth      :  0.000000E+00
   Snow Density    :  0.000000E+00
   Snow Grain_Size :  0.000000E+00
   Ice Type       : Fresh ice
   Ice Temperature:  0.000000E+00
   Ice Thickness  :  0.000000E+00
   Ice Density    :  0.000000E+00
   Ice Roughness  :  0.000000E+00
 ATMOSPHERE OBJECT
   n_Layers   : 92
   n_Absorbers: 2
   n_Clouds   : 0
   n_Aerosols : 0
   Climatology    : Tropical                
   Level pressure:
 -1.387142E-06 -1.294696E-06 -2.087156E-06 -2.233923E-07  2.728726E-06
  2.899517E-06  2.763576E-06  3.354328E-06  9.630761E-07 -3.711045E-07
  1.246633E-06  3.132502E-06  4.811833E-06  5.493516E-06  6.251119E-06
  7.929231E-06  1.084786E-05  1.572710E-05  2.189837E-05  2.926411E-05
  3.776829E-05  4.193324E-05  4.612239E-05  5.490499E-05  6.482307E-05
  7.577622E-05  8.795601E-05  1.027008E-04  1.228487E-04  1.431479E-04
  1.603265E-04  1.774391E-04  1.895762E-04  1.948444E-04  2.001017E-04
  1.851044E-04  1.647070E-04  1.523573E-04  1.279341E-04  1.138295E-04
  1.092564E-04  1.027112E-04  9.403278E-05  8.416976E-05  7.095728E-05
  5.316391E-05  3.819837E-05  1.006653E-05 -1.562031E-05  1.186090E-06
  2.514582E-05  8.063631E-05  1.953087E-04  2.341409E-04  1.899901E-04
  1.399170E-04 -1.400592E-04 -3.673145E-04 -1.626050E-04  5.333343E-05
  3.338169E-03  8.400432E-03  7.176986E-03  1.396231E-03  2.037092E-03
  8.333063E-03  9.628262E-03  5.567354E-03  1.791099E-03 -7.340222E-04
 -2.934825E-03 -4.225741E-03 -4.814987E-03 -5.162006E-03 -5.349709E-03
 -5.162242E-03 -4.448022E-03 -3.808458E-03 -3.279624E-03 -2.582821E-03
 -1.834531E-03 -1.348183E-03 -1.022822E-03 -7.726383E-04 -6.088085E-04
 -4.794494E-04 -3.569809E-04 -2.616413E-04 -1.791670E-04  8.941039E-07
  1.175262E-06  1.450432E-06 -7.332962E-05
   Layer pressure:
 -1.844377E-08  8.167404E-09  4.071263E-08  4.398302E-08 -8.663962E-08
 -3.503864E-07 -6.471660E-07 -1.009781E-06 -1.314707E-06 -1.607529E-06
 -2.058961E-06 -2.749101E-06 -3.693585E-06 -4.859165E-06 -6.288957E-06
 -8.082758E-06 -1.037906E-05 -1.335479E-05 -1.715693E-05 -2.185796E-05
 -2.755855E-05 -3.396328E-05 -4.110414E-05 -4.926034E-05 -5.841744E-05
 -6.862646E-05 -7.983773E-05 -9.200221E-05 -1.051051E-04 -1.186471E-04
 -1.320994E-04 -1.447826E-04 -1.560139E-04 -1.652480E-04 -1.719542E-04
 -1.757767E-04 -1.771578E-04 -1.760875E-04 -1.732291E-04 -1.688050E-04
 -1.636405E-04 -1.577542E-04 -1.511542E-04 -1.441884E-04 -1.367088E-04
 -1.288180E-04 -1.207352E-04 -1.116194E-04 -1.016605E-04 -9.284691E-05
 -8.543860E-05 -8.123434E-05 -8.337971E-05 -8.831050E-05 -9.242636E-05
 -9.520604E-05 -8.619220E-05 -6.924404E-05 -6.172641E-05 -6.265082E-05
 -1.938285E-04 -5.193236E-04 -7.837185E-04 -8.110309E-04 -8.590221E-04
 -1.131318E-03 -1.435212E-03 -1.588644E-03 -1.614357E-03 -1.560112E-03
 -1.437852E-03 -1.277293E-03 -1.102249E-03 -9.217073E-04 -7.424439E-04
 -5.771753E-04 -4.407736E-04 -3.297789E-04 -2.391941E-04 -1.711145E-04
 -1.247319E-04 -9.207580E-05 -6.818196E-05 -5.055277E-05 -3.660829E-05
 -2.519529E-05 -1.605519E-05 -8.859690E-06 -2.909167E-06 -3.194298E-06
 -3.480518E-06 -3.760518E-06
   Layer temperature:
  1.604003E-08  2.133442E-08  3.068673E-08  5.926793E-08  1.482871E-07
  3.110289E-07  4.927486E-07  6.914316E-07  8.850616E-07  1.085294E-06
  1.346055E-06  1.719161E-06  2.207131E-06  2.777793E-06  3.435277E-06
  4.217793E-06  5.194203E-06  6.480661E-06  8.182072E-06  1.038078E-05
  1.318942E-05  1.633704E-05  1.981444E-05  2.392824E-05  2.875520E-05
  3.441721E-05  4.102452E-05  4.881791E-05  5.835663E-05  6.977218E-05
  8.303259E-05  9.829568E-05  1.154192E-04  1.341357E-04  1.547720E-04
  1.756451E-04  1.963765E-04  2.175442E-04  2.379001E-04  2.582236E-04
  2.804170E-04  3.041894E-04  3.292527E-04  3.555015E-04  3.819456E-04
  4.071769E-04  4.315187E-04  4.498996E-04  4.619812E-04  4.825801E-04
  5.163809E-04  5.808585E-04  7.127208E-04  8.899997E-04  1.077472E-03
  1.272420E-03  1.312608E-03  1.184521E-03  1.186682E-03  1.378817E-03
  5.178717E-03  1.516003E-02  2.450785E-02  2.733437E-02  3.121014E-02
  4.434765E-02  6.112362E-02  7.460332E-02  8.416127E-02  8.988643E-02
  9.072101E-02  8.707773E-02  8.078323E-02  7.251567E-02  6.261000E-02
  5.194400E-02  4.180779E-02  3.268447E-02  2.464223E-02  1.836693E-02
  1.410357E-02  1.110697E-02  8.873301E-03  7.166214E-03  5.786077E-03
  4.669768E-03  3.773718E-03  3.981645E-03  3.623937E-03  2.491595E-03
  1.715682E-03  1.187975E-03
   Layer absorber:
     H2O(Mass mixing ratio, g/kg)
 -9.812929E-04 -1.208716E-03 -1.464665E-03 -1.772527E-03 -2.166188E-03
 -2.653094E-03 -3.202124E-03 -3.834373E-03 -4.522508E-03 -5.257053E-03
 -6.107461E-03 -7.152048E-03 -8.393105E-03 -9.794479E-03 -1.135825E-02
 -1.313017E-02 -1.522518E-02 -1.784505E-02 -2.119297E-02 -2.541813E-02
 -3.075303E-02 -3.670319E-02 -4.324540E-02 -5.095684E-02 -5.999350E-02
 -7.057190E-02 -8.287746E-02 -9.743287E-02 -1.154563E-01 -1.373390E-01
 -1.631472E-01 -1.933716E-01 -2.273772E-01 -2.637592E-01 -3.032559E-01
 -3.404888E-01 -3.736012E-01 -4.048104E-01 -4.303520E-01 -4.520659E-01
 -4.700712E-01 -4.842633E-01 -4.957934E-01 -5.035724E-01 -5.091084E-01
 -5.119392E-01 -5.125960E-01 -5.124598E-01 -5.114559E-01 -5.090681E-01
 -5.052411E-01 -4.985683E-01 -4.876562E-01 -4.745257E-01 -4.582054E-01
 -4.381841E-01 -4.154290E-01 -3.881694E-01 -3.625683E-01 -3.413891E-01
 -3.306545E-01 -3.419263E-01 -3.475680E-01 -3.533264E-01 -3.573307E-01
 -3.581283E-01 -3.474219E-01 -3.190393E-01 -2.821662E-01 -2.454327E-01
 -2.114099E-01 -1.812156E-01 -1.529784E-01 -1.264418E-01 -1.022425E-01
 -8.132721E-02 -6.455480E-02 -5.111155E-02 -4.045650E-02 -3.206016E-02
 -2.521343E-02 -1.947025E-02 -1.468447E-02 -1.079988E-02 -7.618216E-03
 -5.016712E-03 -3.014911E-03 -1.127959E-03 -2.631469E-04 -2.784389E-04
 -2.955679E-04 -3.146414E-04
     O3(Volume mixing ratio, ppmv)
  0.000000E+00  0.000000E+00  0.000000E+00  0.000000E+00  0.000000E+00
  0.000000E+00  0.000000E+00  0.000000E+00  0.000000E+00  0.000000E+00
  0.000000E+00  0.000000E+00  0.000000E+00  0.000000E+00  0.000000E+00
  0.000000E+00  0.000000E+00  0.000000E+00  0.000000E+00  0.000000E+00
  0.000000E+00  0.000000E+00  0.000000E+00  0.000000E+00  0.000000E+00
  0.000000E+00  0.000000E+00  0.000000E+00  0.000000E+00  0.000000E+00
  0.000000E+00  0.000000E+00  0.000000E+00  0.000000E+00  0.000000E+00
  0.000000E+00  0.000000E+00  0.000000E+00  0.000000E+00  0.000000E+00
  0.000000E+00  0.000000E+00  0.000000E+00  0.000000E+00  0.000000E+00
  0.000000E+00  0.000000E+00  0.000000E+00  0.000000E+00  0.000000E+00
  0.000000E+00  0.000000E+00  0.000000E+00  0.000000E+00  0.000000E+00
  0.000000E+00  0.000000E+00  0.000000E+00  0.000000E+00  0.000000E+00
  0.000000E+00  0.000000E+00  0.000000E+00  0.000000E+00  0.000000E+00
  0.000000E+00  0.000000E+00  0.000000E+00  0.000000E+00  0.000000E+00
  0.000000E+00  0.000000E+00  0.000000E+00  0.000000E+00  0.000000E+00
  0.000000E+00  0.000000E+00  0.000000E+00  0.000000E+00  0.000000E+00
  0.000000E+00  0.000000E+00  0.000000E+00  0.000000E+00  0.000000E+00
  0.000000E+00  0.000000E+00  0.000000E+00  0.000000E+00  0.000000E+00
  0.000000E+00  0.000000E+00


       Profile 2 output for mhs_n18

     Channel 1 results

   FORWARD OUTPUT
 RTSolution OBJECT
   Surface Emissivity      :  7.625560E-01
   Up Radiance             :  3.292505E-03
   Down Radiance           :  3.376797E-03
   Down Solar Radiance     :  0.000000E+00
   Surface Planck Radiance :  1.974521E-02
   Radiance                :  1.639374E-02
   Brightness Temperature  :  2.268150E+02

   K-MATRIX OUTPUT
 Surface OBJECT
   Land Coverage :  0.250
   Water Coverage:  0.750
   Snow Coverage :  0.000
   Ice Coverage  :  0.000
   Land type            : Sand
   Land Temperature     :  1.574934E-01
   Soil Moisture Content:  0.000000E+00
   Canopy Water Content :  0.000000E+00
   Vegetation Fraction  :  0.000000E+00
   Soil Temperature     :  0.000000E+00
   Water Type       : Sea water
   Water Temperature:  4.724802E-01
   Wind Speed       :  1.366518E-01
   Wind Direction   :  0.000000E+00
   Salinity         :  0.000000E+00
   Snow Type       : Powder snow
   Snow Temperature:  0.000000E+00
   Snow Depth      :  0.000000E+00
   Snow Density    :  0.000000E+00
   Snow Grain_Size :  0.000000E+00
   Ice Type       : Fresh ice
   Ice Temperature:  0.000000E+00
   Ice Thickness  :  0.000000E+00
   Ice Density    :  0.000000E+00
   Ice Roughness  :  0.000000E+00
 ATMOSPHERE OBJECT
   n_Layers   : 92
   n_Absorbers: 2
   n_Clouds   : 0
   n_Aerosols : 0
   Climatology    : U.S. Standard Atmosphere
   Level pressure:
 -3.456827E-07 -3.767201E-07 -8.641466E-07 -1.053109E-06 -7.427165E-07
 -3.342952E-07 -3.633250E-07 -6.719549E-07 -9.256570E-07 -9.982619E-07
 -1.276094E-06 -1.894941E-06 -2.512890E-06 -3.289100E-06 -4.231069E-06
 -5.277862E-06 -6.487086E-06 -8.069838E-06 -1.008188E-05 -1.216450E-05
 -1.454485E-05 -1.829517E-05 -2.278111E-05 -2.705109E-05 -3.187325E-05
 -3.803966E-05 -4.532054E-05 -5.311993E-05 -6.198064E-05 -7.153646E-05
 -8.238140E-05 -9.425003E-05 -1.052803E-04 -1.161713E-04 -1.287257E-04
 -1.464445E-04 -1.647673E-04 -1.773646E-04 -1.885281E-04 -2.029540E-04
 -2.197724E-04 -2.370839E-04 -2.512871E-04 -2.632357E-04 -2.783725E-04
 -2.936262E-04 -3.103137E-04 -3.438679E-04 -3.813814E-04 -4.073833E-04
 -4.351952E-04 -4.628553E-04 -4.914793E-04 -5.203672E-04 -5.501271E-04
 -5.803163E-04 -6.186322E-04 -6.587534E-04 -7.092789E-04 -7.676946E-04
 -8.220228E-04 -8.808015E-04 -9.330827E-04 -9.832375E-04 -1.029154E-03
 -1.072930E-03 -1.121050E-03 -1.173210E-03 -1.218143E-03 -1.252400E-03
 -1.300315E-03 -1.351120E-03 -1.255100E-03 -1.156095E-03 -1.233736E-03
 -1.327558E-03 -1.376679E-03 -1.385678E-03 -1.588213E-03 -1.928881E-03
 -2.155593E-03 -2.349500E-03 -2.820361E-03 -3.451027E-03 -4.157742E-03
 -4.579155E-03 -3.458002E-03 -2.195114E-03 -4.822347E-04  1.153959E-03
  1.299748E-03  1.464714E-03  4.511793E-02
   Layer pressure:
 -7.352653E-08 -7.217985E-08 -3.996521E-08  2.127150E-08  1.187893E-07
  2.492502E-07  4.002433E-07  5.842761E-07  8.172238E-07  1.114764E-06
  1.520781E-06  2.079727E-06  2.792884E-06  3.672811E-06  4.770111E-06
  6.121192E-06  7.755565E-06  9.693811E-06  1.198648E-05  1.465698E-05
  1.776431E-05  2.135712E-05  2.550586E-05  3.025869E-05  3.564432E-05
  4.176302E-05  4.865505E-05  5.634823E-05  6.490300E-05  7.430494E-05
  8.462503E-05  9.579103E-05  1.078150E-04  1.207468E-04  1.345934E-04
  1.491526E-04  1.643389E-04  1.801183E-04  1.967450E-04  2.139697E-04
  2.318350E-04  2.501482E-04  2.691515E-04  2.889502E-04  3.097119E-04
  3.316445E-04  3.550798E-04  3.793379E-04  4.039961E-04  4.295387E-04
  4.557538E-04  4.826593E-04  5.102379E-04  5.384256E-04  5.672048E-04
  5.966501E-04  6.264850E-04  6.565206E-04  6.860493E-04  7.142999E-04
  7.409294E-04  7.652476E-04  7.873628E-04  8.071918E-04  8.246794E-04
  8.396931E-04  8.521095E-04  8.617244E-04  8.682150E-04  8.711009E-04
  8.708471E-04  8.673128E-04  8.562631E-04  8.372156E-04  8.138153E-04
  7.861085E-04  7.527439E-04  7.124543E-04  6.694685E-04  6.264355E-04
  5.800047E-04  5.293709E-04  4.810958E-04  4.388961E-04  4.055450E-04
  3.749946E-04  3.116707E-04  2.183461E-04  8.676254E-05 -8.505208E-05
 -2.635261E-04 -4.500382E-04
   Layer temperature:
 -3.961278E-08 -5.394952E-08 -6.616410E-08 -7.047864E-08 -5.826808E-08
 -2.286244E-08  1.821148E-08  3.649971E-08  2.197054E-08 -8.815146E-09
 -1.673804E-08  2.904029E-08  1.107323E-07  1.962113E-07  3.303052E-07
  5.611363E-07  9.142046E-07  1.380322E-06  1.957471E-06  2.732794E-06
  3.759982E-06  4.874395E-06  6.044252E-06  7.459179E-06  9.159892E-06
  1.104303E-05  1.302139E-05  1.515291E-05  1.738109E-05  1.972003E-05
  2.202659E-05  2.416704E-05  2.668483E-05  3.007048E-05  3.418965E-05
  3.729333E-05  3.902712E-05  4.211961E-05  4.817128E-05  5.627560E-05
  6.575747E-05  7.672175E-05  9.118995E-05  1.107130E-04  1.343335E-04
  1.625606E-04  1.954407E-04  2.266916E-04  2.551229E-04  2.855172E-04
  3.174818E-04  3.512139E-04  3.863896E-04  4.231891E-04  4.618489E-04
  5.025206E-04  5.455937E-04  5.917508E-04  6.426873E-04  6.998529E-04
  7.620944E-04  8.268871E-04  8.916850E-04  9.558754E-04  1.018703E-03
  1.080790E-03  1.143955E-03  1.209070E-03  1.275425E-03  1.342556E-03
  1.419048E-03  1.507563E-03  1.584656E-03  1.656049E-03  1.744398E-03
  1.850562E-03  1.970154E-03  2.099877E-03  2.259199E-03  2.455927E-03
  2.674687E-03  2.908449E-03  3.166723E-03  3.429884E-03  3.660885E-03
  3.770265E-03  3.685670E-03  3.570684E-03  3.560788E-03  3.616662E-03
  3.662600E-03  3.699162E-03
   Layer absorber:
     H2O(Mass mixing ratio, g/kg)
 -1.558859E-04 -1.917839E-04 -2.317238E-04 -2.761802E-04 -3.238100E-04
 -3.761848E-04 -4.313312E-04 -4.884830E-04 -5.467810E-04 -6.036909E-04
 -6.613925E-04 -7.226048E-04 -7.831524E-04 -8.413062E-04 -8.989778E-04
 -9.561605E-04 -1.012865E-03 -1.066931E-03 -1.118377E-03 -1.166815E-03
 -1.214026E-03 -1.252161E-03 -1.279592E-03 -1.300719E-03 -1.314122E-03
 -1.316393E-03 -1.303221E-03 -1.274634E-03 -1.229108E-03 -1.164582E-03
 -1.075021E-03 -9.551494E-04 -8.134397E-04 -6.538399E-04 -4.686681E-04
 -2.129274E-04  1.286608E-04  5.014935E-04  8.795398E-04  1.289804E-03
  1.759081E-03  2.291615E-03  2.839091E-03  3.356805E-03  3.878240E-03
  4.389781E-03  4.883193E-03  5.568864E-03  6.511284E-03  7.560598E-03
  8.737508E-03  1.002536E-02  1.142600E-02  1.294513E-02  1.459883E-02
  1.638544E-02  1.853302E-02  2.108436E-02  2.430891E-02  2.832544E-02
  3.285376E-02  3.788749E-02  4.321377E-02  4.877086E-02  5.452639E-02
  6.049279E-02  6.676989E-02  7.343886E-02  8.045549E-02  8.777313E-02
  9.543675E-02  1.034672E-01  1.111730E-01  1.187309E-01  1.271209E-01
  1.363704E-01  1.462420E-01  1.565704E-01  1.681147E-01  1.814019E-01
  1.958460E-01  2.113063E-01  2.286364E-01  2.482281E-01  2.701326E-01
  2.934711E-01  3.141191E-01  3.320574E-01  3.467350E-01  3.583039E-01
  3.703195E-01  3.827303E-01
     O3(Volume mixing ratio, ppmv)
  0.000000E+00  0.000000E+00  0.000000E+00  0.000000E+00  0.000000E+00
  0.000000E+00  0.000000E+00  0.000000E+00  0.000000E+00  0.000000E+00
  0.000000E+00  0.000000E+00  0.000000E+00  0.000000E+00  0.000000E+00
  0.000000E+00  0.000000E+00  0.000000E+00  0.000000E+00  0.000000E+00
  0.000000E+00  0.000000E+00  0.000000E+00  0.000000E+00  0.000000E+00
  0.000000E+00  0.000000E+00  0.000000E+00  0.000000E+00  0.000000E+00
  0.000000E+00  0.000000E+00  0.000000E+00  0.000000E+00  0.000000E+00
  0.000000E+00  0.000000E+00  0.000000E+00  0.000000E+00  0.000000E+00
  0.000000E+00  0.000000E+00  0.000000E+00  0.000000E+00  0.000000E+00
  0.000000E+00  0.000000E+00  0.000000E+00  0.000000E+00  0.000000E+00
  0.000000E+00  0.000000E+00  0.000000E+00  0.000000E+00  0.000000E+00
  0.000000E+00  0.000000E+00  0.000000E+00  0.000000E+00  0.000000E+00
  0.000000E+00  0.000000E+00  0.000000E+00  0.000000E+00  0.000000E+00
  0.000000E+00  0.000000E+00  0.000000E+00  0.000000E+00  0.000000E+00
  0.000000E+00  0.000000E+00  0.000000E+00  0.000000E+00  0.000000E+00
  0.000000E+00  0.000000E+00  0.000000E+00  0.000000E+00  0.000000E+00
  0.000000E+00  0.000000E+00  0.000000E+00  0.000000E+00  0.000000E+00
  0.000000E+00  0.000000E+00  0.000000E+00  0.000000E+00  0.000000E+00
  0.000000E+00  0.000000E+00

     Channel 2 results

   FORWARD OUTPUT
 RTSolution OBJECT
   Surface Emissivity      :  8.197803E-01
   Up Radiance             :  2.418201E-02
   Down Radiance           :  2.447991E-02
   Down Solar Radiance     :  0.000000E+00
   Surface Planck Radiance :  6.107362E-02
   Radiance                :  5.643751E-02
   Brightness Temperature  :  2.523288E+02

   K-MATRIX OUTPUT
 Surface OBJECT
   Land Coverage :  0.250
   Water Coverage:  0.750
   Snow Coverage :  0.000
   Ice Coverage  :  0.000
   Land type            : Sand
   Land Temperature     :  1.213442E-01
   Soil Moisture Content:  0.000000E+00
   Canopy Water Content :  0.000000E+00
   Vegetation Fraction  :  0.000000E+00
   Soil Temperature     :  0.000000E+00
   Water Type       : Sea water
   Water Temperature:  3.640327E-01
   Wind Speed       :  4.536379E-02
   Wind Direction   :  0.000000E+00
   Salinity         :  0.000000E+00
   Snow Type       : Powder snow
   Snow Temperature:  0.000000E+00
   Snow Depth      :  0.000000E+00
   Snow Density    :  0.000000E+00
   Snow Grain_Size :  0.000000E+00
   Ice Type       : Fresh ice
   Ice Temperature:  0.000000E+00
   Ice Thickness  :  0.000000E+00
   Ice Density    :  0.000000E+00
   Ice Roughness  :  0.000000E+00
 ATMOSPHERE OBJECT
   n_Layers   : 92
   n_Absorbers: 2
   n_Clouds   : 0
   n_Aerosols : 0
   Climatology    : U.S. Standard Atmosphere
   Level pressure:
  7.019487E-08  1.139324E-07  1.956033E-07  2.709640E-07  5.881200E-07
  8.691174E-07  4.319798E-07 -4.431505E-07 -1.126578E-06 -1.234371E-06
 -7.884337E-07 -2.084180E-07 -1.732355E-08 -1.874898E-07  6.116068E-08
  6.033895E-07  1.158717E-06  1.475150E-06  1.647753E-06  2.261166E-06
  2.922026E-06  2.468413E-06  1.853852E-06  2.155148E-06  2.450779E-06
  2.039109E-06  1.216573E-06  6.343688E-07 -2.099701E-07 -9.009196E-07
 -1.966629E-06 -3.101237E-06 -2.416244E-06 -5.789161E-07  5.343182E-07
 -2.442378E-06 -5.090228E-06 -6.824515E-07  6.509144E-06  1.100545E-05
  1.369365E-05  1.655316E-05  2.278217E-05  3.069576E-05  3.512274E-05
  3.889866E-05  4.075814E-05  3.005728E-05  1.754773E-05  1.356164E-05
  8.197776E-06  2.034787E-06 -5.998883E-06 -1.441858E-05 -2.311233E-05
 -3.283040E-05 -4.083550E-05 -4.963711E-05 -5.767101E-05 -6.918926E-05
 -8.632670E-05 -1.107946E-04 -1.399852E-04 -1.743363E-04 -2.156861E-04
 -2.641236E-04 -3.239439E-04 -3.981679E-04 -4.786665E-04 -5.596560E-04
 -6.488012E-04 -7.467657E-04 -7.083260E-04 -6.551009E-04 -8.069293E-04
 -9.966641E-04 -1.149333E-03 -1.265150E-03 -1.657897E-03 -2.298165E-03
 -2.829756E-03 -3.345846E-03 -4.319886E-03 -5.620729E-03 -7.100327E-03
 -8.281997E-03 -7.144730E-03 -5.240900E-03 -2.190978E-03  4.572512E-04
  5.051112E-04  5.690873E-04  5.707269E-02
   Layer pressure:
  2.616122E-08  2.929725E-08  2.566535E-08  1.549967E-08  1.416679E-09
 -1.149781E-08 -6.815478E-09  2.517808E-08  7.250562E-08  1.130581E-07
  1.325304E-07  1.307223E-07  1.132225E-07  7.491044E-08  3.693615E-09
 -1.024047E-07 -2.381304E-07 -3.980790E-07 -5.802784E-07 -7.711396E-07
 -9.450568E-07 -1.094126E-06 -1.228177E-06 -1.333203E-06 -1.382463E-06
 -1.371222E-06 -1.311057E-06 -1.207049E-06 -1.082226E-06 -9.590694E-07
 -9.010518E-07 -9.908253E-07 -1.204257E-06 -1.469098E-06 -1.788926E-06
 -2.517847E-06 -3.924062E-06 -5.691880E-06 -7.518533E-06 -9.440166E-06
 -1.155263E-05 -1.383287E-05 -1.586721E-05 -1.711962E-05 -1.746654E-05
 -1.649478E-05 -1.383184E-05 -1.069884E-05 -7.648188E-06 -3.770801E-06
  9.033731E-07  6.503352E-06  1.306169E-05  2.065911E-05  2.934237E-05
  3.920443E-05  4.956860E-05  6.029475E-05  7.051186E-05  7.973613E-05
  8.844102E-05  9.628123E-05  1.036104E-04  1.108484E-04  1.186989E-04
  1.277617E-04  1.383643E-04  1.506384E-04  1.644096E-04  1.791874E-04
  1.950277E-04  2.120048E-04  2.264901E-04  2.384522E-04  2.532008E-04
  2.719687E-04  2.942103E-04  3.193011E-04  3.548816E-04  4.081297E-04
  4.764573E-04  5.592923E-04  6.687025E-04  8.117204E-04  9.892036E-04
  1.184481E-03  1.323771E-03  1.391500E-03  1.367806E-03  1.272953E-03
  1.178737E-03  1.085796E-03
   Layer temperature:
  4.766183E-09  1.204634E-08  2.797323E-08  5.521895E-08  9.962310E-08
  1.654197E-07  2.360469E-07  2.919305E-07  3.293928E-07  3.633050E-07
  4.254898E-07  5.384045E-07  6.873768E-07  8.530024E-07  1.067861E-06
  1.363309E-06  1.756578E-06  2.242348E-06  2.823816E-06  3.552699E-06
  4.465640E-06  5.472545E-06  6.564476E-06  7.854800E-06  9.369244E-06
  1.106159E-05  1.289042E-05  1.489168E-05  1.703458E-05  1.933213E-05
  2.174624E-05  2.421627E-05  2.703271E-05  3.046142E-05  3.443678E-05
  3.816448E-05  4.151094E-05  4.569432E-05  5.148074E-05  5.842781E-05
  6.625527E-05  7.499076E-05  8.553563E-05  9.854480E-05  1.136391E-04
  1.311238E-04  1.510226E-04  1.706350E-04  1.894601E-04  2.096355E-04
  2.310624E-04  2.533368E-04  2.756128E-04  2.982508E-04  3.221512E-04
  3.474226E-04  3.818534E-04  4.275986E-04  4.959910E-04  5.957726E-04
  7.250153E-04  8.850992E-04  1.073289E-03  1.294476E-03  1.550512E-03
  1.844362E-03  2.182995E-03  2.570553E-03  3.001077E-03  3.466333E-03
  3.994767E-03  4.594851E-03  5.121861E-03  5.580694E-03  6.133019E-03
  6.796364E-03  7.533547E-03  8.311369E-03  9.285795E-03  1.053254E-02
  1.192131E-02  1.339745E-02  1.509284E-02  1.698655E-02  1.898531E-02
  2.067288E-02  2.110430E-02  2.088269E-02  2.039653E-02  1.954009E-02
  1.874333E-02  1.799997E-02
   Layer absorber:
     H2O(Mass mixing ratio, g/kg)
 -5.641298E-05 -6.929505E-05 -8.446121E-05 -1.022427E-04 -1.227345E-04
 -1.474269E-04 -1.737125E-04 -1.976489E-04 -2.163406E-04 -2.297182E-04
 -2.445066E-04 -2.673247E-04 -2.930367E-04 -3.147376E-04 -3.400249E-04
 -3.763697E-04 -4.271989E-04 -4.890365E-04 -5.599411E-04 -6.538751E-04
 -7.788449E-04 -9.007721E-04 -1.010551E-03 -1.140615E-03 -1.294970E-03
 -1.449271E-03 -1.582491E-03 -1.701225E-03 -1.790092E-03 -1.846902E-03
 -1.835964E-03 -1.728381E-03 -1.618883E-03 -1.587298E-03 -1.598036E-03
 -1.332585E-03 -7.375606E-04 -2.813215E-04 -1.870003E-04 -2.894150E-04
 -4.615569E-04 -7.125536E-04 -1.348750E-03 -2.638068E-03 -4.449827E-03
 -6.896671E-03 -1.001971E-02 -1.264949E-02 -1.448221E-02 -1.639184E-02
 -1.829516E-02 -2.027855E-02 -2.234195E-02 -2.448396E-02 -2.666115E-02
 -2.888617E-02 -3.042132E-02 -3.125103E-02 -3.084289E-02 -2.919213E-02
 -2.674113E-02 -2.302153E-02 -1.819426E-02 -1.229409E-02 -5.392482E-03
  2.450440E-03  1.136099E-02  2.148862E-02  3.269770E-02  4.483184E-02
  5.766923E-02  7.114782E-02  8.378098E-02  9.578030E-02  1.097203E-01
  1.257121E-01  1.430608E-01  1.612829E-01  1.824477E-01  2.079394E-01
  2.360347E-01  2.661077E-01  3.000214E-01  3.385129E-01  3.811863E-01
  4.272020E-01  4.707410E-01  5.073846E-01  5.326736E-01  5.503296E-01
  5.682610E-01  5.863515E-01
     O3(Volume mixing ratio, ppmv)
  0.000000E+00  0.000000E+00  0.000000E+00  0.000000E+00  0.000000E+00
  0.000000E+00  0.000000E+00  0.000000E+00  0.000000E+00  0.000000E+00
  0.000000E+00  0.000000E+00  0.000000E+00  0.000000E+00  0.000000E+00
  0.000000E+00  0.000000E+00  0.000000E+00  0.000000E+00  0.000000E+00
  0.000000E+00  0.000000E+00  0.000000E+00  0.000000E+00  0.000000E+00
  0.000000E+00  0.000000E+00  0.000000E+00  0.000000E+00  0.000000E+00
  0.000000E+00  0.000000E+00  0.000000E+00  0.000000E+00  0.000000E+00
  0.000000E+00  0.000000E+00  0.000000E+00  0.000000E+00  0.000000E+00
  0.000000E+00  0.000000E+00  0.000000E+00  0.000000E+00  0.000000E+00
  0.000000E+00  0.000000E+00  0.000000E+00  0.000000E+00  0.000000E+00
  0.000000E+00  0.000000E+00  0.000000E+00  0.000000E+00  0.000000E+00
  0.000000E+00  0.000000E+00  0.000000E+00  0.000000E+00  0.000000E+00
  0.000000E+00  0.000000E+00  0.000000E+00  0.000000E+00  0.000000E+00
  0.000000E+00  0.000000E+00  0.000000E+00  0.000000E+00  0.000000E+00
  0.000000E+00  0.000000E+00  0.000000E+00  0.000000E+00  0.000000E+00
  0.000000E+00  0.000000E+00  0.000000E+00  0.000000E+00  0.000000E+00
  0.000000E+00  0.000000E+00  0.000000E+00  0.000000E+00  0.000000E+00
  0.000000E+00  0.000000E+00  0.000000E+00  0.000000E+00  0.000000E+00
  0.000000E+00  0.000000E+00

     Channel 3 results

   FORWARD OUTPUT
 RTSolution OBJECT
   Surface Emissivity      :  7.921601E-01
   Up Radiance             :  7.387050E-02
   Down Radiance           :  8.323694E-02
   Down Solar Radiance     :  0.000000E+00
   Surface Planck Radiance :  8.306616E-02
   Radiance                :  7.387063E-02
   Brightness Temperature  :  2.430377E+02

   K-MATRIX OUTPUT
 Surface OBJECT
   Land Coverage :  0.250
   Water Coverage:  0.750
   Snow Coverage :  0.000
   Ice Coverage  :  0.000
   Land type            : Sand
   Land Temperature     :  3.058468E-07
   Soil Moisture Content:  0.000000E+00
   Canopy Water Content :  0.000000E+00
   Vegetation Fraction  :  0.000000E+00
   Soil Temperature     :  0.000000E+00
   Water Type       : Sea water
   Water Temperature:  9.175405E-07
   Wind Speed       : -9.672677E-10
   Wind Direction   :  0.000000E+00
   Salinity         :  0.000000E+00
   Snow Type       : Powder snow
   Snow Temperature:  0.000000E+00
   Snow Depth      :  0.000000E+00
   Snow Density    :  0.000000E+00
   Snow Grain_Size :  0.000000E+00
   Ice Type       : Fresh ice
   Ice Temperature:  0.000000E+00
   Ice Thickness  :  0.000000E+00
   Ice Density    :  0.000000E+00
   Ice Roughness  :  0.000000E+00
 ATMOSPHERE OBJECT
   n_Layers   : 92
   n_Absorbers: 2
   n_Clouds   : 0
   n_Aerosols : 0
   Climatology    : U.S. Standard Atmosphere
   Level pressure:
  1.126409E-06  1.438094E-06  1.313660E-06 -5.393104E-07  4.614863E-06
  1.168767E-05  7.191386E-06 -2.162169E-06 -8.690705E-06 -9.247617E-06
 -6.022997E-06 -1.325479E-06  9.532866E-07 -2.450263E-07  2.175917E-06
  7.601330E-06  1.345883E-05  1.694201E-05  1.890187E-05  2.488534E-05
  3.165838E-05  3.136966E-05  3.043213E-05  3.569030E-05  4.150542E-05
  4.229519E-05  3.957692E-05  3.638299E-05  2.476180E-05  1.683581E-05
  1.688488E-05  1.574915E-05  2.278181E-05  3.895127E-05  5.004431E-05
  4.973272E-05  2.810276E-05  3.326453E-05  8.130381E-05  1.121862E-04
  1.261415E-04  1.394833E-04  1.700112E-04  1.929290E-04  1.858109E-04
  1.798737E-04  1.610992E-04  1.980024E-04  2.657993E-04  3.000786E-04
  3.451186E-04  2.916208E-04  1.262308E-04  2.816398E-05  5.537806E-05
  7.422503E-05  9.748203E-04  1.826634E-03  3.338216E-03  4.697430E-03
  4.993304E-03  4.723594E-03  3.705093E-03  2.420601E-03  9.489577E-04
 -4.037447E-04 -1.542121E-03 -2.536874E-03 -3.281880E-03 -3.677468E-03
 -3.490382E-03 -3.130352E-03 -2.492470E-03 -1.843103E-03 -1.642813E-03
 -1.433046E-03 -1.152537E-03 -8.655892E-04 -7.142622E-04 -6.213924E-04
 -4.710681E-04 -3.226517E-04 -2.228092E-04 -1.483567E-04 -8.819682E-05
 -4.981918E-05 -2.481280E-05 -7.799881E-06 -1.010767E-06  1.417167E-09
  1.362591E-09  1.312049E-09  2.199124E-08
   Layer pressure:
  2.356836E-06  2.348935E-06  1.425676E-06  1.745131E-07 -1.321348E-06
 -3.489097E-06 -4.941439E-06 -4.716813E-06 -3.294502E-06 -1.637219E-06
 -6.408176E-07 -7.850606E-07 -1.279147E-06 -1.502912E-06 -2.069525E-06
 -3.304083E-06 -5.169713E-06 -7.379422E-06 -9.780782E-06 -1.277832E-05
 -1.642071E-05 -1.991463E-05 -2.321652E-05 -2.692637E-05 -3.101503E-05
 -3.501749E-05 -3.861946E-05 -4.180361E-05 -4.401295E-05 -4.560284E-05
 -4.727784E-05 -4.903699E-05 -5.140415E-05 -5.478005E-05 -5.875975E-05
 -6.309190E-05 -6.713281E-05 -7.180305E-05 -7.842167E-05 -8.586171E-05
 -9.346771E-05 -1.010204E-04 -1.081323E-04 -1.133375E-04 -1.157762E-04
 -1.148854E-04 -1.100437E-04 -1.049878E-04 -1.008741E-04 -9.489155E-05
 -8.705948E-05 -7.668342E-05 -6.404564E-05 -4.988057E-05 -3.433912E-05
 -1.719438E-05  4.845226E-06  3.466898E-05  7.927753E-05  1.454307E-04
  2.338660E-04  3.351587E-04  4.263156E-04  4.901418E-04  5.196056E-04
  5.193973E-04  4.972890E-04  4.583146E-04  4.072577E-04  3.487544E-04
  2.915006E-04  2.378179E-04  1.939484E-04  1.606671E-04  1.288693E-04
  9.963051E-05  7.536808E-05  5.683127E-05  4.131549E-05  2.782889E-05
  1.776434E-05  1.102524E-05  6.477102E-06  3.504216E-06  1.747891E-06
  7.368488E-07  2.054252E-07  2.475228E-08 -6.972224E-10 -6.966864E-10
 -6.918326E-10 -6.825175E-10
   Layer temperature:
  1.423423E-07  2.514706E-07  3.930589E-07  5.440018E-07  8.276800E-07
  1.367481E-06  1.994099E-06  2.581191E-06  3.139485E-06  3.882102E-06
  4.920367E-06  6.044290E-06  7.383804E-06  9.050595E-06  1.108128E-05
  1.369484E-05  1.717608E-05  2.144422E-05  2.645041E-05  3.238579E-05
  3.945461E-05  4.795541E-05  5.815897E-05  7.009366E-05  8.384855E-05
  9.947748E-05  1.168180E-04  1.349020E-04  1.501706E-04  1.627334E-04
  1.785368E-04  1.985704E-04  2.210893E-04  2.471507E-04  2.768057E-04
  3.371371E-04  4.318065E-04  5.188956E-04  5.868960E-04  6.474755E-04
  7.115973E-04  7.785418E-04  8.223084E-04  8.240859E-04  8.079197E-04
  7.885241E-04  7.634563E-04  8.284627E-04  1.000728E-03  1.216735E-03
  1.493485E-03  1.738722E-03  1.844884E-03  1.871029E-03  1.941559E-03
  2.051653E-03  3.186639E-03  5.423990E-03  9.808142E-03  1.669395E-02
  2.512757E-02  3.480734E-02  4.482132E-02  5.464001E-02  6.336909E-02
  7.032630E-02  7.524078E-02  7.782530E-02  7.761990E-02  7.456591E-02
  6.966794E-02  6.324436E-02  5.408326E-02  4.434215E-02  3.621644E-02
  2.931395E-02  2.321105E-02  1.785698E-02  1.356219E-02  1.010585E-02
  7.183377E-03  4.820696E-03  3.067099E-03  1.823862E-03  9.954219E-04
  4.868713E-04  2.084490E-04  8.273996E-05  3.169035E-05  1.209932E-05
  4.863094E-06  2.147778E-06
   Layer absorber:
     H2O(Mass mixing ratio, g/kg)
 -1.788598E-03 -2.199451E-03 -2.948888E-03 -4.069766E-03 -5.751488E-03
 -8.295999E-03 -1.106219E-02 -1.297254E-02 -1.318629E-02 -1.182224E-02
 -1.069797E-02 -1.168176E-02 -1.364440E-02 -1.459484E-02 -1.679225E-02
 -2.262309E-02 -3.312370E-02 -4.738452E-02 -6.480531E-02 -8.969477E-02
 -1.242585E-01 -1.590070E-01 -1.915465E-01 -2.312104E-01 -2.793190E-01
 -3.291604E-01 -3.751745E-01 -4.193623E-01 -4.575737E-01 -4.895402E-01
 -5.062473E-01 -5.005510E-01 -4.978076E-01 -5.187157E-01 -5.535222E-01
 -5.207362E-01 -4.074447E-01 -3.344572E-01 -3.596231E-01 -4.373646E-01
 -5.330513E-01 -6.466919E-01 -8.460367E-01 -1.177289E+00 -1.592853E+00
 -2.099657E+00 -2.688147E+00 -3.139337E+00 -3.418675E+00 -3.684308E+00
 -3.922710E+00 -4.143467E+00 -4.341875E+00 -4.520670E+00 -4.679715E+00
 -4.821625E+00 -4.895729E+00 -4.903867E+00 -4.802308E+00 -4.570210E+00
 -4.245784E+00 -3.826992E+00 -3.369329E+00 -2.904693E+00 -2.456389E+00
 -2.038681E+00 -1.653086E+00 -1.301299E+00 -9.946074E-01 -7.387406E-01
 -5.361131E-01 -3.811884E-01 -2.817337E-01 -2.179658E-01 -1.624020E-01
 -1.161341E-01 -8.165933E-02 -5.777985E-02 -3.895418E-02 -2.392459E-02
 -1.391533E-02 -7.876237E-03 -4.152685E-03 -1.976596E-03 -8.507611E-04
 -3.072887E-04 -7.570041E-05 -8.270377E-06  2.209446E-07  2.178346E-07
  2.141522E-07  2.100356E-07
     O3(Volume mixing ratio, ppmv)
  0.000000E+00  0.000000E+00  0.000000E+00  0.000000E+00  0.000000E+00
  0.000000E+00  0.000000E+00  0.000000E+00  0.000000E+00  0.000000E+00
  0.000000E+00  0.000000E+00  0.000000E+00  0.000000E+00  0.000000E+00
  0.000000E+00  0.000000E+00  0.000000E+00  0.000000E+00  0.000000E+00
  0.000000E+00  0.000000E+00  0.000000E+00  0.000000E+00  0.000000E+00
  0.000000E+00  0.000000E+00  0.000000E+00  0.000000E+00  0.000000E+00
  0.000000E+00  0.000000E+00  0.000000E+00  0.000000E+00  0.000000E+00
  0.000000E+00  0.000000E+00  0.000000E+00  0.000000E+00  0.000000E+00
  0.000000E+00  0.000000E+00  0.000000E+00  0.000000E+00  0.000000E+00
  0.000000E+00  0.000000E+00  0.000000E+00  0.000000E+00  0.000000E+00
  0.000000E+00  0.000000E+00  0.000000E+00  0.000000E+00  0.000000E+00
  0.000000E+00  0.000000E+00  0.000000E+00  0.000000E+00  0.000000E+00
  0.000000E+00  0.000000E+00  0.000000E+00  0.000000E+00  0.000000E+00
  0.000000E+00  0.000000E+00  0.000000E+00  0.000000E+00  0.000000E+00
  0.000000E+00  0.000000E+00  0.000000E+00  0.000000E+00  0.000000E+00
  0.000000E+00  0.000000E+00  0.000000E+00  0.000000E+00  0.000000E+00
  0.000000E+00  0.000000E+00  0.000000E+00  0.000000E+00  0.000000E+00
  0.000000E+00  0.000000E+00  0.000000E+00  0.000000E+00  0.000000E+00
  0.000000E+00  0.000000E+00

     Channel 4 results

   FORWARD OUTPUT
 RTSolution OBJECT
   Surface Emissivity      :  7.921601E-01
   Up Radiance             :  7.620693E-02
   Down Radiance           :  8.306104E-02
   Down Solar Radiance     :  0.000000E+00
   Surface Planck Radiance :  8.308521E-02
   Radiance                :  7.628833E-02
   Brightness Temperature  :  2.507934E+02

   K-MATRIX OUTPUT
 Surface OBJECT
   Land Coverage :  0.250
   Water Coverage:  0.750
   Snow Coverage :  0.000
   Ice Coverage  :  0.000
   Land type            : Sand
   Land Temperature     :  1.940473E-04
   Soil Moisture Content:  0.000000E+00
   Canopy Water Content :  0.000000E+00
   Vegetation Fraction  :  0.000000E+00
   Soil Temperature     :  0.000000E+00
   Water Type       : Sea water
   Water Temperature:  5.821419E-04
   Wind Speed       :  8.685156E-08
   Wind Direction   :  0.000000E+00
   Salinity         :  0.000000E+00
   Snow Type       : Powder snow
   Snow Temperature:  0.000000E+00
   Snow Depth      :  0.000000E+00
   Snow Density    :  0.000000E+00
   Snow Grain_Size :  0.000000E+00
   Ice Type       : Fresh ice
   Ice Temperature:  0.000000E+00
   Ice Thickness  :  0.000000E+00
   Ice Density    :  0.000000E+00
   Ice Roughness  :  0.000000E+00
 ATMOSPHERE OBJECT
   n_Layers   : 92
   n_Absorbers: 2
   n_Clouds   : 0
   n_Aerosols : 0
   Climatology    : U.S. Standard Atmosphere
   Level pressure:
  6.200458E-07  7.257925E-07  4.894047E-07 -6.724823E-08  1.363119E-06
  3.115851E-06  1.915599E-06 -3.349366E-07 -1.727281E-06 -1.412060E-06
 -1.177879E-07  1.117800E-06  2.005678E-06  2.303141E-06  3.452237E-06
  5.463577E-06  7.788188E-06  9.663364E-06  1.132399E-05  1.418356E-05
  1.747439E-05  1.910297E-05  2.069499E-05  2.417096E-05  2.798978E-05
  3.075242E-05  3.287592E-05  3.525738E-05  3.600340E-05  3.765713E-05
  4.098934E-05  4.437631E-05  5.056178E-05  5.947609E-05  6.722601E-05
  7.308593E-05  7.701350E-05  8.581561E-05  1.012462E-04  1.136643E-04
  1.235434E-04  1.333899E-04  1.457004E-04  1.567559E-04  1.629131E-04
  1.697757E-04  1.716746E-04  1.784627E-04  1.902904E-04  1.995473E-04
  2.115943E-04  1.961855E-04  1.456431E-04  1.105305E-04  1.113584E-04
  1.094834E-04  4.103333E-04  7.357536E-04  1.368918E-03  2.082162E-03
  2.512777E-03  2.815871E-03  2.816495E-03  2.657157E-03  2.302486E-03
  1.863409E-03  1.407337E-03  8.782795E-04  2.644729E-04 -3.584585E-04
 -6.339970E-04 -8.281299E-04 -1.150941E-03 -1.219988E-03 -1.351698E-03
 -1.480053E-03 -1.521985E-03 -1.468716E-03 -1.525954E-03 -1.751288E-03
 -1.797302E-03 -1.678465E-03 -1.602410E-03 -1.527796E-03 -1.339373E-03
 -1.173723E-03 -9.350290E-04 -4.608042E-04 -9.235102E-05  4.146794E-07
  4.095575E-07  4.066775E-07  1.333191E-05
   Layer pressure:
  1.549776E-07  1.316952E-07  1.274708E-08 -1.447969E-07 -4.162654E-07
 -8.893600E-07 -1.296302E-06 -1.461080E-06 -1.454951E-06 -1.453465E-06
 -1.614613E-06 -2.003958E-06 -2.537727E-06 -3.134304E-06 -3.909763E-06
 -4.953959E-06 -6.298527E-06 -7.898035E-06 -9.739546E-06 -1.191076E-05
 -1.445049E-05 -1.717527E-05 -2.007461E-05 -2.329035E-05 -2.680037E-05
 -3.051998E-05 -3.437555E-05 -3.836227E-05 -4.237256E-05 -4.645849E-05
 -5.083421E-05 -5.552224E-05 -6.062635E-05 -6.619425E-05 -7.212383E-05
 -7.873902E-05 -8.617912E-05 -9.397032E-05 -1.020284E-04 -1.101701E-04
 -1.184486E-04 -1.266908E-04 -1.342730E-04 -1.401912E-04 -1.442273E-04
 -1.458364E-04 -1.444074E-04 -1.427245E-04 -1.419189E-04 -1.399575E-04
 -1.370420E-04 -1.319865E-04 -1.236473E-04 -1.126110E-04 -1.002017E-04
 -8.628700E-05 -8.219804E-05 -8.863274E-05 -1.167944E-04 -1.678702E-04
 -2.248079E-04 -2.776142E-04 -3.195216E-04 -3.545774E-04 -3.840212E-04
 -4.070962E-04 -4.219309E-04 -4.250455E-04 -4.133807E-04 -3.872485E-04
 -3.545008E-04 -3.182600E-04 -2.766926E-04 -2.359166E-04 -1.985968E-04
 -1.650710E-04 -1.356326E-04 -1.105022E-04 -8.921790E-05 -7.036072E-05
 -5.392247E-05 -4.015937E-05 -2.851544E-05 -1.859581E-05 -1.072018E-05
 -4.806732E-06 -1.208211E-06 -8.187842E-08  2.831153E-09 -1.184668E-08
 -2.461094E-08 -3.565629E-08
   Layer temperature:
  2.552194E-08  4.808955E-08  8.590688E-08  1.390450E-07  2.271687E-07
  3.709412E-07  5.311780E-07  6.694851E-07  7.856971E-07  9.231450E-07
  1.130164E-06  1.407693E-06  1.753620E-06  2.161292E-06  2.670605E-06
  3.339399E-06  4.218738E-06  5.295430E-06  6.570317E-06  8.118624E-06
  1.000458E-05  1.217705E-05  1.466445E-05  1.758966E-05  2.099462E-05
  2.485328E-05  2.911656E-05  3.372047E-05  3.823536E-05  4.268608E-05
  4.773545E-05  5.345166E-05  5.994375E-05  6.763660E-05  7.650061E-05
  8.914321E-05  1.060801E-04  1.233806E-04  1.403489E-04  1.580180E-04
  1.775970E-04  1.990818E-04  2.197508E-04  2.372576E-04  2.542950E-04
  2.731387E-04  2.932241E-04  3.278759E-04  3.812796E-04  4.461584E-04
  5.267323E-04  6.061922E-04  6.614307E-04  7.021152E-04  7.546102E-04
  8.192101E-04  1.141820E-03  1.777404E-03  3.053634E-03  5.168713E-03
  7.967711E-03  1.146808E-02  1.553440E-02  2.017125E-02  2.523782E-02
  3.059140E-02  3.616955E-02  4.182845E-02  4.720298E-02  5.192219E-02
  5.623478E-02  5.995283E-02  6.090980E-02  5.973823E-02  5.864314E-02
  5.745517E-02  5.555830E-02  5.268233E-02  4.982746E-02  4.691702E-02
  4.295700E-02  3.792762E-02  3.250346E-02  2.677951E-02  2.092956E-02
  1.517038E-02  9.876023E-03  6.016285E-03  3.519552E-03  2.017940E-03
  1.191344E-03  7.446138E-04
   Layer absorber:
     H2O(Mass mixing ratio, g/kg)
 -5.255127E-04 -6.626862E-04 -8.522205E-04 -1.104018E-03 -1.452473E-03
 -1.952952E-03 -2.512215E-03 -2.988968E-03 -3.305258E-03 -3.502476E-03
 -3.802532E-03 -4.414457E-03 -5.215531E-03 -5.995000E-03 -7.028357E-03
 -8.606989E-03 -1.087570E-02 -1.374288E-02 -1.717157E-02 -2.167723E-02
 -2.756646E-02 -3.376059E-02 -4.002545E-02 -4.750358E-02 -5.638917E-02
 -6.598182E-02 -7.567529E-02 -8.576326E-02 -9.585149E-02 -1.059302E-01
 -1.149237E-01 -1.218970E-01 -1.299914E-01 -1.418832E-01 -1.564843E-01
 -1.630708E-01 -1.596052E-01 -1.620065E-01 -1.785742E-01 -2.035206E-01
 -2.324690E-01 -2.656034E-01 -3.135493E-01 -3.845599E-01 -4.730772E-01
 -5.817948E-01 -7.111767E-01 -8.244885E-01 -9.135461E-01 -1.005673E+00
 -1.098257E+00 -1.193525E+00 -1.290912E+00 -1.390480E+00 -1.491599E+00
 -1.594771E+00 -1.685135E+00 -1.763214E+00 -1.817763E+00 -1.843023E+00
 -1.840757E+00 -1.798297E+00 -1.726019E+00 -1.633061E+00 -1.527798E+00
 -1.415742E+00 -1.296980E+00 -1.171130E+00 -1.043370E+00 -9.183652E-01
 -8.017742E-01 -6.956851E-01 -6.168735E-01 -5.582389E-01 -4.928806E-01
 -4.241029E-01 -3.603312E-01 -3.055416E-01 -2.503447E-01 -1.932816E-01
 -1.440272E-01 -1.049995E-01 -7.260681E-02 -4.646634E-02 -2.725557E-02
 -1.357961E-02 -4.672561E-03 -6.581926E-04  1.242032E-04  1.258476E-04
  1.272753E-04  1.285206E-04
     O3(Volume mixing ratio, ppmv)
  0.000000E+00  0.000000E+00  0.000000E+00  0.000000E+00  0.000000E+00
  0.000000E+00  0.000000E+00  0.000000E+00  0.000000E+00  0.000000E+00
  0.000000E+00  0.000000E+00  0.000000E+00  0.000000E+00  0.000000E+00
  0.000000E+00  0.000000E+00  0.000000E+00  0.000000E+00  0.000000E+00
  0.000000E+00  0.000000E+00  0.000000E+00  0.000000E+00  0.000000E+00
  0.000000E+00  0.000000E+00  0.000000E+00  0.000000E+00  0.000000E+00
  0.000000E+00  0.000000E+00  0.000000E+00  0.000000E+00  0.000000E+00
  0.000000E+00  0.000000E+00  0.000000E+00  0.000000E+00  0.000000E+00
  0.000000E+00  0.000000E+00  0.000000E+00  0.000000E+00  0.000000E+00
  0.000000E+00  0.000000E+00  0.000000E+00  0.000000E+00  0.000000E+00
  0.000000E+00  0.000000E+00  0.000000E+00  0.000000E+00  0.000000E+00
  0.000000E+00  0.000000E+00  0.000000E+00  0.000000E+00  0.000000E+00
  0.000000E+00  0.000000E+00  0.000000E+00  0.000000E+00  0.000000E+00
  0.000000E+00  0.000000E+00  0.000000E+00  0.000000E+00  0.000000E+00
  0.000000E+00  0.000000E+00  0.000000E+00  0.000000E+00  0.000000E+00
  0.000000E+00  0.000000E+00  0.000000E+00  0.000000E+00  0.000000E+00
  0.000000E+00  0.000000E+00  0.000000E+00  0.000000E+00  0.000000E+00
  0.000000E+00  0.000000E+00  0.000000E+00  0.000000E+00  0.000000E+00
  0.000000E+00  0.000000E+00

     Channel 5 results

   FORWARD OUTPUT
 RTSolution OBJECT
   Surface Emissivity      :  8.350745E-01
   Up Radiance             :  7.905108E-02
   Down Radiance           :  8.253914E-02
   Down Solar Radiance     :  0.000000E+00
   Surface Planck Radiance :  8.947439E-02
   Radiance                :  8.530766E-02
   Brightness Temperature  :  2.602586E+02

   K-MATRIX OUTPUT
 Surface OBJECT
   Land Coverage :  0.250
   Water Coverage:  0.750
   Snow Coverage :  0.000
   Ice Coverage  :  0.000
   Land type            : Sand
   Land Temperature     :  1.478750E-02
   Soil Moisture Content:  0.000000E+00
   Canopy Water Content :  0.000000E+00
   Vegetation Fraction  :  0.000000E+00
   Soil Temperature     :  0.000000E+00
   Water Type       : Sea water
   Water Temperature:  4.436251E-02
   Wind Speed       :  5.035753E-04
   Wind Direction   :  0.000000E+00
   Salinity         :  0.000000E+00
   Snow Type       : Powder snow
   Snow Temperature:  0.000000E+00
   Snow Depth      :  0.000000E+00
   Snow Density    :  0.000000E+00
   Snow Grain_Size :  0.000000E+00
   Ice Type       : Fresh ice
   Ice Temperature:  0.000000E+00
   Ice Thickness  :  0.000000E+00
   Ice Density    :  0.000000E+00
   Ice Roughness  :  0.000000E+00
 ATMOSPHERE OBJECT
   n_Layers   : 92
   n_Absorbers: 2
   n_Clouds   : 0
   n_Aerosols : 0
   Climatology    : U.S. Standard Atmosphere
   Level pressure:
  4.623420E-07  5.640310E-07  5.893913E-07  4.374416E-07  1.295302E-06
  2.187865E-06  1.245969E-06 -4.657219E-07 -1.666507E-06 -1.641793E-06
 -6.385492E-07  4.613249E-07  1.034153E-06  1.021227E-06  1.763047E-06
  3.150089E-06  4.694562E-06  5.853137E-06  6.833736E-06  8.768986E-06
  1.100175E-05  1.162228E-05  1.217216E-05  1.443362E-05  1.695773E-05
  1.857634E-05  1.972753E-05  2.137993E-05  2.238499E-05  2.400895E-05
  2.598899E-05  2.808824E-05  3.319494E-05  4.068563E-05  4.732655E-05
  4.968523E-05  5.221157E-05  6.317972E-05  7.896777E-05  9.164563E-05
  1.022702E-04  1.133717E-04  1.285521E-04  1.453300E-04  1.580212E-04
  1.708264E-04  1.803224E-04  1.787536E-04  1.766061E-04  1.820483E-04
  1.870271E-04  1.822150E-04  1.639636E-04  1.499616E-04  1.470910E-04
  1.419364E-04  2.403988E-04  3.501951E-04  5.757456E-04  8.493423E-04
  1.048345E-03  1.231920E-03  1.326172E-03  1.376969E-03  1.359924E-03
  1.312573E-03  1.267698E-03  1.197926E-03  1.065095E-03  8.802294E-04
  8.421639E-04  8.154628E-04  4.319796E-04  1.669730E-04  1.290965E-04
  6.595880E-05 -4.993840E-05 -1.788852E-04 -2.727148E-04 -5.573202E-04
 -9.257223E-04 -1.258141E-03 -1.696819E-03 -2.332189E-03 -2.958626E-03
 -3.811163E-03 -4.334086E-03 -3.055342E-03 -9.034576E-04  4.961267E-05
  5.218795E-05  5.546011E-05  4.194259E-03
   Layer pressure:
  4.221502E-09 -1.136333E-08 -5.081400E-08 -1.011230E-07 -2.056288E-07
 -3.956621E-07 -5.669609E-07 -6.458951E-07 -6.496571E-07 -6.524788E-07
 -7.309913E-07 -9.149305E-07 -1.176436E-06 -1.486534E-06 -1.906536E-06
 -2.487467E-06 -3.251492E-06 -4.182296E-06 -5.281127E-06 -6.594769E-06
 -8.140642E-06 -9.822880E-06 -1.164812E-05 -1.369952E-05 -1.596139E-05
 -1.839680E-05 -2.098492E-05 -2.374586E-05 -2.666889E-05 -2.979672E-05
 -3.326112E-05 -3.713816E-05 -4.151373E-05 -4.639252E-05 -5.173318E-05
 -5.786573E-05 -6.514723E-05 -7.325423E-05 -8.192780E-05 -9.106089E-05
 -1.007717E-04 -1.109508E-04 -1.210395E-04 -1.301644E-04 -1.380995E-04
 -1.442132E-04 -1.478678E-04 -1.509089E-04 -1.541914E-04 -1.562663E-04
 -1.571463E-04 -1.562334E-04 -1.529934E-04 -1.474547E-04 -1.399993E-04
 -1.304358E-04 -1.241662E-04 -1.221000E-04 -1.308834E-04 -1.531482E-04
 -1.817147E-04 -2.127168E-04 -2.426471E-04 -2.737689E-04 -3.069590E-04
 -3.420836E-04 -3.784855E-04 -4.137003E-04 -4.434254E-04 -4.643872E-04
 -4.806176E-04 -4.924865E-04 -4.876122E-04 -4.718901E-04 -4.567181E-04
 -4.420216E-04 -4.259779E-04 -4.081358E-04 -3.916272E-04 -3.728479E-04
 -3.478590E-04 -3.166322E-04 -2.771622E-04 -2.246198E-04 -1.589229E-04
 -7.667754E-05  1.178229E-05  6.800277E-05  7.930639E-05  7.287887E-05
  6.684848E-05  6.124559E-05
   Layer temperature:
  2.018256E-08  3.818796E-08  7.132081E-08  1.225916E-07  2.023386E-07
  3.189917E-07  4.462551E-07  5.559883E-07  6.445554E-07  7.373505E-07
  8.819181E-07  1.105045E-06  1.389475E-06  1.713391E-06  2.122991E-06
  2.665822E-06  3.372460E-06  4.235067E-06  5.260048E-06  6.519218E-06
  8.068146E-06  9.803307E-06  1.172651E-05  1.398728E-05  1.662371E-05
  1.959085E-05  2.284057E-05  2.640282E-05  3.016507E-05  3.414734E-05
  3.845453E-05  4.303742E-05  4.822862E-05  5.440417E-05  6.149445E-05
  6.921321E-05  7.754027E-05  8.694197E-05  9.809949E-05  1.107355E-04
  1.248108E-04  1.403373E-04  1.576516E-04  1.768539E-04  1.980913E-04
  2.221205E-04  2.487911E-04  2.784266E-04  3.115864E-04  3.487814E-04
  3.909192E-04  4.338639E-04  4.715079E-04  5.063259E-04  5.452784E-04
  5.886356E-04  7.027858E-04  9.063328E-04  1.296966E-03  1.941038E-03
  2.795011E-03  3.860759E-03  5.112657E-03  6.587616E-03  8.290185E-03
  1.022533E-02  1.242240E-02  1.488857E-02  1.755491E-02  2.033243E-02
  2.336451E-02  2.664725E-02  2.920182E-02  3.109298E-02  3.332803E-02
  3.591619E-02  3.854135E-02  4.095041E-02  4.387627E-02  4.747974E-02
  5.087466E-02  5.364373E-02  5.617412E-02  5.810708E-02  5.883760E-02
  5.710358E-02  5.109590E-02  4.353093E-02  3.595351E-02  2.895258E-02
  2.351922E-02  1.936927E-02
   Layer absorber:
     H2O(Mass mixing ratio, g/kg)
 -2.617755E-04 -3.309463E-04 -4.180335E-04 -5.253798E-04 -6.625640E-04
 -8.448322E-04 -1.051733E-03 -1.257475E-03 -1.444301E-03 -1.617984E-03
 -1.832511E-03 -2.139186E-03 -2.512246E-03 -2.907180E-03 -3.393504E-03
 -4.044772E-03 -4.901632E-03 -5.943919E-03 -7.170846E-03 -8.706027E-03
 -1.063378E-02 -1.270282E-02 -1.486750E-02 -1.740890E-02 -2.037797E-02
 -2.362796E-02 -2.702361E-02 -3.064660E-02 -3.442964E-02 -3.837258E-02
 -4.221781E-02 -4.573429E-02 -4.969818E-02 -5.477209E-02 -6.070665E-02
 -6.480096E-02 -6.655447E-02 -6.997035E-02 -7.717396E-02 -8.671463E-02
 -9.753359E-02 -1.096836E-01 -1.259626E-01 -1.485450E-01 -1.760482E-01
 -2.091722E-01 -2.481335E-01 -2.833926E-01 -3.128619E-01 -3.437727E-01
 -3.754934E-01 -4.089468E-01 -4.443214E-01 -4.815429E-01 -5.202831E-01
 -5.608223E-01 -5.977951E-01 -6.321060E-01 -6.611822E-01 -6.852623E-01
 -7.046368E-01 -7.127350E-01 -7.106907E-01 -7.009971E-01 -6.867456E-01
 -6.700503E-01 -6.508614E-01 -6.284448E-01 -6.036133E-01 -5.770859E-01
 -5.504077E-01 -5.240924E-01 -5.052239E-01 -4.919247E-01 -4.715308E-01
 -4.447398E-01 -4.157801E-01 -3.873503E-01 -3.524996E-01 -3.083759E-01
 -2.627244E-01 -2.189720E-01 -1.736563E-01 -1.267988E-01 -8.144441E-02
 -3.727812E-02  3.276735E-03  2.958732E-02  3.776399E-02  3.892119E-02
  4.004324E-02  4.113368E-02
     O3(Volume mixing ratio, ppmv)
  0.000000E+00  0.000000E+00  0.000000E+00  0.000000E+00  0.000000E+00
  0.000000E+00  0.000000E+00  0.000000E+00  0.000000E+00  0.000000E+00
  0.000000E+00  0.000000E+00  0.000000E+00  0.000000E+00  0.000000E+00
  0.000000E+00  0.000000E+00  0.000000E+00  0.000000E+00  0.000000E+00
  0.000000E+00  0.000000E+00  0.000000E+00  0.000000E+00  0.000000E+00
  0.000000E+00  0.000000E+00  0.000000E+00  0.000000E+00  0.000000E+00
  0.000000E+00  0.000000E+00  0.000000E+00  0.000000E+00  0.000000E+00
  0.000000E+00  0.000000E+00  0.000000E+00  0.000000E+00  0.000000E+00
  0.000000E+00  0.000000E+00  0.000000E+00  0.000000E+00  0.000000E+00
  0.000000E+00  0.000000E+00  0.000000E+00  0.000000E+00  0.000000E+00
  0.000000E+00  0.000000E+00  0.000000E+00  0.000000E+00  0.000000E+00
  0.000000E+00  0.000000E+00  0.000000E+00  0.000000E+00  0.000000E+00
  0.000000E+00  0.000000E+00  0.000000E+00  0.000000E+00  0.000000E+00
  0.000000E+00  0.000000E+00  0.000000E+00  0.000000E+00  0.000000E+00
  0.000000E+00  0.000000E+00  0.000000E+00  0.000000E+00  0.000000E+00
  0.000000E+00  0.000000E+00  0.000000E+00  0.000000E+00  0.000000E+00
  0.000000E+00  0.000000E+00  0.000000E+00  0.000000E+00  0.000000E+00
  0.000000E+00  0.000000E+00  0.000000E+00  0.000000E+00  0.000000E+00
  0.000000E+00  0.000000E+00

     Destroying the CRTM...

     Comparing calculated results with saved ones...
 Example1_Simple(INFORMATION) : Atmosphere_K Jacobians are the same!
 Example1_Simple(INFORMATION) : Surface_K Jacobians are the same!
