
     **********************************************************
                          Example_K_Matrix

      Program to provide an example of CRTM K-matrix function 
      usage.

      $Revision: 5479 $
     **********************************************************


     Enter sensor id [hirs4_n18, amsua_n18, or mhs_n18]: 
     Initializing the CRTM...
 Read_SpcCoeff_Binary(INFORMATION) : FILE: ../Coefficient_Data/ssu_n14.SpcCoeff.bin; 
 SpcCoeff RELEASE.VERSION:  7.02  N_CHANNELS=3
 Read_ODSSU_Binary(INFORMATION) : FILE: ../Coefficient_Data/ssu_n14.TauCoeff.bin; 
   ODSSU RELEASE.VERSION:  6.04  N_ABSORBERS= 3  N_CHANNELS=3  N_TC_CELLPRESSURES=20  N_REF_CELLPRESSURES=293
 Read_CloudCoeff_Binary(INFORMATION) : FILE: ../Coefficient_Data/CloudCoeff.bin; 
 CloudCoeff RELEASE.VERSION:  2.03  N_FREQUENCIES(MW)=  31  N_FREQUENCIES(IR)= 601  N_RADII(MW)=10  N_RADII(IR)=10  N_TEMPERATURES= 5  N_DENSITIES= 3  N_LEGENDRE_TERMS=38  N_PHASE_ELEMENTS= 1
 Read_AerosolCoeff_Binary(INFORMATION) : FILE: ../Coefficient_Data/AerosolCoeff.bin; 
 AerosolCoeff RELEASE.VERSION:  2.02  N_WAVELENGTHS=  91  N_RADII= 36  N_TYPES= 8  N_RH= 36  N_LEGENDRE_TERMS=37  N_PHASE_ELEMENTS= 1
 Read_EmisCoeff_Binary(INFORMATION) : FILE: ../Coefficient_Data/EmisCoeff.bin; 
 EmisCoeff RELEASE.VERSION:  2.01  N_ANGLES= 67  N_FREQUENCIES=  153  N_WIND_SPEEDS= 23

       Profile 1 FWD output
       Sensor_Id   Channel         R            Tb
       ssu_n14        1      5.458117E+01     229.570
       ssu_n14        2      6.547608E+01     239.763
       ssu_n14        3      7.712098E+01     249.709

       Profile 2 FWD output
       Sensor_Id   Channel         R            Tb
       ssu_n14        1      6.477623E+01     239.171
       ssu_n14        2      6.621646E+01     240.424
       ssu_n14        3      6.815124E+01     242.098

       Profile 1 SFC K-Matrix output
       Sensor_Id   Channel  dTb/dTland  dTb/dTwater
       ssu_n14        1       0.000       0.000
       ssu_n14        2       0.000       0.000
       ssu_n14        3       0.000       0.000

       Profile 2 SFC K-Matrix output
       Sensor_Id   Channel  dTb/dTland  dTb/dTwater
       ssu_n14        1       0.000       0.000
       ssu_n14        2       0.000       0.000
       ssu_n14        3       0.000       0.000

       Profile 1 ATM K-Matrix output for ssu_n14 channel 1
       Pressure      dTb/dT       dTb/dH2O        dTb/dO3
          0.009   4.967464E-04   0.000000E+00   0.000000E+00
          0.026   6.179726E-04   0.000000E+00   0.000000E+00
          0.055   1.198989E-03   0.000000E+00   0.000000E+00
          0.104   1.537738E-03   0.000000E+00   0.000000E+00
          0.177   2.074033E-03   0.000000E+00   0.000000E+00
          0.281   3.269737E-03   0.000000E+00   0.000000E+00
          0.421   5.175712E-03   0.000000E+00   0.000000E+00
          0.604   7.874606E-03   0.000000E+00   0.000000E+00
          0.838   1.123070E-02   0.000000E+00   0.000000E+00
          1.129   1.545311E-02   0.000000E+00   0.000000E+00
          1.484   2.022482E-02   0.000000E+00   0.000000E+00
          1.910   2.431053E-02   0.000000E+00   0.000000E+00
          2.416   2.676127E-02   0.000000E+00   0.000000E+00
          3.009   2.982830E-02   0.000000E+00   0.000000E+00
          3.696   3.457123E-02   0.000000E+00   0.000000E+00
          4.485   3.982101E-02   0.000000E+00   0.000000E+00
          5.385   4.516166E-02   0.000000E+00   0.000000E+00
          6.402   4.963825E-02   0.000000E+00   0.000000E+00
          7.545   5.252111E-02   0.000000E+00   0.000000E+00
          8.822   5.336597E-02   0.000000E+00   0.000000E+00
         10.240   5.249624E-02   0.000000E+00   0.000000E+00
         11.807   5.082779E-02   0.000000E+00   0.000000E+00
         13.532   4.865950E-02   0.000000E+00   0.000000E+00
         15.423   4.595905E-02   0.000000E+00   0.000000E+00
         17.486   4.277848E-02   0.000000E+00   0.000000E+00
         19.730   3.908902E-02   0.000000E+00   0.000000E+00
         22.163   3.516507E-02   0.000000E+00   0.000000E+00
         24.793   3.116392E-02   0.000000E+00   0.000000E+00
         27.626   2.732930E-02   0.000000E+00   0.000000E+00
         30.671   2.415083E-02   0.000000E+00   0.000000E+00
         33.934   2.152693E-02   0.000000E+00   0.000000E+00
         37.425   1.914707E-02   0.000000E+00   0.000000E+00
         41.148   1.698197E-02   0.000000E+00   0.000000E+00
         45.113   1.504668E-02   0.000000E+00   0.000000E+00
         49.326   1.330768E-02   0.000000E+00   0.000000E+00
         53.794   1.170920E-02   0.000000E+00   0.000000E+00
         58.524   1.018333E-02   0.000000E+00   0.000000E+00
         63.523   8.764354E-03   0.000000E+00   0.000000E+00
         68.797   7.504446E-03   0.000000E+00   0.000000E+00
         74.353   6.379527E-03   0.000000E+00   0.000000E+00
         80.198   5.410185E-03   0.000000E+00   0.000000E+00
         86.338   4.602271E-03   0.000000E+00   0.000000E+00
         92.778   3.906257E-03   0.000000E+00   0.000000E+00
         99.526   3.364428E-03   0.000000E+00   0.000000E+00
        106.586   2.945509E-03   0.000000E+00   0.000000E+00
        113.965   2.586563E-03   0.000000E+00   0.000000E+00
        121.669   2.302321E-03   0.000000E+00   0.000000E+00
        129.703   2.055509E-03   0.000000E+00   0.000000E+00
        138.072   1.839022E-03   0.000000E+00   0.000000E+00
        146.781   1.647815E-03   0.000000E+00   0.000000E+00
        155.836   1.477123E-03   0.000000E+00   0.000000E+00
        165.241   1.327417E-03   0.000000E+00   0.000000E+00
        175.001   1.193572E-03   0.000000E+00   0.000000E+00
        185.121   1.075281E-03   0.000000E+00   0.000000E+00
        195.606   9.697748E-04   0.000000E+00   0.000000E+00
        206.459   8.734134E-04   0.000000E+00   0.000000E+00
        217.685   7.857353E-04   0.000000E+00   0.000000E+00
        229.287   7.054917E-04   0.000000E+00   0.000000E+00
        241.270   6.315759E-04   0.000000E+00   0.000000E+00
        253.637   5.646537E-04   0.000000E+00   0.000000E+00
        266.392   5.047864E-04   0.000000E+00   0.000000E+00
        279.537   4.511058E-04   0.000000E+00   0.000000E+00
        293.077   4.042989E-04   0.000000E+00   0.000000E+00
        307.014   3.629058E-04   0.000000E+00   0.000000E+00
        321.351   3.253789E-04   0.000000E+00   0.000000E+00
        336.091   2.913728E-04   0.000000E+00   0.000000E+00
        351.236   2.574863E-04   0.000000E+00   0.000000E+00
        366.789   2.242150E-04   0.000000E+00   0.000000E+00
        382.751   1.920366E-04   0.000000E+00   0.000000E+00
        399.126   1.612714E-04   0.000000E+00   0.000000E+00
        415.914   1.344087E-04   0.000000E+00   0.000000E+00
        433.118   1.118529E-04   0.000000E+00   0.000000E+00
        450.738   9.337235E-05   0.000000E+00   0.000000E+00
        468.777   7.850495E-05   0.000000E+00   0.000000E+00
        487.236   6.669150E-05   0.000000E+00   0.000000E+00
        506.115   5.739066E-05   0.000000E+00   0.000000E+00
        525.416   4.968417E-05   0.000000E+00   0.000000E+00
        545.139   4.299957E-05   0.000000E+00   0.000000E+00
        565.285   3.713628E-05   0.000000E+00   0.000000E+00
        585.854   3.198063E-05   0.000000E+00   0.000000E+00
        606.847   2.756059E-05   0.000000E+00   0.000000E+00
        628.263   2.380788E-05   0.000000E+00   0.000000E+00
        650.104   2.062171E-05   0.000000E+00   0.000000E+00
        672.367   1.790069E-05   0.000000E+00   0.000000E+00
        695.054   1.553968E-05   0.000000E+00   0.000000E+00
        718.163   1.350906E-05   0.000000E+00   0.000000E+00
        741.693   1.175635E-05   0.000000E+00   0.000000E+00
        765.645   1.024714E-05   0.000000E+00   0.000000E+00
        790.017   8.966281E-06   0.000000E+00   0.000000E+00
        814.807   7.885896E-06   0.000000E+00   0.000000E+00
        840.016   6.959214E-06   0.000000E+00   0.000000E+00
        865.640   6.142043E-06   0.000000E+00   0.000000E+00
        891.679   5.417795E-06   0.000000E+00   0.000000E+00
        918.130   4.767968E-06   0.000000E+00   0.000000E+00
        944.993   4.156648E-06   0.000000E+00   0.000000E+00
        972.264   3.649036E-06   0.000000E+00   0.000000E+00
        999.942   3.057963E-06   0.000000E+00   0.000000E+00
       1028.025   2.428100E-06   0.000000E+00   0.000000E+00
       1056.510   1.933968E-06   0.000000E+00   0.000000E+00
       1085.394   1.545703E-06   0.000000E+00   0.000000E+00

       Profile 1 ATM K-Matrix output for ssu_n14 channel 2
       Pressure      dTb/dT       dTb/dH2O        dTb/dO3
          0.009   1.806559E-03   0.000000E+00   0.000000E+00
          0.026   2.116804E-03   0.000000E+00   0.000000E+00
          0.055   3.489569E-03   0.000000E+00   0.000000E+00
          0.104   4.109202E-03   0.000000E+00   0.000000E+00
          0.177   5.398118E-03   0.000000E+00   0.000000E+00
          0.281   8.725922E-03   0.000000E+00   0.000000E+00
          0.421   1.459307E-02   0.000000E+00   0.000000E+00
          0.604   2.331030E-02   0.000000E+00   0.000000E+00
          0.838   3.417034E-02   0.000000E+00   0.000000E+00
          1.129   4.667688E-02   0.000000E+00   0.000000E+00
          1.484   5.908381E-02   0.000000E+00   0.000000E+00
          1.910   6.798117E-02   0.000000E+00   0.000000E+00
          2.416   6.915239E-02   0.000000E+00   0.000000E+00
          3.009   6.573918E-02   0.000000E+00   0.000000E+00
          3.696   6.191142E-02   0.000000E+00   0.000000E+00
          4.485   5.762335E-02   0.000000E+00   0.000000E+00
          5.385   5.353768E-02   0.000000E+00   0.000000E+00
          6.402   4.922592E-02   0.000000E+00   0.000000E+00
          7.545   4.454113E-02   0.000000E+00   0.000000E+00
          8.822   3.950685E-02   0.000000E+00   0.000000E+00
         10.240   3.464688E-02   0.000000E+00   0.000000E+00
         11.807   3.053888E-02   0.000000E+00   0.000000E+00
         13.532   2.710217E-02   0.000000E+00   0.000000E+00
         15.423   2.408210E-02   0.000000E+00   0.000000E+00
         17.486   2.133600E-02   0.000000E+00   0.000000E+00
         19.730   1.872169E-02   0.000000E+00   0.000000E+00
         22.163   1.627340E-02   0.000000E+00   0.000000E+00
         24.793   1.398690E-02   0.000000E+00   0.000000E+00
         27.626   1.191912E-02   0.000000E+00   0.000000E+00
         30.671   1.027167E-02   0.000000E+00   0.000000E+00
         33.934   8.959175E-03   0.000000E+00   0.000000E+00
         37.425   7.809568E-03   0.000000E+00   0.000000E+00
         41.148   6.798792E-03   0.000000E+00   0.000000E+00
         45.113   5.923734E-03   0.000000E+00   0.000000E+00
         49.326   5.162756E-03   0.000000E+00   0.000000E+00
         53.794   4.485602E-03   0.000000E+00   0.000000E+00
         58.524   3.859405E-03   0.000000E+00   0.000000E+00
         63.523   3.295123E-03   0.000000E+00   0.000000E+00
         68.797   2.807541E-03   0.000000E+00   0.000000E+00
         74.353   2.380489E-03   0.000000E+00   0.000000E+00
         80.198   2.015586E-03   0.000000E+00   0.000000E+00
         86.338   1.710596E-03   0.000000E+00   0.000000E+00
         92.778   1.444776E-03   0.000000E+00   0.000000E+00
         99.526   1.235032E-03   0.000000E+00   0.000000E+00
        106.586   1.072244E-03   0.000000E+00   0.000000E+00
        113.965   9.334122E-04   0.000000E+00   0.000000E+00
        121.669   8.266047E-04   0.000000E+00   0.000000E+00
        129.703   7.367526E-04   0.000000E+00   0.000000E+00
        138.072   6.604691E-04   0.000000E+00   0.000000E+00
        146.781   5.951916E-04   0.000000E+00   0.000000E+00
        155.836   5.380839E-04   0.000000E+00   0.000000E+00
        165.241   4.890383E-04   0.000000E+00   0.000000E+00
        175.001   4.451663E-04   0.000000E+00   0.000000E+00
        185.121   4.061714E-04   0.000000E+00   0.000000E+00
        195.606   3.706585E-04   0.000000E+00   0.000000E+00
        206.459   3.370351E-04   0.000000E+00   0.000000E+00
        217.685   3.053634E-04   0.000000E+00   0.000000E+00
        229.287   2.753924E-04   0.000000E+00   0.000000E+00
        241.270   2.470192E-04   0.000000E+00   0.000000E+00
        253.637   2.208273E-04   0.000000E+00   0.000000E+00
        266.392   1.970548E-04   0.000000E+00   0.000000E+00
        279.537   1.755130E-04   0.000000E+00   0.000000E+00
        293.077   1.565702E-04   0.000000E+00   0.000000E+00
        307.014   1.397525E-04   0.000000E+00   0.000000E+00
        321.351   1.245834E-04   0.000000E+00   0.000000E+00
        336.091   1.110150E-04   0.000000E+00   0.000000E+00
        351.236   9.788616E-05   0.000000E+00   0.000000E+00
        366.789   8.528291E-05   0.000000E+00   0.000000E+00
        382.751   7.318478E-05   0.000000E+00   0.000000E+00
        399.126   6.147650E-05   0.000000E+00   0.000000E+00
        415.914   5.105573E-05   0.000000E+00   0.000000E+00
        433.118   4.215271E-05   0.000000E+00   0.000000E+00
        450.738   3.477782E-05   0.000000E+00   0.000000E+00
        468.777   2.883090E-05   0.000000E+00   0.000000E+00
        487.236   2.414143E-05   0.000000E+00   0.000000E+00
        506.115   2.052756E-05   0.000000E+00   0.000000E+00
        525.416   1.758925E-05   0.000000E+00   0.000000E+00
        545.139   1.505827E-05   0.000000E+00   0.000000E+00
        565.285   1.283970E-05   0.000000E+00   0.000000E+00
        585.854   1.088115E-05   0.000000E+00   0.000000E+00
        606.847   9.220677E-06   0.000000E+00   0.000000E+00
        628.263   7.840182E-06   0.000000E+00   0.000000E+00
        650.104   6.695569E-06   0.000000E+00   0.000000E+00
        672.367   5.737788E-06   0.000000E+00   0.000000E+00
        695.054   4.911633E-06   0.000000E+00   0.000000E+00
        718.163   4.212843E-06   0.000000E+00   0.000000E+00
        741.693   3.620567E-06   0.000000E+00   0.000000E+00
        765.645   3.122962E-06   0.000000E+00   0.000000E+00
        790.017   2.718925E-06   0.000000E+00   0.000000E+00
        814.807   2.394635E-06   0.000000E+00   0.000000E+00
        840.016   2.125734E-06   0.000000E+00   0.000000E+00
        865.640   1.890642E-06   0.000000E+00   0.000000E+00
        891.679   1.682142E-06   0.000000E+00   0.000000E+00
        918.130   1.492051E-06   0.000000E+00   0.000000E+00
        944.993   1.306722E-06   0.000000E+00   0.000000E+00
        972.264   1.148517E-06   0.000000E+00   0.000000E+00
        999.942   9.624983E-07   0.000000E+00   0.000000E+00
       1028.025   7.822277E-07   0.000000E+00   0.000000E+00
       1056.510   6.499423E-07   0.000000E+00   0.000000E+00
       1085.394   5.506352E-07   0.000000E+00   0.000000E+00

       Profile 1 ATM K-Matrix output for ssu_n14 channel 3
       Pressure      dTb/dT       dTb/dH2O        dTb/dO3
          0.009   1.222178E-02   0.000000E+00   0.000000E+00
          0.026   8.399890E-03   0.000000E+00   0.000000E+00
          0.055   1.262494E-02   0.000000E+00   0.000000E+00
          0.104   1.484364E-02   0.000000E+00   0.000000E+00
          0.177   1.928201E-02   0.000000E+00   0.000000E+00
          0.281   2.964607E-02   0.000000E+00   0.000000E+00
          0.421   4.606573E-02   0.000000E+00   0.000000E+00
          0.604   6.622240E-02   0.000000E+00   0.000000E+00
          0.838   8.395523E-02   0.000000E+00   0.000000E+00
          1.129   9.559826E-02   0.000000E+00   0.000000E+00
          1.484   9.866504E-02   0.000000E+00   0.000000E+00
          1.910   9.168390E-02   0.000000E+00   0.000000E+00
          2.416   7.472287E-02   0.000000E+00   0.000000E+00
          3.009   5.704917E-02   0.000000E+00   0.000000E+00
          3.696   4.439789E-02   0.000000E+00   0.000000E+00
          4.485   3.545303E-02   0.000000E+00   0.000000E+00
          5.385   2.927796E-02   0.000000E+00   0.000000E+00
          6.402   2.458347E-02   0.000000E+00   0.000000E+00
          7.545   2.068687E-02   0.000000E+00   0.000000E+00
          8.822   1.727392E-02   0.000000E+00   0.000000E+00
         10.240   1.442060E-02   0.000000E+00   0.000000E+00
         11.807   1.223940E-02   0.000000E+00   0.000000E+00
         13.532   1.056250E-02   0.000000E+00   0.000000E+00
         15.423   9.194221E-03   0.000000E+00   0.000000E+00
         17.486   8.017497E-03   0.000000E+00   0.000000E+00
         19.730   6.927005E-03   0.000000E+00   0.000000E+00
         22.163   5.920510E-03   0.000000E+00   0.000000E+00
         24.793   4.993905E-03   0.000000E+00   0.000000E+00
         27.626   4.169743E-03   0.000000E+00   0.000000E+00
         30.671   3.546456E-03   0.000000E+00   0.000000E+00
         33.934   3.073329E-03   0.000000E+00   0.000000E+00
         37.425   2.664739E-03   0.000000E+00   0.000000E+00
         41.148   2.310788E-03   0.000000E+00   0.000000E+00
         45.113   2.009533E-03   0.000000E+00   0.000000E+00
         49.326   1.751554E-03   0.000000E+00   0.000000E+00
         53.794   1.523138E-03   0.000000E+00   0.000000E+00
         58.524   1.308919E-03   0.000000E+00   0.000000E+00
         63.523   1.114054E-03   0.000000E+00   0.000000E+00
         68.797   9.448013E-04   0.000000E+00   0.000000E+00
         74.353   7.943494E-04   0.000000E+00   0.000000E+00
         80.198   6.647347E-04   0.000000E+00   0.000000E+00
         86.338   5.570035E-04   0.000000E+00   0.000000E+00
         92.778   4.629134E-04   0.000000E+00   0.000000E+00
         99.526   3.928965E-04   0.000000E+00   0.000000E+00
        106.586   3.429572E-04   0.000000E+00   0.000000E+00
        113.965   3.016739E-04   0.000000E+00   0.000000E+00
        121.669   2.727098E-04   0.000000E+00   0.000000E+00
        129.703   2.485570E-04   0.000000E+00   0.000000E+00
        138.072   2.275477E-04   0.000000E+00   0.000000E+00
        146.781   2.087365E-04   0.000000E+00   0.000000E+00
        155.836   1.911529E-04   0.000000E+00   0.000000E+00
        165.241   1.751279E-04   0.000000E+00   0.000000E+00
        175.001   1.598729E-04   0.000000E+00   0.000000E+00
        185.121   1.456621E-04   0.000000E+00   0.000000E+00
        195.606   1.323090E-04   0.000000E+00   0.000000E+00
        206.459   1.195216E-04   0.000000E+00   0.000000E+00
        217.685   1.075063E-04   0.000000E+00   0.000000E+00
        229.287   9.627859E-05   0.000000E+00   0.000000E+00
        241.270   8.581356E-05   0.000000E+00   0.000000E+00
        253.637   7.631082E-05   0.000000E+00   0.000000E+00
        266.392   6.784200E-05   0.000000E+00   0.000000E+00
        279.537   6.031624E-05   0.000000E+00   0.000000E+00
        293.077   5.391503E-05   0.000000E+00   0.000000E+00
        307.014   4.844980E-05   0.000000E+00   0.000000E+00
        321.351   4.368103E-05   0.000000E+00   0.000000E+00
        336.091   3.957192E-05   0.000000E+00   0.000000E+00
        351.236   3.526395E-05   0.000000E+00   0.000000E+00
        366.789   3.070094E-05   0.000000E+00   0.000000E+00
        382.751   2.589501E-05   0.000000E+00   0.000000E+00
        399.126   2.094200E-05   0.000000E+00   0.000000E+00
        415.914   1.665450E-05   0.000000E+00   0.000000E+00
        433.118   1.322391E-05   0.000000E+00   0.000000E+00
        450.738   1.060971E-05   0.000000E+00   0.000000E+00
        468.777   8.688210E-06   0.000000E+00   0.000000E+00
        487.236   7.314773E-06   0.000000E+00   0.000000E+00
        506.115   6.369271E-06   0.000000E+00   0.000000E+00
        525.416   5.660609E-06   0.000000E+00   0.000000E+00
        545.139   5.069593E-06   0.000000E+00   0.000000E+00
        565.285   4.556841E-06   0.000000E+00   0.000000E+00
        585.854   4.101578E-06   0.000000E+00   0.000000E+00
        606.847   3.722588E-06   0.000000E+00   0.000000E+00
        628.263   3.414235E-06   0.000000E+00   0.000000E+00
        650.104   3.160710E-06   0.000000E+00   0.000000E+00
        672.367   2.943309E-06   0.000000E+00   0.000000E+00
        695.054   2.740687E-06   0.000000E+00   0.000000E+00
        718.163   2.553404E-06   0.000000E+00   0.000000E+00
        741.693   2.374310E-06   0.000000E+00   0.000000E+00
        765.645   2.200187E-06   0.000000E+00   0.000000E+00
        790.017   2.032478E-06   0.000000E+00   0.000000E+00
        814.807   1.867161E-06   0.000000E+00   0.000000E+00
        840.016   1.695342E-06   0.000000E+00   0.000000E+00
        865.640   1.510887E-06   0.000000E+00   0.000000E+00
        891.679   1.317242E-06   0.000000E+00   0.000000E+00
        918.130   1.119554E-06   0.000000E+00   0.000000E+00
        944.993   9.223472E-07   0.000000E+00   0.000000E+00
        972.264   7.454390E-07   0.000000E+00   0.000000E+00
        999.942   5.735880E-07   0.000000E+00   0.000000E+00
       1028.025   4.193258E-07   0.000000E+00   0.000000E+00
       1056.510   2.996442E-07   0.000000E+00   0.000000E+00
       1085.394   2.078791E-07   0.000000E+00   0.000000E+00

       Profile 2 ATM K-Matrix output for ssu_n14 channel 1
       Pressure      dTb/dT       dTb/dH2O        dTb/dO3
          0.009  -2.067215E-05   0.000000E+00   0.000000E+00
          0.026  -1.820589E-05   0.000000E+00   0.000000E+00
          0.055   2.803250E-04   0.000000E+00   0.000000E+00
          0.104   1.040431E-03   0.000000E+00   0.000000E+00
          0.177   1.848800E-03   0.000000E+00   0.000000E+00
          0.281   2.735236E-03   0.000000E+00   0.000000E+00
          0.421   4.487123E-03   0.000000E+00   0.000000E+00
          0.604   6.946842E-03   0.000000E+00   0.000000E+00
          0.838   9.142468E-03   0.000000E+00   0.000000E+00
          1.129   1.123273E-02   0.000000E+00   0.000000E+00
          1.484   1.387602E-02   0.000000E+00   0.000000E+00
          1.910   1.741556E-02   0.000000E+00   0.000000E+00
          2.416   2.150841E-02   0.000000E+00   0.000000E+00
          3.009   2.608502E-02   0.000000E+00   0.000000E+00
          3.696   3.129427E-02   0.000000E+00   0.000000E+00
          4.485   3.715882E-02   0.000000E+00   0.000000E+00
          5.385   4.327067E-02   0.000000E+00   0.000000E+00
          6.402   4.858411E-02   0.000000E+00   0.000000E+00
          7.545   5.201853E-02   0.000000E+00   0.000000E+00
          8.822   5.324395E-02   0.000000E+00   0.000000E+00
         10.240   5.289131E-02   0.000000E+00   0.000000E+00
         11.807   5.175314E-02   0.000000E+00   0.000000E+00
         13.532   4.964302E-02   0.000000E+00   0.000000E+00
         15.423   4.660066E-02   0.000000E+00   0.000000E+00
         17.486   4.303679E-02   0.000000E+00   0.000000E+00
         19.730   3.936404E-02   0.000000E+00   0.000000E+00
         22.163   3.584661E-02   0.000000E+00   0.000000E+00
         24.793   3.233381E-02   0.000000E+00   0.000000E+00
         27.626   2.898014E-02   0.000000E+00   0.000000E+00
         30.671   2.606808E-02   0.000000E+00   0.000000E+00
         33.934   2.354965E-02   0.000000E+00   0.000000E+00
         37.425   2.121231E-02   0.000000E+00   0.000000E+00
         41.148   1.903828E-02   0.000000E+00   0.000000E+00
         45.113   1.710984E-02   0.000000E+00   0.000000E+00
         49.326   1.540643E-02   0.000000E+00   0.000000E+00
         53.794   1.386478E-02   0.000000E+00   0.000000E+00
         58.524   1.247929E-02   0.000000E+00   0.000000E+00
         63.523   1.121243E-02   0.000000E+00   0.000000E+00
         68.797   1.007671E-02   0.000000E+00   0.000000E+00
         74.353   9.052324E-03   0.000000E+00   0.000000E+00
         80.198   8.078667E-03   0.000000E+00   0.000000E+00
         86.338   7.137733E-03   0.000000E+00   0.000000E+00
         92.778   6.260141E-03   0.000000E+00   0.000000E+00
         99.526   5.523889E-03   0.000000E+00   0.000000E+00
        106.586   4.910297E-03   0.000000E+00   0.000000E+00
        113.965   4.309899E-03   0.000000E+00   0.000000E+00
        121.669   3.712190E-03   0.000000E+00   0.000000E+00
        129.703   3.162410E-03   0.000000E+00   0.000000E+00
        138.072   2.683072E-03   0.000000E+00   0.000000E+00
        146.781   2.267360E-03   0.000000E+00   0.000000E+00
        155.836   1.894396E-03   0.000000E+00   0.000000E+00
        165.241   1.557612E-03   0.000000E+00   0.000000E+00
        175.001   1.270295E-03   0.000000E+00   0.000000E+00
        185.121   1.027270E-03   0.000000E+00   0.000000E+00
        195.606   8.251617E-04   0.000000E+00   0.000000E+00
        206.459   6.743236E-04   0.000000E+00   0.000000E+00
        217.685   5.622823E-04   0.000000E+00   0.000000E+00
        229.287   4.701548E-04   0.000000E+00   0.000000E+00
        241.270   3.946724E-04   0.000000E+00   0.000000E+00
        253.637   3.324261E-04   0.000000E+00   0.000000E+00
        266.392   2.812098E-04   0.000000E+00   0.000000E+00
        279.537   2.387546E-04   0.000000E+00   0.000000E+00
        293.077   2.034053E-04   0.000000E+00   0.000000E+00
        307.014   1.738638E-04   0.000000E+00   0.000000E+00
        321.351   1.497297E-04   0.000000E+00   0.000000E+00
        336.091   1.299488E-04   0.000000E+00   0.000000E+00
        351.236   1.141279E-04   0.000000E+00   0.000000E+00
        366.789   1.016431E-04   0.000000E+00   0.000000E+00
        382.751   9.135392E-05   0.000000E+00   0.000000E+00
        399.126   8.279545E-05   0.000000E+00   0.000000E+00
        415.914   7.530663E-05   0.000000E+00   0.000000E+00
        433.118   6.855951E-05   0.000000E+00   0.000000E+00
        450.738   6.236719E-05   0.000000E+00   0.000000E+00
        468.777   5.661971E-05   0.000000E+00   0.000000E+00
        487.236   5.130466E-05   0.000000E+00   0.000000E+00
        506.115   4.640777E-05   0.000000E+00   0.000000E+00
        525.416   4.185616E-05   0.000000E+00   0.000000E+00
        545.139   3.761183E-05   0.000000E+00   0.000000E+00
        565.285   3.364361E-05   0.000000E+00   0.000000E+00
        585.854   2.996259E-05   0.000000E+00   0.000000E+00
        606.847   2.645932E-05   0.000000E+00   0.000000E+00
        628.263   2.321839E-05   0.000000E+00   0.000000E+00
        650.104   2.042232E-05   0.000000E+00   0.000000E+00
        672.367   1.800452E-05   0.000000E+00   0.000000E+00
        695.054   1.587470E-05   0.000000E+00   0.000000E+00
        718.163   1.398262E-05   0.000000E+00   0.000000E+00
        741.693   1.237086E-05   0.000000E+00   0.000000E+00
        765.645   1.103490E-05   0.000000E+00   0.000000E+00
        790.017   9.879948E-06   0.000000E+00   0.000000E+00
        814.807   8.867681E-06   0.000000E+00   0.000000E+00
        840.016   8.014004E-06   0.000000E+00   0.000000E+00
        865.640   7.306820E-06   0.000000E+00   0.000000E+00
        891.679   6.710232E-06   0.000000E+00   0.000000E+00
        918.130   6.217994E-06   0.000000E+00   0.000000E+00
        944.993   5.798860E-06   0.000000E+00   0.000000E+00
        972.264   5.320912E-06   0.000000E+00   0.000000E+00
        999.942   4.707825E-06   0.000000E+00   0.000000E+00
       1028.025   4.093056E-06   0.000000E+00   0.000000E+00
       1056.510   3.560640E-06   0.000000E+00   0.000000E+00
       1085.394   3.097372E-06   0.000000E+00   0.000000E+00

       Profile 2 ATM K-Matrix output for ssu_n14 channel 2
       Pressure      dTb/dT       dTb/dH2O        dTb/dO3
          0.009  -1.315350E-04   0.000000E+00   0.000000E+00
          0.026  -7.128645E-05   0.000000E+00   0.000000E+00
          0.055   1.040279E-03   0.000000E+00   0.000000E+00
          0.104   3.385565E-03   0.000000E+00   0.000000E+00
          0.177   5.546539E-03   0.000000E+00   0.000000E+00
          0.281   8.335830E-03   0.000000E+00   0.000000E+00
          0.421   1.408265E-02   0.000000E+00   0.000000E+00
          0.604   2.261181E-02   0.000000E+00   0.000000E+00
          0.838   3.160473E-02   0.000000E+00   0.000000E+00
          1.129   4.076221E-02   0.000000E+00   0.000000E+00
          1.484   4.982582E-02   0.000000E+00   0.000000E+00
          1.910   5.747429E-02   0.000000E+00   0.000000E+00
          2.416   6.150351E-02   0.000000E+00   0.000000E+00
          3.009   6.184972E-02   0.000000E+00   0.000000E+00
          3.696   6.009830E-02   0.000000E+00   0.000000E+00
          4.485   5.788464E-02   0.000000E+00   0.000000E+00
          5.385   5.558700E-02   0.000000E+00   0.000000E+00
          6.402   5.251500E-02   0.000000E+00   0.000000E+00
          7.545   4.819686E-02   0.000000E+00   0.000000E+00
          8.822   4.305449E-02   0.000000E+00   0.000000E+00
         10.240   3.808717E-02   0.000000E+00   0.000000E+00
         11.807   3.385858E-02   0.000000E+00   0.000000E+00
         13.532   3.001779E-02   0.000000E+00   0.000000E+00
         15.423   2.643340E-02   0.000000E+00   0.000000E+00
         17.486   2.318349E-02   0.000000E+00   0.000000E+00
         19.730   2.033384E-02   0.000000E+00   0.000000E+00
         22.163   1.788456E-02   0.000000E+00   0.000000E+00
         24.793   1.565443E-02   0.000000E+00   0.000000E+00
         27.626   1.365295E-02   0.000000E+00   0.000000E+00
         30.671   1.198526E-02   0.000000E+00   0.000000E+00
         33.934   1.059448E-02   0.000000E+00   0.000000E+00
         37.425   9.347031E-03   0.000000E+00   0.000000E+00
         41.148   8.222836E-03   0.000000E+00   0.000000E+00
         45.113   7.254770E-03   0.000000E+00   0.000000E+00
         49.326   6.426661E-03   0.000000E+00   0.000000E+00
         53.794   5.700115E-03   0.000000E+00   0.000000E+00
         58.524   5.067026E-03   0.000000E+00   0.000000E+00
         63.523   4.504800E-03   0.000000E+00   0.000000E+00
         68.797   4.014887E-03   0.000000E+00   0.000000E+00
         74.353   3.584042E-03   0.000000E+00   0.000000E+00
         80.198   3.179795E-03   0.000000E+00   0.000000E+00
         86.338   2.793178E-03   0.000000E+00   0.000000E+00
         92.778   2.437951E-03   0.000000E+00   0.000000E+00
         99.526   2.144066E-03   0.000000E+00   0.000000E+00
        106.586   1.898197E-03   0.000000E+00   0.000000E+00
        113.965   1.657894E-03   0.000000E+00   0.000000E+00
        121.669   1.423791E-03   0.000000E+00   0.000000E+00
        129.703   1.212523E-03   0.000000E+00   0.000000E+00
        138.072   1.030252E-03   0.000000E+00   0.000000E+00
        146.781   8.733169E-04   0.000000E+00   0.000000E+00
        155.836   7.349355E-04   0.000000E+00   0.000000E+00
        165.241   6.118259E-04   0.000000E+00   0.000000E+00
        175.001   5.061313E-04   0.000000E+00   0.000000E+00
        185.121   4.152903E-04   0.000000E+00   0.000000E+00
        195.606   3.377935E-04   0.000000E+00   0.000000E+00
        206.459   2.778276E-04   0.000000E+00   0.000000E+00
        217.685   2.321835E-04   0.000000E+00   0.000000E+00
        229.287   1.942169E-04   0.000000E+00   0.000000E+00
        241.270   1.628141E-04   0.000000E+00   0.000000E+00
        253.637   1.367406E-04   0.000000E+00   0.000000E+00
        266.392   1.151948E-04   0.000000E+00   0.000000E+00
        279.537   9.730391E-05   0.000000E+00   0.000000E+00
        293.077   8.242942E-05   0.000000E+00   0.000000E+00
        307.014   7.005389E-05   0.000000E+00   0.000000E+00
        321.351   6.004863E-05   0.000000E+00   0.000000E+00
        336.091   5.196871E-05   0.000000E+00   0.000000E+00
        351.236   4.564629E-05   0.000000E+00   0.000000E+00
        366.789   4.078565E-05   0.000000E+00   0.000000E+00
        382.751   3.686129E-05   0.000000E+00   0.000000E+00
        399.126   3.364936E-05   0.000000E+00   0.000000E+00
        415.914   3.085551E-05   0.000000E+00   0.000000E+00
        433.118   2.833732E-05   0.000000E+00   0.000000E+00
        450.738   2.601774E-05   0.000000E+00   0.000000E+00
        468.777   2.385245E-05   0.000000E+00   0.000000E+00
        487.236   2.183551E-05   0.000000E+00   0.000000E+00
        506.115   1.996048E-05   0.000000E+00   0.000000E+00
        525.416   1.820194E-05   0.000000E+00   0.000000E+00
        545.139   1.654977E-05   0.000000E+00   0.000000E+00
        565.285   1.499673E-05   0.000000E+00   0.000000E+00
        585.854   1.354934E-05   0.000000E+00   0.000000E+00
        606.847   1.218409E-05   0.000000E+00   0.000000E+00
        628.263   1.093187E-05   0.000000E+00   0.000000E+00
        650.104   9.827874E-06   0.000000E+00   0.000000E+00
        672.367   8.847709E-06   0.000000E+00   0.000000E+00
        695.054   7.967715E-06   0.000000E+00   0.000000E+00
        718.163   7.176725E-06   0.000000E+00   0.000000E+00
        741.693   6.471264E-06   0.000000E+00   0.000000E+00
        765.645   5.844048E-06   0.000000E+00   0.000000E+00
        790.017   5.282035E-06   0.000000E+00   0.000000E+00
        814.807   4.779201E-06   0.000000E+00   0.000000E+00
        840.016   4.332589E-06   0.000000E+00   0.000000E+00
        865.640   3.938931E-06   0.000000E+00   0.000000E+00
        891.679   3.591535E-06   0.000000E+00   0.000000E+00
        918.130   3.287361E-06   0.000000E+00   0.000000E+00
        944.993   3.018861E-06   0.000000E+00   0.000000E+00
        972.264   2.757219E-06   0.000000E+00   0.000000E+00
        999.942   2.481777E-06   0.000000E+00   0.000000E+00
       1028.025   2.215873E-06   0.000000E+00   0.000000E+00
       1056.510   1.972775E-06   0.000000E+00   0.000000E+00
       1085.394   1.746854E-06   0.000000E+00   0.000000E+00

       Profile 2 ATM K-Matrix output for ssu_n14 channel 3
       Pressure      dTb/dT       dTb/dH2O        dTb/dO3
          0.009   1.382736E-03   0.000000E+00   0.000000E+00
          0.026   2.057618E-03   0.000000E+00   0.000000E+00
          0.055   6.635715E-03   0.000000E+00   0.000000E+00
          0.104   1.394865E-02   0.000000E+00   0.000000E+00
          0.177   2.060266E-02   0.000000E+00   0.000000E+00
          0.281   2.949643E-02   0.000000E+00   0.000000E+00
          0.421   4.714911E-02   0.000000E+00   0.000000E+00
          0.604   6.840966E-02   0.000000E+00   0.000000E+00
          0.838   8.341658E-02   0.000000E+00   0.000000E+00
          1.129   9.054320E-02   0.000000E+00   0.000000E+00
          1.484   8.961047E-02   0.000000E+00   0.000000E+00
          1.910   8.198817E-02   0.000000E+00   0.000000E+00
          2.416   6.982367E-02   0.000000E+00   0.000000E+00
          3.009   5.689464E-02   0.000000E+00   0.000000E+00
          3.696   4.612160E-02   0.000000E+00   0.000000E+00
          4.485   3.842588E-02   0.000000E+00   0.000000E+00
          5.385   3.299142E-02   0.000000E+00   0.000000E+00
          6.402   2.852775E-02   0.000000E+00   0.000000E+00
          7.545   2.430509E-02   0.000000E+00   0.000000E+00
          8.822   2.037905E-02   0.000000E+00   0.000000E+00
         10.240   1.714091E-02   0.000000E+00   0.000000E+00
         11.807   1.468881E-02   0.000000E+00   0.000000E+00
         13.532   1.266591E-02   0.000000E+00   0.000000E+00
         15.423   1.090016E-02   0.000000E+00   0.000000E+00
         17.486   9.368506E-03   0.000000E+00   0.000000E+00
         19.730   8.075218E-03   0.000000E+00   0.000000E+00
         22.163   6.999685E-03   0.000000E+00   0.000000E+00
         24.793   6.030056E-03   0.000000E+00   0.000000E+00
         27.626   5.165605E-03   0.000000E+00   0.000000E+00
         30.671   4.474496E-03   0.000000E+00   0.000000E+00
         33.934   3.920063E-03   0.000000E+00   0.000000E+00
         37.425   3.424361E-03   0.000000E+00   0.000000E+00
         41.148   2.980465E-03   0.000000E+00   0.000000E+00
         45.113   2.606827E-03   0.000000E+00   0.000000E+00
         49.326   2.295111E-03   0.000000E+00   0.000000E+00
         53.794   2.025124E-03   0.000000E+00   0.000000E+00
         58.524   1.792566E-03   0.000000E+00   0.000000E+00
         63.523   1.587079E-03   0.000000E+00   0.000000E+00
         68.797   1.408744E-03   0.000000E+00   0.000000E+00
         74.353   1.251601E-03   0.000000E+00   0.000000E+00
         80.198   1.103814E-03   0.000000E+00   0.000000E+00
         86.338   9.644832E-04   0.000000E+00   0.000000E+00
         92.778   8.390745E-04   0.000000E+00   0.000000E+00
         99.526   7.346686E-04   0.000000E+00   0.000000E+00
        106.586   6.457370E-04   0.000000E+00   0.000000E+00
        113.965   5.627637E-04   0.000000E+00   0.000000E+00
        121.669   4.871856E-04   0.000000E+00   0.000000E+00
        129.703   4.210144E-04   0.000000E+00   0.000000E+00
        138.072   3.642986E-04   0.000000E+00   0.000000E+00
        146.781   3.153340E-04   0.000000E+00   0.000000E+00
        155.836   2.716871E-04   0.000000E+00   0.000000E+00
        165.241   2.314331E-04   0.000000E+00   0.000000E+00
        175.001   1.950956E-04   0.000000E+00   0.000000E+00
        185.121   1.622069E-04   0.000000E+00   0.000000E+00
        195.606   1.329011E-04   0.000000E+00   0.000000E+00
        206.459   1.100422E-04   0.000000E+00   0.000000E+00
        217.685   9.275801E-05   0.000000E+00   0.000000E+00
        229.287   7.822411E-05   0.000000E+00   0.000000E+00
        241.270   6.613462E-05   0.000000E+00   0.000000E+00
        253.637   5.605770E-05   0.000000E+00   0.000000E+00
        266.392   4.772971E-05   0.000000E+00   0.000000E+00
        279.537   4.082447E-05   0.000000E+00   0.000000E+00
        293.077   3.509653E-05   0.000000E+00   0.000000E+00
        307.014   3.034763E-05   0.000000E+00   0.000000E+00
        321.351   2.653284E-05   0.000000E+00   0.000000E+00
        336.091   2.345634E-05   0.000000E+00   0.000000E+00
        351.236   2.103373E-05   0.000000E+00   0.000000E+00
        366.789   1.913044E-05   0.000000E+00   0.000000E+00
        382.751   1.753844E-05   0.000000E+00   0.000000E+00
        399.126   1.617557E-05   0.000000E+00   0.000000E+00
        415.914   1.494023E-05   0.000000E+00   0.000000E+00
        433.118   1.378865E-05   0.000000E+00   0.000000E+00
        450.738   1.270133E-05   0.000000E+00   0.000000E+00
        468.777   1.167008E-05   0.000000E+00   0.000000E+00
        487.236   1.070123E-05   0.000000E+00   0.000000E+00
        506.115   9.800058E-06   0.000000E+00   0.000000E+00
        525.416   8.960978E-06   0.000000E+00   0.000000E+00
        545.139   8.181056E-06   0.000000E+00   0.000000E+00
        565.285   7.455160E-06   0.000000E+00   0.000000E+00
        585.854   6.783567E-06   0.000000E+00   0.000000E+00
        606.847   6.136589E-06   0.000000E+00   0.000000E+00
        628.263   5.524145E-06   0.000000E+00   0.000000E+00
        650.104   4.989809E-06   0.000000E+00   0.000000E+00
        672.367   4.521626E-06   0.000000E+00   0.000000E+00
        695.054   4.097335E-06   0.000000E+00   0.000000E+00
        718.163   3.701287E-06   0.000000E+00   0.000000E+00
        741.693   3.355763E-06   0.000000E+00   0.000000E+00
        765.645   3.072064E-06   0.000000E+00   0.000000E+00
        790.017   2.816085E-06   0.000000E+00   0.000000E+00
        814.807   2.571710E-06   0.000000E+00   0.000000E+00
        840.016   2.354818E-06   0.000000E+00   0.000000E+00
        865.640   2.166837E-06   0.000000E+00   0.000000E+00
        891.679   1.993001E-06   0.000000E+00   0.000000E+00
        918.130   1.837005E-06   0.000000E+00   0.000000E+00
        944.993   1.686164E-06   0.000000E+00   0.000000E+00
        972.264   1.468853E-06   0.000000E+00   0.000000E+00
        999.942   1.164409E-06   0.000000E+00   0.000000E+00
       1028.025   8.715135E-07   0.000000E+00   0.000000E+00
       1056.510   6.391438E-07   0.000000E+00   0.000000E+00
       1085.394   4.574377E-07   0.000000E+00   0.000000E+00

     Destroying the CRTM...
