
     **********************************************************
                          Example_K_Matrix

      Program to provide an example of CRTM K-matrix function 
      usage.

      $Revision: 5798 $
     **********************************************************


     Enter sensor id [hirs4_n18, amsua_n18, or mhs_n18]: 
     Initializing the CRTM...
 Read_SpcCoeff_Binary(INFORMATION) : FILE: ../Coefficient_Data/v.seviri_m09.SpcCoeff.bin; 
 SpcCoeff RELEASE.VERSION:  7.02  N_CHANNELS=4
 Read_ODAS_Binary(INFORMATION) : FILE: ../Coefficient_Data/v.seviri_m09.TauCoeff.bin; 
   ODAS RELEASE.VERSION:  6.04  N_PREDICTORS= 6  N_ABSORBERS= 3  N_CHANNELS=4  N_Alphas= 3  N_Coeffs=273
 Read_CloudCoeff_Binary(INFORMATION) : FILE: ../Coefficient_Data/CloudCoeff.bin; 
 CloudCoeff RELEASE.VERSION:  2.04  N_FREQUENCIES(MW)=  31  N_FREQUENCIES(IR)=  61  N_RADII(MW)=10  N_RADII(IR)=10  N_TEMPERATURES= 5  N_DENSITIES= 3  N_LEGENDRE_TERMS=38  N_PHASE_ELEMENTS= 1
 Read_AerosolCoeff_Binary(INFORMATION) : FILE: ../Coefficient_Data/AerosolCoeff.bin; 
 AerosolCoeff RELEASE.VERSION:  2.03  N_WAVELENGTHS=  61  N_RADII= 36  N_TYPES= 8  N_RH= 36  N_LEGENDRE_TERMS=37  N_PHASE_ELEMENTS= 1
 Read_EmisCoeff_Binary(INFORMATION) : FILE: ../Coefficient_Data/EmisCoeff.bin; 
 EmisCoeff RELEASE.VERSION:  2.01  N_ANGLES= 67  N_FREQUENCIES=  153  N_WIND_SPEEDS= 23

       Profile 1 FWD output
       Sensor_Id   Channel         R            Tb
       v.seviri_      1      6.646618E-24     317.690
       v.seviri_      2      7.702057E-18     316.458
       v.seviri_      3      2.063577E-06     315.216
       v.seviri_     12      3.063752E-25     317.555

       Profile 2 FWD output
       Sensor_Id   Channel         R            Tb
       v.seviri_      1      4.657889E-29     272.196
       v.seviri_      2      7.844443E-22     272.070
       v.seviri_      3      2.165692E-08     270.971
       v.seviri_     12      1.306319E-30     272.204

       Profile 1 SFC K-Matrix output
       Sensor_Id   Channel  dTb/dTland  dTb/dTwater
       v.seviri_      1       0.996       0.000
       v.seviri_      2       0.971       0.000
       v.seviri_      3       0.972       0.000
       v.seviri_     12       0.991       0.000

       Profile 2 SFC K-Matrix output
       Sensor_Id   Channel  dTb/dTland  dTb/dTwater
       v.seviri_      1       0.248       0.744
       v.seviri_      2       0.242       0.726
       v.seviri_      3       0.244       0.733
       v.seviri_     12       0.246       0.737

       Profile 1 ATM K-Matrix output for v.seviri_m09 channel 1
       Pressure      dTb/dT       dTb/dH2O        dTb/dO3
          0.009  -1.190263E-08  -1.474450E-07  -2.860254E-06
          0.026  -1.117131E-08  -2.941947E-07  -7.120266E-06
          0.055  -1.091278E-08  -5.258343E-07  -1.356365E-05
          0.104  -1.105146E-08  -8.124843E-07  -2.156439E-05
          0.177  -1.616745E-08  -1.182986E-06  -3.176270E-05
          0.281  -2.703538E-08  -1.655699E-06  -4.451049E-05
          0.421  -4.154953E-08  -2.218671E-06  -5.946089E-05
          0.604  -5.959911E-08  -2.884804E-06  -7.699849E-05
          0.838  -8.151843E-08  -3.638272E-06  -9.672846E-05
          1.129  -1.092546E-07  -4.504731E-06  -1.193542E-04
          1.484  -1.451865E-07  -5.459807E-06  -1.444102E-04
          1.910  -1.992108E-07  -6.479764E-06  -1.721020E-04
          2.416  -2.843164E-07  -7.508025E-06  -2.015395E-04
          3.009  -4.063732E-07  -8.649081E-06  -2.340528E-04
          3.696  -5.471531E-07  -9.920074E-06  -2.691587E-04
          4.485  -6.768952E-07  -1.131546E-05  -3.071471E-04
          5.385  -7.602256E-07  -1.285306E-05  -3.483557E-04
          6.402  -7.699417E-07  -1.448214E-05  -3.915833E-04
          7.545  -6.987033E-07  -1.621021E-05  -4.374336E-04
          8.822  -5.524258E-07  -1.804967E-05  -4.865487E-04
         10.240  -3.505639E-07  -1.995244E-05  -5.375234E-04
         11.807  -1.268366E-07  -2.196114E-05  -5.911196E-04
         13.532   8.794115E-08  -2.409008E-05  -6.476711E-04
         15.423   2.673893E-07  -2.630450E-05  -7.064467E-04
         17.486   3.925060E-07  -2.860745E-05  -7.678235E-04
         19.730   4.529548E-07  -3.097072E-05  -8.314861E-04
         22.163   4.512991E-07  -3.342995E-05  -8.985123E-04
         24.793   3.989016E-07  -3.591839E-05  -9.671097E-04
         27.626   3.111143E-07  -3.849007E-05  -1.038666E-03
         30.671   2.027150E-07  -4.115539E-05  -1.112370E-03
         33.934   8.901035E-08  -4.392685E-05  -1.188593E-03
         37.425  -1.528247E-08  -4.677893E-05  -1.267369E-03
         41.148  -9.900695E-08  -4.967064E-05  -1.347638E-03
         45.113  -1.535446E-07  -5.265285E-05  -1.430799E-03
         49.326  -1.729327E-07  -5.569716E-05  -1.516145E-03
         53.794  -1.569644E-07  -5.878203E-05  -1.603302E-03
         58.524  -1.157567E-07  -6.191420E-05  -1.692886E-03
         63.523  -5.375874E-08  -6.505846E-05  -1.783844E-03
         68.797   8.436810E-09  -6.827664E-05  -1.877611E-03
         74.353   5.804349E-08  -7.151509E-05  -1.972792E-03
         80.198   1.057211E-07  -7.479616E-05  -2.069812E-03
         86.338   1.414958E-07  -7.814302E-05  -2.169121E-03
         92.778   1.707614E-07  -8.154489E-05  -2.270673E-03
         99.526   1.968025E-07  -8.500437E-05  -2.373736E-03
        106.586   2.184317E-07  -8.857408E-05  -2.479763E-03
        113.965   2.391849E-07  -9.216644E-05  -2.586881E-03
        121.669   2.569998E-07  -9.587779E-05  -2.697360E-03
        129.703   2.731858E-07  -9.959723E-05  -2.808673E-03
        138.072   2.885891E-07  -1.033777E-04  -2.922874E-03
        146.781   3.029784E-07  -1.071602E-04  -3.038274E-03
        155.836   3.165599E-07  -1.109944E-04  -3.156230E-03
        165.241   3.287219E-07  -1.148347E-04  -3.275448E-03
        175.001   3.399745E-07  -1.187218E-04  -3.396923E-03
        185.121   3.498827E-07  -1.226414E-04  -3.520028E-03
        195.606   3.586699E-07  -1.266008E-04  -3.645106E-03
        206.459   3.670434E-07  -1.305995E-04  -3.771436E-03
        217.685   3.750566E-07  -1.346436E-04  -3.899381E-03
        229.287   3.827753E-07  -1.386757E-04  -4.029619E-03
        241.270   3.902389E-07  -1.426334E-04  -4.160782E-03
        253.637   3.967917E-07  -1.464676E-04  -4.293284E-03
        266.392   4.016186E-07  -1.500732E-04  -4.427882E-03
        279.537   4.047777E-07  -1.535670E-04  -4.563933E-03
        293.077   4.052412E-07  -1.571506E-04  -4.701282E-03
        307.014   4.033023E-07  -1.608884E-04  -4.840631E-03
        321.351   4.009557E-07  -1.652262E-04  -4.981252E-03
        336.091   3.981571E-07  -1.699943E-04  -5.123879E-03
        351.236   3.987705E-07  -1.743097E-04  -5.266836E-03
        366.789   4.046959E-07  -1.781634E-04  -5.410235E-03
        382.751   3.875633E-07  -1.750090E-04  -5.554446E-03
        399.126   2.833080E-07  -1.682401E-04  -5.697647E-03
        415.914   1.893337E-07  -1.685669E-04  -5.841543E-03
        433.118   2.361114E-07  -1.739740E-04  -5.985879E-03
        450.738   2.543470E-07  -1.785943E-04  -6.131417E-03
        468.777   9.325708E-08  -1.799372E-04  -6.278300E-03
        487.236  -1.909818E-07  -1.811598E-04  -6.427043E-03
        506.115  -4.782629E-07  -1.840886E-04  -6.578194E-03
        525.416  -7.550136E-07  -1.882158E-04  -6.731282E-03
        545.139  -1.020243E-06  -1.931067E-04  -6.885695E-03
        565.285  -1.221771E-06  -1.987982E-04  -7.040869E-03
        585.854  -1.338966E-06  -2.051476E-04  -7.196659E-03
        606.847  -1.422729E-06  -2.118754E-04  -7.353854E-03
        628.263  -1.465736E-06  -2.189412E-04  -7.512314E-03
        650.104  -1.407884E-06  -2.264318E-04  -7.671656E-03
        672.367  -1.190336E-06  -2.343361E-04  -7.831926E-03
        695.054  -7.997412E-07  -2.423740E-04  -7.992455E-03
        718.163  -1.756878E-07  -2.504741E-04  -8.152755E-03
        741.693   7.860188E-07  -2.585909E-04  -8.310541E-03
        765.645   2.084586E-06  -2.661673E-04  -8.465376E-03
        790.017   3.924477E-06  -2.723402E-04  -8.610650E-03
        814.807   7.028293E-06  -2.769095E-04  -8.738200E-03
        840.016   1.265391E-05  -2.793562E-04  -8.827892E-03
        865.640   2.287742E-05  -2.787325E-04  -8.847201E-03
        891.679   4.138240E-05  -2.733420E-04  -8.735739E-03
        918.130   7.365660E-05  -2.601386E-04  -8.386806E-03
        944.993   1.237675E-04  -2.359796E-04  -7.681730E-03
        972.264   2.542122E-04  -1.845275E-04  -6.038964E-03
        999.942   4.028314E-04  -1.358379E-04  -4.443328E-03
       1028.025   3.992046E-04  -1.359064E-04  -4.514786E-03
       1056.510   3.952246E-04  -1.353230E-04  -4.586445E-03
       1085.394   3.910826E-04  -1.340094E-04  -4.658176E-03

       Profile 1 ATM K-Matrix output for v.seviri_m09 channel 2
       Pressure      dTb/dT       dTb/dH2O        dTb/dO3
          0.009  -1.967068E-08  -1.643292E-06  -2.196280E-07
          0.026  -4.239248E-08  -3.105177E-06  -5.260520E-07
          0.055  -6.448063E-08  -5.474306E-06  -9.910801E-07
          0.104  -7.684851E-08  -8.413875E-06  -1.565829E-06
          0.177  -8.671170E-08  -1.207540E-05  -2.298208E-06
          0.281  -1.008765E-07  -1.671385E-05  -3.214886E-06
          0.421  -1.158805E-07  -2.222552E-05  -4.290220E-06
          0.604  -1.323348E-07  -2.868462E-05  -5.551656E-06
          0.838  -1.469591E-07  -3.593732E-05  -6.969754E-06
          1.129  -1.606612E-07  -4.424166E-05  -8.594061E-06
          1.484  -1.660276E-07  -5.341831E-05  -1.038746E-05
          1.910  -1.448873E-07  -6.360810E-05  -1.235521E-05
          2.416  -9.911355E-08  -7.441628E-05  -1.443319E-05
          3.009  -6.465381E-08  -8.609140E-05  -1.673738E-05
          3.696  -4.481120E-08  -9.862814E-05  -1.923496E-05
          4.485  -2.766066E-08  -1.122464E-04  -2.193982E-05
          5.385  -1.237565E-08  -1.268412E-04  -2.486879E-05
          6.402   2.962152E-09  -1.419400E-04  -2.793819E-05
          7.545   2.002652E-08  -1.578626E-04  -3.119996E-05
          8.822   3.941656E-08  -1.745559E-04  -3.471130E-05
         10.240   5.736085E-08  -1.914585E-04  -3.836887E-05
         11.807   7.039977E-08  -2.089369E-04  -4.221561E-05
         13.532   7.834859E-08  -2.270849E-04  -4.627403E-05
         15.423   8.166152E-08  -2.454940E-04  -5.049556E-05
         17.486   8.126311E-08  -2.640664E-04  -5.490919E-05
         19.730   7.805450E-08  -2.823370E-04  -5.949401E-05
         22.163   7.269678E-08  -3.004691E-04  -6.432434E-05
         24.793   6.584951E-08  -3.177118E-04  -6.926916E-05
         27.626   5.823689E-08  -3.344432E-04  -7.442581E-05
         30.671   4.938265E-08  -3.511866E-04  -7.973470E-05
         33.934   4.068437E-08  -3.680659E-04  -8.522404E-05
         37.425   3.376816E-08  -3.844155E-04  -9.089621E-05
         41.148   2.909803E-08  -3.998150E-04  -9.667529E-05
         45.113   2.705717E-08  -4.146631E-04  -1.026616E-04
         49.326   2.783841E-08  -4.286724E-04  -1.088041E-04
         53.794   3.109514E-08  -4.414125E-04  -1.150738E-04
         58.524   3.528508E-08  -4.523955E-04  -1.215108E-04
         63.523   3.971065E-08  -4.613951E-04  -1.280378E-04
         68.797   4.234483E-08  -4.691519E-04  -1.347572E-04
         74.353   4.189036E-08  -4.752184E-04  -1.415657E-04
         80.198   3.984034E-08  -4.802796E-04  -1.484932E-04
         86.338   3.573583E-08  -4.851517E-04  -1.555712E-04
         92.778   3.011355E-08  -4.893684E-04  -1.627915E-04
         99.526   2.499478E-08  -4.946651E-04  -1.701059E-04
        106.586   2.097483E-08  -5.016070E-04  -1.776164E-04
        113.965   1.772721E-08  -5.085017E-04  -1.851812E-04
        121.669   1.626251E-08  -5.168894E-04  -1.929650E-04
        129.703   1.568185E-08  -5.253490E-04  -2.007812E-04
        138.072   1.514236E-08  -5.345427E-04  -2.087742E-04
        146.781   1.433472E-08  -5.440484E-04  -2.168223E-04
        155.836   1.285755E-08  -5.537559E-04  -2.250206E-04
        165.241   1.041917E-08  -5.638664E-04  -2.332782E-04
        175.001   6.766054E-09  -5.740487E-04  -2.416650E-04
        185.121   1.974186E-09  -5.842957E-04  -2.501389E-04
        195.606  -4.422010E-09  -5.947036E-04  -2.587257E-04
        206.459  -1.133898E-08  -6.040493E-04  -2.673747E-04
        217.685  -1.884264E-08  -6.124416E-04  -2.761154E-04
        229.287  -3.118293E-08  -6.218236E-04  -2.849987E-04
        241.270  -4.957765E-08  -6.322434E-04  -2.939317E-04
        253.637  -7.815544E-08  -6.462766E-04  -3.029531E-04
        266.392  -1.246422E-07  -6.694081E-04  -3.121276E-04
        279.537  -1.808389E-07  -6.986655E-04  -3.214219E-04
        293.077  -2.371957E-07  -7.304432E-04  -3.308505E-04
        307.014  -2.926977E-07  -7.657191E-04  -3.404808E-04
        321.351  -3.192609E-07  -7.897526E-04  -3.502765E-04
        336.091  -3.191937E-07  -8.066721E-04  -3.603142E-04
        351.236  -3.466483E-07  -8.371793E-04  -3.704292E-04
        366.789  -4.085092E-07  -8.815909E-04  -3.806102E-04
        382.751  -9.266975E-07  -1.229000E-03  -3.908446E-04
        399.126  -1.650600E-06  -1.719795E-03  -4.009350E-04
        415.914  -2.568074E-06  -1.818241E-03  -4.110779E-04
        433.118  -1.583382E-06  -1.790892E-03  -4.213194E-04
        450.738  -8.476315E-07  -1.827507E-03  -4.317927E-04
        468.777  -3.140295E-06  -1.857771E-03  -4.426205E-04
        487.236  -8.502944E-06  -1.852135E-03  -4.539834E-04
        506.115  -1.419831E-05  -1.853678E-03  -4.661059E-04
        525.416  -1.927730E-05  -1.877170E-03  -4.789549E-04
        545.139  -2.335548E-05  -1.921938E-03  -4.924326E-04
        565.285  -2.502660E-05  -1.992397E-03  -5.065121E-04
        585.854  -2.407267E-05  -2.084373E-03  -5.212043E-04
        606.847  -2.198539E-05  -2.187762E-03  -5.367567E-04
        628.263  -1.887272E-05  -2.299856E-03  -5.533174E-04
        650.104  -1.393199E-05  -2.421127E-03  -5.709671E-04
        672.367  -6.651061E-06  -2.549000E-03  -5.897491E-04
        695.054   2.598466E-06  -2.676180E-03  -6.095398E-04
        718.163   1.441989E-05  -2.799766E-03  -6.303665E-04
        741.693   2.962845E-05  -2.916986E-03  -6.519885E-04
        765.645   4.787647E-05  -3.018651E-03  -6.742525E-04
        790.017   7.277924E-05  -3.094988E-03  -6.964351E-04
        814.807   1.125528E-04  -3.142727E-03  -7.172352E-04
        840.016   1.780843E-04  -3.152146E-03  -7.337617E-04
        865.640   2.840640E-04  -3.107693E-03  -7.415629E-04
        891.679   4.526892E-04  -2.982020E-03  -7.330961E-04
        918.130   7.172349E-04  -2.733086E-03  -6.960144E-04
        944.993   1.097567E-03  -2.330891E-03  -6.182912E-04
        972.264   2.387908E-03  -1.566655E-03  -4.368609E-04
        999.942   3.886877E-03  -9.033111E-04  -2.667449E-04
       1028.025   3.720478E-03  -9.174607E-04  -2.779878E-04
       1056.510   3.572993E-03  -9.301171E-04  -2.899701E-04
       1085.394   3.441773E-03  -9.409276E-04  -3.027457E-04

       Profile 1 ATM K-Matrix output for v.seviri_m09 channel 3
       Pressure      dTb/dT       dTb/dH2O        dTb/dO3
          0.009  -1.490695E-08  -2.169413E-07   0.000000E+00
          0.026  -1.913901E-08  -4.138030E-07   0.000000E+00
          0.055  -2.432511E-08  -8.751107E-07   0.000000E+00
          0.104  -2.889777E-08  -1.461191E-06   0.000000E+00
          0.177  -3.476346E-08  -2.312591E-06   0.000000E+00
          0.281  -4.156605E-08  -3.627521E-06   0.000000E+00
          0.421  -4.701579E-08  -5.405964E-06   0.000000E+00
          0.604  -4.814991E-08  -7.698232E-06   0.000000E+00
          0.838  -4.205592E-08  -1.038105E-05   0.000000E+00
          1.129  -2.904934E-08  -1.344442E-05   0.000000E+00
          1.484  -2.705260E-08  -1.643568E-05   0.000000E+00
          1.910  -8.443642E-08  -1.793356E-05   0.000000E+00
          2.416  -1.577155E-07  -1.676308E-05   0.000000E+00
          3.009  -2.000640E-07  -1.567823E-05   0.000000E+00
          3.696  -2.318843E-07  -1.623475E-05   0.000000E+00
          4.485  -2.615725E-07  -1.771647E-05   0.000000E+00
          5.385  -2.897825E-07  -2.014976E-05   0.000000E+00
          6.402  -3.161972E-07  -2.313325E-05   0.000000E+00
          7.545  -3.421678E-07  -2.616212E-05   0.000000E+00
          8.822  -3.685704E-07  -2.871289E-05   0.000000E+00
         10.240  -3.933049E-07  -3.092320E-05   0.000000E+00
         11.807  -4.156671E-07  -3.344715E-05   0.000000E+00
         13.532  -4.355335E-07  -3.637618E-05   0.000000E+00
         15.423  -4.523865E-07  -3.940887E-05   0.000000E+00
         17.486  -4.664849E-07  -4.221024E-05   0.000000E+00
         19.730  -4.776277E-07  -4.423098E-05   0.000000E+00
         22.163  -4.860065E-07  -4.542467E-05   0.000000E+00
         24.793  -4.901906E-07  -4.574524E-05   0.000000E+00
         27.626  -4.906327E-07  -4.539055E-05   0.000000E+00
         30.671  -4.861429E-07  -4.576893E-05   0.000000E+00
         33.934  -4.769175E-07  -4.690541E-05   0.000000E+00
         37.425  -4.632456E-07  -4.790556E-05   0.000000E+00
         41.148  -4.447669E-07  -4.871582E-05   0.000000E+00
         45.113  -4.218998E-07  -4.944630E-05   0.000000E+00
         49.326  -3.944423E-07  -5.006438E-05   0.000000E+00
         53.794  -3.624425E-07  -5.030252E-05   0.000000E+00
         58.524  -3.263474E-07  -4.957558E-05   0.000000E+00
         63.523  -2.859098E-07  -4.808331E-05   0.000000E+00
         68.797  -2.412574E-07  -4.637176E-05   0.000000E+00
         74.353  -1.922626E-07  -4.439503E-05   0.000000E+00
         80.198  -1.389740E-07  -4.266089E-05   0.000000E+00
         86.338  -8.150877E-08  -4.170181E-05   0.000000E+00
         92.778  -2.018285E-08  -4.115859E-05   0.000000E+00
         99.526   4.488289E-08  -4.250251E-05   0.000000E+00
        106.586   1.129590E-07  -4.593418E-05   0.000000E+00
        113.965   1.832637E-07  -5.049689E-05   0.000000E+00
        121.669   2.550571E-07  -5.716676E-05   0.000000E+00
        129.703   3.272369E-07  -6.516994E-05   0.000000E+00
        138.072   3.987483E-07  -7.439707E-05   0.000000E+00
        146.781   4.685072E-07  -8.486560E-05   0.000000E+00
        155.836   5.360776E-07  -9.651512E-05   0.000000E+00
        165.241   6.000919E-07  -1.095840E-04   0.000000E+00
        175.001   6.604388E-07  -1.239471E-04   0.000000E+00
        185.121   7.164405E-07  -1.398226E-04   0.000000E+00
        195.606   7.676145E-07  -1.571600E-04   0.000000E+00
        206.459   8.153656E-07  -1.758181E-04   0.000000E+00
        217.685   8.599201E-07  -1.958351E-04   0.000000E+00
        229.287   8.969338E-07  -2.168150E-04   0.000000E+00
        241.270   9.246367E-07  -2.385603E-04   0.000000E+00
        253.637   9.368077E-07  -2.610867E-04   0.000000E+00
        266.392   9.201117E-07  -2.841983E-04   0.000000E+00
        279.537   8.824560E-07  -3.086760E-04   0.000000E+00
        293.077   8.378666E-07  -3.361462E-04   0.000000E+00
        307.014   7.922335E-07  -3.668034E-04   0.000000E+00
        321.351   8.221440E-07  -4.020319E-04   0.000000E+00
        336.091   9.532473E-07  -4.414291E-04   0.000000E+00
        351.236   1.062120E-06  -4.788145E-04   0.000000E+00
        366.789   1.112301E-06  -5.130444E-04   0.000000E+00
        382.751  -5.169832E-07  -5.257727E-04   0.000000E+00
        399.126  -5.079582E-06  -5.253231E-04   0.000000E+00
        415.914  -8.909059E-06  -5.363591E-04   0.000000E+00
        433.118  -9.289649E-06  -5.606910E-04   0.000000E+00
        450.738  -1.022926E-05  -5.857520E-04   0.000000E+00
        468.777  -1.511387E-05  -6.040092E-04   0.000000E+00
        487.236  -2.171071E-05  -6.274819E-04   0.000000E+00
        506.115  -2.752880E-05  -6.631708E-04   0.000000E+00
        525.416  -3.234303E-05  -7.066753E-04   0.000000E+00
        545.139  -3.597220E-05  -7.537103E-04   0.000000E+00
        565.285  -3.756879E-05  -8.025780E-04   0.000000E+00
        585.854  -3.684395E-05  -8.515659E-04   0.000000E+00
        606.847  -3.404857E-05  -9.005592E-04   0.000000E+00
        628.263  -2.848427E-05  -9.490219E-04   0.000000E+00
        650.104  -1.889482E-05  -9.957672E-04   0.000000E+00
        672.367  -4.318800E-06  -1.039029E-03   0.000000E+00
        695.054   1.520480E-05  -1.076687E-03   0.000000E+00
        718.163   4.023439E-05  -1.107419E-03   0.000000E+00
        741.693   7.034726E-05  -1.129306E-03   0.000000E+00
        765.645   1.050106E-04  -1.140544E-03   0.000000E+00
        790.017   1.478152E-04  -1.137735E-03   0.000000E+00
        814.807   2.034153E-04  -1.116440E-03   0.000000E+00
        840.016   2.754273E-04  -1.071237E-03   0.000000E+00
        865.640   3.667962E-04  -9.976120E-04   0.000000E+00
        891.679   4.813873E-04  -8.884501E-04   0.000000E+00
        918.130   6.240105E-04  -7.359919E-04   0.000000E+00
        944.993   7.895282E-04  -5.444248E-04   0.000000E+00
        972.264   1.227208E-03  -2.545775E-04   0.000000E+00
        999.942   1.652391E-03  -4.179792E-05   0.000000E+00
       1028.025   1.627907E-03  -4.221080E-05   0.000000E+00
       1056.510   1.603981E-03  -4.250810E-05   0.000000E+00
       1085.394   1.580892E-03  -4.267427E-05   0.000000E+00

       Profile 1 ATM K-Matrix output for v.seviri_m09 channel 12
       Pressure      dTb/dT       dTb/dH2O        dTb/dO3
          0.009  -1.058922E-07  -2.273375E-07  -1.375354E-06
          0.026  -1.643108E-07  -4.691234E-07  -3.330734E-06
          0.055  -2.129092E-07  -6.351059E-07  -6.330248E-06
          0.104  -2.443341E-07  -8.343340E-07  -1.009236E-05
          0.177  -2.780753E-07  -9.648753E-07  -1.495991E-05
          0.281  -3.271294E-07  -8.724323E-07  -2.114713E-05
          0.421  -3.867862E-07  -5.808910E-07  -2.853333E-05
          0.604  -4.587699E-07  -7.643859E-08  -3.736469E-05
          0.838  -5.359513E-07   5.582479E-07  -4.751703E-05
          1.129  -6.208276E-07   1.260677E-06  -5.939686E-05
          1.484  -6.903027E-07   1.669903E-06  -7.271783E-05
          1.910  -6.825488E-07   5.043573E-07  -8.736172E-05
          2.416  -5.402966E-07  -3.409324E-06  -1.026263E-04
          3.009  -2.872207E-07  -8.056026E-06  -1.191767E-04
          3.696   6.223674E-08  -1.141667E-05  -1.366763E-04
          4.485   4.802077E-07  -1.399386E-05  -1.553350E-04
          5.385   8.858184E-07  -1.581080E-05  -1.752778E-04
          6.402   1.210014E-06  -1.722795E-05  -1.960105E-04
          7.545   1.415963E-06  -1.886568E-05  -2.180676E-04
          8.822   1.489329E-06  -2.146270E-05  -2.419999E-04
         10.240   1.426642E-06  -2.469203E-05  -2.670458E-04
         11.807   1.255376E-06  -2.784920E-05  -2.934095E-04
         13.532   1.011835E-06  -3.085758E-05  -3.212556E-04
         15.423   7.271242E-07  -3.399883E-05  -3.502755E-04
         17.486   4.334676E-07  -3.772730E-05  -3.806512E-04
         19.730   1.556898E-07  -4.268968E-05  -4.121752E-04
         22.163  -9.163346E-08  -4.911856E-05  -4.452837E-04
         24.793  -3.043579E-07  -5.694206E-05  -4.790095E-04
         27.626  -4.829984E-07  -6.616570E-05  -5.139890E-04
         30.671  -6.343013E-07  -7.483383E-05  -5.499867E-04
         33.934  -7.512206E-07  -8.288629E-05  -5.872221E-04
         37.425  -8.259548E-07  -9.155629E-05  -6.255631E-04
         41.148  -8.541539E-07  -1.008118E-04  -6.644742E-04
         45.113  -8.309527E-07  -1.106832E-04  -7.046491E-04
         49.326  -7.523954E-07  -1.211439E-04  -7.457279E-04
         53.794  -6.280558E-07  -1.325898E-04  -7.874349E-04
         58.524  -4.936541E-07  -1.460682E-04  -8.298525E-04
         63.523  -3.511131E-07  -1.612397E-04  -8.724795E-04
         68.797  -2.470462E-07  -1.775120E-04  -9.161300E-04
         74.353  -2.052167E-07  -1.948189E-04  -9.600726E-04
         80.198  -1.821920E-07  -2.123259E-04  -1.004652E-03
         86.338  -1.930925E-07  -2.290660E-04  -1.050246E-03
         92.778  -2.243276E-07  -2.456747E-04  -1.096664E-03
         99.526  -2.424609E-07  -2.593686E-04  -1.144095E-03
        106.586  -2.445267E-07  -2.700456E-04  -1.193292E-03
        113.965  -2.339800E-07  -2.793728E-04  -1.242960E-03
        121.669  -2.018072E-07  -2.861602E-04  -1.294529E-03
        129.703  -1.563041E-07  -2.915664E-04  -1.346472E-03
        138.072  -9.885689E-08  -2.958914E-04  -1.399710E-03
        146.781  -3.162069E-08  -2.992000E-04  -1.453428E-03
        155.836   4.034229E-08  -3.021923E-04  -1.508207E-03
        165.241   1.170010E-07  -3.045150E-04  -1.563537E-03
        175.001   1.924084E-07  -3.069930E-04  -1.619807E-03
        185.121   2.648134E-07  -3.095812E-04  -1.676817E-03
        195.606   3.307396E-07  -3.125375E-04  -1.734729E-03
        206.459   3.842349E-07  -3.166740E-04  -1.793125E-03
        217.685   4.236550E-07  -3.219601E-04  -1.852239E-03
        229.287   4.517387E-07  -3.275587E-04  -1.912407E-03
        241.270   4.684406E-07  -3.334215E-04  -1.973015E-03
        253.637   4.800946E-07  -3.387861E-04  -2.034486E-03
        266.392   4.982427E-07  -3.429028E-04  -2.097445E-03
        279.537   5.126467E-07  -3.483254E-04  -2.161814E-03
        293.077   5.133063E-07  -3.559291E-04  -2.228191E-03
        307.014   4.980762E-07  -3.657914E-04  -2.297209E-03
        321.351   4.175195E-07  -3.807261E-04  -2.368694E-03
        336.091   2.671392E-07  -4.004752E-04  -2.443471E-03
        351.236   1.327811E-07  -4.225490E-04  -2.519005E-03
        366.789   3.489359E-08  -4.478017E-04  -2.594648E-03
        382.751   7.010098E-07  -4.760266E-04  -2.669413E-03
        399.126   7.100819E-07  -4.744327E-04  -2.740534E-03
        415.914  -2.885194E-07  -4.559232E-04  -2.811040E-03
        433.118  -2.601902E-07  -4.801508E-04  -2.882463E-03
        450.738  -5.015872E-07  -5.063121E-04  -2.957066E-03
        468.777  -2.197568E-06  -4.972972E-04  -3.037490E-03
        487.236  -5.089651E-06  -4.866314E-04  -3.127173E-03
        506.115  -7.788881E-06  -4.956870E-04  -3.230426E-03
        525.416  -1.004209E-05  -5.177103E-04  -3.346523E-03
        545.139  -1.187055E-05  -5.465879E-04  -3.473541E-03
        565.285  -1.295165E-05  -5.808821E-04  -3.611307E-03
        585.854  -1.333809E-05  -6.178499E-04  -3.760132E-03
        606.847  -1.352325E-05  -6.549035E-04  -3.924862E-03
        628.263  -1.354338E-05  -6.917420E-04  -4.109330E-03
        650.104  -1.319384E-05  -7.285841E-04  -4.316504E-03
        672.367  -1.237965E-05  -7.650079E-04  -4.548647E-03
        695.054  -1.123386E-05  -7.998935E-04  -4.805599E-03
        718.163  -9.672252E-06  -8.331881E-04  -5.091998E-03
        741.693  -7.461502E-06  -8.647005E-04  -5.410052E-03
        765.645  -4.704691E-06  -8.936339E-04  -5.764719E-03
        790.017  -8.363282E-07  -9.190794E-04  -6.162047E-03
        814.807   6.166603E-06  -9.408119E-04  -6.606047E-03
        840.016   1.976385E-05  -9.569423E-04  -7.086668E-03
        865.640   4.571010E-05  -9.638869E-04  -7.575948E-03
        891.679   9.453458E-05  -9.546616E-04  -8.018459E-03
        918.130   1.842431E-04  -9.167004E-04  -8.291969E-03
        944.993   3.322352E-04  -8.359196E-04  -8.202162E-03
        972.264   7.916361E-04  -6.462771E-04  -7.022143E-03
        999.942   1.341072E-03  -4.613942E-04  -5.534669E-03
       1028.025   1.287484E-03  -4.694239E-04  -5.925249E-03
       1056.510   1.239735E-03  -4.775253E-04  -6.353933E-03
       1085.394   1.197059E-03  -4.856388E-04  -6.824879E-03

       Profile 2 ATM K-Matrix output for v.seviri_m09 channel 1
       Pressure      dTb/dT       dTb/dH2O        dTb/dO3
          0.009  -9.784009E-09  -1.217582E-07  -2.748313E-06
          0.026  -2.179884E-09  -2.441775E-07  -5.756083E-06
          0.055  -3.262208E-09  -4.394712E-07  -1.033759E-05
          0.104  -8.692755E-09  -6.873363E-07  -1.614757E-05
          0.177  -1.353533E-08  -1.006273E-06  -2.366582E-05
          0.281  -1.965290E-08  -1.406905E-06  -3.312890E-05
          0.421  -2.183130E-08  -1.885763E-06  -4.429403E-05
          0.604   1.226493E-07  -2.446212E-06  -5.724704E-05
          0.838   3.383646E-07  -3.068457E-06  -7.180841E-05
          1.129   1.008133E-07  -3.784013E-06  -8.885454E-05
          1.484  -6.901333E-08  -4.566565E-06  -1.075389E-04
          1.910  -1.493914E-07  -5.435487E-06  -1.282285E-04
          2.416  -2.201733E-07  -6.366512E-06  -1.504363E-04
          3.009  -3.000829E-07  -7.396240E-06  -1.750009E-04
          3.696  -3.795604E-07  -8.516729E-06  -2.014254E-04
          4.485  -4.419740E-07  -9.748517E-06  -2.300245E-04
          5.385  -4.746943E-07  -1.110254E-05  -2.610515E-04
          6.402  -4.608893E-07  -1.253365E-05  -2.935908E-04
          7.545  -4.006865E-07  -1.404663E-05  -3.280556E-04
          8.822  -3.273242E-07  -1.565580E-05  -3.649549E-04
         10.240  -2.335830E-07  -1.732597E-05  -4.032672E-04
         11.807  -1.081671E-07  -1.909123E-05  -4.435532E-04
         13.532   2.500721E-08  -2.095117E-05  -4.860546E-04
         15.423   1.498861E-07  -2.287482E-05  -5.302452E-04
         17.486   2.658373E-07  -2.487434E-05  -5.764083E-04
         19.730   3.709659E-07  -2.694471E-05  -6.242634E-04
         22.163   4.585896E-07  -2.912342E-05  -6.745934E-04
         24.793   5.168851E-07  -3.134393E-05  -7.260904E-04
         27.626   5.436094E-07  -3.365129E-05  -7.798167E-04
         30.671   5.422898E-07  -3.603839E-05  -8.351492E-04
         33.934   5.146179E-07  -3.851633E-05  -8.923449E-04
         37.425   4.630921E-07  -4.107089E-05  -9.514600E-04
         41.148   3.924897E-07  -4.366649E-05  -1.011700E-03
         45.113   3.077819E-07  -4.635522E-05  -1.074087E-03
         49.326   2.156089E-07  -4.911689E-05  -1.138089E-03
         53.794   1.271061E-07  -5.193611E-05  -1.203459E-03
         58.524   4.947807E-08  -5.483809E-05  -1.270721E-03
         63.523  -1.172900E-08  -5.778539E-05  -1.339100E-03
         68.797  -5.449295E-08  -6.082295E-05  -1.409641E-03
         74.353  -8.042740E-08  -6.390622E-05  -1.481310E-03
         80.198  -9.387345E-08  -6.703017E-05  -1.554343E-03
         86.338  -1.074553E-07  -7.019368E-05  -1.628958E-03
         92.778  -1.243460E-07  -7.340194E-05  -1.705153E-03
         99.526  -1.460561E-07  -7.665021E-05  -1.782281E-03
        106.586  -1.746557E-07  -7.998545E-05  -1.861419E-03
        113.965  -2.084077E-07  -8.330791E-05  -1.941057E-03
        121.669  -2.554167E-07  -8.666324E-05  -2.022607E-03
        129.703  -3.123750E-07  -8.999250E-05  -2.104364E-03
        138.072  -3.617665E-07  -9.337281E-05  -2.187968E-03
        146.781  -3.975504E-07  -9.674799E-05  -2.272161E-03
        155.836  -4.075839E-07  -1.001431E-04  -2.357795E-03
        165.241  -3.702146E-07  -1.035033E-04  -2.443725E-03
        175.001  -3.024880E-07  -1.068709E-04  -2.530887E-03
        185.121  -2.150495E-07  -1.102167E-04  -2.618768E-03
        195.606  -1.095891E-07  -1.135527E-04  -2.707667E-03
        206.459  -1.015167E-08  -1.168949E-04  -2.797735E-03
        217.685   7.765904E-08  -1.202557E-04  -2.889300E-03
        229.287   1.626129E-07  -1.236240E-04  -2.982362E-03
        241.270   2.366976E-07  -1.269563E-04  -3.075935E-03
        253.637   3.050617E-07  -1.302762E-04  -3.170237E-03
        266.392   3.645926E-07  -1.336236E-04  -3.265786E-03
        279.537   4.175560E-07  -1.369632E-04  -3.362056E-03
        293.077   4.613300E-07  -1.402587E-04  -3.458794E-03
        307.014   4.970396E-07  -1.435284E-04  -3.556508E-03
        321.351   5.284083E-07  -1.465852E-04  -3.654855E-03
        336.091   5.545201E-07  -1.494097E-04  -3.754385E-03
        351.236   5.784628E-07  -1.516990E-04  -3.854551E-03
        366.789   5.992942E-07  -1.534112E-04  -3.955764E-03
        382.751   6.190299E-07  -1.551051E-04  -4.058461E-03
        399.126   6.379460E-07  -1.570212E-04  -4.161732E-03
        415.914   6.560618E-07  -1.593104E-04  -4.266250E-03
        433.118   6.732068E-07  -1.618772E-04  -4.371505E-03
        450.738   6.895943E-07  -1.646985E-04  -4.477757E-03
        468.777   7.052601E-07  -1.677247E-04  -4.584778E-03
        487.236   7.207912E-07  -1.709106E-04  -4.692648E-03
        506.115   7.373380E-07  -1.742468E-04  -4.801446E-03
        525.416   7.581971E-07  -1.777640E-04  -4.911155E-03
        545.139   7.872294E-07  -1.814827E-04  -5.021738E-03
        565.285   8.267746E-07  -1.853022E-04  -5.132859E-03
        585.854   8.811001E-07  -1.892133E-04  -5.244469E-03
        606.847   9.558579E-07  -1.935299E-04  -5.356522E-03
        628.263   1.047981E-06  -1.981491E-04  -5.468941E-03
        650.104   1.171688E-06  -2.027115E-04  -5.581820E-03
        672.367   1.353782E-06  -2.071920E-04  -5.694999E-03
        695.054   1.623893E-06  -2.116282E-04  -5.807837E-03
        718.163   2.016454E-06  -2.160161E-04  -5.919677E-03
        741.693   2.691496E-06  -2.199697E-04  -6.027365E-03
        765.645   4.022034E-06  -2.231771E-04  -6.125891E-03
        790.017   6.463767E-06  -2.253991E-04  -6.205448E-03
        814.807   1.069745E-05  -2.261822E-04  -6.254410E-03
        840.016   1.854434E-05  -2.239554E-04  -6.236323E-03
        865.640   3.377829E-05  -2.159692E-04  -6.075171E-03
        891.679   6.410674E-05  -1.975097E-04  -5.632422E-03
        918.130   1.301303E-04  -1.576373E-04  -4.571349E-03
        944.993   2.750839E-04  -7.541433E-05  -2.231421E-03
        972.264   4.903885E-04   3.714550E-05   1.064430E-03
        999.942   5.990584E-04   9.042798E-05   2.650693E-03
       1028.025   5.998863E-04   9.160153E-05   2.698651E-03
       1056.510   6.005828E-04   9.238653E-05   2.747313E-03
       1085.394   6.011166E-04   9.271051E-05   2.796630E-03

       Profile 2 ATM K-Matrix output for v.seviri_m09 channel 2
       Pressure      dTb/dT       dTb/dH2O        dTb/dO3
          0.009  -6.567446E-09  -2.595037E-06  -2.003921E-07
          0.026  -1.423037E-08  -5.061419E-06  -4.165648E-07
          0.055  -2.572900E-08  -8.931915E-06  -7.483050E-07
          0.104  -4.179237E-08  -1.369499E-05  -1.168561E-06
          0.177  -5.512405E-08  -1.982120E-05  -1.710245E-06
          0.281  -6.336028E-08  -2.754020E-05  -2.389957E-06
          0.421  -7.250393E-08  -3.654713E-05  -3.188813E-06
          0.604  -3.901237E-08  -4.655510E-05  -4.090724E-06
          0.838   4.730645E-09  -5.805846E-05  -5.110772E-06
          1.129  -3.427875E-08  -7.252160E-05  -6.349096E-06
          1.484  -5.765559E-08  -8.823425E-05  -7.690962E-06
          1.910  -5.993618E-08  -1.053494E-04  -9.159905E-06
          2.416  -5.326323E-08  -1.236754E-04  -1.073077E-05
          3.009  -4.195658E-08  -1.439650E-04  -1.246887E-05
          3.696  -3.071961E-08  -1.656841E-04  -1.434070E-05
          4.485  -2.174638E-08  -1.891049E-04  -1.636299E-05
          5.385  -1.349843E-08  -2.145249E-04  -1.854725E-05
          6.402  -1.418489E-10  -2.412583E-04  -2.083020E-05
          7.545   2.006159E-08  -2.695190E-04  -2.325359E-05
          8.822   3.653119E-08  -2.995165E-04  -2.586515E-05
         10.240   5.022329E-08  -3.304820E-04  -2.858263E-05
         11.807   6.558788E-08  -3.629898E-04  -3.143524E-05
         13.532   7.754150E-08  -3.970310E-04  -3.444995E-05
         15.423   8.363774E-08  -4.319957E-04  -3.759338E-05
         17.486   8.692410E-08  -4.680532E-04  -4.088131E-05
         19.730   8.994823E-08  -5.050119E-04  -4.428798E-05
         22.163   9.274316E-08  -5.435234E-04  -4.786658E-05
         24.793   9.375939E-08  -5.822634E-04  -5.152702E-05
         27.626   9.341026E-08  -6.220171E-04  -5.534317E-05
         30.671   9.225674E-08  -6.628052E-04  -5.926638E-05
         33.934   9.021461E-08  -7.048408E-04  -6.331533E-05
         37.425   8.723569E-08  -7.476375E-04  -6.749579E-05
         41.148   8.348518E-08  -7.904986E-04  -7.175110E-05
         45.113   7.939126E-08  -8.344538E-04  -7.615310E-05
         49.326   7.545045E-08  -8.791743E-04  -8.066409E-05
         53.794   7.237830E-08  -9.242542E-04  -8.526652E-05
         58.524   7.079804E-08  -9.700194E-04  -8.999755E-05
         63.523   7.093167E-08  -1.015805E-03  -9.480188E-05
         68.797   7.292122E-08  -1.062719E-03  -9.975329E-05
         74.353   7.662795E-08  -1.110002E-03  -1.047781E-04
         80.198   8.085004E-08  -1.157053E-03  -1.098916E-04
         86.338   8.369264E-08  -1.203566E-03  -1.151079E-04
         92.778   8.510935E-08  -1.249762E-03  -1.204268E-04
         99.526   8.674679E-08  -1.297292E-03  -1.258056E-04
        106.586   8.916899E-08  -1.347087E-03  -1.313217E-04
        113.965   8.924558E-08  -1.394772E-03  -1.368660E-04
        121.669   8.348870E-08  -1.440249E-03  -1.425389E-04
        129.703   7.357177E-08  -1.483654E-03  -1.482228E-04
        138.072   6.257636E-08  -1.527022E-03  -1.540369E-04
        146.781   5.124546E-08  -1.569429E-03  -1.598950E-04
        155.836   3.990072E-08  -1.610116E-03  -1.658510E-04
        165.241   3.138893E-08  -1.647641E-03  -1.718148E-04
        175.001   2.541572E-08  -1.683776E-03  -1.778540E-04
        185.121   2.053747E-08  -1.718218E-03  -1.839267E-04
        195.606   1.682431E-08  -1.751217E-03  -1.900496E-04
        206.459   1.250202E-08  -1.785736E-03  -1.962692E-04
        217.685   6.674648E-09  -1.822027E-03  -2.026159E-04
        229.287  -5.649024E-10  -1.857897E-03  -2.090562E-04
        241.270  -1.044052E-08  -1.893004E-03  -2.155196E-04
        253.637  -2.135302E-08  -1.926691E-03  -2.220157E-04
        266.392  -3.279043E-08  -1.958552E-03  -2.285786E-04
        279.537  -4.521817E-08  -1.988796E-03  -2.351669E-04
        293.077  -6.043427E-08  -2.018025E-03  -2.417587E-04
        307.014  -7.833959E-08  -2.046307E-03  -2.483860E-04
        321.351  -1.063627E-07  -2.080250E-03  -2.550418E-04
        336.091  -1.444153E-07  -2.122007E-03  -2.617702E-04
        351.236  -1.978781E-07  -2.178196E-03  -2.685642E-04
        366.789  -2.635451E-07  -2.248418E-03  -2.754849E-04
        382.751  -3.259110E-07  -2.329272E-03  -2.825617E-04
        399.126  -3.709972E-07  -2.419885E-03  -2.897570E-04
        415.914  -3.828039E-07  -2.513171E-03  -2.971110E-04
        433.118  -3.497581E-07  -2.606349E-03  -3.045923E-04
        450.738  -2.617018E-07  -2.698856E-03  -3.122238E-04
        468.777  -1.100191E-07  -2.791403E-03  -3.199956E-04
        487.236   1.167407E-07  -2.884975E-03  -3.279341E-04
        506.115   4.379894E-07  -2.979550E-03  -3.360675E-04
        525.416   8.816798E-07  -3.074688E-03  -3.443903E-04
        545.139   1.486087E-06  -3.170423E-03  -3.528895E-04
        565.285   2.304255E-06  -3.266301E-03  -3.615152E-04
        585.854   3.410739E-06  -3.361603E-03  -3.702495E-04
        606.847   4.696377E-06  -3.460810E-03  -3.789524E-04
        628.263   6.094469E-06  -3.564877E-03  -3.876437E-04
        650.104   8.058685E-06  -3.666171E-03  -3.965679E-04
        672.367   1.096794E-05  -3.762148E-03  -4.057007E-04
        695.054   1.511465E-05  -3.852899E-03  -4.148994E-04
        718.163   2.079354E-05  -3.938368E-03  -4.240431E-04
        741.693   3.030060E-05  -4.006465E-03  -4.329436E-04
        765.645   4.837908E-05  -4.045624E-03  -4.410318E-04
        790.017   7.977361E-05  -4.052086E-03  -4.471629E-04
        814.807   1.319849E-04  -4.017839E-03  -4.501358E-04
        840.016   2.279592E-04  -3.907421E-03  -4.466103E-04
        865.640   4.129341E-04  -3.669545E-03  -4.300909E-04
        891.679   7.642221E-04  -3.235417E-03  -3.902133E-04
        918.130   1.439701E-03  -2.455175E-03  -3.037649E-04
        944.993   2.619561E-03  -1.096072E-03  -1.314446E-04
        972.264   4.009149E-03   5.181286E-04   9.081288E-05
        999.942   4.530108E-03   1.222049E-03   1.938938E-04
       1028.025   4.352066E-03   1.248167E-03   1.989773E-04
       1056.510   4.194452E-03   1.269341E-03   2.042376E-04
       1085.394   4.052752E-03   1.284788E-03   2.096786E-04

       Profile 2 ATM K-Matrix output for v.seviri_m09 channel 3
       Pressure      dTb/dT       dTb/dH2O        dTb/dO3
          0.009  -1.173721E-08  -1.863159E-07   0.000000E+00
          0.026  -1.527656E-08  -3.949572E-07   0.000000E+00
          0.055  -1.869365E-08  -8.656418E-07   0.000000E+00
          0.104  -2.024301E-08  -1.637865E-06   0.000000E+00
          0.177  -1.412127E-08  -2.653869E-06   0.000000E+00
          0.281   9.744432E-09  -3.905721E-06   0.000000E+00
          0.421   1.312468E-07  -5.437788E-06   0.000000E+00
          0.604   4.896386E-07  -6.791459E-06   0.000000E+00
          0.838   7.300661E-07  -8.366581E-06   0.000000E+00
          1.129   5.582167E-07  -1.078362E-05   0.000000E+00
          1.484   3.208775E-07  -1.316062E-05   0.000000E+00
          1.910   1.613062E-07  -1.540836E-05   0.000000E+00
          2.416   4.536217E-08  -1.753055E-05   0.000000E+00
          3.009  -3.170130E-08  -1.973908E-05   0.000000E+00
          3.696  -6.134237E-08  -2.242589E-05   0.000000E+00
          4.485  -4.245059E-08  -2.594236E-05   0.000000E+00
          5.385   5.082962E-08  -3.033074E-05   0.000000E+00
          6.402   2.467227E-07  -3.514957E-05   0.000000E+00
          7.545   4.543991E-07  -3.991318E-05   0.000000E+00
          8.822   5.296682E-07  -4.453335E-05   0.000000E+00
         10.240   5.596845E-07  -4.920847E-05   0.000000E+00
         11.807   6.520621E-07  -5.430187E-05   0.000000E+00
         13.532   7.018413E-07  -5.954592E-05   0.000000E+00
         15.423   6.540356E-07  -6.466624E-05   0.000000E+00
         17.486   5.481259E-07  -6.968221E-05   0.000000E+00
         19.730   4.511267E-07  -7.474663E-05   0.000000E+00
         22.163   3.824566E-07  -8.008307E-05   0.000000E+00
         24.793   2.991423E-07  -8.524669E-05   0.000000E+00
         27.626   2.122536E-07  -9.034740E-05   0.000000E+00
         30.671   1.827832E-07  -9.601715E-05   0.000000E+00
         33.934   1.979323E-07  -1.023501E-04   0.000000E+00
         37.425   2.112707E-07  -1.088021E-04   0.000000E+00
         41.148   2.224174E-07  -1.152644E-04   0.000000E+00
         45.113   2.538521E-07  -1.221962E-04   0.000000E+00
         49.326   3.144383E-07  -1.297096E-04   0.000000E+00
         53.794   3.948543E-07  -1.376323E-04   0.000000E+00
         58.524   5.033841E-07  -1.461332E-04   0.000000E+00
         63.523   6.384362E-07  -1.550549E-04   0.000000E+00
         68.797   8.216895E-07  -1.647150E-04   0.000000E+00
         74.353   1.073355E-06  -1.750850E-04   0.000000E+00
         80.198   1.333157E-06  -1.854523E-04   0.000000E+00
         86.338   1.538602E-06  -1.953678E-04   0.000000E+00
         92.778   1.713522E-06  -2.051525E-04   0.000000E+00
         99.526   2.081489E-06  -2.164673E-04   0.000000E+00
        106.586   2.733169E-06  -2.294957E-04   0.000000E+00
        113.965   3.292810E-06  -2.415596E-04   0.000000E+00
        121.669   3.485821E-06  -2.519662E-04   0.000000E+00
        129.703   3.495442E-06  -2.615174E-04   0.000000E+00
        138.072   3.474773E-06  -2.710805E-04   0.000000E+00
        146.781   3.429115E-06  -2.805052E-04   0.000000E+00
        155.836   3.204380E-06  -2.888375E-04   0.000000E+00
        165.241   2.793404E-06  -2.953006E-04   0.000000E+00
        175.001   2.393080E-06  -3.008630E-04   0.000000E+00
        185.121   2.029576E-06  -3.054348E-04   0.000000E+00
        195.606   1.731229E-06  -3.092978E-04   0.000000E+00
        206.459   1.610815E-06  -3.153311E-04   0.000000E+00
        217.685   1.607244E-06  -3.237522E-04   0.000000E+00
        229.287   1.613098E-06  -3.324422E-04   0.000000E+00
        241.270   1.630273E-06  -3.414091E-04   0.000000E+00
        253.637   1.654131E-06  -3.506431E-04   0.000000E+00
        266.392   1.687546E-06  -3.603602E-04   0.000000E+00
        279.537   1.726332E-06  -3.703716E-04   0.000000E+00
        293.077   1.767500E-06  -3.805052E-04   0.000000E+00
        307.014   1.810460E-06  -3.907898E-04   0.000000E+00
        321.351   1.859400E-06  -4.009070E-04   0.000000E+00
        336.091   1.916527E-06  -4.109270E-04   0.000000E+00
        351.236   1.991699E-06  -4.205741E-04   0.000000E+00
        366.789   2.104512E-06  -4.305248E-04   0.000000E+00
        382.751   2.267625E-06  -4.421043E-04   0.000000E+00
        399.126   2.517574E-06  -4.557559E-04   0.000000E+00
        415.914   2.882719E-06  -4.712426E-04   0.000000E+00
        433.118   3.402264E-06  -4.880443E-04   0.000000E+00
        450.738   4.129390E-06  -5.059597E-04   0.000000E+00
        468.777   5.124397E-06  -5.247106E-04   0.000000E+00
        487.236   6.483746E-06  -5.441240E-04   0.000000E+00
        506.115   8.348077E-06  -5.640613E-04   0.000000E+00
        525.416   1.084147E-05  -5.842443E-04   0.000000E+00
        545.139   1.408124E-05  -6.043642E-04   0.000000E+00
        565.285   1.809549E-05  -6.236814E-04   0.000000E+00
        585.854   2.295441E-05  -6.419673E-04   0.000000E+00
        606.847   2.798560E-05  -6.600337E-04   0.000000E+00
        628.263   3.305782E-05  -6.779046E-04   0.000000E+00
        650.104   3.976996E-05  -6.943444E-04   0.000000E+00
        672.367   4.864585E-05  -7.086203E-04   0.000000E+00
        695.054   5.960628E-05  -7.204127E-04   0.000000E+00
        718.163   7.252063E-05  -7.295511E-04   0.000000E+00
        741.693   9.026958E-05  -7.329590E-04   0.000000E+00
        765.645   1.167087E-04  -7.267095E-04   0.000000E+00
        790.017   1.521967E-04  -7.096956E-04   0.000000E+00
        814.807   1.979424E-04  -6.806274E-04   0.000000E+00
        840.016   2.620758E-04  -6.314387E-04   0.000000E+00
        865.640   3.550050E-04  -5.524141E-04   0.000000E+00
        891.679   4.869913E-04  -4.354063E-04   0.000000E+00
        918.130   6.768916E-04  -2.614130E-04   0.000000E+00
        944.993   9.285943E-04  -1.286865E-05   0.000000E+00
        972.264   1.169022E-03   2.333137E-04   0.000000E+00
        999.942   1.264072E-03   3.320744E-04   0.000000E+00
       1028.025   1.259538E-03   3.370272E-04   0.000000E+00
       1056.510   1.255469E-03   3.409091E-04   0.000000E+00
       1085.394   1.251698E-03   3.435468E-04   0.000000E+00

       Profile 2 ATM K-Matrix output for v.seviri_m09 channel 12
       Pressure      dTb/dT       dTb/dH2O        dTb/dO3
          0.009  -5.212445E-08  -6.350689E-07  -1.284773E-06
          0.026  -7.796444E-08  -1.201989E-06  -2.680172E-06
          0.055  -1.032095E-07  -1.828151E-06  -4.835910E-06
          0.104  -1.333677E-07  -2.391352E-06  -7.594980E-06
          0.177  -1.683384E-07  -3.133757E-06  -1.119398E-05
          0.281  -2.027563E-07  -4.076968E-06  -1.577767E-05
          0.421  -2.456676E-07  -4.947553E-06  -2.130214E-05
          0.604  -1.916011E-07  -5.795669E-06  -2.788406E-05
          0.838  -1.063008E-07  -7.103587E-06  -3.543043E-05
          1.129  -2.749678E-07  -9.341825E-06  -4.430789E-05
          1.484  -3.567546E-07  -1.203553E-05  -5.406176E-05
          1.910  -3.610325E-07  -1.511872E-05  -6.478617E-05
          2.416  -2.929773E-07  -1.858785E-05  -7.612607E-05
          3.009  -1.384022E-07  -2.246231E-05  -8.847005E-05
          3.696   8.016251E-08  -2.626348E-05  -1.015273E-04
          4.485   3.153190E-07  -2.970004E-05  -1.153949E-04
          5.385   5.324779E-07  -3.274897E-05  -1.301451E-04
          6.402   7.147479E-07  -3.559330E-05  -1.453996E-04
          7.545   8.588484E-07  -3.897278E-05  -1.616193E-04
          8.822   9.529184E-07  -4.335731E-05  -1.792076E-04
         10.240   9.937918E-07  -4.813850E-05  -1.975119E-04
         11.807   9.891930E-07  -5.291613E-05  -2.166862E-04
         13.532   9.416243E-07  -5.818435E-05  -2.369890E-04
         15.423   8.591559E-07  -6.415289E-05  -2.582060E-04
         17.486   7.593491E-07  -7.079313E-05  -2.804241E-04
         19.730   6.543544E-07  -7.780374E-05  -3.034434E-04
         22.163   5.516556E-07  -8.514842E-05  -3.276148E-04
         24.793   4.534354E-07  -9.299638E-05  -3.523092E-04
         27.626   3.639678E-07  -1.014919E-04  -3.780094E-04
         30.671   2.813409E-07  -1.098151E-04  -4.043986E-04
         33.934   2.042826E-07  -1.179609E-04  -4.315999E-04
         37.425   1.328675E-07  -1.265337E-04  -4.596034E-04
         41.148   6.560517E-08  -1.354580E-04  -4.880085E-04
         45.113   3.775406E-09  -1.445332E-04  -5.173231E-04
         49.326  -4.673221E-08  -1.535310E-04  -5.473040E-04
         53.794  -8.234938E-08  -1.625978E-04  -5.778141E-04
         58.524  -9.787597E-08  -1.717504E-04  -6.091183E-04
         63.523  -8.832325E-08  -1.809548E-04  -6.408413E-04
         68.797  -5.671587E-08  -1.900971E-04  -6.735154E-04
         74.353  -4.964315E-09  -1.989507E-04  -7.066714E-04
         80.198   5.160357E-08  -2.083564E-04  -7.403104E-04
         86.338   7.521842E-08  -2.188699E-04  -7.744370E-04
         92.778   7.377243E-08  -2.301871E-04  -8.090986E-04
         99.526   6.350363E-08  -2.402077E-04  -8.443705E-04
        106.586   3.854427E-08  -2.489984E-04  -8.808793E-04
        113.965  -1.507747E-08  -2.594097E-04  -9.173674E-04
        121.669  -1.189015E-07  -2.728495E-04  -9.542136E-04
        129.703  -2.565848E-07  -2.878959E-04  -9.908965E-04
        138.072  -3.805017E-07  -3.039608E-04  -1.028453E-03
        146.781  -4.812225E-07  -3.208904E-04  -1.066361E-03
        155.836  -5.394333E-07  -3.401050E-04  -1.104662E-03
        165.241  -5.108217E-07  -3.621384E-04  -1.142544E-03
        175.001  -4.331887E-07  -3.860441E-04  -1.180761E-03
        185.121  -3.299053E-07  -4.117273E-04  -1.219003E-03
        195.606  -1.992216E-07  -4.390313E-04  -1.257426E-03
        206.459  -7.027766E-08  -4.646182E-04  -1.297483E-03
        217.685   4.710712E-08  -4.882908E-04  -1.339524E-03
        229.287   1.540330E-07  -5.126097E-04  -1.382441E-03
        241.270   2.292523E-07  -5.372953E-04  -1.425806E-03
        253.637   2.835580E-07  -5.628895E-04  -1.469613E-03
        266.392   3.053817E-07  -5.897980E-04  -1.514101E-03
        279.537   2.995823E-07  -6.178459E-04  -1.558944E-03
        293.077   2.567406E-07  -6.466754E-04  -1.603969E-03
        307.014   1.767786E-07  -6.764560E-04  -1.649365E-03
        321.351   9.055919E-08  -7.039434E-04  -1.695405E-03
        336.091  -5.367224E-09  -7.300796E-04  -1.742471E-03
        351.236  -7.933753E-08  -7.545852E-04  -1.790987E-03
        366.789  -1.283850E-07  -7.797096E-04  -1.841774E-03
        382.751  -1.655248E-07  -8.051353E-04  -1.894919E-03
        399.126  -1.913919E-07  -8.280113E-04  -1.950458E-03
        415.914  -2.239267E-07  -8.496649E-04  -2.008490E-03
        433.118  -2.702448E-07  -8.716018E-04  -2.068809E-03
        450.738  -3.361504E-07  -8.952686E-04  -2.131603E-03
        468.777  -4.245618E-07  -9.210964E-04  -2.196876E-03
        487.236  -5.315053E-07  -9.487176E-04  -2.265077E-03
        506.115  -6.531447E-07  -9.778615E-04  -2.336725E-03
        525.416  -7.816091E-07  -1.008870E-03  -2.411834E-03
        545.139  -9.049212E-07  -1.041947E-03  -2.490353E-03
        565.285  -1.020586E-06  -1.075736E-03  -2.571827E-03
        585.854  -1.120335E-06  -1.110005E-03  -2.656211E-03
        606.847  -1.172458E-06  -1.148998E-03  -2.740688E-03
        628.263  -1.173078E-06  -1.191017E-03  -2.825608E-03
        650.104  -1.093453E-06  -1.231124E-03  -2.916803E-03
        672.367  -8.598314E-07  -1.269355E-03  -3.014993E-03
        695.054  -3.764343E-07  -1.306659E-03  -3.118746E-03
        718.163   4.627319E-07  -1.343404E-03  -3.226935E-03
        741.693   2.132855E-06  -1.376321E-03  -3.343606E-03
        765.645   5.883049E-06  -1.403739E-03  -3.471024E-03
        790.017   1.349380E-05  -1.425367E-03  -3.600371E-03
        814.807   2.798801E-05  -1.438908E-03  -3.723431E-03
        840.016   5.798195E-05  -1.434637E-03  -3.824107E-03
        865.640   1.230424E-04  -1.395884E-03  -3.856665E-03
        891.679   2.628376E-04  -1.293395E-03  -3.721492E-03
        918.130   5.736276E-04  -1.057736E-03  -3.167766E-03
        944.993   1.223468E-03  -5.537915E-04  -1.640084E-03
        972.264   2.114172E-03   1.421351E-04   7.968791E-04
        999.942   2.479704E-03   4.678816E-04   2.067483E-03
       1028.025   2.376220E-03   4.785798E-04   2.144381E-03
       1056.510   2.285626E-03   4.884330E-04   2.224863E-03
       1085.394   2.205027E-03   4.974162E-04   2.309062E-03

     Destroying the CRTM...
