
     **********************************************************
                          Example_K_Matrix

      Program to provide an example of CRTM K-matrix function 
      usage.

      $Revision: 5479 $
     **********************************************************


     Enter sensor id [hirs4_n18, amsua_n18, or mhs_n18]: 
     Initializing the CRTM...
 Read_SpcCoeff_Binary(INFORMATION) : FILE: ../Coefficient_Data/zssmis_f16.SpcCoeff.bin; 
 SpcCoeff RELEASE.VERSION:  7.01  N_CHANNELS=4
 Read_ODPS_Binary(INFORMATION) : FILE: ../Coefficient_Data/zssmis_f16.TauCoeff.bin; 
   ODPS RELEASE.VERSION:  2.01  N_LAYERS=105  N_COMPONENTS=1  N_ABSORBERS=1  N_CHANNELS=4  N_COEFFS=59575
 Read_CloudCoeff_Binary(INFORMATION) : FILE: ../Coefficient_Data/CloudCoeff.bin; 
 CloudCoeff RELEASE.VERSION:  2.03  N_FREQUENCIES(MW)=  31  N_FREQUENCIES(IR)= 601  N_RADII(MW)=10  N_RADII(IR)=10  N_TEMPERATURES= 5  N_DENSITIES= 3  N_LEGENDRE_TERMS=38  N_PHASE_ELEMENTS= 1
 Read_AerosolCoeff_Binary(INFORMATION) : FILE: ../Coefficient_Data/AerosolCoeff.bin; 
 AerosolCoeff RELEASE.VERSION:  2.02  N_WAVELENGTHS=  91  N_RADII= 36  N_TYPES= 8  N_RH= 36  N_LEGENDRE_TERMS=37  N_PHASE_ELEMENTS= 1
 Read_EmisCoeff_Binary(INFORMATION) : FILE: ../Coefficient_Data/EmisCoeff.bin; 
 EmisCoeff RELEASE.VERSION:  2.01  N_ANGLES= 67  N_FREQUENCIES=  153  N_WIND_SPEEDS= 23

       Profile 1 FWD output
       Sensor_Id   Channel         R            Tb
       zssmis_f1     19      8.925210E-03     243.473
       zssmis_f1     20      7.967252E-03     235.500
       zssmis_f1     21      8.782886E-03     259.460
       zssmis_f1     22      8.599610E-03     254.076

       Profile 2 FWD output
       Sensor_Id   Channel         R            Tb
       zssmis_f1     19      8.195409E-03     223.688
       zssmis_f1     20      6.739823E-03     199.443
       zssmis_f1     21      8.351336E-03     246.783
       zssmis_f1     22      8.235634E-03     243.384

       Profile 1 SFC K-Matrix output
       Sensor_Id   Channel  dTb/dTland  dTb/dTwater
       zssmis_f1     19       0.000       0.000
       zssmis_f1     20       0.000       0.000
       zssmis_f1     21       0.000       0.000
       zssmis_f1     22       0.000       0.000

       Profile 2 SFC K-Matrix output
       Sensor_Id   Channel  dTb/dTland  dTb/dTwater
       zssmis_f1     19       0.000       0.000
       zssmis_f1     20       0.000       0.000
       zssmis_f1     21       0.000       0.000
       zssmis_f1     22       0.000       0.000

       Profile 1 ATM K-Matrix output for zssmis_f16 channel 19
       Pressure      dTb/dT       dTb/dH2O        dTb/dO3
          0.009   6.336364E-02   0.000000E+00   0.000000E+00
          0.026   1.076266E-01   0.000000E+00   0.000000E+00
          0.055   1.530898E-01   0.000000E+00   0.000000E+00
          0.104   1.652192E-01   0.000000E+00   0.000000E+00
          0.177   1.515849E-01   0.000000E+00   0.000000E+00
          0.281   1.221856E-01   0.000000E+00   0.000000E+00
          0.421   8.657761E-02   0.000000E+00   0.000000E+00
          0.604   5.598584E-02   0.000000E+00   0.000000E+00
          0.838   3.375764E-02   0.000000E+00   0.000000E+00
          1.129   1.945749E-02   0.000000E+00   0.000000E+00
          1.484   1.098295E-02   0.000000E+00   0.000000E+00
          1.910   6.057739E-03   0.000000E+00   0.000000E+00
          2.416   3.253323E-03   0.000000E+00   0.000000E+00
          3.009   1.815601E-03   0.000000E+00   0.000000E+00
          3.696   1.078359E-03   0.000000E+00   0.000000E+00
          4.485   6.725732E-04   0.000000E+00   0.000000E+00
          5.385   4.394221E-04   0.000000E+00   0.000000E+00
          6.402   2.976519E-04   0.000000E+00   0.000000E+00
          7.545   2.048542E-04   0.000000E+00   0.000000E+00
          8.822   1.428560E-04   0.000000E+00   0.000000E+00
         10.240   1.008306E-04   0.000000E+00   0.000000E+00
         11.807   7.251613E-05   0.000000E+00   0.000000E+00
         13.532   5.321751E-05   0.000000E+00   0.000000E+00
         15.423   3.972969E-05   0.000000E+00   0.000000E+00
         17.486   2.996695E-05   0.000000E+00   0.000000E+00
         19.730   2.265276E-05   0.000000E+00   0.000000E+00
         22.163   1.731634E-05   0.000000E+00   0.000000E+00
         24.793   1.333850E-05   0.000000E+00   0.000000E+00
         27.626   1.025794E-05   0.000000E+00   0.000000E+00
         30.671   8.033610E-06   0.000000E+00   0.000000E+00
         33.934   6.432673E-06   0.000000E+00   0.000000E+00
         37.425   5.172368E-06   0.000000E+00   0.000000E+00
         41.148   4.198536E-06   0.000000E+00   0.000000E+00
         45.113   3.443868E-06   0.000000E+00   0.000000E+00
         49.326   2.824434E-06   0.000000E+00   0.000000E+00
         53.794   2.339143E-06   0.000000E+00   0.000000E+00
         58.524   1.926575E-06   0.000000E+00   0.000000E+00
         63.523   1.601449E-06   0.000000E+00   0.000000E+00
         68.797   1.322496E-06   0.000000E+00   0.000000E+00
         74.353   1.107493E-06   0.000000E+00   0.000000E+00
         80.198   9.279161E-07   0.000000E+00   0.000000E+00
         86.338   7.838368E-07   0.000000E+00   0.000000E+00
         92.778   6.843580E-07   0.000000E+00   0.000000E+00
         99.526   5.757767E-07   0.000000E+00   0.000000E+00
        106.586   5.382738E-07   0.000000E+00   0.000000E+00
        113.965   4.566545E-07   0.000000E+00   0.000000E+00
        121.669   4.213285E-07   0.000000E+00   0.000000E+00
        129.703   3.775249E-07   0.000000E+00   0.000000E+00
        138.072   3.222106E-07   0.000000E+00   0.000000E+00
        146.781   3.124355E-07   0.000000E+00   0.000000E+00
        155.836   2.600232E-07   0.000000E+00   0.000000E+00
        165.241   2.327131E-07   0.000000E+00   0.000000E+00
        175.001   2.095548E-07   0.000000E+00   0.000000E+00
        185.121   1.715520E-07   0.000000E+00   0.000000E+00
        195.606   1.560317E-07   0.000000E+00   0.000000E+00
        206.459   1.331752E-07   0.000000E+00   0.000000E+00
        217.685   1.070759E-07   0.000000E+00   0.000000E+00
        229.287   9.610370E-08   0.000000E+00   0.000000E+00
        241.270   7.966015E-08   0.000000E+00   0.000000E+00
        253.637   6.273549E-08   0.000000E+00   0.000000E+00
        266.392   5.433325E-08   0.000000E+00   0.000000E+00
        279.537   4.462237E-08   0.000000E+00   0.000000E+00
        293.077   3.434117E-08   0.000000E+00   0.000000E+00
        307.014   2.825849E-08   0.000000E+00   0.000000E+00
        321.351   2.329546E-08   0.000000E+00   0.000000E+00
        336.091   1.748247E-08   0.000000E+00   0.000000E+00
        351.236   1.346868E-08   0.000000E+00   0.000000E+00
        366.789   1.130060E-08   0.000000E+00   0.000000E+00
        382.751   8.245642E-09   0.000000E+00   0.000000E+00
        399.126   6.042431E-09   0.000000E+00   0.000000E+00
        415.914   4.926249E-09   0.000000E+00   0.000000E+00
        433.118   3.612638E-09   0.000000E+00   0.000000E+00
        450.738   2.571537E-09   0.000000E+00   0.000000E+00
        468.777   1.917402E-09   0.000000E+00   0.000000E+00
        487.236   1.477076E-09   0.000000E+00   0.000000E+00
        506.115   1.023355E-09   0.000000E+00   0.000000E+00
        525.416   7.117464E-10   0.000000E+00   0.000000E+00
        545.139   1.544253E-10   0.000000E+00   0.000000E+00
        565.285   2.001355E-12   0.000000E+00   0.000000E+00
        585.854   0.000000E+00   0.000000E+00   0.000000E+00
        606.847   0.000000E+00   0.000000E+00   0.000000E+00
        628.263   0.000000E+00   0.000000E+00   0.000000E+00
        650.104   0.000000E+00   0.000000E+00   0.000000E+00
        672.367   0.000000E+00   0.000000E+00   0.000000E+00
        695.054   0.000000E+00   0.000000E+00   0.000000E+00
        718.163   0.000000E+00   0.000000E+00   0.000000E+00
        741.693   0.000000E+00   0.000000E+00   0.000000E+00
        765.645   0.000000E+00   0.000000E+00   0.000000E+00
        790.017   0.000000E+00   0.000000E+00   0.000000E+00
        814.807   0.000000E+00   0.000000E+00   0.000000E+00
        840.016   0.000000E+00   0.000000E+00   0.000000E+00
        865.640   0.000000E+00   0.000000E+00   0.000000E+00
        891.679   0.000000E+00   0.000000E+00   0.000000E+00
        918.130   0.000000E+00   0.000000E+00   0.000000E+00
        944.993   0.000000E+00   0.000000E+00   0.000000E+00
        972.264   0.000000E+00   0.000000E+00   0.000000E+00
        999.942   0.000000E+00   0.000000E+00   0.000000E+00
       1028.025   0.000000E+00   0.000000E+00   0.000000E+00
       1056.510   0.000000E+00   0.000000E+00   0.000000E+00
       1085.394   0.000000E+00   0.000000E+00   0.000000E+00

       Profile 1 ATM K-Matrix output for zssmis_f16 channel 20
       Pressure      dTb/dT       dTb/dH2O        dTb/dO3
          0.009   1.734910E-01   0.000000E+00   0.000000E+00
          0.026   2.462769E-01   0.000000E+00   0.000000E+00
          0.055   2.407044E-01   0.000000E+00   0.000000E+00
          0.104   1.756462E-01   0.000000E+00   0.000000E+00
          0.177   1.073136E-01   0.000000E+00   0.000000E+00
          0.281   5.476486E-02   0.000000E+00   0.000000E+00
          0.421   2.306633E-02   0.000000E+00   0.000000E+00
          0.604   8.327461E-03   0.000000E+00   0.000000E+00
          0.838   2.665967E-03   0.000000E+00   0.000000E+00
          1.129   7.884233E-04   0.000000E+00   0.000000E+00
          1.484   2.252970E-04   0.000000E+00   0.000000E+00
          1.910   6.454734E-05   0.000000E+00   0.000000E+00
          2.416   1.881905E-05   0.000000E+00   0.000000E+00
          3.009   5.550807E-06   0.000000E+00   0.000000E+00
          3.696   1.701050E-06   0.000000E+00   0.000000E+00
          4.485   5.131400E-07   0.000000E+00   0.000000E+00
          5.385   1.640907E-07   0.000000E+00   0.000000E+00
          6.402   5.526902E-08   0.000000E+00   0.000000E+00
          7.545   1.971041E-08   0.000000E+00   0.000000E+00
          8.822   7.404870E-09   0.000000E+00   0.000000E+00
         10.240   2.902837E-09   0.000000E+00   0.000000E+00
         11.807   1.183108E-09   0.000000E+00   0.000000E+00
         13.532   4.992209E-10   0.000000E+00   0.000000E+00
         15.423   2.171203E-10   0.000000E+00   0.000000E+00
         17.486   9.732383E-11   0.000000E+00   0.000000E+00
         19.730   4.486896E-11   0.000000E+00   0.000000E+00
         22.163   2.114376E-11   0.000000E+00   0.000000E+00
         24.793   1.016503E-11   0.000000E+00   0.000000E+00
         27.626   5.008581E-12   0.000000E+00   0.000000E+00
         30.671   2.504682E-12   0.000000E+00   0.000000E+00
         33.934   1.266175E-12   0.000000E+00   0.000000E+00
         37.425   6.532241E-13   0.000000E+00   0.000000E+00
         41.148   3.412431E-13   0.000000E+00   0.000000E+00
         45.113   1.801359E-13   0.000000E+00   0.000000E+00
         49.326   9.741547E-14   0.000000E+00   0.000000E+00
         53.794   5.263580E-14   0.000000E+00   0.000000E+00
         58.524   2.918348E-14   0.000000E+00   0.000000E+00
         63.523   1.616225E-14   0.000000E+00   0.000000E+00
         68.797   9.168417E-15   0.000000E+00   0.000000E+00
         74.353   5.168377E-15   0.000000E+00   0.000000E+00
         80.198   2.991677E-15   0.000000E+00   0.000000E+00
         86.338   1.694951E-15   0.000000E+00   0.000000E+00
         92.778   1.000662E-15   0.000000E+00   0.000000E+00
         99.526   5.634402E-16   0.000000E+00   0.000000E+00
        106.586   3.351611E-16   0.000000E+00   0.000000E+00
        113.965   1.887890E-16   0.000000E+00   0.000000E+00
        121.669   1.098865E-16   0.000000E+00   0.000000E+00
        129.703   6.293511E-17   0.000000E+00   0.000000E+00
        138.072   3.559061E-17   0.000000E+00   0.000000E+00
        146.781   2.104593E-17   0.000000E+00   0.000000E+00
        155.836   1.165746E-17   0.000000E+00   0.000000E+00
        165.241   6.717328E-18   0.000000E+00   0.000000E+00
        175.001   3.842295E-18   0.000000E+00   0.000000E+00
        185.121   2.123740E-18   0.000000E+00   0.000000E+00
        195.606   1.234281E-18   0.000000E+00   0.000000E+00
        206.459   6.845151E-19   0.000000E+00   0.000000E+00
        217.685   3.740902E-19   0.000000E+00   0.000000E+00
        229.287   2.162584E-19   0.000000E+00   0.000000E+00
        241.270   1.175354E-19   0.000000E+00   0.000000E+00
        253.637   6.301854E-20   0.000000E+00   0.000000E+00
        266.392   3.564618E-20   0.000000E+00   0.000000E+00
        279.537   1.920221E-20   0.000000E+00   0.000000E+00
        293.077   1.003940E-20   0.000000E+00   0.000000E+00
        307.014   5.487129E-21   0.000000E+00   0.000000E+00
        321.351   2.952478E-21   0.000000E+00   0.000000E+00
        336.091   1.493554E-21   0.000000E+00   0.000000E+00
        351.236   7.828812E-22   0.000000E+00   0.000000E+00
        366.789   4.281469E-22   0.000000E+00   0.000000E+00
        382.751   2.068717E-22   0.000000E+00   0.000000E+00
        399.126   1.033961E-22   0.000000E+00   0.000000E+00
        415.914   5.568393E-23   0.000000E+00   0.000000E+00
        433.118   2.695280E-23   0.000000E+00   0.000000E+00
        450.738   1.282139E-23   0.000000E+00   0.000000E+00
        468.777   6.369059E-24   0.000000E+00   0.000000E+00
        487.236   3.216640E-24   0.000000E+00   0.000000E+00
        506.115   1.500491E-24   0.000000E+00   0.000000E+00
        525.416   7.172809E-25   0.000000E+00   0.000000E+00
        545.139   1.471273E-25   0.000000E+00   0.000000E+00
        565.285   1.455127E-26   0.000000E+00   0.000000E+00
        585.854   0.000000E+00   0.000000E+00   0.000000E+00
        606.847   0.000000E+00   0.000000E+00   0.000000E+00
        628.263   0.000000E+00   0.000000E+00   0.000000E+00
        650.104   0.000000E+00   0.000000E+00   0.000000E+00
        672.367   0.000000E+00   0.000000E+00   0.000000E+00
        695.054   0.000000E+00   0.000000E+00   0.000000E+00
        718.163   0.000000E+00   0.000000E+00   0.000000E+00
        741.693   0.000000E+00   0.000000E+00   0.000000E+00
        765.645   0.000000E+00   0.000000E+00   0.000000E+00
        790.017   0.000000E+00   0.000000E+00   0.000000E+00
        814.807   0.000000E+00   0.000000E+00   0.000000E+00
        840.016   0.000000E+00   0.000000E+00   0.000000E+00
        865.640   0.000000E+00   0.000000E+00   0.000000E+00
        891.679   0.000000E+00   0.000000E+00   0.000000E+00
        918.130   0.000000E+00   0.000000E+00   0.000000E+00
        944.993   0.000000E+00   0.000000E+00   0.000000E+00
        972.264   0.000000E+00   0.000000E+00   0.000000E+00
        999.942   0.000000E+00   0.000000E+00   0.000000E+00
       1028.025   0.000000E+00   0.000000E+00   0.000000E+00
       1056.510   0.000000E+00   0.000000E+00   0.000000E+00
       1085.394   0.000000E+00   0.000000E+00   0.000000E+00

       Profile 1 ATM K-Matrix output for zssmis_f16 channel 21
       Pressure      dTb/dT       dTb/dH2O        dTb/dO3
          0.009   1.250614E-03   0.000000E+00   0.000000E+00
          0.026   3.331340E-03   0.000000E+00   0.000000E+00
          0.055   1.355326E-02   0.000000E+00   0.000000E+00
          0.104   3.598497E-02   0.000000E+00   0.000000E+00
          0.177   7.193214E-02   0.000000E+00   0.000000E+00
          0.281   1.177286E-01   0.000000E+00   0.000000E+00
          0.421   1.568220E-01   0.000000E+00   0.000000E+00
          0.604   1.735573E-01   0.000000E+00   0.000000E+00
          0.838   1.604108E-01   0.000000E+00   0.000000E+00
          1.129   1.219505E-01   0.000000E+00   0.000000E+00
          1.484   7.900460E-02   0.000000E+00   0.000000E+00
          1.910   4.478960E-02   0.000000E+00   0.000000E+00
          2.416   2.246325E-02   0.000000E+00   0.000000E+00
          3.009   9.788870E-03   0.000000E+00   0.000000E+00
          3.696   3.980276E-03   0.000000E+00   0.000000E+00
          4.485   1.422071E-03   0.000000E+00   0.000000E+00
          5.385   5.096444E-04   0.000000E+00   0.000000E+00
          6.402   1.846320E-04   0.000000E+00   0.000000E+00
          7.545   6.915636E-05   0.000000E+00   0.000000E+00
          8.822   2.693078E-05   0.000000E+00   0.000000E+00
         10.240   1.084996E-05   0.000000E+00   0.000000E+00
         11.807   4.517643E-06   0.000000E+00   0.000000E+00
         13.532   1.938594E-06   0.000000E+00   0.000000E+00
         15.423   8.547007E-07   0.000000E+00   0.000000E+00
         17.486   3.878890E-07   0.000000E+00   0.000000E+00
         19.730   1.811861E-07   0.000000E+00   0.000000E+00
         22.163   8.635142E-08   0.000000E+00   0.000000E+00
         24.793   4.192470E-08   0.000000E+00   0.000000E+00
         27.626   2.089597E-08   0.000000E+00   0.000000E+00
         30.671   1.051870E-08   0.000000E+00   0.000000E+00
         33.934   5.327508E-09   0.000000E+00   0.000000E+00
         37.425   2.753469E-09   0.000000E+00   0.000000E+00
         41.148   1.437849E-09   0.000000E+00   0.000000E+00
         45.113   7.570240E-10   0.000000E+00   0.000000E+00
         49.326   4.090902E-10   0.000000E+00   0.000000E+00
         53.794   2.197832E-10   0.000000E+00   0.000000E+00
         58.524   1.216366E-10   0.000000E+00   0.000000E+00
         63.523   6.685934E-11   0.000000E+00   0.000000E+00
         68.797   3.782425E-11   0.000000E+00   0.000000E+00
         74.353   2.112035E-11   0.000000E+00   0.000000E+00
         80.198   1.215675E-11   0.000000E+00   0.000000E+00
         86.338   6.816288E-12   0.000000E+00   0.000000E+00
         92.778   3.985052E-12   0.000000E+00   0.000000E+00
         99.526   2.225235E-12   0.000000E+00   0.000000E+00
        106.586   1.306001E-12   0.000000E+00   0.000000E+00
        113.965   7.306473E-13   0.000000E+00   0.000000E+00
        121.669   4.213046E-13   0.000000E+00   0.000000E+00
        129.703   2.394095E-13   0.000000E+00   0.000000E+00
        138.072   1.349165E-13   0.000000E+00   0.000000E+00
        146.781   7.923857E-14   0.000000E+00   0.000000E+00
        155.836   4.379904E-14   0.000000E+00   0.000000E+00
        165.241   2.519559E-14   0.000000E+00   0.000000E+00
        175.001   1.438178E-14   0.000000E+00   0.000000E+00
        185.121   7.944306E-15   0.000000E+00   0.000000E+00
        195.606   4.616621E-15   0.000000E+00   0.000000E+00
        206.459   2.557698E-15   0.000000E+00   0.000000E+00
        217.685   1.396358E-15   0.000000E+00   0.000000E+00
        229.287   8.075948E-16   0.000000E+00   0.000000E+00
        241.270   4.381425E-16   0.000000E+00   0.000000E+00
        253.637   2.342548E-16   0.000000E+00   0.000000E+00
        266.392   1.323666E-16   0.000000E+00   0.000000E+00
        279.537   7.108284E-17   0.000000E+00   0.000000E+00
        293.077   3.697290E-17   0.000000E+00   0.000000E+00
        307.014   2.012572E-17   0.000000E+00   0.000000E+00
        321.351   1.077957E-17   0.000000E+00   0.000000E+00
        336.091   5.415625E-18   0.000000E+00   0.000000E+00
        351.236   2.819153E-18   0.000000E+00   0.000000E+00
        366.789   1.531801E-18   0.000000E+00   0.000000E+00
        382.751   7.343225E-19   0.000000E+00   0.000000E+00
        399.126   3.639785E-19   0.000000E+00   0.000000E+00
        415.914   1.943370E-19   0.000000E+00   0.000000E+00
        433.118   9.324984E-20   0.000000E+00   0.000000E+00
        450.738   4.396467E-20   0.000000E+00   0.000000E+00
        468.777   2.163957E-20   0.000000E+00   0.000000E+00
        487.236   1.082259E-20   0.000000E+00   0.000000E+00
        506.115   4.995692E-21   0.000000E+00   0.000000E+00
        525.416   2.364281E-21   0.000000E+00   0.000000E+00
        545.139   4.771536E-22   0.000000E+00   0.000000E+00
        565.285   4.526133E-23   0.000000E+00   0.000000E+00
        585.854   0.000000E+00   0.000000E+00   0.000000E+00
        606.847   0.000000E+00   0.000000E+00   0.000000E+00
        628.263   0.000000E+00   0.000000E+00   0.000000E+00
        650.104   0.000000E+00   0.000000E+00   0.000000E+00
        672.367   0.000000E+00   0.000000E+00   0.000000E+00
        695.054   0.000000E+00   0.000000E+00   0.000000E+00
        718.163   0.000000E+00   0.000000E+00   0.000000E+00
        741.693   0.000000E+00   0.000000E+00   0.000000E+00
        765.645   0.000000E+00   0.000000E+00   0.000000E+00
        790.017   0.000000E+00   0.000000E+00   0.000000E+00
        814.807   0.000000E+00   0.000000E+00   0.000000E+00
        840.016   0.000000E+00   0.000000E+00   0.000000E+00
        865.640   0.000000E+00   0.000000E+00   0.000000E+00
        891.679   0.000000E+00   0.000000E+00   0.000000E+00
        918.130   0.000000E+00   0.000000E+00   0.000000E+00
        944.993   0.000000E+00   0.000000E+00   0.000000E+00
        972.264   0.000000E+00   0.000000E+00   0.000000E+00
        999.942   0.000000E+00   0.000000E+00   0.000000E+00
       1028.025   0.000000E+00   0.000000E+00   0.000000E+00
       1056.510   0.000000E+00   0.000000E+00   0.000000E+00
       1085.394   0.000000E+00   0.000000E+00   0.000000E+00

       Profile 1 ATM K-Matrix output for zssmis_f16 channel 22
       Pressure      dTb/dT       dTb/dH2O        dTb/dO3
          0.009   8.136606E-05   0.000000E+00   0.000000E+00
          0.026   3.945937E-04   0.000000E+00   0.000000E+00
          0.055   1.319435E-03   0.000000E+00   0.000000E+00
          0.104   3.451663E-03   0.000000E+00   0.000000E+00
          0.177   7.674872E-03   0.000000E+00   0.000000E+00
          0.281   1.517737E-02   0.000000E+00   0.000000E+00
          0.421   2.671768E-02   0.000000E+00   0.000000E+00
          0.604   4.317179E-02   0.000000E+00   0.000000E+00
          0.838   6.516520E-02   0.000000E+00   0.000000E+00
          1.129   8.810676E-02   0.000000E+00   0.000000E+00
          1.484   1.103933E-01   0.000000E+00   0.000000E+00
          1.910   1.289541E-01   0.000000E+00   0.000000E+00
          2.416   1.355102E-01   0.000000E+00   0.000000E+00
          3.009   1.168721E-01   0.000000E+00   0.000000E+00
          3.696   8.889723E-02   0.000000E+00   0.000000E+00
          4.485   5.394362E-02   0.000000E+00   0.000000E+00
          5.385   2.992736E-02   0.000000E+00   0.000000E+00
          6.402   1.520165E-02   0.000000E+00   0.000000E+00
          7.545   7.335866E-03   0.000000E+00   0.000000E+00
          8.822   3.462135E-03   0.000000E+00   0.000000E+00
         10.240   1.608840E-03   0.000000E+00   0.000000E+00
         11.807   7.450770E-04   0.000000E+00   0.000000E+00
         13.532   3.463549E-04   0.000000E+00   0.000000E+00
         15.423   1.619986E-04   0.000000E+00   0.000000E+00
         17.486   7.691733E-05   0.000000E+00   0.000000E+00
         19.730   3.717176E-05   0.000000E+00   0.000000E+00
         22.163   1.814618E-05   0.000000E+00   0.000000E+00
         24.793   8.974914E-06   0.000000E+00   0.000000E+00
         27.626   4.541780E-06   0.000000E+00   0.000000E+00
         30.671   2.311210E-06   0.000000E+00   0.000000E+00
         33.934   1.178344E-06   0.000000E+00   0.000000E+00
         37.425   6.125271E-07   0.000000E+00   0.000000E+00
         41.148   3.209623E-07   0.000000E+00   0.000000E+00
         45.113   1.692985E-07   0.000000E+00   0.000000E+00
         49.326   9.165800E-08   0.000000E+00   0.000000E+00
         53.794   4.924979E-08   0.000000E+00   0.000000E+00
         58.524   2.726922E-08   0.000000E+00   0.000000E+00
         63.523   1.498444E-08   0.000000E+00   0.000000E+00
         68.797   8.476417E-09   0.000000E+00   0.000000E+00
         74.353   4.731288E-09   0.000000E+00   0.000000E+00
         80.198   2.722648E-09   0.000000E+00   0.000000E+00
         86.338   1.526189E-09   0.000000E+00   0.000000E+00
         92.778   8.920071E-10   0.000000E+00   0.000000E+00
         99.526   4.980636E-10   0.000000E+00   0.000000E+00
        106.586   2.922208E-10   0.000000E+00   0.000000E+00
        113.965   1.634885E-10   0.000000E+00   0.000000E+00
        121.669   9.426565E-11   0.000000E+00   0.000000E+00
        129.703   5.356595E-11   0.000000E+00   0.000000E+00
        138.072   3.019047E-11   0.000000E+00   0.000000E+00
        146.781   1.773262E-11   0.000000E+00   0.000000E+00
        155.836   9.802783E-12   0.000000E+00   0.000000E+00
        165.241   5.640026E-12   0.000000E+00   0.000000E+00
        175.001   3.219766E-12   0.000000E+00   0.000000E+00
        185.121   1.778722E-12   0.000000E+00   0.000000E+00
        195.606   1.033836E-12   0.000000E+00   0.000000E+00
        206.459   5.728028E-13   0.000000E+00   0.000000E+00
        217.685   3.127188E-13   0.000000E+00   0.000000E+00
        229.287   1.808845E-13   0.000000E+00   0.000000E+00
        241.270   9.813147E-14   0.000000E+00   0.000000E+00
        253.637   5.245960E-14   0.000000E+00   0.000000E+00
        266.392   2.964261E-14   0.000000E+00   0.000000E+00
        279.537   1.591608E-14   0.000000E+00   0.000000E+00
        293.077   8.275877E-15   0.000000E+00   0.000000E+00
        307.014   4.503952E-15   0.000000E+00   0.000000E+00
        321.351   2.411724E-15   0.000000E+00   0.000000E+00
        336.091   1.210971E-15   0.000000E+00   0.000000E+00
        351.236   6.300391E-16   0.000000E+00   0.000000E+00
        366.789   3.421867E-16   0.000000E+00   0.000000E+00
        382.751   1.639257E-16   0.000000E+00   0.000000E+00
        399.126   8.118737E-17   0.000000E+00   0.000000E+00
        415.914   4.331383E-17   0.000000E+00   0.000000E+00
        433.118   2.076624E-17   0.000000E+00   0.000000E+00
        450.738   9.781990E-18   0.000000E+00   0.000000E+00
        468.777   4.810186E-18   0.000000E+00   0.000000E+00
        487.236   2.403271E-18   0.000000E+00   0.000000E+00
        506.115   1.108072E-18   0.000000E+00   0.000000E+00
        525.416   5.238146E-19   0.000000E+00   0.000000E+00
        545.139   1.054673E-19   0.000000E+00   0.000000E+00
        565.285   9.933634E-21   0.000000E+00   0.000000E+00
        585.854   0.000000E+00   0.000000E+00   0.000000E+00
        606.847   0.000000E+00   0.000000E+00   0.000000E+00
        628.263   0.000000E+00   0.000000E+00   0.000000E+00
        650.104   0.000000E+00   0.000000E+00   0.000000E+00
        672.367   0.000000E+00   0.000000E+00   0.000000E+00
        695.054   0.000000E+00   0.000000E+00   0.000000E+00
        718.163   0.000000E+00   0.000000E+00   0.000000E+00
        741.693   0.000000E+00   0.000000E+00   0.000000E+00
        765.645   0.000000E+00   0.000000E+00   0.000000E+00
        790.017   0.000000E+00   0.000000E+00   0.000000E+00
        814.807   0.000000E+00   0.000000E+00   0.000000E+00
        840.016   0.000000E+00   0.000000E+00   0.000000E+00
        865.640   0.000000E+00   0.000000E+00   0.000000E+00
        891.679   0.000000E+00   0.000000E+00   0.000000E+00
        918.130   0.000000E+00   0.000000E+00   0.000000E+00
        944.993   0.000000E+00   0.000000E+00   0.000000E+00
        972.264   0.000000E+00   0.000000E+00   0.000000E+00
        999.942   0.000000E+00   0.000000E+00   0.000000E+00
       1028.025   0.000000E+00   0.000000E+00   0.000000E+00
       1056.510   0.000000E+00   0.000000E+00   0.000000E+00
       1085.394   0.000000E+00   0.000000E+00   0.000000E+00

       Profile 2 ATM K-Matrix output for zssmis_f16 channel 19
       Pressure      dTb/dT       dTb/dH2O        dTb/dO3
          0.009   4.224481E-02   0.000000E+00   0.000000E+00
          0.026   8.341893E-02   0.000000E+00   0.000000E+00
          0.055   1.410056E-01   0.000000E+00   0.000000E+00
          0.104   1.654898E-01   0.000000E+00   0.000000E+00
          0.177   1.563355E-01   0.000000E+00   0.000000E+00
          0.281   1.269400E-01   0.000000E+00   0.000000E+00
          0.421   9.093994E-02   0.000000E+00   0.000000E+00
          0.604   5.962391E-02   0.000000E+00   0.000000E+00
          0.838   3.606122E-02   0.000000E+00   0.000000E+00
          1.129   2.057709E-02   0.000000E+00   0.000000E+00
          1.484   1.147655E-02   0.000000E+00   0.000000E+00
          1.910   6.428546E-03   0.000000E+00   0.000000E+00
          2.416   3.650104E-03   0.000000E+00   0.000000E+00
          3.009   2.142642E-03   0.000000E+00   0.000000E+00
          3.696   1.324855E-03   0.000000E+00   0.000000E+00
          4.485   8.426956E-04   0.000000E+00   0.000000E+00
          5.385   5.624095E-04   0.000000E+00   0.000000E+00
          6.402   3.844666E-04   0.000000E+00   0.000000E+00
          7.545   2.625749E-04   0.000000E+00   0.000000E+00
          8.822   1.808447E-04   0.000000E+00   0.000000E+00
         10.240   1.259638E-04   0.000000E+00   0.000000E+00
         11.807   8.929010E-05   0.000000E+00   0.000000E+00
         13.532   6.427373E-05   0.000000E+00   0.000000E+00
         15.423   4.673932E-05   0.000000E+00   0.000000E+00
         17.486   3.423860E-05   0.000000E+00   0.000000E+00
         19.730   2.538408E-05   0.000000E+00   0.000000E+00
         22.163   1.913396E-05   0.000000E+00   0.000000E+00
         24.793   1.455545E-05   0.000000E+00   0.000000E+00
         27.626   1.113275E-05   0.000000E+00   0.000000E+00
         30.671   8.650727E-06   0.000000E+00   0.000000E+00
         33.934   6.803756E-06   0.000000E+00   0.000000E+00
         37.425   5.398376E-06   0.000000E+00   0.000000E+00
         41.148   4.317480E-06   0.000000E+00   0.000000E+00
         45.113   3.466645E-06   0.000000E+00   0.000000E+00
         49.326   2.835875E-06   0.000000E+00   0.000000E+00
         53.794   2.305264E-06   0.000000E+00   0.000000E+00
         58.524   1.913821E-06   0.000000E+00   0.000000E+00
         63.523   1.576183E-06   0.000000E+00   0.000000E+00
         68.797   1.325042E-06   0.000000E+00   0.000000E+00
         74.353   1.100142E-06   0.000000E+00   0.000000E+00
         80.198   9.346992E-07   0.000000E+00   0.000000E+00
         86.338   7.753324E-07   0.000000E+00   0.000000E+00
         92.778   6.668946E-07   0.000000E+00   0.000000E+00
         99.526   5.498367E-07   0.000000E+00   0.000000E+00
        106.586   4.841428E-07   0.000000E+00   0.000000E+00
        113.965   4.009447E-07   0.000000E+00   0.000000E+00
        121.669   3.442869E-07   0.000000E+00   0.000000E+00
        129.703   2.915705E-07   0.000000E+00   0.000000E+00
        138.072   2.411235E-07   0.000000E+00   0.000000E+00
        146.781   2.130475E-07   0.000000E+00   0.000000E+00
        155.836   1.738039E-07   0.000000E+00   0.000000E+00
        165.241   1.478915E-07   0.000000E+00   0.000000E+00
        175.001   1.263193E-07   0.000000E+00   0.000000E+00
        185.121   1.022754E-07   0.000000E+00   0.000000E+00
        195.606   8.926017E-08   0.000000E+00   0.000000E+00
        206.459   7.427235E-08   0.000000E+00   0.000000E+00
        217.685   5.947726E-08   0.000000E+00   0.000000E+00
        229.287   5.240013E-08   0.000000E+00   0.000000E+00
        241.270   4.302045E-08   0.000000E+00   0.000000E+00
        253.637   3.388264E-08   0.000000E+00   0.000000E+00
        266.392   2.919578E-08   0.000000E+00   0.000000E+00
        279.537   2.389676E-08   0.000000E+00   0.000000E+00
        293.077   1.841569E-08   0.000000E+00   0.000000E+00
        307.014   1.518279E-08   0.000000E+00   0.000000E+00
        321.351   1.253202E-08   0.000000E+00   0.000000E+00
        336.091   9.411871E-09   0.000000E+00   0.000000E+00
        351.236   7.273420E-09   0.000000E+00   0.000000E+00
        366.789   6.143875E-09   0.000000E+00   0.000000E+00
        382.751   4.482259E-09   0.000000E+00   0.000000E+00
        399.126   3.286418E-09   0.000000E+00   0.000000E+00
        415.914   2.694751E-09   0.000000E+00   0.000000E+00
        433.118   1.978756E-09   0.000000E+00   0.000000E+00
        450.738   1.410620E-09   0.000000E+00   0.000000E+00
        468.777   1.058315E-09   0.000000E+00   0.000000E+00
        487.236   8.275434E-10   0.000000E+00   0.000000E+00
        506.115   5.890509E-10   0.000000E+00   0.000000E+00
        525.416   4.353137E-10   0.000000E+00   0.000000E+00
        545.139   9.924650E-11   0.000000E+00   0.000000E+00
        565.285   5.534503E-13   0.000000E+00   0.000000E+00
        585.854   0.000000E+00   0.000000E+00   0.000000E+00
        606.847   0.000000E+00   0.000000E+00   0.000000E+00
        628.263   0.000000E+00   0.000000E+00   0.000000E+00
        650.104   0.000000E+00   0.000000E+00   0.000000E+00
        672.367   0.000000E+00   0.000000E+00   0.000000E+00
        695.054   0.000000E+00   0.000000E+00   0.000000E+00
        718.163   0.000000E+00   0.000000E+00   0.000000E+00
        741.693   0.000000E+00   0.000000E+00   0.000000E+00
        765.645   0.000000E+00   0.000000E+00   0.000000E+00
        790.017   0.000000E+00   0.000000E+00   0.000000E+00
        814.807   0.000000E+00   0.000000E+00   0.000000E+00
        840.016   0.000000E+00   0.000000E+00   0.000000E+00
        865.640   0.000000E+00   0.000000E+00   0.000000E+00
        891.679   0.000000E+00   0.000000E+00   0.000000E+00
        918.130   0.000000E+00   0.000000E+00   0.000000E+00
        944.993   0.000000E+00   0.000000E+00   0.000000E+00
        972.264   0.000000E+00   0.000000E+00   0.000000E+00
        999.942   0.000000E+00   0.000000E+00   0.000000E+00
       1028.025   0.000000E+00   0.000000E+00   0.000000E+00
       1056.510   0.000000E+00   0.000000E+00   0.000000E+00
       1085.394   0.000000E+00   0.000000E+00   0.000000E+00

       Profile 2 ATM K-Matrix output for zssmis_f16 channel 20
       Pressure      dTb/dT       dTb/dH2O        dTb/dO3
          0.009   2.584597E-01   0.000000E+00   0.000000E+00
          0.026   3.220435E-01   0.000000E+00   0.000000E+00
          0.055   2.511355E-01   0.000000E+00   0.000000E+00
          0.104   1.521790E-01   0.000000E+00   0.000000E+00
          0.177   8.406091E-02   0.000000E+00   0.000000E+00
          0.281   4.084602E-02   0.000000E+00   0.000000E+00
          0.421   1.625501E-02   0.000000E+00   0.000000E+00
          0.604   5.554955E-03   0.000000E+00   0.000000E+00
          0.838   1.712098E-03   0.000000E+00   0.000000E+00
          1.129   4.883241E-04   0.000000E+00   0.000000E+00
          1.484   1.326834E-04   0.000000E+00   0.000000E+00
          1.910   3.534759E-05   0.000000E+00   0.000000E+00
          2.416   9.506775E-06   0.000000E+00   0.000000E+00
          3.009   2.658974E-06   0.000000E+00   0.000000E+00
          3.696   7.896666E-07   0.000000E+00   0.000000E+00
          4.485   2.367858E-07   0.000000E+00   0.000000E+00
          5.385   7.559779E-08   0.000000E+00   0.000000E+00
          6.402   2.562902E-08   0.000000E+00   0.000000E+00
          7.545   9.269355E-09   0.000000E+00   0.000000E+00
          8.822   3.538334E-09   0.000000E+00   0.000000E+00
         10.240   1.409887E-09   0.000000E+00   0.000000E+00
         11.807   5.838381E-10   0.000000E+00   0.000000E+00
         13.532   2.503700E-10   0.000000E+00   0.000000E+00
         15.423   1.107545E-10   0.000000E+00   0.000000E+00
         17.486   5.049142E-11   0.000000E+00   0.000000E+00
         19.730   2.359882E-11   0.000000E+00   0.000000E+00
         22.163   1.126110E-11   0.000000E+00   0.000000E+00
         24.793   5.481024E-12   0.000000E+00   0.000000E+00
         27.626   2.730408E-12   0.000000E+00   0.000000E+00
         30.671   1.382849E-12   0.000000E+00   0.000000E+00
         33.934   7.085924E-13   0.000000E+00   0.000000E+00
         37.425   3.702912E-13   0.000000E+00   0.000000E+00
         41.148   1.959805E-13   0.000000E+00   0.000000E+00
         45.113   1.049037E-13   0.000000E+00   0.000000E+00
         49.326   5.736045E-14   0.000000E+00   0.000000E+00
         53.794   3.147761E-14   0.000000E+00   0.000000E+00
         58.524   1.764074E-14   0.000000E+00   0.000000E+00
         63.523   9.947704E-15   0.000000E+00   0.000000E+00
         68.797   5.710560E-15   0.000000E+00   0.000000E+00
         74.353   3.301012E-15   0.000000E+00   0.000000E+00
         80.198   1.940864E-15   0.000000E+00   0.000000E+00
         86.338   1.142851E-15   0.000000E+00   0.000000E+00
         92.778   6.906205E-16   0.000000E+00   0.000000E+00
         99.526   4.098253E-16   0.000000E+00   0.000000E+00
        106.586   2.528598E-16   0.000000E+00   0.000000E+00
        113.965   1.509185E-16   0.000000E+00   0.000000E+00
        121.669   9.344533E-17   0.000000E+00   0.000000E+00
        129.703   5.704621E-17   0.000000E+00   0.000000E+00
        138.072   3.431124E-17   0.000000E+00   0.000000E+00
        146.781   2.195298E-17   0.000000E+00   0.000000E+00
        155.836   1.287779E-17   0.000000E+00   0.000000E+00
        165.241   7.947273E-18   0.000000E+00   0.000000E+00
        175.001   4.880143E-18   0.000000E+00   0.000000E+00
        185.121   2.796524E-18   0.000000E+00   0.000000E+00
        195.606   1.733732E-18   0.000000E+00   0.000000E+00
        206.459   1.008979E-18   0.000000E+00   0.000000E+00
        217.685   5.585633E-19   0.000000E+00   0.000000E+00
        229.287   3.350093E-19   0.000000E+00   0.000000E+00
        241.270   1.850146E-19   0.000000E+00   0.000000E+00
        253.637   9.795747E-20   0.000000E+00   0.000000E+00
        266.392   5.579787E-20   0.000000E+00   0.000000E+00
        279.537   2.975276E-20   0.000000E+00   0.000000E+00
        293.077   1.495108E-20   0.000000E+00   0.000000E+00
        307.014   7.937020E-21   0.000000E+00   0.000000E+00
        321.351   4.134660E-21   0.000000E+00   0.000000E+00
        336.091   1.963692E-21   0.000000E+00   0.000000E+00
        351.236   9.575637E-22   0.000000E+00   0.000000E+00
        366.789   4.923824E-22   0.000000E+00   0.000000E+00
        382.751   2.207118E-22   0.000000E+00   0.000000E+00
        399.126   1.008097E-22   0.000000E+00   0.000000E+00
        415.914   4.933906E-23   0.000000E+00   0.000000E+00
        433.118   2.168615E-23   0.000000E+00   0.000000E+00
        450.738   9.389050E-24   0.000000E+00   0.000000E+00
        468.777   4.247284E-24   0.000000E+00   0.000000E+00
        487.236   1.939144E-24   0.000000E+00   0.000000E+00
        506.115   8.058388E-25   0.000000E+00   0.000000E+00
        525.416   3.651336E-25   0.000000E+00   0.000000E+00
        545.139   7.086037E-26   0.000000E+00   0.000000E+00
        565.285   4.169007E-27   0.000000E+00   0.000000E+00
        585.854   0.000000E+00   0.000000E+00   0.000000E+00
        606.847   0.000000E+00   0.000000E+00   0.000000E+00
        628.263   0.000000E+00   0.000000E+00   0.000000E+00
        650.104   0.000000E+00   0.000000E+00   0.000000E+00
        672.367   0.000000E+00   0.000000E+00   0.000000E+00
        695.054   0.000000E+00   0.000000E+00   0.000000E+00
        718.163   0.000000E+00   0.000000E+00   0.000000E+00
        741.693   0.000000E+00   0.000000E+00   0.000000E+00
        765.645   0.000000E+00   0.000000E+00   0.000000E+00
        790.017   0.000000E+00   0.000000E+00   0.000000E+00
        814.807   0.000000E+00   0.000000E+00   0.000000E+00
        840.016   0.000000E+00   0.000000E+00   0.000000E+00
        865.640   0.000000E+00   0.000000E+00   0.000000E+00
        891.679   0.000000E+00   0.000000E+00   0.000000E+00
        918.130   0.000000E+00   0.000000E+00   0.000000E+00
        944.993   0.000000E+00   0.000000E+00   0.000000E+00
        972.264   0.000000E+00   0.000000E+00   0.000000E+00
        999.942   0.000000E+00   0.000000E+00   0.000000E+00
       1028.025   0.000000E+00   0.000000E+00   0.000000E+00
       1056.510   0.000000E+00   0.000000E+00   0.000000E+00
       1085.394   0.000000E+00   0.000000E+00   0.000000E+00

       Profile 2 ATM K-Matrix output for zssmis_f16 channel 21
       Pressure      dTb/dT       dTb/dH2O        dTb/dO3
          0.009   5.255808E-03   0.000000E+00   0.000000E+00
          0.026   1.149555E-02   0.000000E+00   0.000000E+00
          0.055   2.110204E-02   0.000000E+00   0.000000E+00
          0.104   4.067384E-02   0.000000E+00   0.000000E+00
          0.177   7.457896E-02   0.000000E+00   0.000000E+00
          0.281   1.200267E-01   0.000000E+00   0.000000E+00
          0.421   1.560124E-01   0.000000E+00   0.000000E+00
          0.604   1.688521E-01   0.000000E+00   0.000000E+00
          0.838   1.562241E-01   0.000000E+00   0.000000E+00
          1.129   1.201251E-01   0.000000E+00   0.000000E+00
          1.484   7.730789E-02   0.000000E+00   0.000000E+00
          1.910   4.139062E-02   0.000000E+00   0.000000E+00
          2.416   1.884335E-02   0.000000E+00   0.000000E+00
          3.009   7.659129E-03   0.000000E+00   0.000000E+00
          3.696   2.982355E-03   0.000000E+00   0.000000E+00
          4.485   1.055576E-03   0.000000E+00   0.000000E+00
          5.385   3.770025E-04   0.000000E+00   0.000000E+00
          6.402   1.377630E-04   0.000000E+00   0.000000E+00
          7.545   5.268001E-05   0.000000E+00   0.000000E+00
          8.822   2.102180E-05   0.000000E+00   0.000000E+00
         10.240   8.691862E-06   0.000000E+00   0.000000E+00
         11.807   3.715106E-06   0.000000E+00   0.000000E+00
         13.532   1.638685E-06   0.000000E+00   0.000000E+00
         15.423   7.445364E-07   0.000000E+00   0.000000E+00
         17.486   3.486245E-07   0.000000E+00   0.000000E+00
         19.730   1.671430E-07   0.000000E+00   0.000000E+00
         22.163   8.164351E-08   0.000000E+00   0.000000E+00
         24.793   4.064355E-08   0.000000E+00   0.000000E+00
         27.626   2.072374E-08   0.000000E+00   0.000000E+00
         30.671   1.071574E-08   0.000000E+00   0.000000E+00
         33.934   5.603757E-09   0.000000E+00   0.000000E+00
         37.425   2.987181E-09   0.000000E+00   0.000000E+00
         41.148   1.613705E-09   0.000000E+00   0.000000E+00
         45.113   8.822671E-10   0.000000E+00   0.000000E+00
         49.326   4.919609E-10   0.000000E+00   0.000000E+00
         53.794   2.758703E-10   0.000000E+00   0.000000E+00
         58.524   1.577217E-10   0.000000E+00   0.000000E+00
         63.523   9.089533E-11   0.000000E+00   0.000000E+00
         68.797   5.324733E-11   0.000000E+00   0.000000E+00
         74.353   3.144517E-11   0.000000E+00   0.000000E+00
         80.198   1.886523E-11   0.000000E+00   0.000000E+00
         86.338   1.133502E-11   0.000000E+00   0.000000E+00
         92.778   6.998587E-12   0.000000E+00   0.000000E+00
         99.526   4.225464E-12   0.000000E+00   0.000000E+00
        106.586   2.658296E-12   0.000000E+00   0.000000E+00
        113.965   1.608811E-12   0.000000E+00   0.000000E+00
        121.669   1.014227E-12   0.000000E+00   0.000000E+00
        129.703   6.281707E-13   0.000000E+00   0.000000E+00
        138.072   3.819620E-13   0.000000E+00   0.000000E+00
        146.781   2.485325E-13   0.000000E+00   0.000000E+00
        155.836   1.467278E-13   0.000000E+00   0.000000E+00
        165.241   9.143337E-14   0.000000E+00   0.000000E+00
        175.001   5.664513E-14   0.000000E+00   0.000000E+00
        185.121   3.254748E-14   0.000000E+00   0.000000E+00
        195.606   2.029743E-14   0.000000E+00   0.000000E+00
        206.459   1.184512E-14   0.000000E+00   0.000000E+00
        217.685   6.555827E-15   0.000000E+00   0.000000E+00
        229.287   3.935783E-15   0.000000E+00   0.000000E+00
        241.270   2.171279E-15   0.000000E+00   0.000000E+00
        253.637   1.147119E-15   0.000000E+00   0.000000E+00
        266.392   6.519490E-16   0.000000E+00   0.000000E+00
        279.537   3.467810E-16   0.000000E+00   0.000000E+00
        293.077   1.738201E-16   0.000000E+00   0.000000E+00
        307.014   9.197966E-17   0.000000E+00   0.000000E+00
        321.351   4.777717E-17   0.000000E+00   0.000000E+00
        336.091   2.265330E-17   0.000000E+00   0.000000E+00
        351.236   1.102658E-17   0.000000E+00   0.000000E+00
        366.789   5.656550E-18   0.000000E+00   0.000000E+00
        382.751   2.535142E-18   0.000000E+00   0.000000E+00
        399.126   1.156934E-18   0.000000E+00   0.000000E+00
        415.914   5.656586E-19   0.000000E+00   0.000000E+00
        433.118   2.488704E-19   0.000000E+00   0.000000E+00
        450.738   1.077996E-19   0.000000E+00   0.000000E+00
        468.777   4.872281E-20   0.000000E+00   0.000000E+00
        487.236   2.223143E-20   0.000000E+00   0.000000E+00
        506.115   9.255105E-21   0.000000E+00   0.000000E+00
        525.416   4.185192E-21   0.000000E+00   0.000000E+00
        545.139   7.981660E-22   0.000000E+00   0.000000E+00
        565.285   4.091899E-23   0.000000E+00   0.000000E+00
        585.854   0.000000E+00   0.000000E+00   0.000000E+00
        606.847   0.000000E+00   0.000000E+00   0.000000E+00
        628.263   0.000000E+00   0.000000E+00   0.000000E+00
        650.104   0.000000E+00   0.000000E+00   0.000000E+00
        672.367   0.000000E+00   0.000000E+00   0.000000E+00
        695.054   0.000000E+00   0.000000E+00   0.000000E+00
        718.163   0.000000E+00   0.000000E+00   0.000000E+00
        741.693   0.000000E+00   0.000000E+00   0.000000E+00
        765.645   0.000000E+00   0.000000E+00   0.000000E+00
        790.017   0.000000E+00   0.000000E+00   0.000000E+00
        814.807   0.000000E+00   0.000000E+00   0.000000E+00
        840.016   0.000000E+00   0.000000E+00   0.000000E+00
        865.640   0.000000E+00   0.000000E+00   0.000000E+00
        891.679   0.000000E+00   0.000000E+00   0.000000E+00
        918.130   0.000000E+00   0.000000E+00   0.000000E+00
        944.993   0.000000E+00   0.000000E+00   0.000000E+00
        972.264   0.000000E+00   0.000000E+00   0.000000E+00
        999.942   0.000000E+00   0.000000E+00   0.000000E+00
       1028.025   0.000000E+00   0.000000E+00   0.000000E+00
       1056.510   0.000000E+00   0.000000E+00   0.000000E+00
       1085.394   0.000000E+00   0.000000E+00   0.000000E+00

       Profile 2 ATM K-Matrix output for zssmis_f16 channel 22
       Pressure      dTb/dT       dTb/dH2O        dTb/dO3
          0.009   1.537077E-04   0.000000E+00   0.000000E+00
          0.026   6.553516E-04   0.000000E+00   0.000000E+00
          0.055   1.807079E-03   0.000000E+00   0.000000E+00
          0.104   3.977279E-03   0.000000E+00   0.000000E+00
          0.177   8.205839E-03   0.000000E+00   0.000000E+00
          0.281   1.602985E-02   0.000000E+00   0.000000E+00
          0.421   2.757006E-02   0.000000E+00   0.000000E+00
          0.604   4.400684E-02   0.000000E+00   0.000000E+00
          0.838   6.858134E-02   0.000000E+00   0.000000E+00
          1.129   9.813063E-02   0.000000E+00   0.000000E+00
          1.484   1.276437E-01   0.000000E+00   0.000000E+00
          1.910   1.445538E-01   0.000000E+00   0.000000E+00
          2.416   1.387436E-01   0.000000E+00   0.000000E+00
          3.009   1.120466E-01   0.000000E+00   0.000000E+00
          3.696   8.157772E-02   0.000000E+00   0.000000E+00
          4.485   4.881641E-02   0.000000E+00   0.000000E+00
          5.385   2.682593E-02   0.000000E+00   0.000000E+00
          6.402   1.367656E-02   0.000000E+00   0.000000E+00
          7.545   6.720162E-03   0.000000E+00   0.000000E+00
          8.822   3.245745E-03   0.000000E+00   0.000000E+00
         10.240   1.546846E-03   0.000000E+00   0.000000E+00
         11.807   7.352751E-04   0.000000E+00   0.000000E+00
         13.532   3.515054E-04   0.000000E+00   0.000000E+00
         15.423   1.695948E-04   0.000000E+00   0.000000E+00
         17.486   8.318752E-05   0.000000E+00   0.000000E+00
         19.730   4.130434E-05   0.000000E+00   0.000000E+00
         22.163   2.068450E-05   0.000000E+00   0.000000E+00
         24.793   1.049988E-05   0.000000E+00   0.000000E+00
         27.626   5.440826E-06   0.000000E+00   0.000000E+00
         30.671   2.847402E-06   0.000000E+00   0.000000E+00
         33.934   1.501148E-06   0.000000E+00   0.000000E+00
         37.425   8.060183E-07   0.000000E+00   0.000000E+00
         41.148   4.376434E-07   0.000000E+00   0.000000E+00
         45.113   2.401107E-07   0.000000E+00   0.000000E+00
         49.326   1.343500E-07   0.000000E+00   0.000000E+00
         53.794   7.546620E-08   0.000000E+00   0.000000E+00
         58.524   4.322561E-08   0.000000E+00   0.000000E+00
         63.523   2.493984E-08   0.000000E+00   0.000000E+00
         68.797   1.462605E-08   0.000000E+00   0.000000E+00
         74.353   8.646245E-09   0.000000E+00   0.000000E+00
         80.198   5.192044E-09   0.000000E+00   0.000000E+00
         86.338   3.122996E-09   0.000000E+00   0.000000E+00
         92.778   1.930371E-09   0.000000E+00   0.000000E+00
         99.526   1.166653E-09   0.000000E+00   0.000000E+00
        106.586   7.348957E-10   0.000000E+00   0.000000E+00
        113.965   4.451071E-10   0.000000E+00   0.000000E+00
        121.669   2.808980E-10   0.000000E+00   0.000000E+00
        129.703   1.741165E-10   0.000000E+00   0.000000E+00
        138.072   1.059282E-10   0.000000E+00   0.000000E+00
        146.781   6.898160E-11   0.000000E+00   0.000000E+00
        155.836   4.073726E-11   0.000000E+00   0.000000E+00
        165.241   2.539631E-11   0.000000E+00   0.000000E+00
        175.001   1.573959E-11   0.000000E+00   0.000000E+00
        185.121   9.044964E-12   0.000000E+00   0.000000E+00
        195.606   5.642120E-12   0.000000E+00   0.000000E+00
        206.459   3.292974E-12   0.000000E+00   0.000000E+00
        217.685   1.822547E-12   0.000000E+00   0.000000E+00
        229.287   1.094245E-12   0.000000E+00   0.000000E+00
        241.270   6.036491E-13   0.000000E+00   0.000000E+00
        253.637   3.188907E-13   0.000000E+00   0.000000E+00
        266.392   1.812279E-13   0.000000E+00   0.000000E+00
        279.537   9.638764E-14   0.000000E+00   0.000000E+00
        293.077   4.830633E-14   0.000000E+00   0.000000E+00
        307.014   2.555840E-14   0.000000E+00   0.000000E+00
        321.351   1.327378E-14   0.000000E+00   0.000000E+00
        336.091   6.292627E-15   0.000000E+00   0.000000E+00
        351.236   3.062441E-15   0.000000E+00   0.000000E+00
        366.789   1.570722E-15   0.000000E+00   0.000000E+00
        382.751   7.038548E-16   0.000000E+00   0.000000E+00
        399.126   3.211523E-16   0.000000E+00   0.000000E+00
        415.914   1.569926E-16   0.000000E+00   0.000000E+00
        433.118   6.906294E-17   0.000000E+00   0.000000E+00
        450.738   2.991035E-17   0.000000E+00   0.000000E+00
        468.777   1.351592E-17   0.000000E+00   0.000000E+00
        487.236   6.165828E-18   0.000000E+00   0.000000E+00
        506.115   2.566571E-18   0.000000E+00   0.000000E+00
        525.416   1.160275E-18   0.000000E+00   0.000000E+00
        545.139   2.210584E-19   0.000000E+00   0.000000E+00
        565.285   1.124734E-20   0.000000E+00   0.000000E+00
        585.854   0.000000E+00   0.000000E+00   0.000000E+00
        606.847   0.000000E+00   0.000000E+00   0.000000E+00
        628.263   0.000000E+00   0.000000E+00   0.000000E+00
        650.104   0.000000E+00   0.000000E+00   0.000000E+00
        672.367   0.000000E+00   0.000000E+00   0.000000E+00
        695.054   0.000000E+00   0.000000E+00   0.000000E+00
        718.163   0.000000E+00   0.000000E+00   0.000000E+00
        741.693   0.000000E+00   0.000000E+00   0.000000E+00
        765.645   0.000000E+00   0.000000E+00   0.000000E+00
        790.017   0.000000E+00   0.000000E+00   0.000000E+00
        814.807   0.000000E+00   0.000000E+00   0.000000E+00
        840.016   0.000000E+00   0.000000E+00   0.000000E+00
        865.640   0.000000E+00   0.000000E+00   0.000000E+00
        891.679   0.000000E+00   0.000000E+00   0.000000E+00
        918.130   0.000000E+00   0.000000E+00   0.000000E+00
        944.993   0.000000E+00   0.000000E+00   0.000000E+00
        972.264   0.000000E+00   0.000000E+00   0.000000E+00
        999.942   0.000000E+00   0.000000E+00   0.000000E+00
       1028.025   0.000000E+00   0.000000E+00   0.000000E+00
       1056.510   0.000000E+00   0.000000E+00   0.000000E+00
       1085.394   0.000000E+00   0.000000E+00   0.000000E+00

     Destroying the CRTM...
