This file contains any messages produced by compilers while
running configure, to aid debugging if configure makes a mistake.

It was created by CRTM configure v2.2.4, which was
generated by GNU Autoconf 2.63.  Invocation command line was

  $ ./configure 

## --------- ##
## Platform. ##
## --------- ##

hostname = sysadmins-MBP.fios-router.home
uname -m = x86_64
uname -r = 18.2.0
uname -s = Darwin
uname -v = Darwin Kernel Version 18.2.0: Thu Dec 20 20:46:53 PST 2018; root:xnu-4903.241.1~1/RELEASE_X86_64

/usr/bin/uname -p = i386
/bin/uname -X     = unknown

/bin/arch              = unknown
/usr/bin/arch -k       = unknown
/usr/convex/getsysinfo = unknown
/usr/bin/hostinfo      = Mach kernel version:
	 Darwin Kernel Version 18.2.0: Thu Dec 20 20:46:53 PST 2018; root:xnu-4903.241.1~1/RELEASE_X86_64
Kernel configured for up to 8 processors.
4 processors are physically available.
8 processors are logically available.
Processor type: x86_64h (Intel x86-64h Haswell)
Processors active: 0 1 2 3 4 5 6 7
Primary memory available: 16.00 gigabytes
Default processor set: 423 tasks, 2163 threads, 8 processors
Load average: 1.67, Mach factor: 6.32
/bin/machine           = unknown
/usr/bin/oslevel       = unknown
/bin/universe          = unknown

PATH: /usr/local/share/ecbuild//bin
PATH: /Users/bjohns/bin
PATH: ~/bin
PATH: ~/anaconda2/bin
PATH: /Users/bjohns/Library/Python/3.7/bin
PATH: /usr/local/bin
PATH: /usr/bin
PATH: /bin
PATH: /usr/sbin
PATH: /sbin
PATH: /Library/TeX/texbin
PATH: /Library/Frameworks/Mono.framework/Versions/Current/Commands


## ----------- ##
## Core tests. ##
## ----------- ##

configure:1754: CRTM v2.2.4
configure:1874: checking for Fortran compiler version
configure:1882: gfortran --version >&5
GNU Fortran (Homebrew GCC 9.2.0_3) 9.2.0
Copyright (C) 2019 Free Software Foundation, Inc.
This is free software; see the source for copying conditions.  There is NO
warranty; not even for MERCHANTABILITY or FITNESS FOR A PARTICULAR PURPOSE.

configure:1886: $? = 0
configure:1893: gfortran -v >&5
Using built-in specs.
COLLECT_GCC=gfortran
COLLECT_LTO_WRAPPER=/usr/local/Cellar/gcc/9.2.0_3/libexec/gcc/x86_64-apple-darwin18/9.2.0/lto-wrapper
Target: x86_64-apple-darwin18
Configured with: ../configure --build=x86_64-apple-darwin18 --prefix=/usr/local/Cellar/gcc/9.2.0_3 --libdir=/usr/local/Cellar/gcc/9.2.0_3/lib/gcc/9 --disable-nls --enable-checking=release --enable-languages=c,c++,objc,obj-c++,fortran --program-suffix=-9 --with-gmp=/usr/local/opt/gmp --with-mpfr=/usr/local/opt/mpfr --with-mpc=/usr/local/opt/libmpc --with-isl=/usr/local/opt/isl --with-system-zlib --with-pkgversion='Homebrew GCC 9.2.0_3' --with-bugurl=https://github.com/Homebrew/homebrew-core/issues --disable-multilib --with-native-system-header-dir=/usr/include --with-sysroot=/Library/Developer/CommandLineTools/SDKs/MacOSX10.14.sdk
Thread model: posix
gcc version 9.2.0 (Homebrew GCC 9.2.0_3) 
configure:1897: $? = 0
configure:1904: gfortran -V >&5
gfortran: error: unrecognized command line option '-V'
gfortran: fatal error: no input files
compilation terminated.
configure:1908: $? = 1
configure:1922: checking for Fortran compiler default output file name
configure:1944: gfortran -O3 -fimplicit-none -ffree-form -fno-second-underscore -frecord-marker=4 -funroll-loops -ggdb -Wall -Wconversion -std=f2003   conftest.f  >&5
configure:1948: $? = 0
configure:1986: result: a.out
configure:2005: checking whether the Fortran compiler works
configure:2015: ./a.out
configure:2019: $? = 0
configure:2038: result: yes
configure:2045: checking whether we are cross compiling
configure:2047: result: no
configure:2050: checking for suffix of executables
configure:2057: gfortran -o conftest -O3 -fimplicit-none -ffree-form -fno-second-underscore -frecord-marker=4 -funroll-loops -ggdb -Wall -Wconversion -std=f2003   conftest.f  >&5
configure:2061: $? = 0
configure:2087: result: 
configure:2093: checking for suffix of object files
configure:2109: gfortran -c -O3 -fimplicit-none -ffree-form -fno-second-underscore -frecord-marker=4 -funroll-loops -ggdb -Wall -Wconversion -std=f2003  conftest.f >&5
configure:2113: $? = 0
configure:2138: result: o
configure:2146: checking whether we are using the GNU Fortran compiler
configure:2165: gfortran -c -O3 -fimplicit-none -ffree-form -fno-second-underscore -frecord-marker=4 -funroll-loops -ggdb -Wall -Wconversion -std=f2003  conftest.F >&5
configure:2172: $? = 0
configure:2189: result: yes
configure:2195: checking whether gfortran accepts -g
configure:2212: gfortran -c -g  conftest.f >&5
configure:2219: $? = 0
configure:2235: result: yes
configure:2304: checking for a BSD-compatible install
configure:2372: result: /usr/bin/install -c
configure:2426: checking for ranlib
configure:2442: found /usr/bin/ranlib
configure:2453: result: ranlib
configure:2518: checking for ar
configure:2534: found /usr/bin/ar
configure:2545: result: ar
configure:2583: checking for Fortran flag needed to allow free-form source
configure:2608: gfortran -c -O3 -fimplicit-none -ffree-form -fno-second-underscore -frecord-marker=4 -funroll-loops -ggdb -Wall -Wconversion -std=f2003  conftest.f >&5
configure:2615: $? = 0
configure:2634: result: none
configure:2655: checking for Fortran flag to compile .f90 files
configure:2677: gfortran -c -O3 -fimplicit-none -ffree-form -fno-second-underscore -frecord-marker=4 -funroll-loops -ggdb -Wall -Wconversion -std=f2003  conftest.f90 >&5
configure:2684: $? = 0
configure:2703: result: none
configure:2729: checking if platform is little-endian
configure:2732: result: yes
configure:2778: Building big-endian version
configure:2942: creating ./config.status

## ---------------------- ##
## Running config.status. ##
## ---------------------- ##

This file was extended by CRTM config.status v2.2.4, which was
generated by GNU Autoconf 2.63.  Invocation command line was

  CONFIG_FILES    = 
  CONFIG_HEADERS  = 
  CONFIG_LINKS    = 
  CONFIG_COMMANDS = 
  $ ./config.status 

on sysadmins-MBP.fios-router.home

config.status:653: creating Makefile
config.status:653: creating libsrc/Makefile
config.status:653: creating libsrc/test/Makefile

## ---------------- ##
## Cache variables. ##
## ---------------- ##

ac_cv_env_FCFLAGS_set=set
ac_cv_env_FCFLAGS_value='-O3 -fimplicit-none -ffree-form -fno-second-underscore -frecord-marker=4 -funroll-loops -ggdb -Wall -Wconversion -std=f2003'
ac_cv_env_FC_set=set
ac_cv_env_FC_value=gfortran
ac_cv_env_LDFLAGS_set=set
ac_cv_env_LDFLAGS_value=
ac_cv_env_LIBS_set=set
ac_cv_env_LIBS_value=
ac_cv_env_build_alias_set=
ac_cv_env_build_alias_value=
ac_cv_env_host_alias_set=
ac_cv_env_host_alias_value=
ac_cv_env_target_alias_set=
ac_cv_env_target_alias_value=
ac_cv_fc_compiler_gnu=yes
ac_cv_fc_freeform=none
ac_cv_fc_srcext_f90=none
ac_cv_objext=o
ac_cv_path_install='/usr/bin/install -c'
ac_cv_prog_ac_ct_AR=ar
ac_cv_prog_ac_ct_RANLIB=ranlib
ac_cv_prog_fc_g=yes

## ----------------- ##
## Output variables. ##
## ----------------- ##

AR='ar'
ARFLAGS='crvs'
DEFS='-DPACKAGE_NAME=\"CRTM\" -DPACKAGE_TARNAME=\"crtm\" -DPACKAGE_VERSION=\"v2.2.4\" -DPACKAGE_STRING=\"CRTM\ v2.2.4\" -DPACKAGE_BUGREPORT=\"ncep.list.emc.jcsda_crtm.support@noaa.gov\"'
ECHO_C='\c'
ECHO_N=''
ECHO_T=''
ENDIAN_IO='big'
ENDIAN_PLATFORM='little'
EXEEXT=''
FC='gfortran'
FCFLAGS='-fconvert=big-endian -O3 -fimplicit-none -ffree-form -fno-second-underscore -frecord-marker=4 -funroll-loops -ggdb -Wall -Wconversion -std=f2003'
FCFLAGS_f90=''
FPPFLAGS=''
INSTALL_DATA='${INSTALL} -m 644'
INSTALL_PROGRAM='${INSTALL}'
INSTALL_SCRIPT='${INSTALL}'
LDFLAGS=''
LIBOBJS=''
LIBS=''
LTLIBOBJS=''
OBJEXT='o'
PACKAGE_BUGREPORT='ncep.list.emc.jcsda_crtm.support@noaa.gov'
PACKAGE_NAME='CRTM'
PACKAGE_STRING='CRTM v2.2.4'
PACKAGE_TARNAME='crtm'
PACKAGE_VERSION='v2.2.4'
PATH_SEPARATOR=':'
RANLIB='ranlib'
SHELL='/bin/sh'
ac_ct_FC=''
bindir='${exec_prefix}/bin'
build_alias=''
datadir='${datarootdir}'
datarootdir='${prefix}/share'
docdir='${datarootdir}/doc/${PACKAGE_TARNAME}'
dvidir='${docdir}'
exec_prefix='${prefix}'
host_alias=''
htmldir='${docdir}'
includedir='${prefix}/include'
infodir='${datarootdir}/info'
libdir='${exec_prefix}/lib'
libexecdir='${exec_prefix}/libexec'
localedir='${datarootdir}/locale'
localstatedir='${prefix}/var'
mandir='${datarootdir}/man'
oldincludedir='/usr/include'
pdfdir='${docdir}'
prefix='/usr/local'
program_transform_name='s,x,x,'
psdir='${docdir}'
sbindir='${exec_prefix}/sbin'
sharedstatedir='${prefix}/com'
sysconfdir='${prefix}/etc'
target_alias=''

## ----------- ##
## confdefs.h. ##
## ----------- ##

#define PACKAGE_NAME "CRTM"
#define PACKAGE_TARNAME "crtm"
#define PACKAGE_VERSION "v2.2.4"
#define PACKAGE_STRING "CRTM v2.2.4"
#define PACKAGE_BUGREPORT "ncep.list.emc.jcsda_crtm.support@noaa.gov"

configure: exit 0
