
     **********************************************************
                            Example2_SSU

      Program to provide a (relatively) simple example of how 
      to call the CRTM K-Matrix function.

      CRTM Version: beta.REL-2.0
     **********************************************************


     Enter sensor id [ssu_n14, or ssu_n06]: 

     Running CRTM for ssu_n06 sensor...

     Initializing the CRTM...
 Read_SpcCoeff_Binary(INFORMATION) : FILE: ./Coefficient_Data/ssu_n06.SpcCoeff.bin; 
 SpcCoeff RELEASE.VERSION:  7.02  N_CHANNELS=3
 Read_ODSSU_Binary(INFORMATION) : FILE: ./Coefficient_Data/ssu_n06.TauCoeff.bin; 
   ODSSU RELEASE.VERSION:  6.04  SUBALGORITHM= 1  N_ABSORBERS= 3  N_CHANNELS=3  N_TC_CELLPRESSURES=10  N_REF_CELLPRESSURES=179
 CloudCoeff_ReadFile(Binary)(INFORMATION) : FILE: ./Coefficient_Data/CloudCoeff.bin; 
 CloudCoeff RELEASE.VERSION:  3.04  N_FREQUENCIES(MW)=  31  N_FREQUENCIES(IR)=  61  N_RADII(MW)=10  N_RADII(IR)=10  N_TEMPERATURES= 5  N_DENSITIES= 3  N_LEGENDRE_TERMS=38  N_PHASE_ELEMENTS= 1
 AerosolCoeff_ReadFile(Binary)(INFORMATION) : FILE: ./Coefficient_Data/AerosolCoeff.bin; 
 AerosolCoeff RELEASE.VERSION:  3.04  N_WAVELENGTHS=  61  N_RADII= 36  N_TYPES= 8  N_RH= 36  N_LEGENDRE_TERMS=37  N_PHASE_ELEMENTS= 1
 Read_EmisCoeff_Binary(INFORMATION) : FILE: ./Coefficient_Data/Nalli.EmisCoeff.bin; 
 EmisCoeff RELEASE.VERSION:  2.02  N_ANGLES= 16  N_FREQUENCIES= 2223  N_WIND_SPEEDS= 11


       Profile 1 output for ssu_n06

     Channel 1 results

   FORWARD OUTPUT
 RTSolution OBJECT
   Surface Emissivity      :  9.321777E-01
   Up Radiance             :  5.413794E+01
   Down Radiance           :  1.700818E+02
   Down Solar Radiance     :  0.000000E+00
   Surface Planck Radiance :  1.814631E+02
   Radiance                :  5.413907E+01
   Brightness Temperature  :  2.291329E+02

   K-MATRIX OUTPUT
 Surface OBJECT
   Land Coverage :  1.000
   Water Coverage:  0.000
   Snow Coverage :  0.000
   Ice Coverage  :  0.000
   Land type            : Scrub
   Land Temperature     :  1.053707E-05
   Soil Moisture Content:  0.000000E+00
   Canopy Water Content :  0.000000E+00
   Vegetation Fraction  :  0.000000E+00
   Soil Temperature     :  0.000000E+00
   Water Type       : Sea water
   Water Temperature:  0.000000E+00
   Wind Speed       :  0.000000E+00
   Wind Direction   :  0.000000E+00
   Salinity         :  0.000000E+00
   Snow Type       : Powder snow
   Snow Temperature:  0.000000E+00
   Snow Depth      :  0.000000E+00
   Snow Density    :  0.000000E+00
   Snow Grain_Size :  0.000000E+00
   Ice Type       : Fresh ice
   Ice Temperature:  0.000000E+00
   Ice Thickness  :  0.000000E+00
   Ice Density    :  0.000000E+00
   Ice Roughness  :  0.000000E+00
 ATMOSPHERE OBJECT
   n_Layers   : 100
   n_Absorbers: 3
   n_Clouds   : 0
   n_Aerosols : 0
   Climatology    : Tropical                
   Level pressure:
  0.000000E+00 -6.272881E-02 -6.114065E-01 -6.154159E-01 -7.748327E-01
 -9.535023E-01 -1.017370E+00 -9.956798E-01 -8.699042E-01 -6.595011E-01
 -3.406371E-01  1.542026E-01  5.778598E-01  4.789964E-01  1.996414E-01
  7.352362E-02 -1.723374E-02 -4.689569E-02 -2.438108E-02  2.621285E-02
  4.217180E-02  2.132051E-02  3.460882E-03 -1.506196E-03  2.664206E-03
  1.427187E-02  2.232274E-02  2.606550E-02  2.637453E-02  1.538333E-02
  7.927449E-03  6.924784E-03  6.047658E-03  5.042518E-03  4.164630E-03
  3.838330E-03  4.254388E-03  3.974470E-03  3.096771E-03  2.378522E-03
  1.523268E-03  7.003946E-04  3.263638E-04 -2.905344E-04 -6.479168E-04
 -6.331260E-04 -6.918202E-04 -5.915650E-04 -4.710891E-04 -3.590330E-04
 -2.503979E-04 -1.737876E-04 -1.030203E-04 -5.583457E-05 -2.044491E-05
  8.755454E-06  2.671062E-05  3.810576E-05  4.431418E-05  4.316036E-05
  3.701568E-05  2.878450E-05  1.578105E-05  3.761027E-06 -5.689107E-06
 -1.387506E-05 -1.245978E-05 -8.588322E-06 -3.076131E-06  3.141491E-06
  3.586197E-06  1.484564E-06 -1.815754E-06 -5.550478E-06 -9.077916E-06
 -1.201060E-05 -1.318442E-05 -1.310910E-05 -1.255330E-05 -1.175964E-05
 -1.106670E-05 -1.029262E-05 -9.386697E-06 -8.369809E-06 -7.287563E-06
 -6.292954E-06 -5.360799E-06 -4.516254E-06 -3.781538E-06 -3.121654E-06
 -2.516206E-06 -1.968632E-06 -1.507390E-06 -1.124244E-06 -7.936071E-07
 -6.245871E-07 -2.924626E-07 -1.632136E-08 -4.428923E-09  8.632415E-09
 -1.306968E-07
   Layer pressure:
  1.124755E-01  2.036323E-01  3.975051E-01  5.760691E-01  7.361266E-01
  8.398467E-01  8.563877E-01  7.839626E-01  6.336243E-01  4.259631E-01
  2.013201E-01  5.723975E-02  3.063201E-02  3.377934E-02  2.719391E-02
  1.910391E-02  9.817389E-03  3.602045E-03  2.254240E-03  3.504855E-03
  5.044959E-03  7.263723E-03  1.006015E-02  1.247875E-02  1.363894E-02
  1.287905E-02  1.077408E-02  8.066240E-03  5.405963E-03  3.778450E-03
  2.828374E-03  2.090391E-03  1.547401E-03  1.181420E-03  9.534672E-04
  8.195769E-04  7.441734E-04  7.126587E-04  7.010189E-04  6.786411E-04
  6.308911E-04  5.542093E-04  4.428180E-04  3.201062E-04  1.989639E-04
  7.697185E-05 -2.721836E-05 -1.163672E-04 -1.888572E-04 -2.433249E-04
 -2.816132E-04 -3.026591E-04 -3.103099E-04 -3.055792E-04 -2.914772E-04
 -2.716264E-04 -2.479646E-04 -2.225921E-04 -1.969721E-04 -1.714790E-04
 -1.465296E-04 -1.227288E-04 -9.987060E-05 -7.879861E-05 -6.026923E-05
 -4.452681E-05 -3.260813E-05 -2.393921E-05 -1.771114E-05 -1.296998E-05
 -8.796488E-06 -4.929465E-06 -1.378204E-06  1.725213E-06  4.213558E-06
  5.924444E-06  6.967671E-06  7.539064E-06  7.767723E-06  7.761424E-06
  7.516441E-06  7.064065E-06  6.459184E-06  5.769740E-06  5.070309E-06
  4.377713E-06  3.716679E-06  3.099917E-06  2.520134E-06  1.981672E-06
  1.497590E-06  1.081368E-06  7.325355E-07  4.515416E-07  2.455744E-07
  8.639003E-08  2.202560E-08  1.061175E-08 -1.760780E-09 -1.551327E-08
   Layer temperature:
  6.142581E-04  8.399176E-04  1.470262E-03  1.782357E-03  2.178535E-03
  3.167576E-03  4.811370E-03  7.276500E-03  1.047662E-02  1.464604E-02
  1.944831E-02  2.336050E-02  2.534735E-02  2.814337E-02  3.290715E-02
  3.828372E-02  4.381818E-02  4.852705E-02  5.167346E-02  5.281389E-02
  5.225531E-02  5.086411E-02  4.891748E-02  4.638775E-02  4.333977E-02
  3.975911E-02  3.591430E-02  3.195169E-02  2.811200E-02  2.490290E-02
  2.224310E-02  1.982125E-02  1.761071E-02  1.563132E-02  1.385095E-02
  1.221231E-02  1.064335E-02  9.182064E-03  7.884798E-03  6.725104E-03
  5.724263E-03  4.888215E-03  4.163375E-03  3.598101E-03  3.161248E-03
  2.785394E-03  2.489342E-03  2.232275E-03  2.006574E-03  1.806824E-03
  1.627597E-03  1.469646E-03  1.327117E-03  1.199900E-03  1.085062E-03
  9.787977E-04  8.810165E-04  7.907178E-04  7.070446E-04  6.310149E-04
  5.628808E-04  5.018169E-04  4.486523E-04  4.018863E-04  3.599140E-04
  3.224099E-04  2.855486E-04  2.495780E-04  2.146255E-04  1.806190E-04
  1.504512E-04  1.247816E-04  1.035647E-04  8.646122E-05  7.296225E-05
  6.254021E-05  5.400764E-05  4.658262E-05  4.001235E-05  3.416834E-05
  2.917022E-05  2.497011E-05  2.144920E-05  1.847416E-05  1.589709E-05
  1.370495E-05  1.183849E-05  1.026315E-05  8.976532E-06  7.944998E-06
  7.103025E-06  6.388063E-06  5.781761E-06  5.260556E-06  4.768128E-06
  4.423205E-06  3.886975E-06  3.204064E-06  2.697022E-06  2.320935E-06
   Layer absorber:
     H2O(Mass mixing ratio, g/kg)
  0.000000E+00  0.000000E+00  0.000000E+00  0.000000E+00  0.000000E+00
  0.000000E+00  0.000000E+00  0.000000E+00  0.000000E+00  0.000000E+00
  0.000000E+00  0.000000E+00  0.000000E+00  0.000000E+00  0.000000E+00
  0.000000E+00  0.000000E+00  0.000000E+00  0.000000E+00  0.000000E+00
  0.000000E+00  0.000000E+00  0.000000E+00  0.000000E+00  0.000000E+00
  0.000000E+00  0.000000E+00  0.000000E+00  0.000000E+00  0.000000E+00
  0.000000E+00  0.000000E+00  0.000000E+00  0.000000E+00  0.000000E+00
  0.000000E+00  0.000000E+00  0.000000E+00  0.000000E+00  0.000000E+00
  0.000000E+00  0.000000E+00  0.000000E+00  0.000000E+00  0.000000E+00
  0.000000E+00  0.000000E+00  0.000000E+00  0.000000E+00  0.000000E+00
  0.000000E+00  0.000000E+00  0.000000E+00  0.000000E+00  0.000000E+00
  0.000000E+00  0.000000E+00  0.000000E+00  0.000000E+00  0.000000E+00
  0.000000E+00  0.000000E+00  0.000000E+00  0.000000E+00  0.000000E+00
  0.000000E+00  0.000000E+00  0.000000E+00  0.000000E+00  0.000000E+00
  0.000000E+00  0.000000E+00  0.000000E+00  0.000000E+00  0.000000E+00
  0.000000E+00  0.000000E+00  0.000000E+00  0.000000E+00  0.000000E+00
  0.000000E+00  0.000000E+00  0.000000E+00  0.000000E+00  0.000000E+00
  0.000000E+00  0.000000E+00  0.000000E+00  0.000000E+00  0.000000E+00
  0.000000E+00  0.000000E+00  0.000000E+00  0.000000E+00  0.000000E+00
  0.000000E+00  0.000000E+00  0.000000E+00  0.000000E+00  0.000000E+00
     O3(Volume mixing ratio, ppmv)
  0.000000E+00  0.000000E+00  0.000000E+00  0.000000E+00  0.000000E+00
  0.000000E+00  0.000000E+00  0.000000E+00  0.000000E+00  0.000000E+00
  0.000000E+00  0.000000E+00  0.000000E+00  0.000000E+00  0.000000E+00
  0.000000E+00  0.000000E+00  0.000000E+00  0.000000E+00  0.000000E+00
  0.000000E+00  0.000000E+00  0.000000E+00  0.000000E+00  0.000000E+00
  0.000000E+00  0.000000E+00  0.000000E+00  0.000000E+00  0.000000E+00
  0.000000E+00  0.000000E+00  0.000000E+00  0.000000E+00  0.000000E+00
  0.000000E+00  0.000000E+00  0.000000E+00  0.000000E+00  0.000000E+00
  0.000000E+00  0.000000E+00  0.000000E+00  0.000000E+00  0.000000E+00
  0.000000E+00  0.000000E+00  0.000000E+00  0.000000E+00  0.000000E+00
  0.000000E+00  0.000000E+00  0.000000E+00  0.000000E+00  0.000000E+00
  0.000000E+00  0.000000E+00  0.000000E+00  0.000000E+00  0.000000E+00
  0.000000E+00  0.000000E+00  0.000000E+00  0.000000E+00  0.000000E+00
  0.000000E+00  0.000000E+00  0.000000E+00  0.000000E+00  0.000000E+00
  0.000000E+00  0.000000E+00  0.000000E+00  0.000000E+00  0.000000E+00
  0.000000E+00  0.000000E+00  0.000000E+00  0.000000E+00  0.000000E+00
  0.000000E+00  0.000000E+00  0.000000E+00  0.000000E+00  0.000000E+00
  0.000000E+00  0.000000E+00  0.000000E+00  0.000000E+00  0.000000E+00
  0.000000E+00  0.000000E+00  0.000000E+00  0.000000E+00  0.000000E+00
  0.000000E+00  0.000000E+00  0.000000E+00  0.000000E+00  0.000000E+00
     CO2(Volume mixing ratio, ppmv)
  0.000000E+00  0.000000E+00  0.000000E+00  0.000000E+00  0.000000E+00
  0.000000E+00  0.000000E+00  0.000000E+00  0.000000E+00  0.000000E+00
  0.000000E+00  0.000000E+00  0.000000E+00  0.000000E+00  0.000000E+00
  0.000000E+00  0.000000E+00  0.000000E+00  0.000000E+00  0.000000E+00
  0.000000E+00  0.000000E+00  0.000000E+00  0.000000E+00  0.000000E+00
  0.000000E+00  0.000000E+00  0.000000E+00  0.000000E+00  0.000000E+00
  0.000000E+00  0.000000E+00  0.000000E+00  0.000000E+00  0.000000E+00
  0.000000E+00  0.000000E+00  0.000000E+00  0.000000E+00  0.000000E+00
  0.000000E+00  0.000000E+00  0.000000E+00  0.000000E+00  0.000000E+00
  0.000000E+00  0.000000E+00  0.000000E+00  0.000000E+00  0.000000E+00
  0.000000E+00  0.000000E+00  0.000000E+00  0.000000E+00  0.000000E+00
  0.000000E+00  0.000000E+00  0.000000E+00  0.000000E+00  0.000000E+00
  0.000000E+00  0.000000E+00  0.000000E+00  0.000000E+00  0.000000E+00
  0.000000E+00  0.000000E+00  0.000000E+00  0.000000E+00  0.000000E+00
  0.000000E+00  0.000000E+00  0.000000E+00  0.000000E+00  0.000000E+00
  0.000000E+00  0.000000E+00  0.000000E+00  0.000000E+00  0.000000E+00
  0.000000E+00  0.000000E+00  0.000000E+00  0.000000E+00  0.000000E+00
  0.000000E+00  0.000000E+00  0.000000E+00  0.000000E+00  0.000000E+00
  0.000000E+00  0.000000E+00  0.000000E+00  0.000000E+00  0.000000E+00
  0.000000E+00  0.000000E+00  0.000000E+00  0.000000E+00  0.000000E+00

     Channel 2 results

   FORWARD OUTPUT
 RTSolution OBJECT
   Surface Emissivity      :  9.319432E-01
   Up Radiance             :  6.625910E+01
   Down Radiance           :  1.649491E+02
   Down Solar Radiance     :  0.000000E+00
   Surface Planck Radiance :  1.815042E+02
   Radiance                :  6.625975E+01
   Brightness Temperature  :  2.404621E+02

   K-MATRIX OUTPUT
 Surface OBJECT
   Land Coverage :  1.000
   Water Coverage:  0.000
   Snow Coverage :  0.000
   Ice Coverage  :  0.000
   Land type            : Scrub
   Land Temperature     :  5.398053E-06
   Soil Moisture Content:  0.000000E+00
   Canopy Water Content :  0.000000E+00
   Vegetation Fraction  :  0.000000E+00
   Soil Temperature     :  0.000000E+00
   Water Type       : Sea water
   Water Temperature:  0.000000E+00
   Wind Speed       :  0.000000E+00
   Wind Direction   :  0.000000E+00
   Salinity         :  0.000000E+00
   Snow Type       : Powder snow
   Snow Temperature:  0.000000E+00
   Snow Depth      :  0.000000E+00
   Snow Density    :  0.000000E+00
   Snow Grain_Size :  0.000000E+00
   Ice Type       : Fresh ice
   Ice Temperature:  0.000000E+00
   Ice Thickness  :  0.000000E+00
   Ice Density    :  0.000000E+00
   Ice Roughness  :  0.000000E+00
 ATMOSPHERE OBJECT
   n_Layers   : 100
   n_Absorbers: 3
   n_Clouds   : 0
   n_Aerosols : 0
   Climatology    : Tropical                
   Level pressure:
  0.000000E+00  2.779668E-02 -6.811755E-01 -3.507601E-01 -6.256661E-01
 -1.107323E+00 -1.452223E+00 -1.649780E+00 -1.597411E+00 -1.352610E+00
 -7.864930E-01  4.281485E-01  1.592897E+00  1.236191E+00  4.608385E-01
  1.619872E-01  6.187683E-03 -3.512290E-02 -1.758980E-02  1.894685E-02
  2.647354E-02  1.163875E-02  7.533461E-04 -2.341816E-03 -6.108945E-04
  4.724401E-03  8.487934E-03  1.032644E-02  1.057283E-02  6.234242E-03
  3.413018E-03  3.095011E-03  2.777434E-03  2.380518E-03  2.010255E-03
  1.811156E-03  1.822351E-03  1.555076E-03  1.087242E-03  6.986178E-04
  2.999374E-04 -4.449026E-05 -1.987371E-04 -3.994621E-04 -4.877989E-04
 -4.390541E-04 -4.089518E-04 -3.282917E-04 -2.448357E-04 -1.696125E-04
 -1.016305E-04 -5.068137E-05 -8.213381E-06  2.051045E-05  3.986439E-05
  5.300249E-05  5.936919E-05  6.139631E-05  6.038890E-05  5.604336E-05
  4.938734E-05  4.169519E-05  3.219133E-05  2.306248E-05  1.522683E-05
  8.473763E-06  5.892548E-06  5.074993E-06  5.498763E-06  6.522160E-06
  5.644056E-06  3.843139E-06  1.590832E-06 -7.758706E-07 -2.939434E-06
 -4.669468E-06 -5.560420E-06 -5.862144E-06 -5.898172E-06 -5.786551E-06
 -5.643380E-06 -5.396857E-06 -5.035724E-06 -4.582192E-06 -4.074705E-06
 -3.577412E-06 -3.089520E-06 -2.627049E-06 -2.199682E-06 -1.798197E-06
 -1.422542E-06 -1.082343E-06 -7.923525E-07 -5.524001E-07 -3.578074E-07
 -2.341737E-07 -9.702636E-08 -1.196111E-08 -6.694820E-09 -1.936600E-09
 -2.264762E-08
   Layer pressure:
  5.206611E-01 -3.214122E-01 -1.270836E-01  1.449716E-01  4.902509E-01
  8.152284E-01  1.021322E+00  1.070644E+00  9.843047E-01  8.025293E-01
  5.725760E-01  3.568815E-01  1.697022E-01  5.530481E-02  1.091305E-02
 -7.962084E-03 -1.096150E-02 -5.274719E-03  1.957423E-03  4.521021E-03
  4.264549E-03  4.953366E-03  6.535756E-03  7.854590E-03  8.174509E-03
  7.138367E-03  5.388276E-03  3.541612E-03  2.027836E-03  1.149932E-03
  5.979983E-04  2.146239E-04 -2.301563E-05 -1.474643E-04 -1.890439E-04
 -1.566567E-04 -4.077281E-05  1.163421E-04  2.672938E-04  3.907755E-04
  4.655903E-04  4.868283E-04  4.604883E-04  3.988872E-04  3.210045E-04
  2.334093E-04  1.513185E-04  7.615559E-05  1.053826E-05 -4.359903E-05
 -8.669704E-05 -1.171629E-04 -1.371317E-04 -1.468258E-04 -1.481332E-04
 -1.437144E-04 -1.350910E-04 -1.239729E-04 -1.116760E-04 -9.861249E-05
 -8.519689E-05 -7.198288E-05 -5.889984E-05 -4.664495E-05 -3.584316E-05
 -2.673685E-05 -2.003238E-05 -1.531691E-05 -1.200099E-05 -9.372382E-06
 -6.896777E-06 -4.454781E-06 -2.103113E-06  1.825764E-08  1.751169E-06
  2.944080E-06  3.693398E-06  4.154268E-06  4.413601E-06  4.540145E-06
  4.510687E-06  4.334424E-06  4.040607E-06  3.672326E-06  3.280247E-06
  2.874232E-06  2.471983E-06  2.083878E-06  1.707005E-06  1.347373E-06
  1.017782E-06  7.315696E-07  4.915758E-07  3.000521E-07  1.620563E-07
  5.710888E-08  1.474929E-08  9.199055E-09  4.213668E-09 -3.202586E-10
   Layer temperature:
  1.946660E-03  2.259825E-03  3.756236E-03  4.468764E-03  5.864905E-03
  9.409966E-03  1.566908E-02  2.497156E-02  3.648583E-02  4.955320E-02
  6.225358E-02  7.105489E-02  7.161348E-02  6.723766E-02  6.242609E-02
  5.730295E-02  5.258825E-02  4.784664E-02  4.290874E-02  3.777369E-02
  3.292678E-02  2.888962E-02  2.555255E-02  2.265190E-02  2.003857E-02
  1.756866E-02  1.526541E-02  1.311816E-02  1.117641E-02  9.629739E-03
  8.398344E-03  7.319855E-03  6.371987E-03  5.552155E-03  4.840254E-03
  4.207755E-03  3.623542E-03  3.098176E-03  2.645532E-03  2.249970E-03
  1.912519E-03  1.630560E-03  1.384225E-03  1.189294E-03  1.037418E-03
  9.071177E-04  8.064183E-04  7.212314E-04  6.485214E-04  5.859733E-04
  5.309698E-04  4.835056E-04  4.408467E-04  4.027647E-04  3.679435E-04
  3.348566E-04  3.035997E-04  2.739536E-04  2.458417E-04  2.198595E-04
  1.962569E-04  1.748569E-04  1.560293E-04  1.393090E-04  1.242285E-04
  1.107411E-04  9.771292E-05  8.522737E-05  7.325399E-05  6.166166E-05
  5.132133E-05  4.246345E-05  3.510782E-05  2.916576E-05  2.447590E-05
  2.086235E-05  1.792265E-05  1.538487E-05  1.315309E-05  1.117468E-05
  9.491216E-06  8.086635E-06  6.917700E-06  5.935484E-06  5.083976E-06
  4.360635E-06  3.745225E-06  3.226762E-06  2.805437E-06  2.467493E-06
  2.187584E-06  1.942958E-06  1.725926E-06  1.527643E-06  1.333413E-06
  1.167143E-06  9.703298E-07  7.791812E-07  6.388420E-07  5.332611E-07
   Layer absorber:
     H2O(Mass mixing ratio, g/kg)
  0.000000E+00  0.000000E+00  0.000000E+00  0.000000E+00  0.000000E+00
  0.000000E+00  0.000000E+00  0.000000E+00  0.000000E+00  0.000000E+00
  0.000000E+00  0.000000E+00  0.000000E+00  0.000000E+00  0.000000E+00
  0.000000E+00  0.000000E+00  0.000000E+00  0.000000E+00  0.000000E+00
  0.000000E+00  0.000000E+00  0.000000E+00  0.000000E+00  0.000000E+00
  0.000000E+00  0.000000E+00  0.000000E+00  0.000000E+00  0.000000E+00
  0.000000E+00  0.000000E+00  0.000000E+00  0.000000E+00  0.000000E+00
  0.000000E+00  0.000000E+00  0.000000E+00  0.000000E+00  0.000000E+00
  0.000000E+00  0.000000E+00  0.000000E+00  0.000000E+00  0.000000E+00
  0.000000E+00  0.000000E+00  0.000000E+00  0.000000E+00  0.000000E+00
  0.000000E+00  0.000000E+00  0.000000E+00  0.000000E+00  0.000000E+00
  0.000000E+00  0.000000E+00  0.000000E+00  0.000000E+00  0.000000E+00
  0.000000E+00  0.000000E+00  0.000000E+00  0.000000E+00  0.000000E+00
  0.000000E+00  0.000000E+00  0.000000E+00  0.000000E+00  0.000000E+00
  0.000000E+00  0.000000E+00  0.000000E+00  0.000000E+00  0.000000E+00
  0.000000E+00  0.000000E+00  0.000000E+00  0.000000E+00  0.000000E+00
  0.000000E+00  0.000000E+00  0.000000E+00  0.000000E+00  0.000000E+00
  0.000000E+00  0.000000E+00  0.000000E+00  0.000000E+00  0.000000E+00
  0.000000E+00  0.000000E+00  0.000000E+00  0.000000E+00  0.000000E+00
  0.000000E+00  0.000000E+00  0.000000E+00  0.000000E+00  0.000000E+00
     O3(Volume mixing ratio, ppmv)
  0.000000E+00  0.000000E+00  0.000000E+00  0.000000E+00  0.000000E+00
  0.000000E+00  0.000000E+00  0.000000E+00  0.000000E+00  0.000000E+00
  0.000000E+00  0.000000E+00  0.000000E+00  0.000000E+00  0.000000E+00
  0.000000E+00  0.000000E+00  0.000000E+00  0.000000E+00  0.000000E+00
  0.000000E+00  0.000000E+00  0.000000E+00  0.000000E+00  0.000000E+00
  0.000000E+00  0.000000E+00  0.000000E+00  0.000000E+00  0.000000E+00
  0.000000E+00  0.000000E+00  0.000000E+00  0.000000E+00  0.000000E+00
  0.000000E+00  0.000000E+00  0.000000E+00  0.000000E+00  0.000000E+00
  0.000000E+00  0.000000E+00  0.000000E+00  0.000000E+00  0.000000E+00
  0.000000E+00  0.000000E+00  0.000000E+00  0.000000E+00  0.000000E+00
  0.000000E+00  0.000000E+00  0.000000E+00  0.000000E+00  0.000000E+00
  0.000000E+00  0.000000E+00  0.000000E+00  0.000000E+00  0.000000E+00
  0.000000E+00  0.000000E+00  0.000000E+00  0.000000E+00  0.000000E+00
  0.000000E+00  0.000000E+00  0.000000E+00  0.000000E+00  0.000000E+00
  0.000000E+00  0.000000E+00  0.000000E+00  0.000000E+00  0.000000E+00
  0.000000E+00  0.000000E+00  0.000000E+00  0.000000E+00  0.000000E+00
  0.000000E+00  0.000000E+00  0.000000E+00  0.000000E+00  0.000000E+00
  0.000000E+00  0.000000E+00  0.000000E+00  0.000000E+00  0.000000E+00
  0.000000E+00  0.000000E+00  0.000000E+00  0.000000E+00  0.000000E+00
  0.000000E+00  0.000000E+00  0.000000E+00  0.000000E+00  0.000000E+00
     CO2(Volume mixing ratio, ppmv)
  0.000000E+00  0.000000E+00  0.000000E+00  0.000000E+00  0.000000E+00
  0.000000E+00  0.000000E+00  0.000000E+00  0.000000E+00  0.000000E+00
  0.000000E+00  0.000000E+00  0.000000E+00  0.000000E+00  0.000000E+00
  0.000000E+00  0.000000E+00  0.000000E+00  0.000000E+00  0.000000E+00
  0.000000E+00  0.000000E+00  0.000000E+00  0.000000E+00  0.000000E+00
  0.000000E+00  0.000000E+00  0.000000E+00  0.000000E+00  0.000000E+00
  0.000000E+00  0.000000E+00  0.000000E+00  0.000000E+00  0.000000E+00
  0.000000E+00  0.000000E+00  0.000000E+00  0.000000E+00  0.000000E+00
  0.000000E+00  0.000000E+00  0.000000E+00  0.000000E+00  0.000000E+00
  0.000000E+00  0.000000E+00  0.000000E+00  0.000000E+00  0.000000E+00
  0.000000E+00  0.000000E+00  0.000000E+00  0.000000E+00  0.000000E+00
  0.000000E+00  0.000000E+00  0.000000E+00  0.000000E+00  0.000000E+00
  0.000000E+00  0.000000E+00  0.000000E+00  0.000000E+00  0.000000E+00
  0.000000E+00  0.000000E+00  0.000000E+00  0.000000E+00  0.000000E+00
  0.000000E+00  0.000000E+00  0.000000E+00  0.000000E+00  0.000000E+00
  0.000000E+00  0.000000E+00  0.000000E+00  0.000000E+00  0.000000E+00
  0.000000E+00  0.000000E+00  0.000000E+00  0.000000E+00  0.000000E+00
  0.000000E+00  0.000000E+00  0.000000E+00  0.000000E+00  0.000000E+00
  0.000000E+00  0.000000E+00  0.000000E+00  0.000000E+00  0.000000E+00
  0.000000E+00  0.000000E+00  0.000000E+00  0.000000E+00  0.000000E+00

     Channel 3 results

   FORWARD OUTPUT
 RTSolution OBJECT
   Surface Emissivity      :  9.317228E-01
   Up Radiance             :  7.765381E+01
   Down Radiance           :  1.677090E+02
   Down Solar Radiance     :  0.000000E+00
   Surface Planck Radiance :  1.815390E+02
   Radiance                :  7.765398E+01
   Brightness Temperature  :  2.501471E+02

   K-MATRIX OUTPUT
 Surface OBJECT
   Land Coverage :  1.000
   Water Coverage:  0.000
   Snow Coverage :  0.000
   Ice Coverage  :  0.000
   Land type            : Scrub
   Land Temperature     :  1.369308E-06
   Soil Moisture Content:  0.000000E+00
   Canopy Water Content :  0.000000E+00
   Vegetation Fraction  :  0.000000E+00
   Soil Temperature     :  0.000000E+00
   Water Type       : Sea water
   Water Temperature:  0.000000E+00
   Wind Speed       :  0.000000E+00
   Wind Direction   :  0.000000E+00
   Salinity         :  0.000000E+00
   Snow Type       : Powder snow
   Snow Temperature:  0.000000E+00
   Snow Depth      :  0.000000E+00
   Snow Density    :  0.000000E+00
   Snow Grain_Size :  0.000000E+00
   Ice Type       : Fresh ice
   Ice Temperature:  0.000000E+00
   Ice Thickness  :  0.000000E+00
   Ice Density    :  0.000000E+00
   Ice Roughness  :  0.000000E+00
 ATMOSPHERE OBJECT
   n_Layers   : 100
   n_Absorbers: 3
   n_Clouds   : 0
   n_Aerosols : 0
   Climatology    : Tropical                
   Level pressure:
  0.000000E+00 -1.314840E+01 -2.405698E+00  7.166186E-01 -3.366410E-01
 -2.111380E+00 -2.699617E+00 -2.411702E+00 -1.651871E+00 -1.090275E+00
 -4.865111E-01  7.640755E-01  1.691340E+00  1.040228E+00  3.205043E-01
  1.006645E-01  6.080795E-03 -1.806356E-02 -1.199200E-02  3.057592E-03
  6.033338E-03  3.161173E-04 -3.540032E-03 -4.173396E-03 -2.798613E-03
 -4.586902E-05  2.030167E-03  3.182463E-03  3.511614E-03  2.142255E-03
  1.256435E-03  1.163602E-03  1.024034E-03  8.315500E-04  6.363939E-04
  4.925594E-04  4.137259E-04  2.515460E-04  4.825119E-05 -9.916280E-05
 -2.206663E-04 -2.991059E-04 -2.970802E-04 -3.007358E-04 -2.659461E-04
 -1.907883E-04 -1.297945E-04 -6.246721E-05 -3.837287E-06  4.305739E-05
  7.955985E-05  1.033743E-04  1.184872E-04  1.243329E-04  1.234832E-04
  1.182699E-04  1.095148E-04  9.881175E-05  8.723592E-05  7.499705E-05
  6.266775E-05  5.088423E-05  3.944967E-05  2.926154E-05  2.074232E-05
  1.378848E-05  9.475330E-06  6.685236E-06  4.944849E-06  3.741616E-06
  1.980913E-06  4.778766E-08 -1.841027E-06 -3.529857E-06 -4.895661E-06
 -5.870610E-06 -6.363129E-06 -6.511432E-06 -6.460241E-06 -6.274491E-06
 -6.008794E-06 -5.648428E-06 -5.199610E-06 -4.679993E-06 -4.118851E-06
 -3.554660E-06 -3.003080E-06 -2.482901E-06 -2.005990E-06 -1.573784E-06
 -1.189828E-06 -8.606612E-07 -5.926378E-07 -3.835233E-07 -2.281216E-07
 -1.266423E-07 -4.782005E-08 -1.036872E-08 -6.331609E-09 -3.453706E-09
 -6.840277E-09
   Layer pressure:
  1.335439E+01 -1.320515E-01 -2.066657E+00 -1.047514E+00  4.389684E-01
  1.114107E+00  7.909283E-01  1.889636E-01 -4.182532E-02  1.576186E-01
  4.853321E-01  5.319538E-01  2.587145E-01  6.474769E-02  6.855165E-03
 -9.078131E-03 -6.781183E-03  4.220464E-04  5.843044E-03  6.836653E-03
  6.062535E-03  5.886086E-03  6.025547E-03  5.827881E-03  5.063671E-03
  3.788819E-03  2.448316E-03  1.353600E-03  6.466929E-04  2.689084E-04
  3.942241E-05 -7.465659E-05 -1.012029E-04 -7.121340E-05 -7.315739E-06
  8.419478E-05  2.058578E-04  3.241712E-04  4.108023E-04  4.582776E-04
  4.603978E-04  4.219213E-04  3.534717E-04  2.680755E-04  1.805017E-04
  9.597037E-05  2.330662E-05 -3.753419E-05 -8.612458E-05 -1.224144E-04
 -1.477539E-04 -1.622032E-04 -1.679300E-04 -1.658774E-04 -1.578903E-04
 -1.460899E-04 -1.318611E-04 -1.165470E-04 -1.011387E-04 -8.604752E-05
 -7.163436E-05 -5.827401E-05 -4.599234E-05 -3.518354E-05 -2.612137E-05
 -1.883994E-05 -1.345790E-05 -9.539169E-06 -6.580677E-06 -4.058883E-06
 -1.760534E-06  3.290917E-07  2.156654E-06  3.652342E-06  4.763806E-06
  5.453047E-06  5.813240E-06  5.949762E-06  5.921896E-06  5.778339E-06
  5.516961E-06  5.149658E-06  4.694969E-06  4.182915E-06  3.651072E-06
  3.118275E-06  2.604940E-06  2.125798E-06  1.684017E-06  1.285048E-06
  9.370662E-07  6.484818E-07  4.191862E-07  2.465989E-07  1.287744E-07
  4.582632E-08  1.275638E-08  8.024122E-09  4.670539E-09  2.259738E-09
   Layer temperature:
  1.661134E-02  1.063103E-02  1.459380E-02  1.721980E-02  2.206435E-02
  3.304976E-02  5.032263E-02  7.101420E-02  8.791875E-02  9.736910E-02
  9.773864E-02  8.911944E-02  7.172770E-02  5.391569E-02  4.144137E-02
  3.283260E-02  2.699358E-02  2.259559E-02  1.896069E-02  1.577425E-02
  1.311382E-02  1.108746E-02  9.534685E-03  8.273133E-03  7.196095E-03
  6.210876E-03  5.310660E-03  4.484828E-03  3.748364E-03  3.189614E-03
  2.764743E-03  2.396570E-03  2.076950E-03  1.804448E-03  1.571303E-03
  1.365770E-03  1.175447E-03  1.005629E-03  8.612041E-04  7.353380E-04
  6.275212E-04  5.363152E-04  4.545717E-04  3.890704E-04  3.379984E-04
  2.941306E-04  2.613537E-04  2.344638E-04  2.122911E-04  1.939196E-04
  1.781705E-04  1.649999E-04  1.531635E-04  1.425314E-04  1.325211E-04
  1.224975E-04  1.125505E-04  1.026513E-04  9.285834E-05  8.350786E-05
  7.478848E-05  6.670876E-05  5.951297E-05  5.308689E-05  4.730714E-05
  4.222052E-05  3.731437E-05  3.257647E-05  2.791949E-05  2.321101E-05
  1.893729E-05  1.526940E-05  1.225854E-05  9.887845E-06  8.094757E-06
  6.812654E-06  5.833439E-06  5.006449E-06  4.278316E-06  3.618038E-06
  3.067035E-06  2.627667E-06  2.279707E-06  1.993052E-06  1.726881E-06
  1.489364E-06  1.273957E-06  1.083164E-06  9.310059E-07  8.152285E-07
  7.218971E-07  6.384416E-07  5.644182E-07  4.963261E-07  4.248271E-07
  3.698873E-07  2.873964E-07  2.046037E-07  1.523367E-07  1.178140E-07
   Layer absorber:
     H2O(Mass mixing ratio, g/kg)
  0.000000E+00  0.000000E+00  0.000000E+00  0.000000E+00  0.000000E+00
  0.000000E+00  0.000000E+00  0.000000E+00  0.000000E+00  0.000000E+00
  0.000000E+00  0.000000E+00  0.000000E+00  0.000000E+00  0.000000E+00
  0.000000E+00  0.000000E+00  0.000000E+00  0.000000E+00  0.000000E+00
  0.000000E+00  0.000000E+00  0.000000E+00  0.000000E+00  0.000000E+00
  0.000000E+00  0.000000E+00  0.000000E+00  0.000000E+00  0.000000E+00
  0.000000E+00  0.000000E+00  0.000000E+00  0.000000E+00  0.000000E+00
  0.000000E+00  0.000000E+00  0.000000E+00  0.000000E+00  0.000000E+00
  0.000000E+00  0.000000E+00  0.000000E+00  0.000000E+00  0.000000E+00
  0.000000E+00  0.000000E+00  0.000000E+00  0.000000E+00  0.000000E+00
  0.000000E+00  0.000000E+00  0.000000E+00  0.000000E+00  0.000000E+00
  0.000000E+00  0.000000E+00  0.000000E+00  0.000000E+00  0.000000E+00
  0.000000E+00  0.000000E+00  0.000000E+00  0.000000E+00  0.000000E+00
  0.000000E+00  0.000000E+00  0.000000E+00  0.000000E+00  0.000000E+00
  0.000000E+00  0.000000E+00  0.000000E+00  0.000000E+00  0.000000E+00
  0.000000E+00  0.000000E+00  0.000000E+00  0.000000E+00  0.000000E+00
  0.000000E+00  0.000000E+00  0.000000E+00  0.000000E+00  0.000000E+00
  0.000000E+00  0.000000E+00  0.000000E+00  0.000000E+00  0.000000E+00
  0.000000E+00  0.000000E+00  0.000000E+00  0.000000E+00  0.000000E+00
  0.000000E+00  0.000000E+00  0.000000E+00  0.000000E+00  0.000000E+00
     O3(Volume mixing ratio, ppmv)
  0.000000E+00  0.000000E+00  0.000000E+00  0.000000E+00  0.000000E+00
  0.000000E+00  0.000000E+00  0.000000E+00  0.000000E+00  0.000000E+00
  0.000000E+00  0.000000E+00  0.000000E+00  0.000000E+00  0.000000E+00
  0.000000E+00  0.000000E+00  0.000000E+00  0.000000E+00  0.000000E+00
  0.000000E+00  0.000000E+00  0.000000E+00  0.000000E+00  0.000000E+00
  0.000000E+00  0.000000E+00  0.000000E+00  0.000000E+00  0.000000E+00
  0.000000E+00  0.000000E+00  0.000000E+00  0.000000E+00  0.000000E+00
  0.000000E+00  0.000000E+00  0.000000E+00  0.000000E+00  0.000000E+00
  0.000000E+00  0.000000E+00  0.000000E+00  0.000000E+00  0.000000E+00
  0.000000E+00  0.000000E+00  0.000000E+00  0.000000E+00  0.000000E+00
  0.000000E+00  0.000000E+00  0.000000E+00  0.000000E+00  0.000000E+00
  0.000000E+00  0.000000E+00  0.000000E+00  0.000000E+00  0.000000E+00
  0.000000E+00  0.000000E+00  0.000000E+00  0.000000E+00  0.000000E+00
  0.000000E+00  0.000000E+00  0.000000E+00  0.000000E+00  0.000000E+00
  0.000000E+00  0.000000E+00  0.000000E+00  0.000000E+00  0.000000E+00
  0.000000E+00  0.000000E+00  0.000000E+00  0.000000E+00  0.000000E+00
  0.000000E+00  0.000000E+00  0.000000E+00  0.000000E+00  0.000000E+00
  0.000000E+00  0.000000E+00  0.000000E+00  0.000000E+00  0.000000E+00
  0.000000E+00  0.000000E+00  0.000000E+00  0.000000E+00  0.000000E+00
  0.000000E+00  0.000000E+00  0.000000E+00  0.000000E+00  0.000000E+00
     CO2(Volume mixing ratio, ppmv)
  0.000000E+00  0.000000E+00  0.000000E+00  0.000000E+00  0.000000E+00
  0.000000E+00  0.000000E+00  0.000000E+00  0.000000E+00  0.000000E+00
  0.000000E+00  0.000000E+00  0.000000E+00  0.000000E+00  0.000000E+00
  0.000000E+00  0.000000E+00  0.000000E+00  0.000000E+00  0.000000E+00
  0.000000E+00  0.000000E+00  0.000000E+00  0.000000E+00  0.000000E+00
  0.000000E+00  0.000000E+00  0.000000E+00  0.000000E+00  0.000000E+00
  0.000000E+00  0.000000E+00  0.000000E+00  0.000000E+00  0.000000E+00
  0.000000E+00  0.000000E+00  0.000000E+00  0.000000E+00  0.000000E+00
  0.000000E+00  0.000000E+00  0.000000E+00  0.000000E+00  0.000000E+00
  0.000000E+00  0.000000E+00  0.000000E+00  0.000000E+00  0.000000E+00
  0.000000E+00  0.000000E+00  0.000000E+00  0.000000E+00  0.000000E+00
  0.000000E+00  0.000000E+00  0.000000E+00  0.000000E+00  0.000000E+00
  0.000000E+00  0.000000E+00  0.000000E+00  0.000000E+00  0.000000E+00
  0.000000E+00  0.000000E+00  0.000000E+00  0.000000E+00  0.000000E+00
  0.000000E+00  0.000000E+00  0.000000E+00  0.000000E+00  0.000000E+00
  0.000000E+00  0.000000E+00  0.000000E+00  0.000000E+00  0.000000E+00
  0.000000E+00  0.000000E+00  0.000000E+00  0.000000E+00  0.000000E+00
  0.000000E+00  0.000000E+00  0.000000E+00  0.000000E+00  0.000000E+00
  0.000000E+00  0.000000E+00  0.000000E+00  0.000000E+00  0.000000E+00
  0.000000E+00  0.000000E+00  0.000000E+00  0.000000E+00  0.000000E+00


       Profile 2 output for ssu_n06

     Channel 1 results

   FORWARD OUTPUT
 RTSolution OBJECT
   Surface Emissivity      :  9.607890E-01
   Up Radiance             :  6.469500E+01
   Down Radiance           :  9.812968E+01
   Down Solar Radiance     :  0.000000E+00
   Surface Planck Radiance :  1.076116E+02
   Radiance                :  6.469724E+01
   Brightness Temperature  :  2.391004E+02

   K-MATRIX OUTPUT
 Surface OBJECT
   Land Coverage :  0.250
   Water Coverage:  0.750
   Snow Coverage :  0.000
   Ice Coverage  :  0.000
   Land type            : Sand
   Land Temperature     :  6.485138E-06
   Soil Moisture Content:  0.000000E+00
   Canopy Water Content :  0.000000E+00
   Vegetation Fraction  :  0.000000E+00
   Soil Temperature     :  0.000000E+00
   Water Type       : Sea water
   Water Temperature:  1.945541E-05
   Wind Speed       :  2.301571E-09
   Wind Direction   :  0.000000E+00
   Salinity         :  0.000000E+00
   Snow Type       : Powder snow
   Snow Temperature:  0.000000E+00
   Snow Depth      :  0.000000E+00
   Snow Density    :  0.000000E+00
   Snow Grain_Size :  0.000000E+00
   Ice Type       : Fresh ice
   Ice Temperature:  0.000000E+00
   Ice Thickness  :  0.000000E+00
   Ice Density    :  0.000000E+00
   Ice Roughness  :  0.000000E+00
 ATMOSPHERE OBJECT
   n_Layers   : 100
   n_Absorbers: 3
   n_Clouds   : 0
   n_Aerosols : 0
   Climatology    : U.S. Standard Atmosphere
   Level pressure:
  0.000000E+00 -8.801180E-02 -1.249535E-01 -3.377631E-01 -3.586457E-01
 -3.447352E-01 -4.221297E-01 -3.753138E-01 -1.266829E-01  9.713579E-02
  1.805976E-01  1.928300E-01  1.970768E-01  1.685718E-01  6.689804E-02
 -5.215270E-02 -1.359230E-01 -1.512548E-01 -8.613047E-02 -6.193386E-03
  9.389523E-03 -9.683363E-03 -1.944366E-04  1.562203E-02  2.262983E-02
  1.936451E-02  1.399241E-02  1.510469E-02  1.526394E-02  8.115133E-03
  3.105002E-03  3.112737E-03  3.044307E-03  1.622896E-03  1.769997E-04
 -3.920635E-04 -9.067247E-04 -1.084188E-03 -1.394665E-03 -1.621237E-03
 -1.101096E-03 -4.026556E-04 -1.037455E-04 -6.849404E-04 -1.112717E-03
 -6.451586E-04 -9.221789E-05  5.141871E-05  1.962627E-05 -1.479008E-05
  5.671137E-05  1.426769E-04  1.466840E-04  1.520610E-04  1.518326E-04
  8.501734E-05  3.707188E-05  3.520698E-05  3.258109E-05  3.169213E-05
  3.026827E-05  2.918971E-05  2.797418E-05  2.651048E-05  2.300747E-05
  1.940804E-05  1.460703E-05  9.489825E-06  5.557420E-06  1.862509E-06
 -8.127550E-07 -2.884483E-06 -4.452570E-06 -5.599859E-06 -6.480818E-06
 -7.080621E-06 -7.274417E-06 -7.153819E-06 -6.786886E-06 -6.324779E-06
 -5.598411E-06 -5.125113E-06 -5.088068E-06 -4.895968E-06 -4.528302E-06
 -4.101881E-06 -3.791001E-06 -3.461706E-06 -2.985462E-06 -2.498064E-06
 -2.096598E-06 -1.726315E-06 -1.364745E-06 -1.064675E-06 -8.020956E-07
 -4.624420E-07 -1.107760E-07  1.647073E-08  5.085423E-09 -8.000525E-09
  1.385679E-07
   Layer pressure:
  1.018242E-01  2.067514E-02  1.514914E-02  1.048543E-01  1.884003E-01
  2.457997E-01  2.309561E-01  1.390924E-01  4.708080E-02 -7.475067E-03
 -3.626449E-02 -4.713636E-02 -3.823110E-02 -1.626276E-02  2.020747E-03
  8.434118E-03  5.746886E-03  1.803045E-03  1.276040E-03  2.232171E-03
  3.388269E-03  5.686653E-03  7.324741E-03  7.224197E-03  5.871534E-03
  4.340497E-03  3.081722E-03  1.705436E-03  4.387237E-04 -1.414760E-04
 -2.980717E-04 -4.010692E-04 -4.505939E-04 -4.156944E-04 -3.380189E-04
 -2.666982E-04 -2.119105E-04 -1.792049E-04 -1.606624E-04 -1.458579E-04
 -1.360616E-04 -1.356515E-04 -1.400680E-04 -1.071462E-04 -2.132353E-05
  6.081588E-05  1.057584E-04  1.317163E-04  1.531639E-04  1.703354E-04
  1.664577E-04  1.377946E-04  1.013982E-04  6.083796E-05  2.085198E-05
 -1.561442E-06 -1.050769E-05 -1.723542E-05 -2.171171E-05 -2.462051E-05
 -2.612683E-05 -2.659412E-05 -2.623534E-05 -2.520850E-05 -2.335210E-05
 -2.090806E-05 -1.793822E-05 -1.466884E-05 -1.142084E-05 -8.344796E-06
 -5.581591E-06 -3.184396E-06 -1.169627E-06  4.704275E-07  1.741668E-06
  2.652440E-06  3.247989E-06  3.586865E-06  3.741882E-06  3.766288E-06
  3.811155E-06  3.871080E-06  3.789972E-06  3.594830E-06  3.348367E-06
  3.088939E-06  2.764814E-06  2.369040E-06  1.971847E-06  1.602485E-06
  1.243597E-06  9.007278E-07  5.940320E-07  3.256784E-07  1.108791E-07
 -3.747962E-09 -2.176948E-08 -1.117957E-08  9.950946E-10  1.498479E-08
   Layer temperature:
 -2.333404E-05  3.301969E-05  3.689858E-04  1.079188E-03  1.758963E-03
  2.445281E-03  4.046176E-03  6.465537E-03  8.593378E-03  1.052805E-02
  1.298835E-02  1.632751E-02  2.020668E-02  2.457939E-02  2.968743E-02
  3.557055E-02  4.179678E-02  4.729771E-02  5.097240E-02  5.248673E-02
  5.244167E-02  5.156814E-02  4.968744E-02  4.685478E-02  4.347243E-02
  3.993644E-02  3.651135E-02  3.306117E-02  2.974006E-02  2.682979E-02
  2.429714E-02  2.193640E-02  1.973041E-02  1.776773E-02  1.603142E-02
  1.445815E-02  1.304395E-02  1.175012E-02  1.059060E-02  9.544356E-03
  8.545340E-03  7.574579E-03  6.665939E-03  5.901450E-03  5.258804E-03
  4.625726E-03  3.996520E-03  3.418221E-03  2.913072E-03  2.473836E-03
  2.080585E-03  1.726121E-03  1.421886E-03  1.162073E-03  9.430557E-04
  7.763480E-04  6.505519E-04  5.461896E-04  4.599672E-04  3.883417E-04
  3.290213E-04  2.795628E-04  2.381706E-04  2.034170E-04  1.749440E-04
  1.515707E-04  1.329131E-04  1.182751E-04  1.062732E-04  9.636194E-05
  8.772062E-05  7.994512E-05  7.280439E-05  6.616173E-05  6.000875E-05
  5.433457E-05  4.904406E-05  4.408812E-05  3.942584E-05  3.507734E-05
  3.089120E-05  2.700228E-05  2.367569E-05  2.081730E-05  1.830493E-05
  1.607565E-05  1.418631E-05  1.262882E-05  1.128612E-05  1.011453E-05
  9.137867E-06  8.346454E-06  7.702333E-06  7.206958E-06  6.831687E-06
  6.401543E-06  5.787643E-06  5.156242E-06  4.624657E-06  4.171015E-06
   Layer absorber:
     H2O(Mass mixing ratio, g/kg)
  0.000000E+00  0.000000E+00  0.000000E+00  0.000000E+00  0.000000E+00
  0.000000E+00  0.000000E+00  0.000000E+00  0.000000E+00  0.000000E+00
  0.000000E+00  0.000000E+00  0.000000E+00  0.000000E+00  0.000000E+00
  0.000000E+00  0.000000E+00  0.000000E+00  0.000000E+00  0.000000E+00
  0.000000E+00  0.000000E+00  0.000000E+00  0.000000E+00  0.000000E+00
  0.000000E+00  0.000000E+00  0.000000E+00  0.000000E+00  0.000000E+00
  0.000000E+00  0.000000E+00  0.000000E+00  0.000000E+00  0.000000E+00
  0.000000E+00  0.000000E+00  0.000000E+00  0.000000E+00  0.000000E+00
  0.000000E+00  0.000000E+00  0.000000E+00  0.000000E+00  0.000000E+00
  0.000000E+00  0.000000E+00  0.000000E+00  0.000000E+00  0.000000E+00
  0.000000E+00  0.000000E+00  0.000000E+00  0.000000E+00  0.000000E+00
  0.000000E+00  0.000000E+00  0.000000E+00  0.000000E+00  0.000000E+00
  0.000000E+00  0.000000E+00  0.000000E+00  0.000000E+00  0.000000E+00
  0.000000E+00  0.000000E+00  0.000000E+00  0.000000E+00  0.000000E+00
  0.000000E+00  0.000000E+00  0.000000E+00  0.000000E+00  0.000000E+00
  0.000000E+00  0.000000E+00  0.000000E+00  0.000000E+00  0.000000E+00
  0.000000E+00  0.000000E+00  0.000000E+00  0.000000E+00  0.000000E+00
  0.000000E+00  0.000000E+00  0.000000E+00  0.000000E+00  0.000000E+00
  0.000000E+00  0.000000E+00  0.000000E+00  0.000000E+00  0.000000E+00
  0.000000E+00  0.000000E+00  0.000000E+00  0.000000E+00  0.000000E+00
     O3(Volume mixing ratio, ppmv)
  0.000000E+00  0.000000E+00  0.000000E+00  0.000000E+00  0.000000E+00
  0.000000E+00  0.000000E+00  0.000000E+00  0.000000E+00  0.000000E+00
  0.000000E+00  0.000000E+00  0.000000E+00  0.000000E+00  0.000000E+00
  0.000000E+00  0.000000E+00  0.000000E+00  0.000000E+00  0.000000E+00
  0.000000E+00  0.000000E+00  0.000000E+00  0.000000E+00  0.000000E+00
  0.000000E+00  0.000000E+00  0.000000E+00  0.000000E+00  0.000000E+00
  0.000000E+00  0.000000E+00  0.000000E+00  0.000000E+00  0.000000E+00
  0.000000E+00  0.000000E+00  0.000000E+00  0.000000E+00  0.000000E+00
  0.000000E+00  0.000000E+00  0.000000E+00  0.000000E+00  0.000000E+00
  0.000000E+00  0.000000E+00  0.000000E+00  0.000000E+00  0.000000E+00
  0.000000E+00  0.000000E+00  0.000000E+00  0.000000E+00  0.000000E+00
  0.000000E+00  0.000000E+00  0.000000E+00  0.000000E+00  0.000000E+00
  0.000000E+00  0.000000E+00  0.000000E+00  0.000000E+00  0.000000E+00
  0.000000E+00  0.000000E+00  0.000000E+00  0.000000E+00  0.000000E+00
  0.000000E+00  0.000000E+00  0.000000E+00  0.000000E+00  0.000000E+00
  0.000000E+00  0.000000E+00  0.000000E+00  0.000000E+00  0.000000E+00
  0.000000E+00  0.000000E+00  0.000000E+00  0.000000E+00  0.000000E+00
  0.000000E+00  0.000000E+00  0.000000E+00  0.000000E+00  0.000000E+00
  0.000000E+00  0.000000E+00  0.000000E+00  0.000000E+00  0.000000E+00
  0.000000E+00  0.000000E+00  0.000000E+00  0.000000E+00  0.000000E+00
     CO2(Volume mixing ratio, ppmv)
  0.000000E+00  0.000000E+00  0.000000E+00  0.000000E+00  0.000000E+00
  0.000000E+00  0.000000E+00  0.000000E+00  0.000000E+00  0.000000E+00
  0.000000E+00  0.000000E+00  0.000000E+00  0.000000E+00  0.000000E+00
  0.000000E+00  0.000000E+00  0.000000E+00  0.000000E+00  0.000000E+00
  0.000000E+00  0.000000E+00  0.000000E+00  0.000000E+00  0.000000E+00
  0.000000E+00  0.000000E+00  0.000000E+00  0.000000E+00  0.000000E+00
  0.000000E+00  0.000000E+00  0.000000E+00  0.000000E+00  0.000000E+00
  0.000000E+00  0.000000E+00  0.000000E+00  0.000000E+00  0.000000E+00
  0.000000E+00  0.000000E+00  0.000000E+00  0.000000E+00  0.000000E+00
  0.000000E+00  0.000000E+00  0.000000E+00  0.000000E+00  0.000000E+00
  0.000000E+00  0.000000E+00  0.000000E+00  0.000000E+00  0.000000E+00
  0.000000E+00  0.000000E+00  0.000000E+00  0.000000E+00  0.000000E+00
  0.000000E+00  0.000000E+00  0.000000E+00  0.000000E+00  0.000000E+00
  0.000000E+00  0.000000E+00  0.000000E+00  0.000000E+00  0.000000E+00
  0.000000E+00  0.000000E+00  0.000000E+00  0.000000E+00  0.000000E+00
  0.000000E+00  0.000000E+00  0.000000E+00  0.000000E+00  0.000000E+00
  0.000000E+00  0.000000E+00  0.000000E+00  0.000000E+00  0.000000E+00
  0.000000E+00  0.000000E+00  0.000000E+00  0.000000E+00  0.000000E+00
  0.000000E+00  0.000000E+00  0.000000E+00  0.000000E+00  0.000000E+00
  0.000000E+00  0.000000E+00  0.000000E+00  0.000000E+00  0.000000E+00

     Channel 2 results

   FORWARD OUTPUT
 RTSolution OBJECT
   Surface Emissivity      :  9.607409E-01
   Up Radiance             :  6.633410E+01
   Down Radiance           :  9.544069E+01
   Down Solar Radiance     :  0.000000E+00
   Surface Planck Radiance :  1.076586E+02
   Radiance                :  6.633553E+01
   Brightness Temperature  :  2.405295E+02

   K-MATRIX OUTPUT
 Surface OBJECT
   Land Coverage :  0.250
   Water Coverage:  0.750
   Snow Coverage :  0.000
   Ice Coverage  :  0.000
   Land type            : Sand
   Land Temperature     :  4.096404E-06
   Soil Moisture Content:  0.000000E+00
   Canopy Water Content :  0.000000E+00
   Vegetation Fraction  :  0.000000E+00
   Soil Temperature     :  0.000000E+00
   Water Type       : Sea water
   Water Temperature:  1.228921E-05
   Wind Speed       :  1.872409E-09
   Wind Direction   :  0.000000E+00
   Salinity         :  0.000000E+00
   Snow Type       : Powder snow
   Snow Temperature:  0.000000E+00
   Snow Depth      :  0.000000E+00
   Snow Density    :  0.000000E+00
   Snow Grain_Size :  0.000000E+00
   Ice Type       : Fresh ice
   Ice Temperature:  0.000000E+00
   Ice Thickness  :  0.000000E+00
   Ice Density    :  0.000000E+00
   Ice Roughness  :  0.000000E+00
 ATMOSPHERE OBJECT
   n_Layers   : 100
   n_Absorbers: 3
   n_Clouds   : 0
   n_Aerosols : 0
   Climatology    : U.S. Standard Atmosphere
   Level pressure:
  0.000000E+00 -7.085262E-01  1.328955E-01 -3.720255E-01 -5.566439E-01
 -6.827199E-01 -1.193161E+00 -1.281761E+00 -5.739245E-01  1.929755E-01
  5.029489E-01  5.234091E-01  5.129998E-01  4.131795E-01  1.593784E-01
 -5.620501E-02 -1.587543E-01 -1.558550E-01 -7.669708E-02 -3.374377E-03
  7.717496E-03 -6.259356E-03 -1.271876E-03  7.017260E-03  1.044253E-02
  8.793769E-03  6.295534E-03  6.856404E-03  6.878706E-03  3.677122E-03
  1.490167E-03  1.422211E-03  1.279045E-03  5.958041E-04 -4.534567E-05
 -3.032392E-04 -5.058353E-04 -5.550225E-04 -6.296561E-04 -6.542257E-04
 -4.133948E-04 -1.290099E-04  5.678072E-07 -1.824650E-04 -3.238891E-04
 -1.739839E-04 -4.335861E-06  2.511486E-05 -4.487264E-06 -3.513539E-05
 -2.514321E-05  3.034190E-07  6.443799E-06  1.849994E-05  3.226788E-05
  2.022077E-05  9.193410E-06  1.187865E-05  1.361619E-05  1.534767E-05
  1.636714E-05  1.704906E-05  1.730903E-05  1.715789E-05  1.595867E-05
  1.439473E-05  1.213330E-05  9.536188E-06  7.219447E-06  4.948569E-06
  3.059308E-06  1.449549E-06  1.055869E-07 -9.914362E-07 -1.888758E-06
 -2.569765E-06 -2.987990E-06 -3.191522E-06 -3.227909E-06 -3.176585E-06
 -3.018563E-06 -2.996183E-06 -3.138670E-06 -3.155323E-06 -3.051307E-06
 -2.899301E-06 -2.769352E-06 -2.574063E-06 -2.263453E-06 -1.931199E-06
 -1.628034E-06 -1.322808E-06 -1.013753E-06 -7.359808E-07 -4.849924E-07
 -2.329330E-07 -3.411117E-08  2.596902E-08  1.543268E-08  3.711472E-09
  6.814073E-08
   Layer pressure:
  1.043573E+00 -4.796819E-02 -7.977704E-01 -3.781229E-01  5.578655E-02
  4.170495E-01  6.040037E-01  5.212581E-01  3.510863E-01  2.107208E-01
  1.087818E-01  4.351599E-02  5.663561E-03 -1.665988E-02 -2.816981E-02
 -3.147944E-02 -2.555322E-02 -1.231087E-02 -1.690862E-03  9.071097E-04
  1.498156E-03  4.211959E-03  5.760171E-03  5.317931E-03  3.864078E-03
  2.504698E-03  1.521072E-03  6.170097E-04 -3.844426E-05 -2.687239E-04
 -3.128919E-04 -2.870981E-04 -1.912530E-04 -7.507526E-05  1.337820E-05
  7.228019E-05  9.248938E-05  8.379299E-05  4.596338E-05 -7.957404E-06
 -4.829135E-05 -7.399558E-05 -9.675915E-05 -1.034452E-04 -6.876360E-05
 -1.739616E-05  1.987387E-05  4.739038E-05  7.351905E-05  9.842546E-05
  1.081784E-04  9.734569E-05  7.765930E-05  5.144188E-05  2.241901E-05
  5.471505E-06 -1.428997E-06 -6.927120E-06 -1.086991E-05 -1.371411E-05
 -1.553108E-05 -1.656511E-05 -1.695743E-05 -1.680917E-05 -1.599470E-05
 -1.468013E-05 -1.291562E-05 -1.087168E-05 -8.770501E-06 -6.734204E-06
 -4.862675E-06 -3.200543E-06 -1.766814E-06 -5.636300E-07  3.995250E-07
  1.114471E-06  1.609198E-06  1.923641E-06  2.112389E-06  2.212737E-06
  2.365518E-06  2.563566E-06  2.641348E-06  2.613960E-06  2.536629E-06
  2.444131E-06  2.273341E-06  2.007255E-06  1.718465E-06  1.437716E-06
  1.145342E-06  8.483115E-07  5.708539E-07  3.176713E-07  1.069991E-07
 -9.992585E-09 -3.091336E-08 -2.105553E-08 -9.840291E-09  2.390971E-09
   Layer temperature:
 -1.205345E-04 -7.088866E-05  1.119099E-03  3.694897E-03  6.044887E-03
  9.055882E-03  1.521428E-02  2.434692E-02  3.396858E-02  4.366091E-02
  5.301755E-02  6.056290E-02  6.403084E-02  6.351388E-02  6.083557E-02
  5.780949E-02  5.486715E-02  5.131642E-02  4.668358E-02  4.138456E-02
  3.638126E-02  3.218458E-02  2.842982E-02  2.497272E-02  2.186919E-02
  1.916585E-02  1.685205E-02  1.475040E-02  1.286538E-02  1.129520E-02
  9.986429E-03  8.812089E-03  7.753336E-03  6.842230E-03  6.064095E-03
  5.382394E-03  4.789561E-03  4.263948E-03  3.806962E-03  3.405805E-03
  3.028782E-03  2.667166E-03  2.334402E-03  2.059393E-03  1.829031E-03
  1.602522E-03  1.380926E-03  1.180404E-03  1.006906E-03  8.569979E-04
  7.244271E-04  6.061183E-04  5.040179E-04  4.157002E-04  3.397772E-04
  2.804754E-04  2.349703E-04  1.969041E-04  1.652560E-04  1.388624E-04
  1.169701E-04  9.873676E-05  8.354402E-05  7.088500E-05  6.064527E-05
  5.238108E-05  4.592979E-05  4.099349E-05  3.703130E-05  3.381303E-05
  3.103201E-05  2.853886E-05  2.625125E-05  2.412102E-05  2.213999E-05
  2.029957E-05  1.857147E-05  1.694377E-05  1.540813E-05  1.397111E-05
  1.260853E-05  1.135363E-05  1.024349E-05  9.253021E-06  8.358402E-06
  7.549151E-06  6.821495E-06  6.168003E-06  5.577103E-06  5.043986E-06
  4.565754E-06  4.139769E-06  3.760245E-06  3.424478E-06  3.125418E-06
  2.836037E-06  2.537512E-06  2.252501E-06  1.992770E-06  1.752591E-06
   Layer absorber:
     H2O(Mass mixing ratio, g/kg)
  0.000000E+00  0.000000E+00  0.000000E+00  0.000000E+00  0.000000E+00
  0.000000E+00  0.000000E+00  0.000000E+00  0.000000E+00  0.000000E+00
  0.000000E+00  0.000000E+00  0.000000E+00  0.000000E+00  0.000000E+00
  0.000000E+00  0.000000E+00  0.000000E+00  0.000000E+00  0.000000E+00
  0.000000E+00  0.000000E+00  0.000000E+00  0.000000E+00  0.000000E+00
  0.000000E+00  0.000000E+00  0.000000E+00  0.000000E+00  0.000000E+00
  0.000000E+00  0.000000E+00  0.000000E+00  0.000000E+00  0.000000E+00
  0.000000E+00  0.000000E+00  0.000000E+00  0.000000E+00  0.000000E+00
  0.000000E+00  0.000000E+00  0.000000E+00  0.000000E+00  0.000000E+00
  0.000000E+00  0.000000E+00  0.000000E+00  0.000000E+00  0.000000E+00
  0.000000E+00  0.000000E+00  0.000000E+00  0.000000E+00  0.000000E+00
  0.000000E+00  0.000000E+00  0.000000E+00  0.000000E+00  0.000000E+00
  0.000000E+00  0.000000E+00  0.000000E+00  0.000000E+00  0.000000E+00
  0.000000E+00  0.000000E+00  0.000000E+00  0.000000E+00  0.000000E+00
  0.000000E+00  0.000000E+00  0.000000E+00  0.000000E+00  0.000000E+00
  0.000000E+00  0.000000E+00  0.000000E+00  0.000000E+00  0.000000E+00
  0.000000E+00  0.000000E+00  0.000000E+00  0.000000E+00  0.000000E+00
  0.000000E+00  0.000000E+00  0.000000E+00  0.000000E+00  0.000000E+00
  0.000000E+00  0.000000E+00  0.000000E+00  0.000000E+00  0.000000E+00
  0.000000E+00  0.000000E+00  0.000000E+00  0.000000E+00  0.000000E+00
     O3(Volume mixing ratio, ppmv)
  0.000000E+00  0.000000E+00  0.000000E+00  0.000000E+00  0.000000E+00
  0.000000E+00  0.000000E+00  0.000000E+00  0.000000E+00  0.000000E+00
  0.000000E+00  0.000000E+00  0.000000E+00  0.000000E+00  0.000000E+00
  0.000000E+00  0.000000E+00  0.000000E+00  0.000000E+00  0.000000E+00
  0.000000E+00  0.000000E+00  0.000000E+00  0.000000E+00  0.000000E+00
  0.000000E+00  0.000000E+00  0.000000E+00  0.000000E+00  0.000000E+00
  0.000000E+00  0.000000E+00  0.000000E+00  0.000000E+00  0.000000E+00
  0.000000E+00  0.000000E+00  0.000000E+00  0.000000E+00  0.000000E+00
  0.000000E+00  0.000000E+00  0.000000E+00  0.000000E+00  0.000000E+00
  0.000000E+00  0.000000E+00  0.000000E+00  0.000000E+00  0.000000E+00
  0.000000E+00  0.000000E+00  0.000000E+00  0.000000E+00  0.000000E+00
  0.000000E+00  0.000000E+00  0.000000E+00  0.000000E+00  0.000000E+00
  0.000000E+00  0.000000E+00  0.000000E+00  0.000000E+00  0.000000E+00
  0.000000E+00  0.000000E+00  0.000000E+00  0.000000E+00  0.000000E+00
  0.000000E+00  0.000000E+00  0.000000E+00  0.000000E+00  0.000000E+00
  0.000000E+00  0.000000E+00  0.000000E+00  0.000000E+00  0.000000E+00
  0.000000E+00  0.000000E+00  0.000000E+00  0.000000E+00  0.000000E+00
  0.000000E+00  0.000000E+00  0.000000E+00  0.000000E+00  0.000000E+00
  0.000000E+00  0.000000E+00  0.000000E+00  0.000000E+00  0.000000E+00
  0.000000E+00  0.000000E+00  0.000000E+00  0.000000E+00  0.000000E+00
     CO2(Volume mixing ratio, ppmv)
  0.000000E+00  0.000000E+00  0.000000E+00  0.000000E+00  0.000000E+00
  0.000000E+00  0.000000E+00  0.000000E+00  0.000000E+00  0.000000E+00
  0.000000E+00  0.000000E+00  0.000000E+00  0.000000E+00  0.000000E+00
  0.000000E+00  0.000000E+00  0.000000E+00  0.000000E+00  0.000000E+00
  0.000000E+00  0.000000E+00  0.000000E+00  0.000000E+00  0.000000E+00
  0.000000E+00  0.000000E+00  0.000000E+00  0.000000E+00  0.000000E+00
  0.000000E+00  0.000000E+00  0.000000E+00  0.000000E+00  0.000000E+00
  0.000000E+00  0.000000E+00  0.000000E+00  0.000000E+00  0.000000E+00
  0.000000E+00  0.000000E+00  0.000000E+00  0.000000E+00  0.000000E+00
  0.000000E+00  0.000000E+00  0.000000E+00  0.000000E+00  0.000000E+00
  0.000000E+00  0.000000E+00  0.000000E+00  0.000000E+00  0.000000E+00
  0.000000E+00  0.000000E+00  0.000000E+00  0.000000E+00  0.000000E+00
  0.000000E+00  0.000000E+00  0.000000E+00  0.000000E+00  0.000000E+00
  0.000000E+00  0.000000E+00  0.000000E+00  0.000000E+00  0.000000E+00
  0.000000E+00  0.000000E+00  0.000000E+00  0.000000E+00  0.000000E+00
  0.000000E+00  0.000000E+00  0.000000E+00  0.000000E+00  0.000000E+00
  0.000000E+00  0.000000E+00  0.000000E+00  0.000000E+00  0.000000E+00
  0.000000E+00  0.000000E+00  0.000000E+00  0.000000E+00  0.000000E+00
  0.000000E+00  0.000000E+00  0.000000E+00  0.000000E+00  0.000000E+00
  0.000000E+00  0.000000E+00  0.000000E+00  0.000000E+00  0.000000E+00

     Channel 3 results

   FORWARD OUTPUT
 RTSolution OBJECT
   Surface Emissivity      :  9.606958E-01
   Up Radiance             :  6.796654E+01
   Down Radiance           :  9.606712E+01
   Down Solar Radiance     :  0.000000E+00
   Surface Planck Radiance :  1.077010E+02
   Radiance                :  6.796733E+01
   Brightness Temperature  :  2.419371E+02

   K-MATRIX OUTPUT
 Surface OBJECT
   Land Coverage :  0.250
   Water Coverage:  0.750
   Snow Coverage :  0.000
   Ice Coverage  :  0.000
   Land type            : Sand
   Land Temperature     :  2.225054E-06
   Soil Moisture Content:  0.000000E+00
   Canopy Water Content :  0.000000E+00
   Vegetation Fraction  :  0.000000E+00
   Soil Temperature     :  0.000000E+00
   Water Type       : Sea water
   Water Temperature:  6.675161E-06
   Wind Speed       :  9.681522E-10
   Wind Direction   :  0.000000E+00
   Salinity         :  0.000000E+00
   Snow Type       : Powder snow
   Snow Temperature:  0.000000E+00
   Snow Depth      :  0.000000E+00
   Snow Density    :  0.000000E+00
   Snow Grain_Size :  0.000000E+00
   Ice Type       : Fresh ice
   Ice Temperature:  0.000000E+00
   Ice Thickness  :  0.000000E+00
   Ice Density    :  0.000000E+00
   Ice Roughness  :  0.000000E+00
 ATMOSPHERE OBJECT
   n_Layers   : 100
   n_Absorbers: 3
   n_Clouds   : 0
   n_Aerosols : 0
   Climatology    : U.S. Standard Atmosphere
   Level pressure:
  0.000000E+00 -2.354017E+01 -2.305604E+00 -2.420254E-01 -1.124616E+00
 -1.909978E+00 -3.353705E+00 -3.014392E+00 -6.956586E-01  8.831655E-01
  1.026048E+00  7.130335E-01  5.282580E-01  3.589022E-01  1.322165E-01
 -1.588550E-02 -7.640075E-02 -7.610836E-02 -3.766194E-02 -3.659380E-03
  1.053401E-03 -4.937363E-03 -2.603423E-03  1.271106E-03  3.206971E-03
  3.034486E-03  2.391179E-03  2.750470E-03  2.757653E-03  1.516645E-03
  6.603934E-04  5.725706E-04  4.490156E-04  1.473843E-04 -1.072828E-04
 -2.012964E-04 -2.585373E-04 -2.518310E-04 -2.492153E-04 -2.298016E-04
 -1.279178E-04 -2.305662E-05  2.157969E-05 -4.393341E-05 -1.032431E-04
 -7.151676E-05 -3.087466E-05 -2.999736E-05 -4.425029E-05 -5.615311E-05
 -5.051116E-05 -3.388120E-05 -2.017127E-05 -3.517620E-06  1.321743E-05
  1.705372E-05  1.688562E-05  1.975172E-05  2.132803E-05  2.213515E-05
  2.205618E-05  2.136721E-05  2.016011E-05  1.853172E-05  1.629460E-05
  1.381275E-05  1.103875E-05  8.207111E-06  5.641821E-06  3.291412E-06
  1.319154E-06 -3.166286E-07 -1.631624E-06 -2.651979E-06 -3.416671E-06
 -3.936922E-06 -4.218294E-06 -4.311785E-06 -4.268603E-06 -4.148397E-06
 -3.978208E-06 -3.889497E-06 -3.868751E-06 -3.759814E-06 -3.576896E-06
 -3.367615E-06 -3.158778E-06 -2.888586E-06 -2.537258E-06 -2.171071E-06
 -1.818357E-06 -1.458146E-06 -1.096279E-06 -7.603206E-07 -4.544090E-07
 -1.839853E-07 -6.243195E-09  3.960489E-08  2.957181E-08  1.887908E-08
  4.800303E-08
   Layer pressure:
  2.326924E+01  4.485913E+00 -4.453367E+00 -2.528041E+00  2.548288E-02
  1.127409E+00  9.265498E-01  3.056799E-01  1.911127E-01  2.607665E-01
  2.337366E-01  1.505382E-01  5.667280E-02 -1.352351E-02 -4.090045E-02
 -3.979036E-02 -2.528116E-02 -8.566378E-03  9.914878E-04  2.759543E-03
  2.920250E-03  4.021690E-03  4.148941E-03  3.222072E-03  1.996529E-03
  1.035869E-03  4.018765E-04 -3.989007E-05 -2.400645E-04 -2.503971E-04
 -2.117287E-04 -1.345214E-04 -2.834005E-05  5.887348E-05  1.036872E-04
  1.192503E-04  1.060896E-04  7.681866E-05  3.463269E-05 -9.193334E-06
 -3.554173E-05 -4.695159E-05 -5.313820E-05 -4.760459E-05 -1.791936E-05
  1.799996E-05  4.168310E-05  5.671369E-05  6.853105E-05  7.744245E-05
  7.609606E-05  6.243614E-05  4.415169E-05  2.312212E-05  2.016586E-06
 -1.007606E-05 -1.498703E-05 -1.844423E-05 -2.044091E-05 -2.135736E-05
 -2.132839E-05 -2.058336E-05 -1.928182E-05 -1.755118E-05 -1.540218E-05
 -1.300245E-05 -1.045606E-05 -7.920415E-06 -5.537737E-06 -3.397673E-06
 -1.547095E-06  1.650301E-10  1.251025E-06  2.224760E-06  2.934194E-06
  3.394798E-06  3.649321E-06  3.745993E-06  3.739226E-06  3.666004E-06
  3.640716E-06  3.658258E-06  3.586346E-06  3.438462E-06  3.258543E-06
  3.074923E-06  2.828856E-06  2.499076E-06  2.148934E-06  1.807000E-06
  1.451819E-06  1.089042E-06  7.446826E-07  4.241430E-07  1.492784E-07
 -1.110791E-08 -4.444045E-08 -3.479347E-08 -2.437438E-08 -1.340565E-08
   Layer temperature:
  2.036622E-03  1.636809E-03  7.056801E-03  1.616363E-02  2.376976E-02
  3.325017E-02  5.183152E-02  7.370178E-02  8.777671E-02  9.297745E-02
  8.988328E-02  8.043116E-02  6.718421E-02  5.390088E-02  4.323832E-02
  3.580877E-02  3.064664E-02  2.643869E-02  2.245487E-02  1.873516E-02
  1.566937E-02  1.335107E-02  1.144911E-02  9.812173E-03  8.415031E-03
  7.251018E-03  6.291886E-03  5.434298E-03  4.671311E-03  4.059249E-03
  3.567051E-03  3.125093E-03  2.726779E-03  2.389465E-03  2.107286E-03
  1.862164E-03  1.651010E-03  1.464435E-03  1.303449E-03  1.162774E-03
  1.028749E-03  8.994088E-04  7.816225E-04  6.855924E-04  6.046203E-04
  5.258157E-04  4.517040E-04  3.869496E-04  3.322211E-04  2.857914E-04
  2.458559E-04  2.108743E-04  1.802656E-04  1.529053E-04  1.282096E-04
  1.079578E-04  9.195499E-05  7.818222E-05  6.643206E-05  5.639209E-05
  4.788595E-05  4.066238E-05  3.454209E-05  2.936968E-05  2.516438E-05
  2.176273E-05  1.912513E-05  1.713090E-05  1.553331E-05  1.423671E-05
  1.310562E-05  1.208068E-05  1.113331E-05  1.024893E-05  9.430661E-06
  8.679884E-06  7.985333E-06  7.341895E-06  6.743540E-06  6.191105E-06
  5.663753E-06  5.178249E-06  4.760100E-06  4.393848E-06  4.063074E-06
  3.760415E-06  3.487148E-06  3.240655E-06  3.011557E-06  2.796234E-06
  2.596502E-06  2.413023E-06  2.242207E-06  2.085229E-06  1.937824E-06
  1.772504E-06  1.577416E-06  1.388642E-06  1.221264E-06  1.069939E-06
   Layer absorber:
     H2O(Mass mixing ratio, g/kg)
  0.000000E+00  0.000000E+00  0.000000E+00  0.000000E+00  0.000000E+00
  0.000000E+00  0.000000E+00  0.000000E+00  0.000000E+00  0.000000E+00
  0.000000E+00  0.000000E+00  0.000000E+00  0.000000E+00  0.000000E+00
  0.000000E+00  0.000000E+00  0.000000E+00  0.000000E+00  0.000000E+00
  0.000000E+00  0.000000E+00  0.000000E+00  0.000000E+00  0.000000E+00
  0.000000E+00  0.000000E+00  0.000000E+00  0.000000E+00  0.000000E+00
  0.000000E+00  0.000000E+00  0.000000E+00  0.000000E+00  0.000000E+00
  0.000000E+00  0.000000E+00  0.000000E+00  0.000000E+00  0.000000E+00
  0.000000E+00  0.000000E+00  0.000000E+00  0.000000E+00  0.000000E+00
  0.000000E+00  0.000000E+00  0.000000E+00  0.000000E+00  0.000000E+00
  0.000000E+00  0.000000E+00  0.000000E+00  0.000000E+00  0.000000E+00
  0.000000E+00  0.000000E+00  0.000000E+00  0.000000E+00  0.000000E+00
  0.000000E+00  0.000000E+00  0.000000E+00  0.000000E+00  0.000000E+00
  0.000000E+00  0.000000E+00  0.000000E+00  0.000000E+00  0.000000E+00
  0.000000E+00  0.000000E+00  0.000000E+00  0.000000E+00  0.000000E+00
  0.000000E+00  0.000000E+00  0.000000E+00  0.000000E+00  0.000000E+00
  0.000000E+00  0.000000E+00  0.000000E+00  0.000000E+00  0.000000E+00
  0.000000E+00  0.000000E+00  0.000000E+00  0.000000E+00  0.000000E+00
  0.000000E+00  0.000000E+00  0.000000E+00  0.000000E+00  0.000000E+00
  0.000000E+00  0.000000E+00  0.000000E+00  0.000000E+00  0.000000E+00
     O3(Volume mixing ratio, ppmv)
  0.000000E+00  0.000000E+00  0.000000E+00  0.000000E+00  0.000000E+00
  0.000000E+00  0.000000E+00  0.000000E+00  0.000000E+00  0.000000E+00
  0.000000E+00  0.000000E+00  0.000000E+00  0.000000E+00  0.000000E+00
  0.000000E+00  0.000000E+00  0.000000E+00  0.000000E+00  0.000000E+00
  0.000000E+00  0.000000E+00  0.000000E+00  0.000000E+00  0.000000E+00
  0.000000E+00  0.000000E+00  0.000000E+00  0.000000E+00  0.000000E+00
  0.000000E+00  0.000000E+00  0.000000E+00  0.000000E+00  0.000000E+00
  0.000000E+00  0.000000E+00  0.000000E+00  0.000000E+00  0.000000E+00
  0.000000E+00  0.000000E+00  0.000000E+00  0.000000E+00  0.000000E+00
  0.000000E+00  0.000000E+00  0.000000E+00  0.000000E+00  0.000000E+00
  0.000000E+00  0.000000E+00  0.000000E+00  0.000000E+00  0.000000E+00
  0.000000E+00  0.000000E+00  0.000000E+00  0.000000E+00  0.000000E+00
  0.000000E+00  0.000000E+00  0.000000E+00  0.000000E+00  0.000000E+00
  0.000000E+00  0.000000E+00  0.000000E+00  0.000000E+00  0.000000E+00
  0.000000E+00  0.000000E+00  0.000000E+00  0.000000E+00  0.000000E+00
  0.000000E+00  0.000000E+00  0.000000E+00  0.000000E+00  0.000000E+00
  0.000000E+00  0.000000E+00  0.000000E+00  0.000000E+00  0.000000E+00
  0.000000E+00  0.000000E+00  0.000000E+00  0.000000E+00  0.000000E+00
  0.000000E+00  0.000000E+00  0.000000E+00  0.000000E+00  0.000000E+00
  0.000000E+00  0.000000E+00  0.000000E+00  0.000000E+00  0.000000E+00
     CO2(Volume mixing ratio, ppmv)
  0.000000E+00  0.000000E+00  0.000000E+00  0.000000E+00  0.000000E+00
  0.000000E+00  0.000000E+00  0.000000E+00  0.000000E+00  0.000000E+00
  0.000000E+00  0.000000E+00  0.000000E+00  0.000000E+00  0.000000E+00
  0.000000E+00  0.000000E+00  0.000000E+00  0.000000E+00  0.000000E+00
  0.000000E+00  0.000000E+00  0.000000E+00  0.000000E+00  0.000000E+00
  0.000000E+00  0.000000E+00  0.000000E+00  0.000000E+00  0.000000E+00
  0.000000E+00  0.000000E+00  0.000000E+00  0.000000E+00  0.000000E+00
  0.000000E+00  0.000000E+00  0.000000E+00  0.000000E+00  0.000000E+00
  0.000000E+00  0.000000E+00  0.000000E+00  0.000000E+00  0.000000E+00
  0.000000E+00  0.000000E+00  0.000000E+00  0.000000E+00  0.000000E+00
  0.000000E+00  0.000000E+00  0.000000E+00  0.000000E+00  0.000000E+00
  0.000000E+00  0.000000E+00  0.000000E+00  0.000000E+00  0.000000E+00
  0.000000E+00  0.000000E+00  0.000000E+00  0.000000E+00  0.000000E+00
  0.000000E+00  0.000000E+00  0.000000E+00  0.000000E+00  0.000000E+00
  0.000000E+00  0.000000E+00  0.000000E+00  0.000000E+00  0.000000E+00
  0.000000E+00  0.000000E+00  0.000000E+00  0.000000E+00  0.000000E+00
  0.000000E+00  0.000000E+00  0.000000E+00  0.000000E+00  0.000000E+00
  0.000000E+00  0.000000E+00  0.000000E+00  0.000000E+00  0.000000E+00
  0.000000E+00  0.000000E+00  0.000000E+00  0.000000E+00  0.000000E+00
  0.000000E+00  0.000000E+00  0.000000E+00  0.000000E+00  0.000000E+00

     Destroying the CRTM...

     Comparing calculated results with saved ones...
 Example2_SSU(INFORMATION) : Atmosphere_K Jacobians are the same!
 Example2_SSU(INFORMATION) : Surface_K Jacobians are the same!
