
     **********************************************************
                            Example2_SSU

      Program to provide a (relatively) simple example of how 
      to call the CRTM K-Matrix function.

      CRTM Version: beta.REL-2.0
     **********************************************************


     Enter sensor id [ssu_n14, or ssu_n06]: 

     Running CRTM for ssu_n14 sensor...

     Initializing the CRTM...
 Read_SpcCoeff_Binary(INFORMATION) : FILE: ./Coefficient_Data/ssu_n14.SpcCoeff.bin; 
 SpcCoeff RELEASE.VERSION:  7.02  N_CHANNELS=3
 Read_ODSSU_Binary(INFORMATION) : FILE: ./Coefficient_Data/ssu_n14.TauCoeff.bin; 
   ODSSU RELEASE.VERSION:  6.04  SUBALGORITHM= 1  N_ABSORBERS= 3  N_CHANNELS=3  N_TC_CELLPRESSURES=20  N_REF_CELLPRESSURES=293
 CloudCoeff_ReadFile(Binary)(INFORMATION) : FILE: ./Coefficient_Data/CloudCoeff.bin; 
 CloudCoeff RELEASE.VERSION:  3.04  N_FREQUENCIES(MW)=  31  N_FREQUENCIES(IR)=  61  N_RADII(MW)=10  N_RADII(IR)=10  N_TEMPERATURES= 5  N_DENSITIES= 3  N_LEGENDRE_TERMS=38  N_PHASE_ELEMENTS= 1
 AerosolCoeff_ReadFile(Binary)(INFORMATION) : FILE: ./Coefficient_Data/AerosolCoeff.bin; 
 AerosolCoeff RELEASE.VERSION:  3.04  N_WAVELENGTHS=  61  N_RADII= 36  N_TYPES= 8  N_RH= 36  N_LEGENDRE_TERMS=37  N_PHASE_ELEMENTS= 1
 Read_EmisCoeff_Binary(INFORMATION) : FILE: ./Coefficient_Data/Nalli.EmisCoeff.bin; 
 EmisCoeff RELEASE.VERSION:  2.02  N_ANGLES= 16  N_FREQUENCIES= 2223  N_WIND_SPEEDS= 11


       Profile 1 output for ssu_n14

     Channel 1 results

   FORWARD OUTPUT
 RTSolution OBJECT
   Surface Emissivity      :  9.321736E-01
   Up Radiance             :  5.457530E+01
   Down Radiance           :  1.697558E+02
   Down Solar Radiance     :  0.000000E+00
   Surface Planck Radiance :  1.814637E+02
   Radiance                :  5.457625E+01
   Brightness Temperature  :  2.295649E+02

   K-MATRIX OUTPUT
 Surface OBJECT
   Land Coverage :  1.000
   Water Coverage:  0.000
   Snow Coverage :  0.000
   Ice Coverage  :  0.000
   Land type            : Scrub
   Land Temperature     :  8.781164E-06
   Soil Moisture Content:  0.000000E+00
   Canopy Water Content :  0.000000E+00
   Vegetation Fraction  :  0.000000E+00
   Soil Temperature     :  0.000000E+00
   Water Type       : Sea water
   Water Temperature:  0.000000E+00
   Wind Speed       :  0.000000E+00
   Wind Direction   :  0.000000E+00
   Salinity         :  0.000000E+00
   Snow Type       : Powder snow
   Snow Temperature:  0.000000E+00
   Snow Depth      :  0.000000E+00
   Snow Density    :  0.000000E+00
   Snow Grain_Size :  0.000000E+00
   Ice Type       : Fresh ice
   Ice Temperature:  0.000000E+00
   Ice Thickness  :  0.000000E+00
   Ice Density    :  0.000000E+00
   Ice Roughness  :  0.000000E+00
 ATMOSPHERE OBJECT
   n_Layers   : 100
   n_Absorbers: 3
   n_Clouds   : 0
   n_Aerosols : 0
   Climatology    : Tropical                
   Level pressure:
  0.000000E+00  5.885244E-02 -3.416322E-01 -3.086017E-01 -4.670122E-01
 -7.169642E-01 -9.118649E-01 -1.030494E+00 -1.016427E+00 -8.491742E-01
 -4.678663E-01  1.512258E-01  6.512814E-01  5.363560E-01  2.149290E-01
  6.821249E-02 -3.181622E-02 -6.176766E-02 -3.571441E-02  1.870344E-02
  3.719506E-02  1.849681E-02  2.984984E-03  1.733162E-04  5.867738E-03
  1.805335E-02  2.585616E-02  2.884347E-02  2.822201E-02  1.675800E-02
  9.063168E-03  7.793772E-03  6.715966E-03  5.584346E-03  4.634572E-03
  4.256662E-03  4.612270E-03  4.309227E-03  3.436373E-03  2.709023E-03
  1.839474E-03  9.895762E-04  5.544138E-04 -1.114818E-04 -5.281202E-04
 -5.885136E-04 -7.056164E-04 -6.613350E-04 -5.858812E-04 -5.063659E-04
 -4.195973E-04 -3.529655E-04 -2.843208E-04 -2.315128E-04 -1.854304E-04
 -1.426938E-04 -1.091048E-04 -8.129643E-05 -5.871371E-05 -4.365627E-05
 -3.425565E-05 -2.813330E-05 -2.789642E-05 -2.851410E-05 -2.866448E-05
 -2.950927E-05 -2.331406E-05 -1.619790E-05 -8.481977E-06 -5.713514E-07
  2.002659E-06  2.129460E-06  9.399278E-07 -9.776861E-07 -3.123713E-06
 -5.183686E-06 -6.025446E-06 -5.981000E-06 -5.660299E-06 -5.229086E-06
 -4.976345E-06 -4.723427E-06 -4.397436E-06 -3.988606E-06 -3.507763E-06
 -3.082893E-06 -2.679017E-06 -2.312701E-06 -2.004946E-06 -1.721898E-06
 -1.442086E-06 -1.168221E-06 -9.298704E-07 -7.232945E-07 -5.287678E-07
 -4.494616E-07 -2.105553E-07 -3.940963E-09  2.300111E-09  8.766449E-09
 -7.946030E-08
   Layer pressure:
 -2.186250E-03  4.268588E-02  1.376323E-01  2.649101E-01  4.565724E-01
  6.557410E-01  8.107835E-01  8.714225E-01  8.148992E-01  6.066010E-01
  2.703307E-01  1.378994E-02 -1.408249E-02  2.333137E-02  3.274829E-02
  3.309987E-02  2.494345E-02  1.620877E-02  1.152790E-02  1.005035E-02
  9.163941E-03  8.899903E-03  9.298435E-03  9.733787E-03  9.620467E-03
  8.513250E-03  6.789979E-03  4.889330E-03  3.161130E-03  2.124973E-03
  1.516118E-03  1.050227E-03  7.082266E-04  4.742543E-04  3.247170E-04
  2.363905E-04  1.917722E-04  1.836286E-04  1.985350E-04  2.175763E-04
  2.301740E-04  2.309726E-04  2.110406E-04  1.820060E-04  1.485746E-04
  1.066299E-04  6.763880E-05  2.992142E-05 -4.778978E-06 -3.467764E-05
 -5.980839E-05 -7.833586E-05 -9.150896E-05 -9.889227E-05 -1.014004E-04
 -1.006211E-04 -9.720460E-05 -9.209733E-05 -8.602315E-05 -7.900597E-05
 -7.114066E-05 -6.274062E-05 -5.349373E-05 -4.394832E-05 -3.473221E-05
 -2.612894E-05 -1.942016E-05 -1.456918E-05 -1.133619E-05 -9.328123E-06
 -7.708134E-06 -6.172862E-06 -4.638641E-06 -3.133191E-06 -1.747777E-06
 -6.006800E-07  2.678700E-07  9.006134E-07  1.348352E-06  1.662088E-06
  1.843167E-06  1.902902E-06  1.864003E-06  1.757461E-06  1.620925E-06
  1.462102E-06  1.293733E-06  1.122395E-06  9.442101E-07  7.625771E-07
  5.871062E-07  4.281579E-07  2.890557E-07  1.740472E-07  8.999449E-08
  2.876916E-08  6.957977E-09  9.088301E-10 -5.538060E-09 -1.203787E-08
   Layer temperature:
  4.963433E-04  6.175311E-04  1.198329E-03  1.537081E-03  2.073221E-03
  3.268413E-03  5.173456E-03  7.870896E-03  1.122496E-02  1.544460E-02
  2.021295E-02  2.429530E-02  2.674376E-02  2.980950E-02  3.455182E-02
  3.980219E-02  4.514468E-02  4.962442E-02  5.251144E-02  5.336097E-02
  5.249576E-02  5.083122E-02  4.866607E-02  4.596797E-02  4.278896E-02
  3.910034E-02  3.517661E-02  3.117518E-02  2.733994E-02  2.416077E-02
  2.153617E-02  1.915558E-02  1.698972E-02  1.505372E-02  1.331404E-02
  1.171490E-02  1.018840E-02  8.768802E-03  7.508334E-03  6.382903E-03
  5.413110E-03  4.604812E-03  3.908458E-03  3.366358E-03  2.947221E-03
  2.588083E-03  2.303683E-03  2.056728E-03  1.840114E-03  1.648792E-03
  1.477995E-03  1.328197E-03  1.194270E-03  1.075906E-03  9.703353E-04
  8.739160E-04  7.861861E-04  7.058959E-04  6.319378E-04  5.649778E-04
  5.050769E-04  4.513664E-04  4.045334E-04  3.631171E-04  3.255691E-04
  2.915436E-04  2.576376E-04  2.243469E-04  1.921497E-04  1.613665E-04
  1.344881E-04  1.119191E-04  9.342767E-05  7.855147E-05  6.673098E-05
  5.742447E-05  4.971325E-05  4.302458E-05  3.715772E-05  3.199899E-05
  2.757633E-05  2.382140E-05  2.063336E-05  1.791078E-05  1.554844E-05
  1.351669E-05  1.176301E-05  1.025298E-05  8.971431E-06  7.890484E-06
  6.963305E-06  6.145692E-06  5.421047E-06  4.770857E-06  4.159176E-06
  3.651267E-06  3.059812E-06  2.429510E-06  1.935050E-06  1.546535E-06
   Layer absorber:
     H2O(Mass mixing ratio, g/kg)
  0.000000E+00  0.000000E+00  0.000000E+00  0.000000E+00  0.000000E+00
  0.000000E+00  0.000000E+00  0.000000E+00  0.000000E+00  0.000000E+00
  0.000000E+00  0.000000E+00  0.000000E+00  0.000000E+00  0.000000E+00
  0.000000E+00  0.000000E+00  0.000000E+00  0.000000E+00  0.000000E+00
  0.000000E+00  0.000000E+00  0.000000E+00  0.000000E+00  0.000000E+00
  0.000000E+00  0.000000E+00  0.000000E+00  0.000000E+00  0.000000E+00
  0.000000E+00  0.000000E+00  0.000000E+00  0.000000E+00  0.000000E+00
  0.000000E+00  0.000000E+00  0.000000E+00  0.000000E+00  0.000000E+00
  0.000000E+00  0.000000E+00  0.000000E+00  0.000000E+00  0.000000E+00
  0.000000E+00  0.000000E+00  0.000000E+00  0.000000E+00  0.000000E+00
  0.000000E+00  0.000000E+00  0.000000E+00  0.000000E+00  0.000000E+00
  0.000000E+00  0.000000E+00  0.000000E+00  0.000000E+00  0.000000E+00
  0.000000E+00  0.000000E+00  0.000000E+00  0.000000E+00  0.000000E+00
  0.000000E+00  0.000000E+00  0.000000E+00  0.000000E+00  0.000000E+00
  0.000000E+00  0.000000E+00  0.000000E+00  0.000000E+00  0.000000E+00
  0.000000E+00  0.000000E+00  0.000000E+00  0.000000E+00  0.000000E+00
  0.000000E+00  0.000000E+00  0.000000E+00  0.000000E+00  0.000000E+00
  0.000000E+00  0.000000E+00  0.000000E+00  0.000000E+00  0.000000E+00
  0.000000E+00  0.000000E+00  0.000000E+00  0.000000E+00  0.000000E+00
  0.000000E+00  0.000000E+00  0.000000E+00  0.000000E+00  0.000000E+00
     O3(Volume mixing ratio, ppmv)
  0.000000E+00  0.000000E+00  0.000000E+00  0.000000E+00  0.000000E+00
  0.000000E+00  0.000000E+00  0.000000E+00  0.000000E+00  0.000000E+00
  0.000000E+00  0.000000E+00  0.000000E+00  0.000000E+00  0.000000E+00
  0.000000E+00  0.000000E+00  0.000000E+00  0.000000E+00  0.000000E+00
  0.000000E+00  0.000000E+00  0.000000E+00  0.000000E+00  0.000000E+00
  0.000000E+00  0.000000E+00  0.000000E+00  0.000000E+00  0.000000E+00
  0.000000E+00  0.000000E+00  0.000000E+00  0.000000E+00  0.000000E+00
  0.000000E+00  0.000000E+00  0.000000E+00  0.000000E+00  0.000000E+00
  0.000000E+00  0.000000E+00  0.000000E+00  0.000000E+00  0.000000E+00
  0.000000E+00  0.000000E+00  0.000000E+00  0.000000E+00  0.000000E+00
  0.000000E+00  0.000000E+00  0.000000E+00  0.000000E+00  0.000000E+00
  0.000000E+00  0.000000E+00  0.000000E+00  0.000000E+00  0.000000E+00
  0.000000E+00  0.000000E+00  0.000000E+00  0.000000E+00  0.000000E+00
  0.000000E+00  0.000000E+00  0.000000E+00  0.000000E+00  0.000000E+00
  0.000000E+00  0.000000E+00  0.000000E+00  0.000000E+00  0.000000E+00
  0.000000E+00  0.000000E+00  0.000000E+00  0.000000E+00  0.000000E+00
  0.000000E+00  0.000000E+00  0.000000E+00  0.000000E+00  0.000000E+00
  0.000000E+00  0.000000E+00  0.000000E+00  0.000000E+00  0.000000E+00
  0.000000E+00  0.000000E+00  0.000000E+00  0.000000E+00  0.000000E+00
  0.000000E+00  0.000000E+00  0.000000E+00  0.000000E+00  0.000000E+00
     CO2(Volume mixing ratio, ppmv)
  0.000000E+00  0.000000E+00  0.000000E+00  0.000000E+00  0.000000E+00
  0.000000E+00  0.000000E+00  0.000000E+00  0.000000E+00  0.000000E+00
  0.000000E+00  0.000000E+00  0.000000E+00  0.000000E+00  0.000000E+00
  0.000000E+00  0.000000E+00  0.000000E+00  0.000000E+00  0.000000E+00
  0.000000E+00  0.000000E+00  0.000000E+00  0.000000E+00  0.000000E+00
  0.000000E+00  0.000000E+00  0.000000E+00  0.000000E+00  0.000000E+00
  0.000000E+00  0.000000E+00  0.000000E+00  0.000000E+00  0.000000E+00
  0.000000E+00  0.000000E+00  0.000000E+00  0.000000E+00  0.000000E+00
  0.000000E+00  0.000000E+00  0.000000E+00  0.000000E+00  0.000000E+00
  0.000000E+00  0.000000E+00  0.000000E+00  0.000000E+00  0.000000E+00
  0.000000E+00  0.000000E+00  0.000000E+00  0.000000E+00  0.000000E+00
  0.000000E+00  0.000000E+00  0.000000E+00  0.000000E+00  0.000000E+00
  0.000000E+00  0.000000E+00  0.000000E+00  0.000000E+00  0.000000E+00
  0.000000E+00  0.000000E+00  0.000000E+00  0.000000E+00  0.000000E+00
  0.000000E+00  0.000000E+00  0.000000E+00  0.000000E+00  0.000000E+00
  0.000000E+00  0.000000E+00  0.000000E+00  0.000000E+00  0.000000E+00
  0.000000E+00  0.000000E+00  0.000000E+00  0.000000E+00  0.000000E+00
  0.000000E+00  0.000000E+00  0.000000E+00  0.000000E+00  0.000000E+00
  0.000000E+00  0.000000E+00  0.000000E+00  0.000000E+00  0.000000E+00
  0.000000E+00  0.000000E+00  0.000000E+00  0.000000E+00  0.000000E+00

     Channel 2 results

   FORWARD OUTPUT
 RTSolution OBJECT
   Surface Emissivity      :  9.319460E-01
   Up Radiance             :  6.540778E+01
   Down Radiance           :  1.657892E+02
   Down Solar Radiance     :  0.000000E+00
   Surface Planck Radiance :  1.815037E+02
   Radiance                :  6.540836E+01
   Brightness Temperature  :  2.397024E+02

   K-MATRIX OUTPUT
 Surface OBJECT
   Land Coverage :  1.000
   Water Coverage:  0.000
   Snow Coverage :  0.000
   Ice Coverage  :  0.000
   Land type            : Scrub
   Land Temperature     :  4.887579E-06
   Soil Moisture Content:  0.000000E+00
   Canopy Water Content :  0.000000E+00
   Vegetation Fraction  :  0.000000E+00
   Soil Temperature     :  0.000000E+00
   Water Type       : Sea water
   Water Temperature:  0.000000E+00
   Wind Speed       :  0.000000E+00
   Wind Direction   :  0.000000E+00
   Salinity         :  0.000000E+00
   Snow Type       : Powder snow
   Snow Temperature:  0.000000E+00
   Snow Depth      :  0.000000E+00
   Snow Density    :  0.000000E+00
   Snow Grain_Size :  0.000000E+00
   Ice Type       : Fresh ice
   Ice Temperature:  0.000000E+00
   Ice Thickness  :  0.000000E+00
   Ice Density    :  0.000000E+00
   Ice Roughness  :  0.000000E+00
 ATMOSPHERE OBJECT
   n_Layers   : 100
   n_Absorbers: 3
   n_Clouds   : 0
   n_Aerosols : 0
   Climatology    : Tropical                
   Level pressure:
  0.000000E+00  7.069658E-02 -6.440353E-01 -3.589704E-01 -6.239252E-01
 -1.072347E+00 -1.387657E+00 -1.565485E+00 -1.517385E+00 -1.294994E+00
 -7.672745E-01  3.880073E-01  1.516418E+00  1.194159E+00  4.508020E-01
  1.594666E-01  3.983609E-03 -3.766987E-02 -1.896190E-02  1.971077E-02
  2.796838E-02  1.244876E-02  1.002039E-03 -2.197771E-03 -2.903265E-04
  5.412255E-03  9.377863E-03  1.125825E-02  1.143927E-02  6.730885E-03
  3.670357E-03  3.305210E-03  2.948899E-03  2.514110E-03  2.112691E-03
  1.899063E-03  1.916651E-03  1.641475E-03  1.154446E-03  7.530217E-04
  3.407485E-04 -1.508972E-05 -1.714949E-04 -3.786996E-04 -4.702691E-04
 -4.209833E-04 -3.926033E-04 -3.131455E-04 -2.315429E-04 -1.587371E-04
 -9.339351E-05 -4.522759E-05 -5.317049E-06  2.111349E-05  3.858920E-05
  5.028851E-05  5.559436E-05  5.690727E-05  5.546438E-05  5.090267E-05
  4.422966E-05  3.669495E-05  2.749900E-05  1.883039E-05  1.155809E-05
  5.426429E-06  3.465038E-06  3.161160E-06  3.969791E-06  5.237999E-06
  4.503533E-06  2.819087E-06  6.867805E-07 -1.545537E-06 -3.560556E-06
 -5.134838E-06 -5.878299E-06 -6.051325E-06 -5.978820E-06 -5.777526E-06
 -5.560677E-06 -5.257283E-06 -4.856364E-06 -4.379180E-06 -3.861865E-06
 -3.365180E-06 -2.886635E-06 -2.440014E-06 -2.033254E-06 -1.656007E-06
 -1.306586E-06 -9.925720E-07 -7.268165E-07 -5.080687E-07 -3.307618E-07
 -2.204522E-07 -9.262121E-08 -1.041023E-08 -5.257784E-09 -3.887339E-10
 -2.426560E-08
   Layer pressure:
  4.393549E-01 -3.001575E-01 -8.594936E-02  1.797139E-01  5.061825E-01
  8.030708E-01  9.859341E-01  1.027112E+00  9.493658E-01  7.834506E-01
  5.647420E-01  3.520475E-01  1.681854E-01  5.685127E-02  1.318112E-02
 -5.512156E-03 -9.091967E-03 -4.282817E-03  2.319831E-03  4.692123E-03
  4.424527E-03  5.118929E-03  6.714025E-03  8.047462E-03  8.370359E-03
  7.315532E-03  5.532603E-03  3.649787E-03  2.104488E-03  1.207971E-03
  6.455678E-04  2.546886E-04  1.201080E-05 -1.153064E-04 -1.580847E-04
 -1.263262E-04 -1.272343E-05  1.398979E-04  2.845744E-04  3.996732E-04
  4.652357E-04  4.778852E-04  4.435914E-04  3.770166E-04  2.970590E-04
  2.091663E-04  1.286287E-04  5.606498E-05 -6.338157E-06 -5.696933E-05
 -9.655190E-05 -1.237157E-04 -1.407391E-04 -1.479599E-04 -1.473027E-04
 -1.413857E-04 -1.316900E-04 -1.198534E-04 -1.071137E-04 -9.384918E-05
 -8.044261E-05 -6.740521E-05 -5.467836E-05 -4.291095E-05 -3.267162E-05
 -2.417829E-05 -1.799721E-05 -1.369017E-05 -1.065472E-05 -8.178507E-06
 -5.815995E-06 -3.484591E-06 -1.255736E-06  7.274131E-07  2.311825E-06
  3.355426E-06  3.968406E-06  4.311279E-06  4.470888E-06  4.514312E-06
  4.418465E-06  4.192778E-06  3.865960E-06  3.479260E-06  3.080265E-06
  2.677246E-06  2.285756E-06  1.914278E-06  1.558835E-06  1.223841E-06
  9.199978E-07  6.584122E-07  4.405961E-07  2.677575E-07  1.438759E-07
  5.039205E-08  1.308308E-08  7.760923E-09  2.775892E-09 -1.979408E-09
   Layer temperature:
  1.794291E-03  2.103835E-03  3.469629E-03  4.085127E-03  5.365455E-03
  8.672851E-03  1.450350E-02  2.316881E-02  3.397200E-02  4.642859E-02
  5.880755E-02  6.771335E-02  6.894379E-02  6.561876E-02  6.187447E-02
  5.765363E-02  5.361671E-02  4.933722E-02  4.467056E-02  3.964249E-02
  3.478027E-02  3.066616E-02  2.722161E-02  2.419256E-02  2.143675E-02
  1.881211E-02  1.635354E-02  1.405712E-02  1.198018E-02  1.032524E-02
  9.006610E-03  7.851519E-03  6.835799E-03  5.956349E-03  5.191444E-03
  4.510700E-03  3.881097E-03  3.313663E-03  2.823297E-03  2.393782E-03
  2.026783E-03  1.720071E-03  1.452792E-03  1.241933E-03  1.078296E-03
  9.387393E-04  8.313592E-04  7.410075E-04  6.642825E-04  5.986118E-04
  5.411502E-04  4.917913E-04  4.476373E-04  4.083918E-04  3.726546E-04
  3.388269E-04  3.069698E-04  2.768303E-04  2.483032E-04  2.219730E-04
  1.980777E-04  1.764268E-04  1.573895E-04  1.404888E-04  1.252446E-04
  1.116083E-04  9.841202E-05  8.574280E-05  7.358116E-05  6.181248E-05
  5.133875E-05  4.239081E-05  3.497856E-05  2.900109E-05  2.428693E-05
  2.065323E-05  1.769818E-05  1.515251E-05  1.292096E-05  1.095098E-05
  9.280677E-06  7.891781E-06  6.740002E-06  5.776115E-06  4.944750E-06
  4.241548E-06  3.645535E-06  3.144770E-06  2.738067E-06  2.411539E-06
  2.140754E-06  1.904070E-06  1.694233E-06  1.503027E-06  1.316737E-06
  1.157814E-06  9.709443E-07  7.896637E-07  6.565687E-07  5.566217E-07
   Layer absorber:
     H2O(Mass mixing ratio, g/kg)
  0.000000E+00  0.000000E+00  0.000000E+00  0.000000E+00  0.000000E+00
  0.000000E+00  0.000000E+00  0.000000E+00  0.000000E+00  0.000000E+00
  0.000000E+00  0.000000E+00  0.000000E+00  0.000000E+00  0.000000E+00
  0.000000E+00  0.000000E+00  0.000000E+00  0.000000E+00  0.000000E+00
  0.000000E+00  0.000000E+00  0.000000E+00  0.000000E+00  0.000000E+00
  0.000000E+00  0.000000E+00  0.000000E+00  0.000000E+00  0.000000E+00
  0.000000E+00  0.000000E+00  0.000000E+00  0.000000E+00  0.000000E+00
  0.000000E+00  0.000000E+00  0.000000E+00  0.000000E+00  0.000000E+00
  0.000000E+00  0.000000E+00  0.000000E+00  0.000000E+00  0.000000E+00
  0.000000E+00  0.000000E+00  0.000000E+00  0.000000E+00  0.000000E+00
  0.000000E+00  0.000000E+00  0.000000E+00  0.000000E+00  0.000000E+00
  0.000000E+00  0.000000E+00  0.000000E+00  0.000000E+00  0.000000E+00
  0.000000E+00  0.000000E+00  0.000000E+00  0.000000E+00  0.000000E+00
  0.000000E+00  0.000000E+00  0.000000E+00  0.000000E+00  0.000000E+00
  0.000000E+00  0.000000E+00  0.000000E+00  0.000000E+00  0.000000E+00
  0.000000E+00  0.000000E+00  0.000000E+00  0.000000E+00  0.000000E+00
  0.000000E+00  0.000000E+00  0.000000E+00  0.000000E+00  0.000000E+00
  0.000000E+00  0.000000E+00  0.000000E+00  0.000000E+00  0.000000E+00
  0.000000E+00  0.000000E+00  0.000000E+00  0.000000E+00  0.000000E+00
  0.000000E+00  0.000000E+00  0.000000E+00  0.000000E+00  0.000000E+00
     O3(Volume mixing ratio, ppmv)
  0.000000E+00  0.000000E+00  0.000000E+00  0.000000E+00  0.000000E+00
  0.000000E+00  0.000000E+00  0.000000E+00  0.000000E+00  0.000000E+00
  0.000000E+00  0.000000E+00  0.000000E+00  0.000000E+00  0.000000E+00
  0.000000E+00  0.000000E+00  0.000000E+00  0.000000E+00  0.000000E+00
  0.000000E+00  0.000000E+00  0.000000E+00  0.000000E+00  0.000000E+00
  0.000000E+00  0.000000E+00  0.000000E+00  0.000000E+00  0.000000E+00
  0.000000E+00  0.000000E+00  0.000000E+00  0.000000E+00  0.000000E+00
  0.000000E+00  0.000000E+00  0.000000E+00  0.000000E+00  0.000000E+00
  0.000000E+00  0.000000E+00  0.000000E+00  0.000000E+00  0.000000E+00
  0.000000E+00  0.000000E+00  0.000000E+00  0.000000E+00  0.000000E+00
  0.000000E+00  0.000000E+00  0.000000E+00  0.000000E+00  0.000000E+00
  0.000000E+00  0.000000E+00  0.000000E+00  0.000000E+00  0.000000E+00
  0.000000E+00  0.000000E+00  0.000000E+00  0.000000E+00  0.000000E+00
  0.000000E+00  0.000000E+00  0.000000E+00  0.000000E+00  0.000000E+00
  0.000000E+00  0.000000E+00  0.000000E+00  0.000000E+00  0.000000E+00
  0.000000E+00  0.000000E+00  0.000000E+00  0.000000E+00  0.000000E+00
  0.000000E+00  0.000000E+00  0.000000E+00  0.000000E+00  0.000000E+00
  0.000000E+00  0.000000E+00  0.000000E+00  0.000000E+00  0.000000E+00
  0.000000E+00  0.000000E+00  0.000000E+00  0.000000E+00  0.000000E+00
  0.000000E+00  0.000000E+00  0.000000E+00  0.000000E+00  0.000000E+00
     CO2(Volume mixing ratio, ppmv)
  0.000000E+00  0.000000E+00  0.000000E+00  0.000000E+00  0.000000E+00
  0.000000E+00  0.000000E+00  0.000000E+00  0.000000E+00  0.000000E+00
  0.000000E+00  0.000000E+00  0.000000E+00  0.000000E+00  0.000000E+00
  0.000000E+00  0.000000E+00  0.000000E+00  0.000000E+00  0.000000E+00
  0.000000E+00  0.000000E+00  0.000000E+00  0.000000E+00  0.000000E+00
  0.000000E+00  0.000000E+00  0.000000E+00  0.000000E+00  0.000000E+00
  0.000000E+00  0.000000E+00  0.000000E+00  0.000000E+00  0.000000E+00
  0.000000E+00  0.000000E+00  0.000000E+00  0.000000E+00  0.000000E+00
  0.000000E+00  0.000000E+00  0.000000E+00  0.000000E+00  0.000000E+00
  0.000000E+00  0.000000E+00  0.000000E+00  0.000000E+00  0.000000E+00
  0.000000E+00  0.000000E+00  0.000000E+00  0.000000E+00  0.000000E+00
  0.000000E+00  0.000000E+00  0.000000E+00  0.000000E+00  0.000000E+00
  0.000000E+00  0.000000E+00  0.000000E+00  0.000000E+00  0.000000E+00
  0.000000E+00  0.000000E+00  0.000000E+00  0.000000E+00  0.000000E+00
  0.000000E+00  0.000000E+00  0.000000E+00  0.000000E+00  0.000000E+00
  0.000000E+00  0.000000E+00  0.000000E+00  0.000000E+00  0.000000E+00
  0.000000E+00  0.000000E+00  0.000000E+00  0.000000E+00  0.000000E+00
  0.000000E+00  0.000000E+00  0.000000E+00  0.000000E+00  0.000000E+00
  0.000000E+00  0.000000E+00  0.000000E+00  0.000000E+00  0.000000E+00
  0.000000E+00  0.000000E+00  0.000000E+00  0.000000E+00  0.000000E+00

     Channel 3 results

   FORWARD OUTPUT
 RTSolution OBJECT
   Surface Emissivity      :  9.317160E-01
   Up Radiance             :  7.709414E+01
   Down Radiance           :  1.712828E+02
   Down Solar Radiance     :  0.000000E+00
   Surface Planck Radiance :  1.815391E+02
   Radiance                :  7.709431E+01
   Brightness Temperature  :  2.496869E+02

   K-MATRIX OUTPUT
 Surface OBJECT
   Land Coverage :  1.000
   Water Coverage:  0.000
   Snow Coverage :  0.000
   Ice Coverage  :  0.000
   Land type            : Scrub
   Land Temperature     :  1.320957E-06
   Soil Moisture Content:  0.000000E+00
   Canopy Water Content :  0.000000E+00
   Vegetation Fraction  :  0.000000E+00
   Soil Temperature     :  0.000000E+00
   Water Type       : Sea water
   Water Temperature:  0.000000E+00
   Wind Speed       :  0.000000E+00
   Wind Direction   :  0.000000E+00
   Salinity         :  0.000000E+00
   Snow Type       : Powder snow
   Snow Temperature:  0.000000E+00
   Snow Depth      :  0.000000E+00
   Snow Density    :  0.000000E+00
   Snow Grain_Size :  0.000000E+00
   Ice Type       : Fresh ice
   Ice Temperature:  0.000000E+00
   Ice Thickness  :  0.000000E+00
   Ice Density    :  0.000000E+00
   Ice Roughness  :  0.000000E+00
 ATMOSPHERE OBJECT
   n_Layers   : 100
   n_Absorbers: 3
   n_Clouds   : 0
   n_Aerosols : 0
   Climatology    : Tropical                
   Level pressure:
  0.000000E+00 -6.545507E+00 -3.294401E+00 -5.886157E-01 -2.638831E-01
 -1.012214E+00 -1.769146E+00 -2.355166E+00 -2.342719E+00 -1.914269E+00
 -9.510908E-01  7.778434E-01  1.929193E+00  1.201214E+00  3.687115E-01
  1.051916E-01 -2.555206E-03 -2.348386E-02 -1.014512E-02  9.673836E-03
  1.303161E-02  6.230063E-03  1.960263E-03  1.255268E-03  2.314939E-03
  4.361174E-03  5.346993E-03  5.389222E-03  4.842775E-03  2.771631E-03
  1.479568E-03  1.206653E-03  9.901493E-04  7.914273E-04  6.376844E-04
  5.741252E-04  6.151746E-04  5.765968E-04  4.694353E-04  3.815142E-04
  2.733681E-04  1.648470E-04  1.040737E-04  1.481248E-05 -4.340844E-05
 -5.922949E-05 -8.091876E-05 -8.248361E-05 -7.907376E-05 -7.380343E-05
 -6.628529E-05 -6.009395E-05 -5.252215E-05 -4.614422E-05 -3.992223E-05
 -3.365587E-05 -2.835803E-05 -2.369935E-05 -1.971789E-05 -1.675602E-05
 -1.453725E-05 -1.273764E-05 -1.169096E-05 -1.071934E-05 -9.700408E-06
 -8.827375E-06 -7.101379E-06 -5.393924E-06 -3.760596E-06 -2.275748E-06
 -1.636484E-06 -1.358847E-06 -1.250007E-06 -1.225727E-06 -1.236182E-06
 -1.264204E-06 -1.195090E-06 -1.057001E-06 -9.085780E-07 -7.632907E-07
 -6.574571E-07 -5.720163E-07 -4.960122E-07 -4.234780E-07 -3.486999E-07
 -2.887424E-07 -2.365767E-07 -1.938306E-07 -1.657486E-07 -1.461735E-07
 -1.284450E-07 -1.099648E-07 -9.579023E-08 -8.387880E-08 -6.782049E-08
 -7.087434E-08 -3.309269E-08  1.861701E-09  1.050406E-09  2.854433E-10
 -1.120976E-08
   Layer pressure:
  1.896828E+00  7.941537E-01  8.762532E-02 -2.570927E-01 -2.970020E-01
 -3.170469E-02  3.881790E-01  7.708588E-01  9.371039E-01  8.923165E-01
  6.798221E-01  3.618731E-01  1.076184E-01  2.014570E-02  3.775072E-03
  7.971553E-04  3.226353E-04  3.691168E-04  5.748791E-04  7.049290E-04
  7.266068E-04  7.279645E-04  7.213805E-04  6.836739E-04  6.044740E-04
  4.838596E-04  3.555005E-04  2.428752E-04  1.558915E-04  1.078964E-04
  8.206982E-05  6.265919E-05  4.740383E-05  3.518109E-05  2.493036E-05
  1.524153E-05  4.519171E-06 -5.527858E-06 -1.284032E-05 -1.688277E-05
 -1.689919E-05 -1.337130E-05 -7.658173E-06 -1.405581E-06  3.651523E-06
  7.290623E-06  8.907692E-06  9.150220E-06  8.444078E-06  7.141661E-06
  5.615334E-06  4.031120E-06  2.622861E-06  1.452818E-06  5.758474E-07
 -1.156731E-09 -3.274753E-07 -4.539622E-07 -4.339824E-07 -3.165687E-07
 -1.380509E-07  7.248834E-08  2.907914E-07  4.938527E-07  6.601743E-07
  7.733148E-07  8.307655E-07  8.457851E-07  8.373473E-07  8.213093E-07
  7.945404E-07  7.560119E-07  7.076241E-07  6.525509E-07  5.935648E-07
  5.316425E-07  4.658729E-07  3.974697E-07  3.292669E-07  2.639954E-07
  2.033316E-07  1.481584E-07  9.914177E-08  5.684941E-08  2.159798E-08
 -6.730263E-09 -2.844448E-08 -4.396444E-08 -5.344152E-08 -5.698993E-08
 -5.511020E-08 -4.889756E-08 -3.946241E-08 -2.828847E-08 -1.761674E-08
 -7.166048E-09 -2.265447E-09 -1.484185E-09 -6.720433E-10  2.859813E-11
   Layer temperature:
  1.210862E-02  8.354001E-03  1.256852E-02  1.477825E-02  1.919511E-02
  2.951962E-02  4.589658E-02  6.603132E-02  8.378526E-02  9.548964E-02
  9.863936E-02  9.173749E-02  7.482585E-02  5.716495E-02  4.450768E-02
  3.555104E-02  2.936432E-02  2.465914E-02  2.075277E-02  1.733086E-02
  1.446972E-02  1.228223E-02  1.060025E-02  9.227657E-03  8.047094E-03
  6.952984E-03  5.943073E-03  5.013231E-03  4.186104E-03  3.560443E-03
  3.085430E-03  2.675205E-03  2.319837E-03  2.017379E-03  1.758376E-03
  1.529067E-03  1.314034E-03  1.118442E-03  9.485623E-04  7.975532E-04
  6.674513E-04  5.593017E-04  4.648367E-04  3.945202E-04  3.443485E-04
  3.028673E-04  2.737538E-04  2.494772E-04  2.283645E-04  2.094663E-04
  1.918076E-04  1.757191E-04  1.604076E-04  1.461471E-04  1.327489E-04
  1.199188E-04  1.078636E-04  9.659828E-05  8.609800E-05  7.656301E-05
  6.806522E-05  6.051351E-05  5.408986E-05  4.860510E-05  4.381909E-05
  3.969501E-05  3.537242E-05  3.079508E-05  2.597497E-05  2.100783E-05
  1.670793E-05  1.326705E-05  1.064460E-05  8.716668E-06  7.338306E-06
  6.389147E-06  5.677607E-06  5.084155E-06  4.569284E-06  4.112142E-06
  3.731586E-06  3.421974E-06  3.167439E-06  2.949199E-06  2.745800E-06
  2.557798E-06  2.378010E-06  2.203207E-06  2.034868E-06  1.868981E-06
  1.696626E-06  1.511649E-06  1.317542E-06  1.119483E-06  9.219889E-07
  7.450059E-07  5.730007E-07  4.185766E-07  2.989137E-07  2.072516E-07
   Layer absorber:
     H2O(Mass mixing ratio, g/kg)
  0.000000E+00  0.000000E+00  0.000000E+00  0.000000E+00  0.000000E+00
  0.000000E+00  0.000000E+00  0.000000E+00  0.000000E+00  0.000000E+00
  0.000000E+00  0.000000E+00  0.000000E+00  0.000000E+00  0.000000E+00
  0.000000E+00  0.000000E+00  0.000000E+00  0.000000E+00  0.000000E+00
  0.000000E+00  0.000000E+00  0.000000E+00  0.000000E+00  0.000000E+00
  0.000000E+00  0.000000E+00  0.000000E+00  0.000000E+00  0.000000E+00
  0.000000E+00  0.000000E+00  0.000000E+00  0.000000E+00  0.000000E+00
  0.000000E+00  0.000000E+00  0.000000E+00  0.000000E+00  0.000000E+00
  0.000000E+00  0.000000E+00  0.000000E+00  0.000000E+00  0.000000E+00
  0.000000E+00  0.000000E+00  0.000000E+00  0.000000E+00  0.000000E+00
  0.000000E+00  0.000000E+00  0.000000E+00  0.000000E+00  0.000000E+00
  0.000000E+00  0.000000E+00  0.000000E+00  0.000000E+00  0.000000E+00
  0.000000E+00  0.000000E+00  0.000000E+00  0.000000E+00  0.000000E+00
  0.000000E+00  0.000000E+00  0.000000E+00  0.000000E+00  0.000000E+00
  0.000000E+00  0.000000E+00  0.000000E+00  0.000000E+00  0.000000E+00
  0.000000E+00  0.000000E+00  0.000000E+00  0.000000E+00  0.000000E+00
  0.000000E+00  0.000000E+00  0.000000E+00  0.000000E+00  0.000000E+00
  0.000000E+00  0.000000E+00  0.000000E+00  0.000000E+00  0.000000E+00
  0.000000E+00  0.000000E+00  0.000000E+00  0.000000E+00  0.000000E+00
  0.000000E+00  0.000000E+00  0.000000E+00  0.000000E+00  0.000000E+00
     O3(Volume mixing ratio, ppmv)
  0.000000E+00  0.000000E+00  0.000000E+00  0.000000E+00  0.000000E+00
  0.000000E+00  0.000000E+00  0.000000E+00  0.000000E+00  0.000000E+00
  0.000000E+00  0.000000E+00  0.000000E+00  0.000000E+00  0.000000E+00
  0.000000E+00  0.000000E+00  0.000000E+00  0.000000E+00  0.000000E+00
  0.000000E+00  0.000000E+00  0.000000E+00  0.000000E+00  0.000000E+00
  0.000000E+00  0.000000E+00  0.000000E+00  0.000000E+00  0.000000E+00
  0.000000E+00  0.000000E+00  0.000000E+00  0.000000E+00  0.000000E+00
  0.000000E+00  0.000000E+00  0.000000E+00  0.000000E+00  0.000000E+00
  0.000000E+00  0.000000E+00  0.000000E+00  0.000000E+00  0.000000E+00
  0.000000E+00  0.000000E+00  0.000000E+00  0.000000E+00  0.000000E+00
  0.000000E+00  0.000000E+00  0.000000E+00  0.000000E+00  0.000000E+00
  0.000000E+00  0.000000E+00  0.000000E+00  0.000000E+00  0.000000E+00
  0.000000E+00  0.000000E+00  0.000000E+00  0.000000E+00  0.000000E+00
  0.000000E+00  0.000000E+00  0.000000E+00  0.000000E+00  0.000000E+00
  0.000000E+00  0.000000E+00  0.000000E+00  0.000000E+00  0.000000E+00
  0.000000E+00  0.000000E+00  0.000000E+00  0.000000E+00  0.000000E+00
  0.000000E+00  0.000000E+00  0.000000E+00  0.000000E+00  0.000000E+00
  0.000000E+00  0.000000E+00  0.000000E+00  0.000000E+00  0.000000E+00
  0.000000E+00  0.000000E+00  0.000000E+00  0.000000E+00  0.000000E+00
  0.000000E+00  0.000000E+00  0.000000E+00  0.000000E+00  0.000000E+00
     CO2(Volume mixing ratio, ppmv)
  0.000000E+00  0.000000E+00  0.000000E+00  0.000000E+00  0.000000E+00
  0.000000E+00  0.000000E+00  0.000000E+00  0.000000E+00  0.000000E+00
  0.000000E+00  0.000000E+00  0.000000E+00  0.000000E+00  0.000000E+00
  0.000000E+00  0.000000E+00  0.000000E+00  0.000000E+00  0.000000E+00
  0.000000E+00  0.000000E+00  0.000000E+00  0.000000E+00  0.000000E+00
  0.000000E+00  0.000000E+00  0.000000E+00  0.000000E+00  0.000000E+00
  0.000000E+00  0.000000E+00  0.000000E+00  0.000000E+00  0.000000E+00
  0.000000E+00  0.000000E+00  0.000000E+00  0.000000E+00  0.000000E+00
  0.000000E+00  0.000000E+00  0.000000E+00  0.000000E+00  0.000000E+00
  0.000000E+00  0.000000E+00  0.000000E+00  0.000000E+00  0.000000E+00
  0.000000E+00  0.000000E+00  0.000000E+00  0.000000E+00  0.000000E+00
  0.000000E+00  0.000000E+00  0.000000E+00  0.000000E+00  0.000000E+00
  0.000000E+00  0.000000E+00  0.000000E+00  0.000000E+00  0.000000E+00
  0.000000E+00  0.000000E+00  0.000000E+00  0.000000E+00  0.000000E+00
  0.000000E+00  0.000000E+00  0.000000E+00  0.000000E+00  0.000000E+00
  0.000000E+00  0.000000E+00  0.000000E+00  0.000000E+00  0.000000E+00
  0.000000E+00  0.000000E+00  0.000000E+00  0.000000E+00  0.000000E+00
  0.000000E+00  0.000000E+00  0.000000E+00  0.000000E+00  0.000000E+00
  0.000000E+00  0.000000E+00  0.000000E+00  0.000000E+00  0.000000E+00
  0.000000E+00  0.000000E+00  0.000000E+00  0.000000E+00  0.000000E+00


       Profile 2 output for ssu_n14

     Channel 1 results

   FORWARD OUTPUT
 RTSolution OBJECT
   Surface Emissivity      :  9.607882E-01
   Up Radiance             :  6.477348E+01
   Down Radiance           :  9.749540E+01
   Down Solar Radiance     :  0.000000E+00
   Surface Planck Radiance :  1.076124E+02
   Radiance                :  6.477552E+01
   Brightness Temperature  :  2.391703E+02

   K-MATRIX OUTPUT
 Surface OBJECT
   Land Coverage :  0.250
   Water Coverage:  0.750
   Snow Coverage :  0.000
   Ice Coverage  :  0.000
   Land type            : Sand
   Land Temperature     :  5.890245E-06
   Soil Moisture Content:  0.000000E+00
   Canopy Water Content :  0.000000E+00
   Vegetation Fraction  :  0.000000E+00
   Soil Temperature     :  0.000000E+00
   Water Type       : Sea water
   Water Temperature:  1.767074E-05
   Wind Speed       :  2.230435E-09
   Wind Direction   :  0.000000E+00
   Salinity         :  0.000000E+00
   Snow Type       : Powder snow
   Snow Temperature:  0.000000E+00
   Snow Depth      :  0.000000E+00
   Snow Density    :  0.000000E+00
   Snow Grain_Size :  0.000000E+00
   Ice Type       : Fresh ice
   Ice Temperature:  0.000000E+00
   Ice Thickness  :  0.000000E+00
   Ice Density    :  0.000000E+00
   Ice Roughness  :  0.000000E+00
 ATMOSPHERE OBJECT
   n_Layers   : 100
   n_Absorbers: 3
   n_Clouds   : 0
   n_Aerosols : 0
   Climatology    : U.S. Standard Atmosphere
   Level pressure:
  0.000000E+00  1.168506E-01  7.127003E-02 -1.905490E-01 -2.676797E-01
 -3.317665E-01 -5.126007E-01 -4.985379E-01 -2.049365E-01  7.214335E-02
  1.886071E-01  2.213176E-01  2.357928E-01  1.995685E-01  7.681462E-02
 -5.996938E-02 -1.506845E-01 -1.639910E-01 -9.327994E-02 -9.281865E-03
  7.892536E-03 -9.959591E-03  8.883337E-04  1.740750E-02  2.441204E-02
  2.082950E-02  1.510215E-02  1.571943E-02  1.534964E-02  7.996993E-03
  2.970550E-03  2.919511E-03  2.811630E-03  1.423761E-03  4.336589E-05
 -4.813453E-04 -9.553351E-04 -1.110638E-03 -1.396729E-03 -1.602454E-03
 -1.098388E-03 -4.279512E-04 -1.361903E-04 -6.655851E-04 -1.037359E-03
 -5.685377E-04 -3.060057E-05  1.141017E-04  8.936020E-05  5.803289E-05
  1.176280E-04  1.816988E-04  1.665488E-04  1.525773E-04  1.357057E-04
  6.589503E-05  1.892327E-05  1.491777E-05  1.140752E-05  1.032390E-05
  9.496964E-06  9.528305E-06  9.866017E-06  1.032237E-05  9.277114E-06
  8.285646E-06  6.274600E-06  3.871385E-06  2.279664E-06  6.364299E-07
 -4.023149E-07 -1.179992E-06 -1.762421E-06 -2.195416E-06 -2.590165E-06
 -2.917045E-06 -3.041603E-06 -3.006068E-06 -2.831894E-06 -2.618140E-06
 -2.178195E-06 -1.929483E-06 -2.069371E-06 -2.115955E-06 -2.028629E-06
 -1.887331E-06 -1.844644E-06 -1.792957E-06 -1.606954E-06 -1.387452E-06
 -1.218617E-06 -1.056345E-06 -8.787173E-07 -7.313138E-07 -5.939029E-07
 -3.633418E-07 -9.445957E-08  5.861366E-09 -1.949967E-09 -1.094658E-08
  1.026749E-07
   Layer pressure:
 -9.418340E-02 -1.551731E-01 -1.202614E-01 -2.002732E-03  1.158767E-01
  2.739843E-01  3.441387E-01  2.396251E-01  9.659294E-02  6.706240E-03
 -4.548980E-02 -7.464774E-02 -6.796333E-02 -3.081115E-02  3.503778E-03
  1.795508E-02  1.559890E-02  8.371023E-03  5.036489E-03  4.507959E-03
  4.391734E-03  5.176988E-03  5.681968E-03  5.147222E-03  3.931704E-03
  2.757020E-03  1.873816E-03  9.872267E-04  2.165477E-04 -1.238142E-04
 -2.154389E-04 -2.713949E-04 -2.910261E-04 -2.617624E-04 -2.096192E-04
 -1.615633E-04 -1.242387E-04 -1.012400E-04 -8.848104E-05 -7.968760E-05
 -7.694799E-05 -8.422057E-05 -9.818069E-05 -8.750006E-05 -3.925304E-05
  9.141538E-06  3.541831E-05  5.201229E-05  6.863334E-05  8.548804E-05
  9.077845E-05  8.058578E-05  6.476268E-05  4.474365E-05  2.291177E-05
  1.042083E-05  5.541381E-06  1.448581E-06 -1.720133E-06 -4.304415E-06
 -6.311190E-06 -7.903922E-06 -9.160851E-06 -1.013361E-05 -1.059747E-05
 -1.063885E-05 -1.017915E-05 -9.278197E-06 -8.161215E-06 -6.907679E-06
 -5.654531E-06 -4.466156E-06 -3.381894E-06 -2.422318E-06 -1.598086E-06
 -9.194489E-07 -3.854068E-07  1.762193E-08  3.149040E-07  5.296218E-07
  7.295409E-07  9.244763E-07  1.047461E-06  1.104449E-06  1.121875E-06
  1.117969E-06  1.065492E-06  9.577218E-07  8.299702E-07  6.987167E-07
  5.566225E-07  4.088563E-07  2.692906E-07  1.433617E-07  4.371412E-08
 -5.141759E-09 -9.466163E-09 -2.267379E-09  6.156828E-09  1.572726E-08
   Layer temperature:
 -2.065136E-05 -1.823608E-05  2.800697E-04  1.039826E-03  1.847897E-03
  2.733914E-03  4.484885E-03  6.943186E-03  9.137073E-03  1.122520E-02
  1.386594E-02  1.740260E-02  2.149280E-02  2.606738E-02  3.127548E-02
  3.713989E-02  4.325275E-02  4.856861E-02  5.200673E-02  5.323659E-02
  5.288841E-02  5.175421E-02  4.964743E-02  4.660763E-02  4.304554E-02
  3.937387E-02  3.585698E-02  3.234426E-02  2.899033E-02  2.607787E-02
  2.355895E-02  2.122104E-02  1.904639E-02  1.711735E-02  1.541336E-02
  1.387116E-02  1.248515E-02  1.121779E-02  1.008162E-02  9.056808E-03
  8.082733E-03  7.141386E-03  6.263399E-03  5.526803E-03  4.912915E-03
  4.312223E-03  3.714219E-03  3.164162E-03  2.684577E-03  2.268646E-03
  1.895482E-03  1.558515E-03  1.271039E-03  1.027877E-03  8.256528E-04
  6.747268E-04  5.626193E-04  4.704369E-04  3.949096E-04  3.326261E-04
  2.813790E-04  2.388984E-04  2.035280E-04  1.739687E-04  1.498203E-04
  1.300275E-04  1.141971E-04  1.017048E-04  9.140935E-05  8.284563E-05
  7.535216E-05  6.860079E-05  6.240453E-05  5.665335E-05  5.133488E-05
  4.643478E-05  4.188021E-05  3.763313E-05  3.366235E-05  2.997902E-05
  2.647359E-05  2.323070E-05  2.043294E-05  1.801370E-05  1.588263E-05
  1.398945E-05  1.237677E-05  1.104008E-05  9.884493E-06  8.871708E-06
  8.017592E-06  7.310059E-06  6.713188E-06  6.220727E-06  5.801406E-06
  5.323219E-06  4.709801E-06  4.094678E-06  3.561964E-06  3.098435E-06
   Layer absorber:
     H2O(Mass mixing ratio, g/kg)
  0.000000E+00  0.000000E+00  0.000000E+00  0.000000E+00  0.000000E+00
  0.000000E+00  0.000000E+00  0.000000E+00  0.000000E+00  0.000000E+00
  0.000000E+00  0.000000E+00  0.000000E+00  0.000000E+00  0.000000E+00
  0.000000E+00  0.000000E+00  0.000000E+00  0.000000E+00  0.000000E+00
  0.000000E+00  0.000000E+00  0.000000E+00  0.000000E+00  0.000000E+00
  0.000000E+00  0.000000E+00  0.000000E+00  0.000000E+00  0.000000E+00
  0.000000E+00  0.000000E+00  0.000000E+00  0.000000E+00  0.000000E+00
  0.000000E+00  0.000000E+00  0.000000E+00  0.000000E+00  0.000000E+00
  0.000000E+00  0.000000E+00  0.000000E+00  0.000000E+00  0.000000E+00
  0.000000E+00  0.000000E+00  0.000000E+00  0.000000E+00  0.000000E+00
  0.000000E+00  0.000000E+00  0.000000E+00  0.000000E+00  0.000000E+00
  0.000000E+00  0.000000E+00  0.000000E+00  0.000000E+00  0.000000E+00
  0.000000E+00  0.000000E+00  0.000000E+00  0.000000E+00  0.000000E+00
  0.000000E+00  0.000000E+00  0.000000E+00  0.000000E+00  0.000000E+00
  0.000000E+00  0.000000E+00  0.000000E+00  0.000000E+00  0.000000E+00
  0.000000E+00  0.000000E+00  0.000000E+00  0.000000E+00  0.000000E+00
  0.000000E+00  0.000000E+00  0.000000E+00  0.000000E+00  0.000000E+00
  0.000000E+00  0.000000E+00  0.000000E+00  0.000000E+00  0.000000E+00
  0.000000E+00  0.000000E+00  0.000000E+00  0.000000E+00  0.000000E+00
  0.000000E+00  0.000000E+00  0.000000E+00  0.000000E+00  0.000000E+00
     O3(Volume mixing ratio, ppmv)
  0.000000E+00  0.000000E+00  0.000000E+00  0.000000E+00  0.000000E+00
  0.000000E+00  0.000000E+00  0.000000E+00  0.000000E+00  0.000000E+00
  0.000000E+00  0.000000E+00  0.000000E+00  0.000000E+00  0.000000E+00
  0.000000E+00  0.000000E+00  0.000000E+00  0.000000E+00  0.000000E+00
  0.000000E+00  0.000000E+00  0.000000E+00  0.000000E+00  0.000000E+00
  0.000000E+00  0.000000E+00  0.000000E+00  0.000000E+00  0.000000E+00
  0.000000E+00  0.000000E+00  0.000000E+00  0.000000E+00  0.000000E+00
  0.000000E+00  0.000000E+00  0.000000E+00  0.000000E+00  0.000000E+00
  0.000000E+00  0.000000E+00  0.000000E+00  0.000000E+00  0.000000E+00
  0.000000E+00  0.000000E+00  0.000000E+00  0.000000E+00  0.000000E+00
  0.000000E+00  0.000000E+00  0.000000E+00  0.000000E+00  0.000000E+00
  0.000000E+00  0.000000E+00  0.000000E+00  0.000000E+00  0.000000E+00
  0.000000E+00  0.000000E+00  0.000000E+00  0.000000E+00  0.000000E+00
  0.000000E+00  0.000000E+00  0.000000E+00  0.000000E+00  0.000000E+00
  0.000000E+00  0.000000E+00  0.000000E+00  0.000000E+00  0.000000E+00
  0.000000E+00  0.000000E+00  0.000000E+00  0.000000E+00  0.000000E+00
  0.000000E+00  0.000000E+00  0.000000E+00  0.000000E+00  0.000000E+00
  0.000000E+00  0.000000E+00  0.000000E+00  0.000000E+00  0.000000E+00
  0.000000E+00  0.000000E+00  0.000000E+00  0.000000E+00  0.000000E+00
  0.000000E+00  0.000000E+00  0.000000E+00  0.000000E+00  0.000000E+00
     CO2(Volume mixing ratio, ppmv)
  0.000000E+00  0.000000E+00  0.000000E+00  0.000000E+00  0.000000E+00
  0.000000E+00  0.000000E+00  0.000000E+00  0.000000E+00  0.000000E+00
  0.000000E+00  0.000000E+00  0.000000E+00  0.000000E+00  0.000000E+00
  0.000000E+00  0.000000E+00  0.000000E+00  0.000000E+00  0.000000E+00
  0.000000E+00  0.000000E+00  0.000000E+00  0.000000E+00  0.000000E+00
  0.000000E+00  0.000000E+00  0.000000E+00  0.000000E+00  0.000000E+00
  0.000000E+00  0.000000E+00  0.000000E+00  0.000000E+00  0.000000E+00
  0.000000E+00  0.000000E+00  0.000000E+00  0.000000E+00  0.000000E+00
  0.000000E+00  0.000000E+00  0.000000E+00  0.000000E+00  0.000000E+00
  0.000000E+00  0.000000E+00  0.000000E+00  0.000000E+00  0.000000E+00
  0.000000E+00  0.000000E+00  0.000000E+00  0.000000E+00  0.000000E+00
  0.000000E+00  0.000000E+00  0.000000E+00  0.000000E+00  0.000000E+00
  0.000000E+00  0.000000E+00  0.000000E+00  0.000000E+00  0.000000E+00
  0.000000E+00  0.000000E+00  0.000000E+00  0.000000E+00  0.000000E+00
  0.000000E+00  0.000000E+00  0.000000E+00  0.000000E+00  0.000000E+00
  0.000000E+00  0.000000E+00  0.000000E+00  0.000000E+00  0.000000E+00
  0.000000E+00  0.000000E+00  0.000000E+00  0.000000E+00  0.000000E+00
  0.000000E+00  0.000000E+00  0.000000E+00  0.000000E+00  0.000000E+00
  0.000000E+00  0.000000E+00  0.000000E+00  0.000000E+00  0.000000E+00
  0.000000E+00  0.000000E+00  0.000000E+00  0.000000E+00  0.000000E+00

     Channel 2 results

   FORWARD OUTPUT
 RTSolution OBJECT
   Surface Emissivity      :  9.607415E-01
   Up Radiance             :  6.620434E+01
   Down Radiance           :  9.610241E+01
   Down Solar Radiance     :  0.000000E+00
   Surface Planck Radiance :  1.076581E+02
   Radiance                :  6.620561E+01
   Brightness Temperature  :  2.404143E+02

   K-MATRIX OUTPUT
 Surface OBJECT
   Land Coverage :  0.250
   Water Coverage:  0.750
   Snow Coverage :  0.000
   Ice Coverage  :  0.000
   Land type            : Sand
   Land Temperature     :  3.663131E-06
   Soil Moisture Content:  0.000000E+00
   Canopy Water Content :  0.000000E+00
   Vegetation Fraction  :  0.000000E+00
   Soil Temperature     :  0.000000E+00
   Water Type       : Sea water
   Water Temperature:  1.098939E-05
   Wind Speed       :  1.583612E-09
   Wind Direction   :  0.000000E+00
   Salinity         :  0.000000E+00
   Snow Type       : Powder snow
   Snow Temperature:  0.000000E+00
   Snow Depth      :  0.000000E+00
   Snow Density    :  0.000000E+00
   Snow Grain_Size :  0.000000E+00
   Ice Type       : Fresh ice
   Ice Temperature:  0.000000E+00
   Ice Thickness  :  0.000000E+00
   Ice Density    :  0.000000E+00
   Ice Roughness  :  0.000000E+00
 ATMOSPHERE OBJECT
   n_Layers   : 100
   n_Absorbers: 3
   n_Clouds   : 0
   n_Aerosols : 0
   Climatology    : U.S. Standard Atmosphere
   Level pressure:
  0.000000E+00 -5.801809E-01  1.465528E-01 -3.440619E-01 -5.271204E-01
 -6.495724E-01 -1.116229E+00 -1.188962E+00 -5.303103E-01  1.784811E-01
  4.680031E-01  4.935696E-01  4.918821E-01  4.027081E-01  1.581308E-01
 -5.654289E-02 -1.621031E-01 -1.607854E-01 -7.986035E-02 -3.710608E-03
  8.035066E-03 -6.527487E-03 -1.127413E-03  7.718587E-03  1.133318E-02
  9.516553E-03  6.798766E-03  7.350539E-03  7.336086E-03  3.901850E-03
  1.564498E-03  1.492999E-03  1.346462E-03  6.276073E-04 -4.668185E-05
 -3.143145E-04 -5.250657E-04 -5.747909E-04 -6.539434E-04 -6.826689E-04
 -4.315244E-04 -1.335744E-04  2.219727E-06 -1.907985E-04 -3.404264E-04
 -1.847188E-04 -7.332784E-06  2.490300E-05 -3.799035E-06 -3.340891E-05
 -2.153808E-05  5.213006E-06  1.135355E-05  2.275118E-05  3.526576E-05
  2.198940E-05  1.028246E-05  1.248390E-05  1.379853E-05  1.516814E-05
  1.589008E-05  1.633259E-05  1.640189E-05  1.610031E-05  1.479977E-05
  1.318101E-05  1.091050E-05  8.351308E-06  6.108616E-06  3.936303E-06
  2.162028E-06  6.731947E-07 -5.494959E-07 -1.529014E-06 -2.314613E-06
 -2.891296E-06 -3.215546E-06 -3.337426E-06 -3.305156E-06 -3.196794E-06
 -2.992707E-06 -2.926439E-06 -3.024618E-06 -3.006949E-06 -2.879408E-06
 -2.711585E-06 -2.571088E-06 -2.376175E-06 -2.078879E-06 -1.766077E-06
 -1.485084E-06 -1.205993E-06 -9.256323E-07 -6.761256E-07 -4.521236E-07
 -2.231066E-07 -3.710237E-08  2.052781E-08  1.073371E-08 -3.950075E-10
  6.448108E-08
   Layer pressure:
  9.386404E-01 -9.894456E-02 -7.452868E-01 -3.256497E-01  7.515128E-02
  4.092418E-01  5.711296E-01  4.826621E-01  3.239500E-01  1.961257E-01
  1.010220E-01  3.763976E-02  5.118725E-04 -1.960127E-02 -2.826072E-02
 -2.976256E-02 -2.372719E-02 -1.137457E-02 -1.426406E-03  1.025146E-03
  1.601566E-03  4.287330E-03  5.836218E-03  5.396632E-03  3.932718E-03
  2.557350E-03  1.558945E-03  6.402468E-04 -2.727250E-05 -2.629732E-04
 -3.087524E-04 -2.847306E-04 -1.913759E-04 -7.767062E-05  8.674301E-06
  6.531589E-05  8.364598E-05  7.347974E-05  3.567893E-05 -1.596988E-05
 -5.418513E-05 -7.961741E-05 -1.031847E-04 -1.077365E-04 -6.842070E-05
 -1.444974E-05  2.268692E-05  4.909644E-05  7.389109E-05  9.731409E-05
  1.055551E-04  9.370930E-05  7.371734E-05  4.796753E-05  2.008488E-05
  4.063756E-06 -2.335036E-06 -7.357511E-06 -1.089488E-05 -1.339341E-05
 -1.493409E-05 -1.574877E-05 -1.596886E-05 -1.568611E-05 -1.479405E-05
 -1.344534E-05 -1.169738E-05 -9.716847E-06 -7.704035E-06 -5.777229E-06
 -4.022884E-06 -2.479640E-06 -1.162261E-06 -7.015994E-08  7.884496E-07
  1.407193E-06  1.816424E-06  2.057101E-06  2.183381E-06  2.231308E-06
  2.335846E-06  2.487226E-06  2.527269E-06  2.472094E-06  2.374628E-06
  2.267411E-06  2.092441E-06  1.835017E-06  1.561658E-06  1.299689E-06
  1.030653E-06  7.602433E-07  5.096000E-07  2.825222E-07  9.519399E-08
 -7.459374E-09 -2.507580E-08 -1.601223E-08 -5.490502E-09  6.245903E-09
   Layer temperature:
 -1.313306E-04 -7.185763E-05  1.031945E-03  3.362971E-03  5.511023E-03
  8.281013E-03  1.399004E-02  2.246523E-02  3.140335E-02  4.051394E-02
  4.955281E-02  5.721312E-02  6.129433E-02  6.171608E-02  6.004133E-02
  5.789200E-02  5.564423E-02  5.260875E-02  4.831389E-02  4.318221E-02
  3.821652E-02  3.398478E-02  3.013722E-02  2.654350E-02  2.328329E-02
  2.042359E-02  1.796511E-02  1.572627E-02  1.371683E-02  1.204235E-02
  1.064576E-02  9.393029E-03  8.264001E-03  7.291669E-03  6.459795E-03
  5.729854E-03  5.093727E-03  4.528737E-03  4.036356E-03  3.603300E-03
  3.196969E-03  2.808348E-03  2.451249E-03  2.155800E-03  1.908638E-03
  1.667062E-03  1.431670E-03  1.219208E-03  1.035894E-03  8.780552E-04
  7.388622E-04  6.150219E-04  5.087106E-04  4.173556E-04  3.394391E-04
  2.791654E-04  2.332954E-04  1.951448E-04  1.635925E-04  1.373964E-04
  1.157502E-04  9.777626E-05  8.283253E-05  7.039891E-05  6.034585E-05
  5.222640E-05  4.587209E-05  4.098620E-05  3.704105E-05  3.381197E-05
  3.100325E-05  2.847177E-05  2.614003E-05  2.396346E-05  2.193606E-05
  2.005139E-05  1.828380E-05  1.662307E-05  1.506189E-05  1.360682E-05
  1.223407E-05  1.097479E-05  9.864771E-06  8.879467E-06  7.994986E-06
  7.200042E-06  6.491313E-06  5.861518E-06  5.297343E-06  4.792672E-06
  4.344602E-06  3.949839E-06  3.601607E-06  3.296866E-06  3.028019E-06
  2.765991E-06  2.489904E-06  2.223302E-06  1.979636E-06  1.753250E-06
   Layer absorber:
     H2O(Mass mixing ratio, g/kg)
  0.000000E+00  0.000000E+00  0.000000E+00  0.000000E+00  0.000000E+00
  0.000000E+00  0.000000E+00  0.000000E+00  0.000000E+00  0.000000E+00
  0.000000E+00  0.000000E+00  0.000000E+00  0.000000E+00  0.000000E+00
  0.000000E+00  0.000000E+00  0.000000E+00  0.000000E+00  0.000000E+00
  0.000000E+00  0.000000E+00  0.000000E+00  0.000000E+00  0.000000E+00
  0.000000E+00  0.000000E+00  0.000000E+00  0.000000E+00  0.000000E+00
  0.000000E+00  0.000000E+00  0.000000E+00  0.000000E+00  0.000000E+00
  0.000000E+00  0.000000E+00  0.000000E+00  0.000000E+00  0.000000E+00
  0.000000E+00  0.000000E+00  0.000000E+00  0.000000E+00  0.000000E+00
  0.000000E+00  0.000000E+00  0.000000E+00  0.000000E+00  0.000000E+00
  0.000000E+00  0.000000E+00  0.000000E+00  0.000000E+00  0.000000E+00
  0.000000E+00  0.000000E+00  0.000000E+00  0.000000E+00  0.000000E+00
  0.000000E+00  0.000000E+00  0.000000E+00  0.000000E+00  0.000000E+00
  0.000000E+00  0.000000E+00  0.000000E+00  0.000000E+00  0.000000E+00
  0.000000E+00  0.000000E+00  0.000000E+00  0.000000E+00  0.000000E+00
  0.000000E+00  0.000000E+00  0.000000E+00  0.000000E+00  0.000000E+00
  0.000000E+00  0.000000E+00  0.000000E+00  0.000000E+00  0.000000E+00
  0.000000E+00  0.000000E+00  0.000000E+00  0.000000E+00  0.000000E+00
  0.000000E+00  0.000000E+00  0.000000E+00  0.000000E+00  0.000000E+00
  0.000000E+00  0.000000E+00  0.000000E+00  0.000000E+00  0.000000E+00
     O3(Volume mixing ratio, ppmv)
  0.000000E+00  0.000000E+00  0.000000E+00  0.000000E+00  0.000000E+00
  0.000000E+00  0.000000E+00  0.000000E+00  0.000000E+00  0.000000E+00
  0.000000E+00  0.000000E+00  0.000000E+00  0.000000E+00  0.000000E+00
  0.000000E+00  0.000000E+00  0.000000E+00  0.000000E+00  0.000000E+00
  0.000000E+00  0.000000E+00  0.000000E+00  0.000000E+00  0.000000E+00
  0.000000E+00  0.000000E+00  0.000000E+00  0.000000E+00  0.000000E+00
  0.000000E+00  0.000000E+00  0.000000E+00  0.000000E+00  0.000000E+00
  0.000000E+00  0.000000E+00  0.000000E+00  0.000000E+00  0.000000E+00
  0.000000E+00  0.000000E+00  0.000000E+00  0.000000E+00  0.000000E+00
  0.000000E+00  0.000000E+00  0.000000E+00  0.000000E+00  0.000000E+00
  0.000000E+00  0.000000E+00  0.000000E+00  0.000000E+00  0.000000E+00
  0.000000E+00  0.000000E+00  0.000000E+00  0.000000E+00  0.000000E+00
  0.000000E+00  0.000000E+00  0.000000E+00  0.000000E+00  0.000000E+00
  0.000000E+00  0.000000E+00  0.000000E+00  0.000000E+00  0.000000E+00
  0.000000E+00  0.000000E+00  0.000000E+00  0.000000E+00  0.000000E+00
  0.000000E+00  0.000000E+00  0.000000E+00  0.000000E+00  0.000000E+00
  0.000000E+00  0.000000E+00  0.000000E+00  0.000000E+00  0.000000E+00
  0.000000E+00  0.000000E+00  0.000000E+00  0.000000E+00  0.000000E+00
  0.000000E+00  0.000000E+00  0.000000E+00  0.000000E+00  0.000000E+00
  0.000000E+00  0.000000E+00  0.000000E+00  0.000000E+00  0.000000E+00
     CO2(Volume mixing ratio, ppmv)
  0.000000E+00  0.000000E+00  0.000000E+00  0.000000E+00  0.000000E+00
  0.000000E+00  0.000000E+00  0.000000E+00  0.000000E+00  0.000000E+00
  0.000000E+00  0.000000E+00  0.000000E+00  0.000000E+00  0.000000E+00
  0.000000E+00  0.000000E+00  0.000000E+00  0.000000E+00  0.000000E+00
  0.000000E+00  0.000000E+00  0.000000E+00  0.000000E+00  0.000000E+00
  0.000000E+00  0.000000E+00  0.000000E+00  0.000000E+00  0.000000E+00
  0.000000E+00  0.000000E+00  0.000000E+00  0.000000E+00  0.000000E+00
  0.000000E+00  0.000000E+00  0.000000E+00  0.000000E+00  0.000000E+00
  0.000000E+00  0.000000E+00  0.000000E+00  0.000000E+00  0.000000E+00
  0.000000E+00  0.000000E+00  0.000000E+00  0.000000E+00  0.000000E+00
  0.000000E+00  0.000000E+00  0.000000E+00  0.000000E+00  0.000000E+00
  0.000000E+00  0.000000E+00  0.000000E+00  0.000000E+00  0.000000E+00
  0.000000E+00  0.000000E+00  0.000000E+00  0.000000E+00  0.000000E+00
  0.000000E+00  0.000000E+00  0.000000E+00  0.000000E+00  0.000000E+00
  0.000000E+00  0.000000E+00  0.000000E+00  0.000000E+00  0.000000E+00
  0.000000E+00  0.000000E+00  0.000000E+00  0.000000E+00  0.000000E+00
  0.000000E+00  0.000000E+00  0.000000E+00  0.000000E+00  0.000000E+00
  0.000000E+00  0.000000E+00  0.000000E+00  0.000000E+00  0.000000E+00
  0.000000E+00  0.000000E+00  0.000000E+00  0.000000E+00  0.000000E+00
  0.000000E+00  0.000000E+00  0.000000E+00  0.000000E+00  0.000000E+00

     Channel 3 results

   FORWARD OUTPUT
 RTSolution OBJECT
   Surface Emissivity      :  9.606944E-01
   Up Radiance             :  6.815227E+01
   Down Radiance           :  1.004377E+02
   Down Solar Radiance     :  0.000000E+00
   Surface Planck Radiance :  1.077019E+02
   Radiance                :  6.815262E+01
   Brightness Temperature  :  2.420988E+02

   K-MATRIX OUTPUT
 Surface OBJECT
   Land Coverage :  0.250
   Water Coverage:  0.750
   Snow Coverage :  0.000
   Ice Coverage  :  0.000
   Land type            : Sand
   Land Temperature     :  9.823254E-07
   Soil Moisture Content:  0.000000E+00
   Canopy Water Content :  0.000000E+00
   Vegetation Fraction  :  0.000000E+00
   Soil Temperature     :  0.000000E+00
   Water Type       : Sea water
   Water Temperature:  2.946976E-06
   Wind Speed       :  2.668829E-10
   Wind Direction   :  0.000000E+00
   Salinity         :  0.000000E+00
   Snow Type       : Powder snow
   Snow Temperature:  0.000000E+00
   Snow Depth      :  0.000000E+00
   Snow Density    :  0.000000E+00
   Snow Grain_Size :  0.000000E+00
   Ice Type       : Fresh ice
   Ice Temperature:  0.000000E+00
   Ice Thickness  :  0.000000E+00
   Ice Density    :  0.000000E+00
   Ice Roughness  :  0.000000E+00
 ATMOSPHERE OBJECT
   n_Layers   : 100
   n_Absorbers: 3
   n_Clouds   : 0
   n_Aerosols : 0
   Climatology    : U.S. Standard Atmosphere
   Level pressure:
  0.000000E+00 -9.598703E+00 -2.814091E+00 -2.968374E+00 -1.493109E+00
 -7.750824E-01 -2.104693E+00 -2.730384E+00 -1.181457E+00  4.660530E-01
  9.338712E-01  7.876642E-01  6.196358E-01  4.001896E-01  1.168817E-01
 -5.785208E-02 -1.167328E-01 -1.004630E-01 -4.513300E-02 -2.314214E-03
  3.829481E-03 -2.086238E-03  1.144626E-03  5.068585E-03  6.149223E-03
  4.852601E-03  3.324753E-03  3.182529E-03  2.874341E-03  1.403397E-03
  4.801517E-04  4.498801E-04  4.169909E-04  1.933616E-04 -1.342350E-05
 -8.423581E-05 -1.467533E-04 -1.640926E-04 -2.017980E-04 -2.292315E-04
 -1.587915E-04 -6.743937E-05 -2.954957E-05 -1.015099E-04 -1.482120E-04
 -8.103128E-05 -6.252173E-06  1.599942E-05  1.582564E-05  1.486105E-05
  2.613175E-05  3.709903E-05  3.512647E-05  3.194992E-05  2.709718E-05
  1.354986E-05  4.555480E-06  3.156124E-06  1.952715E-06  1.273692E-06
  7.387174E-07  4.402380E-07  2.657737E-07  1.726040E-07 -1.112340E-07
 -3.106149E-07 -6.261846E-07 -9.542623E-07 -1.092088E-06 -1.220390E-06
 -1.224415E-06 -1.181712E-06 -1.111272E-06 -1.026467E-06 -9.529962E-07
 -8.879143E-07 -8.044771E-07 -7.100857E-07 -6.054547E-07 -5.075637E-07
 -3.636667E-07 -2.593834E-07 -2.535830E-07 -2.432361E-07 -2.129097E-07
 -1.754762E-07 -1.728810E-07 -1.837667E-07 -1.695024E-07 -1.487786E-07
 -1.446849E-07 -1.457346E-07 -1.421371E-07 -1.438814E-07 -1.412913E-07
 -9.637594E-08 -2.674959E-08  1.797626E-10  6.724686E-10  1.037588E-09
  1.298731E-08
   Layer pressure:
  1.817386E+00  6.946256E-01 -6.420760E-02 -5.570372E-01 -4.977222E-01
 -2.608658E-01  2.891721E-01  7.739207E-01  7.489627E-01  4.480381E-01
  1.918224E-01  5.878654E-02  5.344749E-03 -6.412087E-03 -3.822763E-03
 -1.196131E-03 -2.753070E-04  8.895387E-05  3.313355E-04  4.186842E-04
  4.446623E-04  5.022318E-04  4.949188E-04  4.059332E-04  2.862483E-04
  1.865986E-04  1.173323E-04  5.899648E-05  1.490907E-05 -3.411737E-06
 -8.152991E-06 -1.178007E-05 -1.474030E-05 -1.552258E-05 -1.454500E-05
 -1.319369E-05 -1.140624E-05 -9.520176E-06 -7.162299E-06 -4.329311E-06
 -2.246796E-06 -1.303391E-06 -8.568687E-07  8.475602E-07  3.537787E-06
  5.105096E-06  5.138321E-06  4.608358E-06  4.021821E-06  3.418567E-06
  2.554198E-06  1.532978E-06  7.272287E-07  1.829398E-07 -9.623594E-08
 -1.416820E-07 -1.135488E-07 -7.960482E-08 -5.030848E-08 -3.104321E-08
 -2.358659E-08 -2.761746E-08 -4.199016E-08 -6.526362E-08 -9.216482E-08
 -1.185093E-07 -1.359066E-07 -1.379143E-07 -1.278058E-07 -1.061500E-07
 -7.982985E-08 -5.310736E-08 -2.905910E-08 -9.498455E-09  5.381739E-09
  1.562002E-08  2.080710E-08  2.139984E-08  1.824813E-08  1.266467E-08
  4.763121E-09 -3.941669E-09 -1.132309E-08 -1.750562E-08 -2.285245E-08
 -2.741518E-08 -3.044625E-08 -3.163990E-08 -3.137297E-08 -2.971956E-08
 -2.639192E-08 -2.145739E-08 -1.543231E-08 -8.910843E-09 -3.040544E-09
  2.349898E-11  1.083122E-10 -4.242931E-10 -8.659737E-10 -1.154629E-09
   Layer temperature:
  1.350743E-03  2.036111E-03  6.598388E-03  1.388116E-02  2.050506E-02
  2.936236E-02  4.696521E-02  6.820158E-02  8.323410E-02  9.042708E-02
  8.957993E-02  8.203176E-02  6.991211E-02  5.699966E-02  4.622585E-02
  3.852305E-02  3.308047E-02  2.860828E-02  2.437651E-02  2.044143E-02
  1.719531E-02  1.473671E-02  1.270826E-02  1.093755E-02  9.401463E-03
  8.104240E-03  7.025252E-03  6.052405E-03  5.184999E-03  4.491394E-03
  3.934872E-03  3.437298E-03  2.991725E-03  2.616662E-03  2.303751E-03
  2.032738E-03  1.799303E-03  1.593052E-03  1.414064E-03  1.256355E-03
  1.108040E-03  9.682053E-04  8.423349E-04  7.375494E-04  6.483005E-04
  5.650154E-04  4.891327E-04  4.226847E-04  3.657275E-04  3.165522E-04
  2.727146E-04  2.322851E-04  1.957933E-04  1.627697E-04  1.333486E-04
  1.104029E-04  9.305467E-05  7.846847E-05  6.633674E-05  5.622571E-05
  4.787038E-05  4.094318E-05  3.519759E-05  3.043450E-05  2.660856E-05
  2.352321E-05  2.109361E-05  1.918466E-05  1.758776E-05  1.622049E-05
  1.498104E-05  1.382555E-05  1.273450E-05  1.169972E-05  1.072756E-05
  9.823314E-06  8.981414E-06  8.198935E-06  7.470727E-06  6.797057E-06
  6.148162E-06  5.533953E-06  4.998074E-06  4.528551E-06  4.103081E-06
  3.705980E-06  3.359586E-06  3.075227E-06  2.818730E-06  2.573940E-06
  2.356780E-06  2.168679E-06  1.994831E-06  1.838927E-06  1.688225E-06
  1.470833E-06  1.165970E-06  8.726210E-07  6.399109E-07  4.579489E-07
   Layer absorber:
     H2O(Mass mixing ratio, g/kg)
  0.000000E+00  0.000000E+00  0.000000E+00  0.000000E+00  0.000000E+00
  0.000000E+00  0.000000E+00  0.000000E+00  0.000000E+00  0.000000E+00
  0.000000E+00  0.000000E+00  0.000000E+00  0.000000E+00  0.000000E+00
  0.000000E+00  0.000000E+00  0.000000E+00  0.000000E+00  0.000000E+00
  0.000000E+00  0.000000E+00  0.000000E+00  0.000000E+00  0.000000E+00
  0.000000E+00  0.000000E+00  0.000000E+00  0.000000E+00  0.000000E+00
  0.000000E+00  0.000000E+00  0.000000E+00  0.000000E+00  0.000000E+00
  0.000000E+00  0.000000E+00  0.000000E+00  0.000000E+00  0.000000E+00
  0.000000E+00  0.000000E+00  0.000000E+00  0.000000E+00  0.000000E+00
  0.000000E+00  0.000000E+00  0.000000E+00  0.000000E+00  0.000000E+00
  0.000000E+00  0.000000E+00  0.000000E+00  0.000000E+00  0.000000E+00
  0.000000E+00  0.000000E+00  0.000000E+00  0.000000E+00  0.000000E+00
  0.000000E+00  0.000000E+00  0.000000E+00  0.000000E+00  0.000000E+00
  0.000000E+00  0.000000E+00  0.000000E+00  0.000000E+00  0.000000E+00
  0.000000E+00  0.000000E+00  0.000000E+00  0.000000E+00  0.000000E+00
  0.000000E+00  0.000000E+00  0.000000E+00  0.000000E+00  0.000000E+00
  0.000000E+00  0.000000E+00  0.000000E+00  0.000000E+00  0.000000E+00
  0.000000E+00  0.000000E+00  0.000000E+00  0.000000E+00  0.000000E+00
  0.000000E+00  0.000000E+00  0.000000E+00  0.000000E+00  0.000000E+00
  0.000000E+00  0.000000E+00  0.000000E+00  0.000000E+00  0.000000E+00
     O3(Volume mixing ratio, ppmv)
  0.000000E+00  0.000000E+00  0.000000E+00  0.000000E+00  0.000000E+00
  0.000000E+00  0.000000E+00  0.000000E+00  0.000000E+00  0.000000E+00
  0.000000E+00  0.000000E+00  0.000000E+00  0.000000E+00  0.000000E+00
  0.000000E+00  0.000000E+00  0.000000E+00  0.000000E+00  0.000000E+00
  0.000000E+00  0.000000E+00  0.000000E+00  0.000000E+00  0.000000E+00
  0.000000E+00  0.000000E+00  0.000000E+00  0.000000E+00  0.000000E+00
  0.000000E+00  0.000000E+00  0.000000E+00  0.000000E+00  0.000000E+00
  0.000000E+00  0.000000E+00  0.000000E+00  0.000000E+00  0.000000E+00
  0.000000E+00  0.000000E+00  0.000000E+00  0.000000E+00  0.000000E+00
  0.000000E+00  0.000000E+00  0.000000E+00  0.000000E+00  0.000000E+00
  0.000000E+00  0.000000E+00  0.000000E+00  0.000000E+00  0.000000E+00
  0.000000E+00  0.000000E+00  0.000000E+00  0.000000E+00  0.000000E+00
  0.000000E+00  0.000000E+00  0.000000E+00  0.000000E+00  0.000000E+00
  0.000000E+00  0.000000E+00  0.000000E+00  0.000000E+00  0.000000E+00
  0.000000E+00  0.000000E+00  0.000000E+00  0.000000E+00  0.000000E+00
  0.000000E+00  0.000000E+00  0.000000E+00  0.000000E+00  0.000000E+00
  0.000000E+00  0.000000E+00  0.000000E+00  0.000000E+00  0.000000E+00
  0.000000E+00  0.000000E+00  0.000000E+00  0.000000E+00  0.000000E+00
  0.000000E+00  0.000000E+00  0.000000E+00  0.000000E+00  0.000000E+00
  0.000000E+00  0.000000E+00  0.000000E+00  0.000000E+00  0.000000E+00
     CO2(Volume mixing ratio, ppmv)
  0.000000E+00  0.000000E+00  0.000000E+00  0.000000E+00  0.000000E+00
  0.000000E+00  0.000000E+00  0.000000E+00  0.000000E+00  0.000000E+00
  0.000000E+00  0.000000E+00  0.000000E+00  0.000000E+00  0.000000E+00
  0.000000E+00  0.000000E+00  0.000000E+00  0.000000E+00  0.000000E+00
  0.000000E+00  0.000000E+00  0.000000E+00  0.000000E+00  0.000000E+00
  0.000000E+00  0.000000E+00  0.000000E+00  0.000000E+00  0.000000E+00
  0.000000E+00  0.000000E+00  0.000000E+00  0.000000E+00  0.000000E+00
  0.000000E+00  0.000000E+00  0.000000E+00  0.000000E+00  0.000000E+00
  0.000000E+00  0.000000E+00  0.000000E+00  0.000000E+00  0.000000E+00
  0.000000E+00  0.000000E+00  0.000000E+00  0.000000E+00  0.000000E+00
  0.000000E+00  0.000000E+00  0.000000E+00  0.000000E+00  0.000000E+00
  0.000000E+00  0.000000E+00  0.000000E+00  0.000000E+00  0.000000E+00
  0.000000E+00  0.000000E+00  0.000000E+00  0.000000E+00  0.000000E+00
  0.000000E+00  0.000000E+00  0.000000E+00  0.000000E+00  0.000000E+00
  0.000000E+00  0.000000E+00  0.000000E+00  0.000000E+00  0.000000E+00
  0.000000E+00  0.000000E+00  0.000000E+00  0.000000E+00  0.000000E+00
  0.000000E+00  0.000000E+00  0.000000E+00  0.000000E+00  0.000000E+00
  0.000000E+00  0.000000E+00  0.000000E+00  0.000000E+00  0.000000E+00
  0.000000E+00  0.000000E+00  0.000000E+00  0.000000E+00  0.000000E+00
  0.000000E+00  0.000000E+00  0.000000E+00  0.000000E+00  0.000000E+00

     Destroying the CRTM...

     Comparing calculated results with saved ones...
 Example2_SSU(INFORMATION) : Atmosphere_K Jacobians are the same!
 Example2_SSU(INFORMATION) : Surface_K Jacobians are the same!
