
     **********************************************************
                            Example4_ODPS

      Program to provide a (relatively) simple example of how 
      to call the CRTM Forward function.

      CRTM Version: beta.REL-2.0
     **********************************************************


     Enter sensor id [hirs4_n18, amsua_n18, or mhs_n18]: 

     Running CRTM for amsre_aqua sensor...

     Initializing the CRTM...
 Read_SpcCoeff_Binary(INFORMATION) : FILE: ./Coefficient_Data/amsre_aqua.SpcCoeff.bin; 
 SpcCoeff RELEASE.VERSION:  7.01  N_CHANNELS=12
 Read_ODPS_Binary(INFORMATION) : FILE: ./Coefficient_Data/amsre_aqua.TauCoeff.bin; 
   ODPS RELEASE.VERSION:  2.01  N_LAYERS=100  N_COMPONENTS=2  N_ABSORBERS=1  N_CHANNELS=12  N_COEFFS=25200
 CloudCoeff_ReadFile(Binary)(INFORMATION) : FILE: ./Coefficient_Data/CloudCoeff.bin; 
 CloudCoeff RELEASE.VERSION:  3.04  N_FREQUENCIES(MW)=  31  N_FREQUENCIES(IR)=  61  N_RADII(MW)=10  N_RADII(IR)=10  N_TEMPERATURES= 5  N_DENSITIES= 3  N_LEGENDRE_TERMS=38  N_PHASE_ELEMENTS= 1
 AerosolCoeff_ReadFile(Binary)(INFORMATION) : FILE: ./Coefficient_Data/AerosolCoeff.bin; 
 AerosolCoeff RELEASE.VERSION:  3.04  N_WAVELENGTHS=  61  N_RADII= 36  N_TYPES= 8  N_RH= 36  N_LEGENDRE_TERMS=37  N_PHASE_ELEMENTS= 1
 Read_EmisCoeff_Binary(INFORMATION) : FILE: ./Coefficient_Data/Wu-Smith.EmisCoeff.bin; 
 EmisCoeff RELEASE.VERSION:  2.01  N_ANGLES= 67  N_FREQUENCIES=  153  N_WIND_SPEEDS= 23


       Profile 1 output for amsre_aqua

     Channel 1 results
 RTSolution OBJECT
   Surface Emissivity      :  9.712347E-01
   Up Radiance             :  2.478389E-05
   Down Radiance           :  2.575184E-05
   Down Solar Radiance     :  0.000000E+00
   Surface Planck Radiance :  1.404188E-04
   Radiance                :  1.349056E-04
   Brightness Temperature  :  3.055210E+02

     Channel 2 results
 RTSolution OBJECT
   Surface Emissivity      :  9.605646E-01
   Up Radiance             :  2.478389E-05
   Down Radiance           :  2.575184E-05
   Down Solar Radiance     :  0.000000E+00
   Surface Planck Radiance :  1.404188E-04
   Radiance                :  1.339230E-04
   Brightness Temperature  :  3.032969E+02

     Channel 3 results
 RTSolution OBJECT
   Surface Emissivity      :  9.723477E-01
   Up Radiance             :  1.179307E-04
   Down Radiance           :  1.200386E-04
   Down Solar Radiance     :  0.000000E+00
   Surface Planck Radiance :  3.319506E-04
   Radiance                :  3.146922E-04
   Brightness Temperature  :  3.014802E+02

     Channel 4 results
 RTSolution OBJECT
   Surface Emissivity      :  9.641652E-01
   Up Radiance             :  1.179307E-04
   Down Radiance           :  1.200386E-04
   Down Solar Radiance     :  0.000000E+00
   Surface Planck Radiance :  3.319506E-04
   Radiance                :  3.136459E-04
   Brightness Temperature  :  3.004787E+02

     Channel 5 results
 RTSolution OBJECT
   Surface Emissivity      :  9.753971E-01
   Up Radiance             :  7.232598E-04
   Down Radiance           :  7.354524E-04
   Down Solar Radiance     :  0.000000E+00
   Surface Planck Radiance :  1.022809E-03
   Radiance                :  9.343121E-04
   Brightness Temperature  :  2.905244E+02

     Channel 6 results
 RTSolution OBJECT
   Surface Emissivity      :  9.696757E-01
   Up Radiance             :  7.232598E-04
   Down Radiance           :  7.354524E-04
   Down Solar Radiance     :  0.000000E+00
   Surface Planck Radiance :  1.022809E-03
   Radiance                :  9.339705E-04
   Brightness Temperature  :  2.904183E+02

     Channel 7 results
 RTSolution OBJECT
   Surface Emissivity      :  9.770187E-01
   Up Radiance             :  1.365397E-03
   Down Radiance           :  1.403536E-03
   Down Solar Radiance     :  0.000000E+00
   Surface Planck Radiance :  1.656167E-03
   Radiance                :  1.484232E-03
   Brightness Temperature  :  2.850461E+02

     Channel 8 results
 RTSolution OBJECT
   Surface Emissivity      :  9.719520E-01
   Up Radiance             :  1.365397E-03
   Down Radiance           :  1.403536E-03
   Down Solar Radiance     :  0.000000E+00
   Surface Planck Radiance :  1.656167E-03
   Radiance                :  1.484140E-03
   Brightness Temperature  :  2.850284E+02

     Channel 9 results
 RTSolution OBJECT
   Surface Emissivity      :  9.797018E-01
   Up Radiance             :  3.425912E-03
   Down Radiance           :  3.541766E-03
   Down Solar Radiance     :  0.000000E+00
   Surface Planck Radiance :  3.891672E-03
   Radiance                :  3.440271E-03
   Brightness Temperature  :  2.812161E+02

     Channel 10 results
 RTSolution OBJECT
   Surface Emissivity      :  9.753349E-01
   Up Radiance             :  3.425912E-03
   Down Radiance           :  3.541766E-03
   Down Solar Radiance     :  0.000000E+00
   Surface Planck Radiance :  3.891672E-03
   Radiance                :  3.440265E-03
   Brightness Temperature  :  2.812156E+02

     Channel 11 results
 RTSolution OBJECT
   Surface Emissivity      :  9.500000E-01
   Up Radiance             :  2.024307E-02
   Down Radiance           :  2.130792E-02
   Down Solar Radiance     :  0.000000E+00
   Surface Planck Radiance :  2.304734E-02
   Radiance                :  2.024307E-02
   Brightness Temperature  :  2.795662E+02

     Channel 12 results
 RTSolution OBJECT
   Surface Emissivity      :  9.500000E-01
   Up Radiance             :  2.024307E-02
   Down Radiance           :  2.130792E-02
   Down Solar Radiance     :  0.000000E+00
   Surface Planck Radiance :  2.304734E-02
   Radiance                :  2.024307E-02
   Brightness Temperature  :  2.795662E+02


       Profile 2 output for amsre_aqua

     Channel 1 results
 RTSolution OBJECT
   Surface Emissivity      :  5.487187E-01
   Up Radiance             :  0.000000E+00
   Down Radiance           :  0.000000E+00
   Down Solar Radiance     :  0.000000E+00
   Surface Planck Radiance :  0.000000E+00
   Radiance                :  1.108714E-04
   Brightness Temperature  :  2.511202E+02

     Channel 2 results
 RTSolution OBJECT
   Surface Emissivity      :  4.901184E-01
   Up Radiance             :  0.000000E+00
   Down Radiance           :  0.000000E+00
   Down Solar Radiance     :  0.000000E+00
   Surface Planck Radiance :  0.000000E+00
   Radiance                :  1.108702E-04
   Brightness Temperature  :  2.511175E+02

     Channel 3 results
 RTSolution OBJECT
   Surface Emissivity      :  5.642737E-01
   Up Radiance             :  0.000000E+00
   Down Radiance           :  0.000000E+00
   Down Solar Radiance     :  0.000000E+00
   Surface Planck Radiance :  0.000000E+00
   Radiance                :  2.562086E-04
   Brightness Temperature  :  2.454994E+02

     Channel 4 results
 RTSolution OBJECT
   Surface Emissivity      :  5.061596E-01
   Up Radiance             :  0.000000E+00
   Down Radiance           :  0.000000E+00
   Down Solar Radiance     :  0.000000E+00
   Surface Planck Radiance :  0.000000E+00
   Radiance                :  2.562086E-04
   Brightness Temperature  :  2.454994E+02

     Channel 5 results
 RTSolution OBJECT
   Surface Emissivity      :  6.181052E-01
   Up Radiance             :  0.000000E+00
   Down Radiance           :  0.000000E+00
   Down Solar Radiance     :  0.000000E+00
   Surface Planck Radiance :  0.000000E+00
   Radiance                :  7.566102E-04
   Brightness Temperature  :  2.353532E+02

     Channel 6 results
 RTSolution OBJECT
   Surface Emissivity      :  5.621407E-01
   Up Radiance             :  0.000000E+00
   Down Radiance           :  0.000000E+00
   Down Solar Radiance     :  0.000000E+00
   Surface Planck Radiance :  0.000000E+00
   Radiance                :  7.566102E-04
   Brightness Temperature  :  2.353532E+02

     Channel 7 results
 RTSolution OBJECT
   Surface Emissivity      :  6.490084E-01
   Up Radiance             :  0.000000E+00
   Down Radiance           :  0.000000E+00
   Down Solar Radiance     :  0.000000E+00
   Surface Planck Radiance :  0.000000E+00
   Radiance                :  1.200543E-03
   Brightness Temperature  :  2.306727E+02

     Channel 8 results
 RTSolution OBJECT
   Surface Emissivity      :  5.787791E-01
   Up Radiance             :  0.000000E+00
   Down Radiance           :  0.000000E+00
   Down Solar Radiance     :  0.000000E+00
   Surface Planck Radiance :  0.000000E+00
   Radiance                :  1.200543E-03
   Brightness Temperature  :  2.306727E+02

     Channel 9 results
 RTSolution OBJECT
   Surface Emissivity      :  6.894754E-01
   Up Radiance             :  0.000000E+00
   Down Radiance           :  0.000000E+00
   Down Solar Radiance     :  0.000000E+00
   Surface Planck Radiance :  0.000000E+00
   Radiance                :  2.771343E-03
   Brightness Temperature  :  2.267063E+02

     Channel 10 results
 RTSolution OBJECT
   Surface Emissivity      :  6.164541E-01
   Up Radiance             :  0.000000E+00
   Down Radiance           :  0.000000E+00
   Down Solar Radiance     :  0.000000E+00
   Surface Planck Radiance :  0.000000E+00
   Radiance                :  2.771343E-03
   Brightness Temperature  :  2.267063E+02

     Channel 11 results
 RTSolution OBJECT
   Surface Emissivity      :  7.768292E-01
   Up Radiance             :  0.000000E+00
   Down Radiance           :  0.000000E+00
   Down Solar Radiance     :  0.000000E+00
   Surface Planck Radiance :  0.000000E+00
   Radiance                :  1.704956E-02
   Brightness Temperature  :  2.357975E+02

     Channel 12 results
 RTSolution OBJECT
   Surface Emissivity      :  7.044954E-01
   Up Radiance             :  0.000000E+00
   Down Radiance           :  0.000000E+00
   Down Solar Radiance     :  0.000000E+00
   Surface Planck Radiance :  0.000000E+00
   Radiance                :  1.704956E-02
   Brightness Temperature  :  2.357975E+02

     Destroying the CRTM...

     Comparing calculated results with saved ones...
 Example4_ODPS(INFORMATION) : RTSolution results are the same!
