
     **********************************************************
                            Example4_ODPS

      Program to provide a (relatively) simple example of how 
      to call the CRTM Forward function.

      CRTM Version: beta.REL-2.0
     **********************************************************


     Enter sensor id [hirs4_n18, amsua_n18, or mhs_n18]: 

     Running CRTM for amsua_metop-a sensor...

     Initializing the CRTM...
 Read_SpcCoeff_Binary(INFORMATION) : FILE: ./Coefficient_Data/amsua_metop-a.SpcCoeff.bin; 
 SpcCoeff RELEASE.VERSION:  7.03  N_CHANNELS=15
 amsua_metop-a AntCorr RELEASE.VERSION:  1.04  N_FOVS=30  N_CHANNELS=15
 Read_ODPS_Binary(INFORMATION) : FILE: ./Coefficient_Data/amsua_metop-a.TauCoeff.bin; 
   ODPS RELEASE.VERSION:  2.01  N_LAYERS=100  N_COMPONENTS=2  N_ABSORBERS=1  N_CHANNELS=15  N_COEFFS=21600
 CloudCoeff_ReadFile(Binary)(INFORMATION) : FILE: ./Coefficient_Data/CloudCoeff.bin; 
 CloudCoeff RELEASE.VERSION:  3.04  N_FREQUENCIES(MW)=  31  N_FREQUENCIES(IR)=  61  N_RADII(MW)=10  N_RADII(IR)=10  N_TEMPERATURES= 5  N_DENSITIES= 3  N_LEGENDRE_TERMS=38  N_PHASE_ELEMENTS= 1
 AerosolCoeff_ReadFile(Binary)(INFORMATION) : FILE: ./Coefficient_Data/AerosolCoeff.bin; 
 AerosolCoeff RELEASE.VERSION:  3.04  N_WAVELENGTHS=  61  N_RADII= 36  N_TYPES= 8  N_RH= 36  N_LEGENDRE_TERMS=37  N_PHASE_ELEMENTS= 1
 Read_EmisCoeff_Binary(INFORMATION) : FILE: ./Coefficient_Data/Wu-Smith.EmisCoeff.bin; 
 EmisCoeff RELEASE.VERSION:  2.01  N_ANGLES= 67  N_FREQUENCIES=  153  N_WIND_SPEEDS= 23


       Profile 1 output for amsua_metop-a

     Channel 1 results
 RTSolution OBJECT
   Surface Emissivity      :  9.760192E-01
   Up Radiance             :  1.365499E-03
   Down Radiance           :  1.403638E-03
   Down Solar Radiance     :  0.000000E+00
   Surface Planck Radiance :  1.656272E-03
   Radiance                :  1.484311E-03
   Brightness Temperature  :  2.850432E+02

     Channel 2 results
 RTSolution OBJECT
   Surface Emissivity      :  9.779224E-01
   Up Radiance             :  2.514460E-03
   Down Radiance           :  2.586942E-03
   Down Solar Radiance     :  0.000000E+00
   Surface Planck Radiance :  2.881186E-03
   Radiance                :  2.557267E-03
   Brightness Temperature  :  2.823332E+02

     Channel 3 results
 RTSolution OBJECT
   Surface Emissivity      :  9.804057E-01
   Up Radiance             :  6.411585E-03
   Down Radiance           :  6.831120E-03
   Down Solar Radiance     :  0.000000E+00
   Surface Planck Radiance :  7.382582E-03
   Radiance                :  6.411786E-03
   Brightness Temperature  :  2.763418E+02

     Channel 4 results
 RTSolution OBJECT
   Surface Emissivity      :  9.805896E-01
   Up Radiance             :  6.831419E-03
   Down Radiance           :  7.682227E-03
   Down Solar Radiance     :  0.000000E+00
   Surface Planck Radiance :  8.133113E-03
   Radiance                :  6.831450E-03
   Brightness Temperature  :  2.673079E+02

     Channel 5 results
 RTSolution OBJECT
   Surface Emissivity      :  9.782160E-01
   Up Radiance             :  6.739200E-03
   Down Radiance           :  8.024367E-03
   Down Solar Radiance     :  0.000000E+00
   Surface Planck Radiance :  8.379770E-03
   Radiance                :  6.739207E-03
   Brightness Temperature  :  2.559941E+02

     Channel 6 results
 RTSolution OBJECT
   Surface Emissivity      :  9.782749E-01
   Up Radiance             :  6.489762E-03
   Down Radiance           :  8.390176E-03
   Down Solar Radiance     :  0.000000E+00
   Surface Planck Radiance :  8.632687E-03
   Radiance                :  6.489763E-03
   Brightness Temperature  :  2.393847E+02

     Channel 7 results
 RTSolution OBJECT
   Surface Emissivity      :  9.807290E-01
   Up Radiance             :  6.262515E-03
   Down Radiance           :  8.621245E-03
   Down Solar Radiance     :  0.000000E+00
   Surface Planck Radiance :  8.804358E-03
   Radiance                :  6.262515E-03
   Brightness Temperature  :  2.265719E+02

     Channel 8 results
 RTSolution OBJECT
   Surface Emissivity      :  9.783514E-01
   Up Radiance             :  6.084822E-03
   Down Radiance           :  8.840742E-03
   Down Solar Radiance     :  0.000000E+00
   Surface Planck Radiance :  8.984299E-03
   Radiance                :  6.084822E-03
   Brightness Temperature  :  2.158011E+02

     Channel 9 results
 RTSolution OBJECT
   Surface Emissivity      :  9.784673E-01
   Up Radiance             :  6.223460E-03
   Down Radiance           :  8.738996E-03
   Down Solar Radiance     :  0.000000E+00
   Surface Planck Radiance :  9.572053E-03
   Radiance                :  6.223460E-03
   Brightness Temperature  :  2.072332E+02

     Channel 10 results
 RTSolution OBJECT
   Surface Emissivity      :  9.784673E-01
   Up Radiance             :  6.440235E-03
   Down Radiance           :  8.739096E-03
   Down Solar Radiance     :  0.000000E+00
   Surface Planck Radiance :  9.572163E-03
   Radiance                :  6.440235E-03
   Brightness Temperature  :  2.144014E+02

     Channel 11 results
 RTSolution OBJECT
   Surface Emissivity      :  9.784673E-01
   Up Radiance             :  6.754145E-03
   Down Radiance           :  8.739250E-03
   Down Solar Radiance     :  0.000000E+00
   Surface Planck Radiance :  9.572333E-03
   Radiance                :  6.754145E-03
   Brightness Temperature  :  2.247811E+02

     Channel 12 results
 RTSolution OBJECT
   Surface Emissivity      :  9.784673E-01
   Up Radiance             :  6.998225E-03
   Down Radiance           :  8.739244E-03
   Down Solar Radiance     :  0.000000E+00
   Surface Planck Radiance :  9.572327E-03
   Radiance                :  6.998225E-03
   Brightness Temperature  :  2.328548E+02

     Channel 13 results
 RTSolution OBJECT
   Surface Emissivity      :  9.784673E-01
   Up Radiance             :  7.240858E-03
   Down Radiance           :  8.739239E-03
   Down Solar Radiance     :  0.000000E+00
   Surface Planck Radiance :  9.572324E-03
   Radiance                :  7.240858E-03
   Brightness Temperature  :  2.408806E+02

     Channel 14 results
 RTSolution OBJECT
   Surface Emissivity      :  9.784673E-01
   Up Radiance             :  7.599106E-03
   Down Radiance           :  8.739239E-03
   Down Solar Radiance     :  0.000000E+00
   Surface Planck Radiance :  9.572326E-03
   Radiance                :  7.599106E-03
   Brightness Temperature  :  2.527306E+02

     Channel 15 results
 RTSolution OBJECT
   Surface Emissivity      :  9.500000E-01
   Up Radiance             :  2.024244E-02
   Down Radiance           :  2.130733E-02
   Down Solar Radiance     :  0.000000E+00
   Surface Planck Radiance :  2.304668E-02
   Radiance                :  2.024244E-02
   Brightness Temperature  :  2.795655E+02


       Profile 2 output for amsua_metop-a

     Channel 1 results
 RTSolution OBJECT
   Surface Emissivity      :  6.351537E-01
   Up Radiance             :  0.000000E+00
   Down Radiance           :  0.000000E+00
   Down Solar Radiance     :  0.000000E+00
   Surface Planck Radiance :  0.000000E+00
   Radiance                :  1.200614E-03
   Brightness Temperature  :  2.306718E+02

     Channel 2 results
 RTSolution OBJECT
   Surface Emissivity      :  6.603468E-01
   Up Radiance             :  0.000000E+00
   Down Radiance           :  0.000000E+00
   Down Solar Radiance     :  0.000000E+00
   Surface Planck Radiance :  0.000000E+00
   Radiance                :  2.055427E-03
   Brightness Temperature  :  2.270755E+02

     Channel 3 results
 RTSolution OBJECT
   Surface Emissivity      :  7.081375E-01
   Up Radiance             :  0.000000E+00
   Down Radiance           :  0.000000E+00
   Down Solar Radiance     :  0.000000E+00
   Surface Planck Radiance :  0.000000E+00
   Radiance                :  5.396365E-03
   Brightness Temperature  :  2.327687E+02

     Channel 4 results
 RTSolution OBJECT
   Surface Emissivity      :  7.133050E-01
   Up Radiance             :  0.000000E+00
   Down Radiance           :  0.000000E+00
   Down Solar Radiance     :  0.000000E+00
   Surface Planck Radiance :  0.000000E+00
   Radiance                :  6.069227E-03
   Brightness Temperature  :  2.376238E+02

     Channel 5 results
 RTSolution OBJECT
   Surface Emissivity      :  6.699447E-01
   Up Radiance             :  0.000000E+00
   Down Radiance           :  0.000000E+00
   Down Solar Radiance     :  0.000000E+00
   Surface Planck Radiance :  0.000000E+00
   Radiance                :  6.270669E-03
   Brightness Temperature  :  2.382854E+02

     Channel 6 results
 RTSolution OBJECT
   Surface Emissivity      :  6.715325E-01
   Up Radiance             :  0.000000E+00
   Down Radiance           :  0.000000E+00
   Down Solar Radiance     :  0.000000E+00
   Surface Planck Radiance :  0.000000E+00
   Radiance                :  6.403471E-03
   Brightness Temperature  :  2.362190E+02

     Channel 7 results
 RTSolution OBJECT
   Surface Emissivity      :  7.175660E-01
   Up Radiance             :  0.000000E+00
   Down Radiance           :  0.000000E+00
   Down Solar Radiance     :  0.000000E+00
   Surface Planck Radiance :  0.000000E+00
   Radiance                :  6.500524E-03
   Brightness Temperature  :  2.351329E+02

     Channel 8 results
 RTSolution OBJECT
   Surface Emissivity      :  6.736721E-01
   Up Radiance             :  0.000000E+00
   Down Radiance           :  0.000000E+00
   Down Solar Radiance     :  0.000000E+00
   Surface Planck Radiance :  0.000000E+00
   Radiance                :  6.637326E-03
   Brightness Temperature  :  2.352755E+02

     Channel 9 results
 RTSolution OBJECT
   Surface Emissivity      :  6.770863E-01
   Up Radiance             :  0.000000E+00
   Down Radiance           :  0.000000E+00
   Down Solar Radiance     :  0.000000E+00
   Surface Planck Radiance :  0.000000E+00
   Radiance                :  7.105493E-03
   Brightness Temperature  :  2.364097E+02

     Channel 10 results
 RTSolution OBJECT
   Surface Emissivity      :  6.770863E-01
   Up Radiance             :  0.000000E+00
   Down Radiance           :  0.000000E+00
   Down Solar Radiance     :  0.000000E+00
   Surface Planck Radiance :  0.000000E+00
   Radiance                :  7.101653E-03
   Brightness Temperature  :  2.362800E+02

     Channel 11 results
 RTSolution OBJECT
   Surface Emissivity      :  6.770863E-01
   Up Radiance             :  0.000000E+00
   Down Radiance           :  0.000000E+00
   Down Solar Radiance     :  0.000000E+00
   Surface Planck Radiance :  0.000000E+00
   Radiance                :  7.162843E-03
   Brightness Temperature  :  2.382999E+02

     Channel 12 results
 RTSolution OBJECT
   Surface Emissivity      :  6.770863E-01
   Up Radiance             :  0.000000E+00
   Down Radiance           :  0.000000E+00
   Down Solar Radiance     :  0.000000E+00
   Surface Planck Radiance :  0.000000E+00
   Radiance                :  7.223494E-03
   Brightness Temperature  :  2.403062E+02

     Channel 13 results
 RTSolution OBJECT
   Surface Emissivity      :  6.770863E-01
   Up Radiance             :  0.000000E+00
   Down Radiance           :  0.000000E+00
   Down Solar Radiance     :  0.000000E+00
   Surface Planck Radiance :  0.000000E+00
   Radiance                :  7.221187E-03
   Brightness Temperature  :  2.402300E+02

     Channel 14 results
 RTSolution OBJECT
   Surface Emissivity      :  6.770863E-01
   Up Radiance             :  0.000000E+00
   Down Radiance           :  0.000000E+00
   Down Solar Radiance     :  0.000000E+00
   Surface Planck Radiance :  0.000000E+00
   Radiance                :  7.309672E-03
   Brightness Temperature  :  2.431568E+02

     Channel 15 results
 RTSolution OBJECT
   Surface Emissivity      :  7.625523E-01
   Up Radiance             :  0.000000E+00
   Down Radiance           :  0.000000E+00
   Down Solar Radiance     :  0.000000E+00
   Surface Planck Radiance :  0.000000E+00
   Radiance                :  1.704909E-02
   Brightness Temperature  :  2.357976E+02

     Destroying the CRTM...

     Comparing calculated results with saved ones...
 Example4_ODPS(INFORMATION) : RTSolution results are the same!
