
     **********************************************************
                           Example1_Simple

      Program to provide a (relatively) simple example of how 
      to call the CRTM Forward function.

      CRTM Version: alpha.REL-2.0
     **********************************************************


     Enter sensor id [hirs4_n18, amsua_n18, or mhs_n18]: 

     Running CRTM for amsre_aqua sensor...

     Initializing the CRTM...
 Read_SpcCoeff_Binary(INFORMATION) : FILE: ../Coefficient_Data/amsre_aqua.SpcCoeff.bin; 
 SpcCoeff RELEASE.VERSION:  7.01  N_CHANNELS=12
 Read_ODAS_Binary(INFORMATION) : FILE: ../Coefficient_Data/amsre_aqua.TauCoeff.bin; 
   ODAS RELEASE.VERSION:  7.06  N_PREDICTORS= 6  N_ABSORBERS= 3  N_CHANNELS=12  N_Alphas= 3  N_Coeffs=686
 Read_CloudCoeff_Binary(INFORMATION) : FILE: ../Coefficient_Data/CloudCoeff.bin; 
 CloudCoeff RELEASE.VERSION:  2.04  N_FREQUENCIES(MW)=  31  N_FREQUENCIES(IR)=  61  N_RADII(MW)=10  N_RADII(IR)=10  N_TEMPERATURES= 5  N_DENSITIES= 3  N_LEGENDRE_TERMS=38  N_PHASE_ELEMENTS= 1
 Read_AerosolCoeff_Binary(INFORMATION) : FILE: ../Coefficient_Data/AerosolCoeff.bin; 
 AerosolCoeff RELEASE.VERSION:  2.03  N_WAVELENGTHS=  61  N_RADII= 36  N_TYPES= 8  N_RH= 36  N_LEGENDRE_TERMS=37  N_PHASE_ELEMENTS= 1
 Read_EmisCoeff_Binary(INFORMATION) : FILE: ../Coefficient_Data/EmisCoeff.bin; 
 EmisCoeff RELEASE.VERSION:  2.01  N_ANGLES= 67  N_FREQUENCIES=  153  N_WIND_SPEEDS= 23


       Profile 1 output for amsre_aqua

     Channel 1 results
 RTSolution OBJECT
   Surface Emissivity      :  9.712347E-01
   Up Radiance             :  2.484002E-05
   Down Radiance           :  2.580852E-05
   Down Solar Radiance     :  0.000000E+00
   Surface Planck Radiance :  1.404188E-04
   Radiance                :  1.349076E-04
   Brightness Temperature  :  3.055256E+02

     Channel 2 results
 RTSolution OBJECT
   Surface Emissivity      :  9.605646E-01
   Up Radiance             :  2.484002E-05
   Down Radiance           :  2.580852E-05
   Down Solar Radiance     :  0.000000E+00
   Surface Planck Radiance :  1.404188E-04
   Radiance                :  1.339260E-04
   Brightness Temperature  :  3.033037E+02

     Channel 3 results
 RTSolution OBJECT
   Surface Emissivity      :  9.723477E-01
   Up Radiance             :  1.181702E-04
   Down Radiance           :  1.202880E-04
   Down Solar Radiance     :  0.000000E+00
   Surface Planck Radiance :  3.319506E-04
   Radiance                :  3.146976E-04
   Brightness Temperature  :  3.014854E+02

     Channel 4 results
 RTSolution OBJECT
   Surface Emissivity      :  9.641652E-01
   Up Radiance             :  1.181702E-04
   Down Radiance           :  1.202880E-04
   Down Solar Radiance     :  0.000000E+00
   Surface Planck Radiance :  3.319506E-04
   Radiance                :  3.136538E-04
   Brightness Temperature  :  3.004863E+02

     Channel 5 results
 RTSolution OBJECT
   Surface Emissivity      :  9.753971E-01
   Up Radiance             :  7.232464E-04
   Down Radiance           :  7.354102E-04
   Down Solar Radiance     :  0.000000E+00
   Surface Planck Radiance :  1.022809E-03
   Radiance                :  9.343367E-04
   Brightness Temperature  :  2.905320E+02

     Channel 6 results
 RTSolution OBJECT
   Surface Emissivity      :  9.696757E-01
   Up Radiance             :  7.232464E-04
   Down Radiance           :  7.354102E-04
   Down Solar Radiance     :  0.000000E+00
   Surface Planck Radiance :  1.022809E-03
   Radiance                :  9.339950E-04
   Brightness Temperature  :  2.904260E+02

     Channel 7 results
 RTSolution OBJECT
   Surface Emissivity      :  9.770187E-01
   Up Radiance             :  1.365926E-03
   Down Radiance           :  1.404494E-03
   Down Solar Radiance     :  0.000000E+00
   Surface Planck Radiance :  1.656167E-03
   Radiance                :  1.484146E-03
   Brightness Temperature  :  2.850296E+02

     Channel 8 results
 RTSolution OBJECT
   Surface Emissivity      :  9.719520E-01
   Up Radiance             :  1.365926E-03
   Down Radiance           :  1.404494E-03
   Down Solar Radiance     :  0.000000E+00
   Surface Planck Radiance :  1.656167E-03
   Radiance                :  1.484055E-03
   Brightness Temperature  :  2.850121E+02

     Channel 9 results
 RTSolution OBJECT
   Surface Emissivity      :  9.797018E-01
   Up Radiance             :  3.426022E-03
   Down Radiance           :  3.542435E-03
   Down Solar Radiance     :  0.000000E+00
   Surface Planck Radiance :  3.891672E-03
   Radiance                :  3.440342E-03
   Brightness Temperature  :  2.812219E+02

     Channel 10 results
 RTSolution OBJECT
   Surface Emissivity      :  9.753349E-01
   Up Radiance             :  3.426022E-03
   Down Radiance           :  3.542435E-03
   Down Solar Radiance     :  0.000000E+00
   Surface Planck Radiance :  3.891672E-03
   Radiance                :  3.440337E-03
   Brightness Temperature  :  2.812215E+02

     Channel 11 results
 RTSolution OBJECT
   Surface Emissivity      :  9.500000E-01
   Up Radiance             :  2.024214E-02
   Down Radiance           :  2.130645E-02
   Down Solar Radiance     :  0.000000E+00
   Surface Planck Radiance :  2.304734E-02
   Radiance                :  2.024214E-02
   Brightness Temperature  :  2.795534E+02

     Channel 12 results
 RTSolution OBJECT
   Surface Emissivity      :  9.500000E-01
   Up Radiance             :  2.024214E-02
   Down Radiance           :  2.130645E-02
   Down Solar Radiance     :  0.000000E+00
   Surface Planck Radiance :  2.304734E-02
   Radiance                :  2.024214E-02
   Brightness Temperature  :  2.795534E+02


       Profile 2 output for amsre_aqua

     Channel 1 results
 RTSolution OBJECT
   Surface Emissivity      :  5.487187E-01
   Up Radiance             :  0.000000E+00
   Down Radiance           :  0.000000E+00
   Down Solar Radiance     :  0.000000E+00
   Surface Planck Radiance :  0.000000E+00
   Radiance                :  1.108713E-04
   Brightness Temperature  :  2.511201E+02

     Channel 2 results
 RTSolution OBJECT
   Surface Emissivity      :  4.901184E-01
   Up Radiance             :  0.000000E+00
   Down Radiance           :  0.000000E+00
   Down Solar Radiance     :  0.000000E+00
   Surface Planck Radiance :  0.000000E+00
   Radiance                :  1.108701E-04
   Brightness Temperature  :  2.511174E+02

     Channel 3 results
 RTSolution OBJECT
   Surface Emissivity      :  5.642737E-01
   Up Radiance             :  0.000000E+00
   Down Radiance           :  0.000000E+00
   Down Solar Radiance     :  0.000000E+00
   Surface Planck Radiance :  0.000000E+00
   Radiance                :  2.562084E-04
   Brightness Temperature  :  2.454992E+02

     Channel 4 results
 RTSolution OBJECT
   Surface Emissivity      :  5.061596E-01
   Up Radiance             :  0.000000E+00
   Down Radiance           :  0.000000E+00
   Down Solar Radiance     :  0.000000E+00
   Surface Planck Radiance :  0.000000E+00
   Radiance                :  2.562084E-04
   Brightness Temperature  :  2.454992E+02

     Channel 5 results
 RTSolution OBJECT
   Surface Emissivity      :  6.181052E-01
   Up Radiance             :  0.000000E+00
   Down Radiance           :  0.000000E+00
   Down Solar Radiance     :  0.000000E+00
   Surface Planck Radiance :  0.000000E+00
   Radiance                :  7.566043E-04
   Brightness Temperature  :  2.353514E+02

     Channel 6 results
 RTSolution OBJECT
   Surface Emissivity      :  5.621407E-01
   Up Radiance             :  0.000000E+00
   Down Radiance           :  0.000000E+00
   Down Solar Radiance     :  0.000000E+00
   Surface Planck Radiance :  0.000000E+00
   Radiance                :  7.566043E-04
   Brightness Temperature  :  2.353514E+02

     Channel 7 results
 RTSolution OBJECT
   Surface Emissivity      :  6.490084E-01
   Up Radiance             :  0.000000E+00
   Down Radiance           :  0.000000E+00
   Down Solar Radiance     :  0.000000E+00
   Surface Planck Radiance :  0.000000E+00
   Radiance                :  1.200541E-03
   Brightness Temperature  :  2.306724E+02

     Channel 8 results
 RTSolution OBJECT
   Surface Emissivity      :  5.787791E-01
   Up Radiance             :  0.000000E+00
   Down Radiance           :  0.000000E+00
   Down Solar Radiance     :  0.000000E+00
   Surface Planck Radiance :  0.000000E+00
   Radiance                :  1.200541E-03
   Brightness Temperature  :  2.306724E+02

     Channel 9 results
 RTSolution OBJECT
   Surface Emissivity      :  6.894754E-01
   Up Radiance             :  0.000000E+00
   Down Radiance           :  0.000000E+00
   Down Solar Radiance     :  0.000000E+00
   Surface Planck Radiance :  0.000000E+00
   Radiance                :  2.771304E-03
   Brightness Temperature  :  2.267030E+02

     Channel 10 results
 RTSolution OBJECT
   Surface Emissivity      :  6.164541E-01
   Up Radiance             :  0.000000E+00
   Down Radiance           :  0.000000E+00
   Down Solar Radiance     :  0.000000E+00
   Surface Planck Radiance :  0.000000E+00
   Radiance                :  2.771304E-03
   Brightness Temperature  :  2.267030E+02

     Channel 11 results
 RTSolution OBJECT
   Surface Emissivity      :  7.768292E-01
   Up Radiance             :  0.000000E+00
   Down Radiance           :  0.000000E+00
   Down Solar Radiance     :  0.000000E+00
   Surface Planck Radiance :  0.000000E+00
   Radiance                :  1.704928E-02
   Brightness Temperature  :  2.357936E+02

     Channel 12 results
 RTSolution OBJECT
   Surface Emissivity      :  7.044954E-01
   Up Radiance             :  0.000000E+00
   Down Radiance           :  0.000000E+00
   Down Solar Radiance     :  0.000000E+00
   Surface Planck Radiance :  0.000000E+00
   Radiance                :  1.704928E-02
   Brightness Temperature  :  2.357936E+02

     Destroying the CRTM...

     Comparing calculated results with saved ones...
 Example1_Simple(INFORMATION) : RTSolution results are the same!
