
     **********************************************************
                           Example1_Simple

      Program to provide a (relatively) simple example of how 
      to call the CRTM Forward function.

      CRTM Version: alpha.REL-2.0
     **********************************************************


     Enter sensor id [hirs4_n18, amsua_n18, or mhs_n18]: 

     Running CRTM for hirs3_n17 sensor...

     Initializing the CRTM...
 Read_SpcCoeff_Binary(INFORMATION) : FILE: ../Coefficient_Data/hirs3_n17.SpcCoeff.bin; 
 SpcCoeff RELEASE.VERSION:  7.02  N_CHANNELS=19
 Read_ODAS_Binary(INFORMATION) : FILE: ../Coefficient_Data/hirs3_n17.TauCoeff.bin; 
   ODAS RELEASE.VERSION:  7.05  N_PREDICTORS= 6  N_ABSORBERS= 3  N_CHANNELS=19  N_Alphas= 3  N_Coeffs=2214
 Read_CloudCoeff_Binary(INFORMATION) : FILE: ../Coefficient_Data/CloudCoeff.bin; 
 CloudCoeff RELEASE.VERSION:  2.04  N_FREQUENCIES(MW)=  31  N_FREQUENCIES(IR)=  61  N_RADII(MW)=10  N_RADII(IR)=10  N_TEMPERATURES= 5  N_DENSITIES= 3  N_LEGENDRE_TERMS=38  N_PHASE_ELEMENTS= 1
 Read_AerosolCoeff_Binary(INFORMATION) : FILE: ../Coefficient_Data/AerosolCoeff.bin; 
 AerosolCoeff RELEASE.VERSION:  2.03  N_WAVELENGTHS=  61  N_RADII= 36  N_TYPES= 8  N_RH= 36  N_LEGENDRE_TERMS=37  N_PHASE_ELEMENTS= 1
 Read_EmisCoeff_Binary(INFORMATION) : FILE: ../Coefficient_Data/EmisCoeff.bin; 
 EmisCoeff RELEASE.VERSION:  2.01  N_ANGLES= 67  N_FREQUENCIES=  153  N_WIND_SPEEDS= 23


       Profile 1 output for hirs3_n17

     Channel 1 results
 RTSolution OBJECT
   Surface Emissivity      :  9.315303E-01
   Up Radiance             :  0.000000E+00
   Down Radiance           :  0.000000E+00
   Down Solar Radiance     :  0.000000E+00
   Surface Planck Radiance :  0.000000E+00
   Radiance                :  5.759886E+01
   Brightness Temperature  :  2.323917E+02

     Channel 2 results
 RTSolution OBJECT
   Surface Emissivity      :  9.388637E-01
   Up Radiance             :  0.000000E+00
   Down Radiance           :  0.000000E+00
   Down Solar Radiance     :  0.000000E+00
   Surface Planck Radiance :  0.000000E+00
   Radiance                :  4.400479E+01
   Brightness Temperature  :  2.195902E+02

     Channel 3 results
 RTSolution OBJECT
   Surface Emissivity      :  9.461530E-01
   Up Radiance             :  0.000000E+00
   Down Radiance           :  0.000000E+00
   Down Solar Radiance     :  0.000000E+00
   Surface Planck Radiance :  0.000000E+00
   Radiance                :  4.184591E+01
   Brightness Temperature  :  2.184176E+02

     Channel 4 results
 RTSolution OBJECT
   Surface Emissivity      :  9.531231E-01
   Up Radiance             :  0.000000E+00
   Down Radiance           :  0.000000E+00
   Down Solar Radiance     :  0.000000E+00
   Surface Planck Radiance :  0.000000E+00
   Radiance                :  4.956790E+01
   Brightness Temperature  :  2.279604E+02

     Channel 5 results
 RTSolution OBJECT
   Surface Emissivity      :  9.597068E-01
   Up Radiance             :  0.000000E+00
   Down Radiance           :  0.000000E+00
   Down Solar Radiance     :  0.000000E+00
   Surface Planck Radiance :  0.000000E+00
   Radiance                :  6.479268E+01
   Brightness Temperature  :  2.437209E+02

     Channel 6 results
 RTSolution OBJECT
   Surface Emissivity      :  9.566350E-01
   Up Radiance             :  0.000000E+00
   Down Radiance           :  0.000000E+00
   Down Solar Radiance     :  0.000000E+00
   Surface Planck Radiance :  0.000000E+00
   Radiance                :  7.726146E+01
   Brightness Temperature  :  2.557129E+02

     Channel 7 results
 RTSolution OBJECT
   Surface Emissivity      :  9.536738E-01
   Up Radiance             :  0.000000E+00
   Down Radiance           :  0.000000E+00
   Down Solar Radiance     :  0.000000E+00
   Surface Planck Radiance :  0.000000E+00
   Radiance                :  8.717008E+01
   Brightness Temperature  :  2.648525E+02

     Channel 8 results
 RTSolution OBJECT
   Surface Emissivity      :  9.488830E-01
   Up Radiance             :  0.000000E+00
   Down Radiance           :  0.000000E+00
   Down Solar Radiance     :  0.000000E+00
   Surface Planck Radiance :  0.000000E+00
   Radiance                :  8.594263E+01
   Brightness Temperature  :  2.799557E+02

     Channel 9 results
 RTSolution OBJECT
   Surface Emissivity      :  9.628393E-01
   Up Radiance             :  0.000000E+00
   Down Radiance           :  0.000000E+00
   Down Solar Radiance     :  0.000000E+00
   Surface Planck Radiance :  0.000000E+00
   Radiance                :  4.672061E+01
   Brightness Temperature  :  2.629703E+02

     Channel 10 results
 RTSolution OBJECT
   Surface Emissivity      :  9.447596E-01
   Up Radiance             :  0.000000E+00
   Down Radiance           :  0.000000E+00
   Down Solar Radiance     :  0.000000E+00
   Surface Planck Radiance :  0.000000E+00
   Radiance                :  9.751018E+01
   Brightness Temperature  :  2.774001E+02

     Channel 11 results
 RTSolution OBJECT
   Surface Emissivity      :  9.432449E-01
   Up Radiance             :  0.000000E+00
   Down Radiance           :  0.000000E+00
   Down Solar Radiance     :  0.000000E+00
   Surface Planck Radiance :  0.000000E+00
   Radiance                :  1.618485E+01
   Brightness Temperature  :  2.606453E+02

     Channel 12 results
 RTSolution OBJECT
   Surface Emissivity      :  9.581886E-01
   Up Radiance             :  0.000000E+00
   Down Radiance           :  0.000000E+00
   Down Solar Radiance     :  0.000000E+00
   Surface Planck Radiance :  0.000000E+00
   Radiance                :  5.786360E+00
   Brightness Temperature  :  2.469025E+02

     Channel 13 results
 RTSolution OBJECT
   Surface Emissivity      :  8.530130E-01
   Up Radiance             :  0.000000E+00
   Down Radiance           :  0.000000E+00
   Down Solar Radiance     :  0.000000E+00
   Surface Planck Radiance :  0.000000E+00
   Radiance                :  1.203241E+00
   Brightness Temperature  :  2.723462E+02

     Channel 14 results
 RTSolution OBJECT
   Surface Emissivity      :  8.509111E-01
   Up Radiance             :  0.000000E+00
   Down Radiance           :  0.000000E+00
   Down Solar Radiance     :  0.000000E+00
   Surface Planck Radiance :  0.000000E+00
   Radiance                :  6.774731E-01
   Brightness Temperature  :  2.617077E+02

     Channel 15 results
 RTSolution OBJECT
   Surface Emissivity      :  8.521800E-01
   Up Radiance             :  0.000000E+00
   Down Radiance           :  0.000000E+00
   Down Solar Radiance     :  0.000000E+00
   Surface Planck Radiance :  0.000000E+00
   Radiance                :  4.252887E-01
   Brightness Temperature  :  2.539624E+02

     Channel 16 results
 RTSolution OBJECT
   Surface Emissivity      :  8.536570E-01
   Up Radiance             :  0.000000E+00
   Down Radiance           :  0.000000E+00
   Down Solar Radiance     :  0.000000E+00
   Surface Planck Radiance :  0.000000E+00
   Radiance                :  3.188950E-01
   Brightness Temperature  :  2.489408E+02

     Channel 17 results
 RTSolution OBJECT
   Surface Emissivity      :  8.862569E-01
   Up Radiance             :  0.000000E+00
   Down Radiance           :  0.000000E+00
   Down Solar Radiance     :  0.000000E+00
   Surface Planck Radiance :  0.000000E+00
   Radiance                :  5.749362E-01
   Brightness Temperature  :  2.762717E+02

     Channel 18 results
 RTSolution OBJECT
   Surface Emissivity      :  9.021290E-01
   Up Radiance             :  0.000000E+00
   Down Radiance           :  0.000000E+00
   Down Solar Radiance     :  0.000000E+00
   Surface Planck Radiance :  0.000000E+00
   Radiance                :  4.373893E-01
   Brightness Temperature  :  2.791233E+02

     Channel 19 results
 RTSolution OBJECT
   Surface Emissivity      :  9.166041E-01
   Up Radiance             :  0.000000E+00
   Down Radiance           :  0.000000E+00
   Down Solar Radiance     :  0.000000E+00
   Surface Planck Radiance :  0.000000E+00
   Radiance                :  2.511274E-01
   Brightness Temperature  :  2.789240E+02


       Profile 2 output for hirs3_n17

     Channel 1 results
 RTSolution OBJECT
   Surface Emissivity      :  9.604636E-01
   Up Radiance             :  0.000000E+00
   Down Radiance           :  0.000000E+00
   Down Solar Radiance     :  0.000000E+00
   Surface Planck Radiance :  0.000000E+00
   Radiance                :  6.521996E+01
   Brightness Temperature  :  2.394549E+02

     Channel 2 results
 RTSolution OBJECT
   Surface Emissivity      :  9.619062E-01
   Up Radiance             :  0.000000E+00
   Down Radiance           :  0.000000E+00
   Down Solar Radiance     :  0.000000E+00
   Surface Planck Radiance :  0.000000E+00
   Radiance                :  6.196268E+01
   Brightness Temperature  :  2.375870E+02

     Channel 3 results
 RTSolution OBJECT
   Surface Emissivity      :  9.634152E-01
   Up Radiance             :  0.000000E+00
   Down Radiance           :  0.000000E+00
   Down Solar Radiance     :  0.000000E+00
   Surface Planck Radiance :  0.000000E+00
   Radiance                :  6.007236E+01
   Brightness Temperature  :  2.369926E+02

     Channel 4 results
 RTSolution OBJECT
   Surface Emissivity      :  9.650102E-01
   Up Radiance             :  0.000000E+00
   Down Radiance           :  0.000000E+00
   Down Solar Radiance     :  0.000000E+00
   Surface Planck Radiance :  0.000000E+00
   Radiance                :  5.799238E+01
   Brightness Temperature  :  2.362130E+02

     Channel 5 results
 RTSolution OBJECT
   Surface Emissivity      :  9.668926E-01
   Up Radiance             :  0.000000E+00
   Down Radiance           :  0.000000E+00
   Down Solar Radiance     :  0.000000E+00
   Surface Planck Radiance :  0.000000E+00
   Radiance                :  5.871548E+01
   Brightness Temperature  :  2.382448E+02

     Channel 6 results
 RTSolution OBJECT
   Surface Emissivity      :  9.694067E-01
   Up Radiance             :  0.000000E+00
   Down Radiance           :  0.000000E+00
   Down Solar Radiance     :  0.000000E+00
   Surface Planck Radiance :  0.000000E+00
   Radiance                :  5.979159E+01
   Brightness Temperature  :  2.409302E+02

     Channel 7 results
 RTSolution OBJECT
   Surface Emissivity      :  9.721756E-01
   Up Radiance             :  0.000000E+00
   Down Radiance           :  0.000000E+00
   Down Solar Radiance     :  0.000000E+00
   Surface Planck Radiance :  0.000000E+00
   Radiance                :  6.127019E+01
   Brightness Temperature  :  2.439902E+02

     Channel 8 results
 RTSolution OBJECT
   Surface Emissivity      :  9.886921E-01
   Up Radiance             :  0.000000E+00
   Down Radiance           :  0.000000E+00
   Down Solar Radiance     :  0.000000E+00
   Surface Planck Radiance :  0.000000E+00
   Radiance                :  4.802216E+01
   Brightness Temperature  :  2.488607E+02

     Channel 9 results
 RTSolution OBJECT
   Surface Emissivity      :  9.686697E-01
   Up Radiance             :  0.000000E+00
   Down Radiance           :  0.000000E+00
   Down Solar Radiance     :  0.000000E+00
   Surface Planck Radiance :  0.000000E+00
   Radiance                :  2.885533E+01
   Brightness Temperature  :  2.422912E+02

     Channel 10 results
 RTSolution OBJECT
   Surface Emissivity      :  9.809272E-01
   Up Radiance             :  0.000000E+00
   Down Radiance           :  0.000000E+00
   Down Solar Radiance     :  0.000000E+00
   Surface Planck Radiance :  0.000000E+00
   Radiance                :  5.962091E+01
   Brightness Temperature  :  2.483719E+02

     Channel 11 results
 RTSolution OBJECT
   Surface Emissivity      :  9.598624E-01
   Up Radiance             :  0.000000E+00
   Down Radiance           :  0.000000E+00
   Down Solar Radiance     :  0.000000E+00
   Surface Planck Radiance :  0.000000E+00
   Radiance                :  9.563114E+00
   Brightness Temperature  :  2.436361E+02

     Channel 12 results
 RTSolution OBJECT
   Surface Emissivity      :  9.575077E-01
   Up Radiance             :  0.000000E+00
   Down Radiance           :  0.000000E+00
   Down Solar Radiance     :  0.000000E+00
   Surface Planck Radiance :  0.000000E+00
   Radiance                :  3.658012E+00
   Brightness Temperature  :  2.348017E+02

     Channel 13 results
 RTSolution OBJECT
   Surface Emissivity      :  9.494670E-01
   Up Radiance             :  0.000000E+00
   Down Radiance           :  0.000000E+00
   Down Solar Radiance     :  0.000000E+00
   Surface Planck Radiance :  0.000000E+00
   Radiance                :  3.359114E-01
   Brightness Temperature  :  2.452420E+02

     Channel 14 results
 RTSolution OBJECT
   Surface Emissivity      :  9.467548E-01
   Up Radiance             :  0.000000E+00
   Down Radiance           :  0.000000E+00
   Down Solar Radiance     :  0.000000E+00
   Surface Planck Radiance :  0.000000E+00
   Radiance                :  2.356560E-01
   Brightness Temperature  :  2.407870E+02

     Channel 15 results
 RTSolution OBJECT
   Surface Emissivity      :  9.428202E-01
   Up Radiance             :  0.000000E+00
   Down Radiance           :  0.000000E+00
   Down Solar Radiance     :  0.000000E+00
   Surface Planck Radiance :  0.000000E+00
   Radiance                :  1.895020E-01
   Brightness Temperature  :  2.387074E+02

     Channel 16 results
 RTSolution OBJECT
   Surface Emissivity      :  9.409508E-01
   Up Radiance             :  0.000000E+00
   Down Radiance           :  0.000000E+00
   Down Solar Radiance     :  0.000000E+00
   Surface Planck Radiance :  0.000000E+00
   Radiance                :  1.725148E-01
   Brightness Temperature  :  2.376628E+02

     Channel 17 results
 RTSolution OBJECT
   Surface Emissivity      :  8.992305E-01
   Up Radiance             :  0.000000E+00
   Down Radiance           :  0.000000E+00
   Down Solar Radiance     :  0.000000E+00
   Surface Planck Radiance :  0.000000E+00
   Radiance                :  1.270219E-01
   Brightness Temperature  :  2.466754E+02

     Channel 18 results
 RTSolution OBJECT
   Surface Emissivity      :  8.798276E-01
   Up Radiance             :  0.000000E+00
   Down Radiance           :  0.000000E+00
   Down Solar Radiance     :  0.000000E+00
   Surface Planck Radiance :  0.000000E+00
   Radiance                :  8.840011E-02
   Brightness Temperature  :  2.485129E+02

     Channel 19 results
 RTSolution OBJECT
   Surface Emissivity      :  8.682063E-01
   Up Radiance             :  0.000000E+00
   Down Radiance           :  0.000000E+00
   Down Solar Radiance     :  0.000000E+00
   Surface Planck Radiance :  0.000000E+00
   Radiance                :  4.780844E-02
   Brightness Temperature  :  2.487644E+02

     Destroying the CRTM...

     Comparing calculated results with saved ones...
 Example1_Simple(INFORMATION) : RTSolution results are the same!
