
     **********************************************************
                           Example_Forward

      Program to provide an example of CRTM Forward function 
      usage.

      CRTM Version: alpha.REL-2.0
     **********************************************************


     Enter sensor id [hirs4_n18, amsua_n18, or mhs_n18]: 

     Running CRTM for hirs4_n18 sensor...

     Initializing the CRTM...
 Read_SpcCoeff_Binary(INFORMATION) : FILE: ../Coefficient_Data/hirs4_n18.SpcCoeff.bin; 
 SpcCoeff RELEASE.VERSION:  7.02  N_CHANNELS=19
 Read_ODAS_Binary(INFORMATION) : FILE: ../Coefficient_Data/hirs4_n18.TauCoeff.bin; 
   ODAS RELEASE.VERSION:  6.04  N_PREDICTORS= 6  N_ABSORBERS= 3  N_CHANNELS=19  N_Alphas= 3  N_Coeffs=2182
 Read_CloudCoeff_Binary(INFORMATION) : FILE: ../Coefficient_Data/CloudCoeff.bin; 
 CloudCoeff RELEASE.VERSION:  2.04  N_FREQUENCIES(MW)=  31  N_FREQUENCIES(IR)=  61  N_RADII(MW)=10  N_RADII(IR)=10  N_TEMPERATURES= 5  N_DENSITIES= 3  N_LEGENDRE_TERMS=38  N_PHASE_ELEMENTS= 1
 Read_AerosolCoeff_Binary(INFORMATION) : FILE: ../Coefficient_Data/AerosolCoeff.bin; 
 AerosolCoeff RELEASE.VERSION:  2.03  N_WAVELENGTHS=  61  N_RADII= 36  N_TYPES= 8  N_RH= 36  N_LEGENDRE_TERMS=37  N_PHASE_ELEMENTS= 1
 Read_EmisCoeff_Binary(INFORMATION) : FILE: ../Coefficient_Data/EmisCoeff.bin; 
 EmisCoeff RELEASE.VERSION:  2.01  N_ANGLES= 67  N_FREQUENCIES=  153  N_WIND_SPEEDS= 23


       Profile 1 output for hirs4_n18

     Channel 1 results
 RTSolution OBJECT
   n_Layers : 0
   Surface Emissivity      :  9.310223E-01
   Up Radiance             :  0.000000E+00
   Down Radiance           :  0.000000E+00
   Down Solar Radiance     :  0.000000E+00
   Surface Planck Radiance :  0.000000E+00
   Radiance                :  6.111309E+01
   Brightness Temperature  :  2.356325E+02

     Channel 2 results
 RTSolution OBJECT
   n_Layers : 0
   Surface Emissivity      :  9.394316E-01
   Up Radiance             :  0.000000E+00
   Down Radiance           :  0.000000E+00
   Down Solar Radiance     :  0.000000E+00
   Surface Planck Radiance :  0.000000E+00
   Radiance                :  4.373944E+01
   Brightness Temperature  :  2.193911E+02

     Channel 3 results
 RTSolution OBJECT
   n_Layers : 0
   Surface Emissivity      :  9.450154E-01
   Up Radiance             :  0.000000E+00
   Down Radiance           :  0.000000E+00
   Down Solar Radiance     :  0.000000E+00
   Surface Planck Radiance :  0.000000E+00
   Radiance                :  4.186336E+01
   Brightness Temperature  :  2.182385E+02

     Channel 4 results
 RTSolution OBJECT
   n_Layers : 0
   Surface Emissivity      :  9.537497E-01
   Up Radiance             :  0.000000E+00
   Down Radiance           :  0.000000E+00
   Down Solar Radiance     :  0.000000E+00
   Surface Planck Radiance :  0.000000E+00
   Radiance                :  5.104455E+01
   Brightness Temperature  :  2.295711E+02

     Channel 5 results
 RTSolution OBJECT
   n_Layers : 0
   Surface Emissivity      :  9.599892E-01
   Up Radiance             :  0.000000E+00
   Down Radiance           :  0.000000E+00
   Down Solar Radiance     :  0.000000E+00
   Surface Planck Radiance :  0.000000E+00
   Radiance                :  6.260996E+01
   Brightness Temperature  :  2.416387E+02

     Channel 6 results
 RTSolution OBJECT
   n_Layers : 0
   Surface Emissivity      :  9.566981E-01
   Up Radiance             :  0.000000E+00
   Down Radiance           :  0.000000E+00
   Down Solar Radiance     :  0.000000E+00
   Surface Planck Radiance :  0.000000E+00
   Radiance                :  7.766020E+01
   Brightness Temperature  :  2.559936E+02

     Channel 7 results
 RTSolution OBJECT
   n_Layers : 0
   Surface Emissivity      :  9.533092E-01
   Up Radiance             :  0.000000E+00
   Down Radiance           :  0.000000E+00
   Down Solar Radiance     :  0.000000E+00
   Surface Planck Radiance :  0.000000E+00
   Radiance                :  8.950906E+01
   Brightness Temperature  :  2.667562E+02

     Channel 8 results
 RTSolution OBJECT
   n_Layers : 0
   Surface Emissivity      :  9.489453E-01
   Up Radiance             :  0.000000E+00
   Down Radiance           :  0.000000E+00
   Down Solar Radiance     :  0.000000E+00
   Surface Planck Radiance :  0.000000E+00
   Radiance                :  8.587932E+01
   Brightness Temperature  :  2.799679E+02

     Channel 9 results
 RTSolution OBJECT
   n_Layers : 0
   Surface Emissivity      :  9.628286E-01
   Up Radiance             :  0.000000E+00
   Down Radiance           :  0.000000E+00
   Down Solar Radiance     :  0.000000E+00
   Surface Planck Radiance :  0.000000E+00
   Radiance                :  4.701056E+01
   Brightness Temperature  :  2.632443E+02

     Channel 10 results
 RTSolution OBJECT
   n_Layers : 0
   Surface Emissivity      :  9.448867E-01
   Up Radiance             :  0.000000E+00
   Down Radiance           :  0.000000E+00
   Down Solar Radiance     :  0.000000E+00
   Surface Planck Radiance :  0.000000E+00
   Radiance                :  9.746208E+01
   Brightness Temperature  :  2.772859E+02

     Channel 11 results
 RTSolution OBJECT
   n_Layers : 0
   Surface Emissivity      :  9.432777E-01
   Up Radiance             :  0.000000E+00
   Down Radiance           :  0.000000E+00
   Down Solar Radiance     :  0.000000E+00
   Surface Planck Radiance :  0.000000E+00
   Radiance                :  1.633762E+01
   Brightness Temperature  :  2.609000E+02

     Channel 12 results
 RTSolution OBJECT
   n_Layers : 0
   Surface Emissivity      :  9.589318E-01
   Up Radiance             :  0.000000E+00
   Down Radiance           :  0.000000E+00
   Down Solar Radiance     :  0.000000E+00
   Surface Planck Radiance :  0.000000E+00
   Radiance                :  5.641231E+00
   Brightness Temperature  :  2.466649E+02

     Channel 13 results
 RTSolution OBJECT
   n_Layers : 0
   Surface Emissivity      :  8.527139E-01
   Up Radiance             :  0.000000E+00
   Down Radiance           :  0.000000E+00
   Down Solar Radiance     :  0.000000E+00
   Surface Planck Radiance :  0.000000E+00
   Radiance                :  1.097520E+00
   Brightness Temperature  :  2.705268E+02

     Channel 14 results
 RTSolution OBJECT
   n_Layers : 0
   Surface Emissivity      :  8.511227E-01
   Up Radiance             :  0.000000E+00
   Down Radiance           :  0.000000E+00
   Down Solar Radiance     :  0.000000E+00
   Surface Planck Radiance :  0.000000E+00
   Radiance                :  6.965823E-01
   Brightness Temperature  :  2.620776E+02

     Channel 15 results
 RTSolution OBJECT
   n_Layers : 0
   Surface Emissivity      :  8.532462E-01
   Up Radiance             :  0.000000E+00
   Down Radiance           :  0.000000E+00
   Down Solar Radiance     :  0.000000E+00
   Surface Planck Radiance :  0.000000E+00
   Radiance                :  3.342255E-01
   Brightness Temperature  :  2.496713E+02

     Channel 16 results
 RTSolution OBJECT
   n_Layers : 0
   Surface Emissivity      :  8.548938E-01
   Up Radiance             :  0.000000E+00
   Down Radiance           :  0.000000E+00
   Down Solar Radiance     :  0.000000E+00
   Surface Planck Radiance :  0.000000E+00
   Radiance                :  2.466203E-01
   Brightness Temperature  :  2.446220E+02

     Channel 17 results
 RTSolution OBJECT
   n_Layers : 0
   Surface Emissivity      :  8.866349E-01
   Up Radiance             :  0.000000E+00
   Down Radiance           :  0.000000E+00
   Down Solar Radiance     :  0.000000E+00
   Surface Planck Radiance :  0.000000E+00
   Radiance                :  5.781421E-01
   Brightness Temperature  :  2.765884E+02

     Channel 18 results
 RTSolution OBJECT
   n_Layers : 0
   Surface Emissivity      :  9.017166E-01
   Up Radiance             :  0.000000E+00
   Down Radiance           :  0.000000E+00
   Down Solar Radiance     :  0.000000E+00
   Surface Planck Radiance :  0.000000E+00
   Radiance                :  4.446639E-01
   Brightness Temperature  :  2.791610E+02

     Channel 19 results
 RTSolution OBJECT
   n_Layers : 0
   Surface Emissivity      :  9.174483E-01
   Up Radiance             :  0.000000E+00
   Down Radiance           :  0.000000E+00
   Down Solar Radiance     :  0.000000E+00
   Surface Planck Radiance :  0.000000E+00
   Radiance                :  2.420757E-01
   Brightness Temperature  :  2.788966E+02


       Profile 2 output for hirs4_n18

     Channel 1 results
 RTSolution OBJECT
   n_Layers : 0
   Surface Emissivity      :  9.603633E-01
   Up Radiance             :  0.000000E+00
   Down Radiance           :  0.000000E+00
   Down Solar Radiance     :  0.000000E+00
   Surface Planck Radiance :  0.000000E+00
   Radiance                :  6.505919E+01
   Brightness Temperature  :  2.392376E+02

     Channel 2 results
 RTSolution OBJECT
   n_Layers : 0
   Surface Emissivity      :  9.620248E-01
   Up Radiance             :  0.000000E+00
   Down Radiance           :  0.000000E+00
   Down Solar Radiance     :  0.000000E+00
   Surface Planck Radiance :  0.000000E+00
   Radiance                :  6.174358E+01
   Brightness Temperature  :  2.374731E+02

     Channel 3 results
 RTSolution OBJECT
   n_Layers : 0
   Surface Emissivity      :  9.631669E-01
   Up Radiance             :  0.000000E+00
   Down Radiance           :  0.000000E+00
   Down Solar Radiance     :  0.000000E+00
   Surface Planck Radiance :  0.000000E+00
   Radiance                :  6.036930E+01
   Brightness Temperature  :  2.370839E+02

     Channel 4 results
 RTSolution OBJECT
   n_Layers : 0
   Surface Emissivity      :  9.651609E-01
   Up Radiance             :  0.000000E+00
   Down Radiance           :  0.000000E+00
   Down Solar Radiance     :  0.000000E+00
   Surface Planck Radiance :  0.000000E+00
   Radiance                :  5.785507E+01
   Brightness Temperature  :  2.361912E+02

     Channel 5 results
 RTSolution OBJECT
   n_Layers : 0
   Surface Emissivity      :  9.666974E-01
   Up Radiance             :  0.000000E+00
   Down Radiance           :  0.000000E+00
   Down Solar Radiance     :  0.000000E+00
   Surface Planck Radiance :  0.000000E+00
   Radiance                :  5.834983E+01
   Brightness Temperature  :  2.377535E+02

     Channel 6 results
 RTSolution OBJECT
   n_Layers : 0
   Surface Emissivity      :  9.693709E-01
   Up Radiance             :  0.000000E+00
   Down Radiance           :  0.000000E+00
   Down Solar Radiance     :  0.000000E+00
   Surface Planck Radiance :  0.000000E+00
   Radiance                :  5.987406E+01
   Brightness Temperature  :  2.409689E+02

     Channel 7 results
 RTSolution OBJECT
   n_Layers : 0
   Surface Emissivity      :  9.725188E-01
   Up Radiance             :  0.000000E+00
   Down Radiance           :  0.000000E+00
   Down Solar Radiance     :  0.000000E+00
   Surface Planck Radiance :  0.000000E+00
   Radiance                :  6.171738E+01
   Brightness Temperature  :  2.446069E+02

     Channel 8 results
 RTSolution OBJECT
   n_Layers : 0
   Surface Emissivity      :  9.886716E-01
   Up Radiance             :  0.000000E+00
   Down Radiance           :  0.000000E+00
   Down Solar Radiance     :  0.000000E+00
   Surface Planck Radiance :  0.000000E+00
   Radiance                :  4.795954E+01
   Brightness Temperature  :  2.488615E+02

     Channel 9 results
 RTSolution OBJECT
   n_Layers : 0
   Surface Emissivity      :  9.686851E-01
   Up Radiance             :  0.000000E+00
   Down Radiance           :  0.000000E+00
   Down Solar Radiance     :  0.000000E+00
   Surface Planck Radiance :  0.000000E+00
   Radiance                :  2.889750E+01
   Brightness Temperature  :  2.423344E+02

     Channel 10 results
 RTSolution OBJECT
   n_Layers : 0
   Surface Emissivity      :  9.807942E-01
   Up Radiance             :  0.000000E+00
   Down Radiance           :  0.000000E+00
   Down Solar Radiance     :  0.000000E+00
   Surface Planck Radiance :  0.000000E+00
   Radiance                :  5.970030E+01
   Brightness Temperature  :  2.483516E+02

     Channel 11 results
 RTSolution OBJECT
   n_Layers : 0
   Surface Emissivity      :  9.598630E-01
   Up Radiance             :  0.000000E+00
   Down Radiance           :  0.000000E+00
   Down Solar Radiance     :  0.000000E+00
   Surface Planck Radiance :  0.000000E+00
   Radiance                :  9.625077E+00
   Brightness Temperature  :  2.437627E+02

     Channel 12 results
 RTSolution OBJECT
   n_Layers : 0
   Surface Emissivity      :  9.574044E-01
   Up Radiance             :  0.000000E+00
   Down Radiance           :  0.000000E+00
   Down Solar Radiance     :  0.000000E+00
   Surface Planck Radiance :  0.000000E+00
   Radiance                :  3.588067E+00
   Brightness Temperature  :  2.347716E+02

     Channel 13 results
 RTSolution OBJECT
   n_Layers : 0
   Surface Emissivity      :  9.490768E-01
   Up Radiance             :  0.000000E+00
   Down Radiance           :  0.000000E+00
   Down Solar Radiance     :  0.000000E+00
   Surface Planck Radiance :  0.000000E+00
   Radiance                :  3.167886E-01
   Brightness Temperature  :  2.444375E+02

     Channel 14 results
 RTSolution OBJECT
   n_Layers : 0
   Surface Emissivity      :  9.470253E-01
   Up Radiance             :  0.000000E+00
   Down Radiance           :  0.000000E+00
   Down Solar Radiance     :  0.000000E+00
   Surface Planck Radiance :  0.000000E+00
   Radiance                :  2.402128E-01
   Brightness Temperature  :  2.409192E+02

     Channel 15 results
 RTSolution OBJECT
   n_Layers : 0
   Surface Emissivity      :  9.414684E-01
   Up Radiance             :  0.000000E+00
   Down Radiance           :  0.000000E+00
   Down Solar Radiance     :  0.000000E+00
   Surface Planck Radiance :  0.000000E+00
   Radiance                :  1.749333E-01
   Brightness Temperature  :  2.377375E+02

     Channel 16 results
 RTSolution OBJECT
   n_Layers : 0
   Surface Emissivity      :  9.393828E-01
   Up Radiance             :  0.000000E+00
   Down Radiance           :  0.000000E+00
   Down Solar Radiance     :  0.000000E+00
   Surface Planck Radiance :  0.000000E+00
   Radiance                :  1.611112E-01
   Brightness Temperature  :  2.369855E+02

     Channel 17 results
 RTSolution OBJECT
   n_Layers : 0
   Surface Emissivity      :  8.987428E-01
   Up Radiance             :  0.000000E+00
   Down Radiance           :  0.000000E+00
   Down Solar Radiance     :  0.000000E+00
   Surface Planck Radiance :  0.000000E+00
   Radiance                :  1.268876E-01
   Brightness Temperature  :  2.468367E+02

     Channel 18 results
 RTSolution OBJECT
   n_Layers : 0
   Surface Emissivity      :  8.801492E-01
   Up Radiance             :  0.000000E+00
   Down Radiance           :  0.000000E+00
   Down Solar Radiance     :  0.000000E+00
   Surface Planck Radiance :  0.000000E+00
   Radiance                :  8.998083E-02
   Brightness Temperature  :  2.485236E+02

     Channel 19 results
 RTSolution OBJECT
   n_Layers : 0
   Surface Emissivity      :  8.674961E-01
   Up Radiance             :  0.000000E+00
   Down Radiance           :  0.000000E+00
   Down Solar Radiance     :  0.000000E+00
   Surface Planck Radiance :  0.000000E+00
   Radiance                :  4.590078E-02
   Brightness Temperature  :  2.487694E+02

     Destroying the CRTM...

     Comparing calculated results with saved ones...
 Example_Forward(INFORMATION) : RTSolution results are the same!
