
     **********************************************************
                           Example_Forward

      Program to provide an example of CRTM Forward function 
      usage.

      CRTM Version: alpha.REL-2.0
     **********************************************************


     Enter sensor id [hirs4_n18, amsua_n18, or mhs_n18]: 

     Running CRTM for ssmis_f16 sensor...

     Initializing the CRTM...
 Read_SpcCoeff_Binary(INFORMATION) : FILE: ../Coefficient_Data/ssmis_f16.SpcCoeff.bin; 
 SpcCoeff RELEASE.VERSION:  7.02  N_CHANNELS=24
 Read_ODAS_Binary(INFORMATION) : FILE: ../Coefficient_Data/ssmis_f16.TauCoeff.bin; 
   ODAS RELEASE.VERSION:  6.08  N_PREDICTORS= 6  N_ABSORBERS= 3  N_CHANNELS=24  N_Alphas= 3  N_Coeffs=2147
 Read_ODPS_Binary(INFORMATION) : FILE: ../Coefficient_Data/zssmis_f16.TauCoeff.bin; 
   ODPS RELEASE.VERSION:  2.01  N_LAYERS=105  N_COMPONENTS=1  N_ABSORBERS=1  N_CHANNELS=4  N_COEFFS=59575
 Read_CloudCoeff_Binary(INFORMATION) : FILE: ../Coefficient_Data/CloudCoeff.bin; 
 CloudCoeff RELEASE.VERSION:  2.04  N_FREQUENCIES(MW)=  31  N_FREQUENCIES(IR)=  61  N_RADII(MW)=10  N_RADII(IR)=10  N_TEMPERATURES= 5  N_DENSITIES= 3  N_LEGENDRE_TERMS=38  N_PHASE_ELEMENTS= 1
 Read_AerosolCoeff_Binary(INFORMATION) : FILE: ../Coefficient_Data/AerosolCoeff.bin; 
 AerosolCoeff RELEASE.VERSION:  2.03  N_WAVELENGTHS=  61  N_RADII= 36  N_TYPES= 8  N_RH= 36  N_LEGENDRE_TERMS=37  N_PHASE_ELEMENTS= 1
 Read_EmisCoeff_Binary(INFORMATION) : FILE: ../Coefficient_Data/EmisCoeff.bin; 
 EmisCoeff RELEASE.VERSION:  2.01  N_ANGLES= 67  N_FREQUENCIES=  153  N_WIND_SPEEDS= 23


       Profile 1 output for ssmis_f16

     Channel 1 results
 RTSolution OBJECT
   n_Layers : 0
   Surface Emissivity      :  9.812067E-01
   Up Radiance             :  6.411009E-03
   Down Radiance           :  6.832823E-03
   Down Solar Radiance     :  0.000000E+00
   Surface Planck Radiance :  7.382590E-03
   Radiance                :  6.411209E-03
   Brightness Temperature  :  2.763168E+02

     Channel 2 results
 RTSolution OBJECT
   n_Layers : 0
   Surface Emissivity      :  9.813831E-01
   Up Radiance             :  6.831301E-03
   Down Radiance           :  7.691319E-03
   Down Solar Radiance     :  0.000000E+00
   Surface Planck Radiance :  8.133142E-03
   Radiance                :  6.831331E-03
   Brightness Temperature  :  2.673023E+02

     Channel 3 results
 RTSolution OBJECT
   n_Layers : 0
   Surface Emissivity      :  9.814345E-01
   Up Radiance             :  6.717526E-03
   Down Radiance           :  8.033461E-03
   Down Solar Radiance     :  0.000000E+00
   Surface Planck Radiance :  8.379710E-03
   Radiance                :  6.717533E-03
   Brightness Temperature  :  2.551767E+02

     Channel 4 results
 RTSolution OBJECT
   n_Layers : 0
   Surface Emissivity      :  9.814843E-01
   Up Radiance             :  6.495022E-03
   Down Radiance           :  8.395607E-03
   Down Solar Radiance     :  0.000000E+00
   Surface Planck Radiance :  8.632481E-03
   Radiance                :  6.495023E-03
   Brightness Temperature  :  2.395834E+02

     Channel 5 results
 RTSolution OBJECT
   n_Layers : 0
   Surface Emissivity      :  9.815491E-01
   Up Radiance             :  6.076487E-03
   Down Radiance           :  8.849349E-03
   Down Solar Radiance     :  0.000000E+00
   Surface Planck Radiance :  8.984371E-03
   Radiance                :  6.076487E-03
   Brightness Temperature  :  2.155056E+02

     Channel 6 results
 RTSolution OBJECT
   n_Layers : 0
   Surface Emissivity      :  9.816464E-01
   Up Radiance             :  6.223480E-03
   Down Radiance           :  9.477936E-03
   Down Solar Radiance     :  0.000000E+00
   Surface Planck Radiance :  9.571943E-03
   Radiance                :  6.223480E-03
   Brightness Temperature  :  2.072362E+02

     Channel 7 results
 RTSolution OBJECT
   n_Layers : 0
   Surface Emissivity      :  9.817492E-01
   Up Radiance             :  6.965542E-03
   Down Radiance           :  1.019652E-02
   Down Solar Radiance     :  0.000000E+00
   Surface Planck Radiance :  1.028834E-02
   Radiance                :  6.965542E-03
   Brightness Temperature  :  2.157550E+02

     Channel 8 results
 RTSolution OBJECT
   n_Layers : 0
   Surface Emissivity      :  9.500000E-01
   Up Radiance             :  5.702812E-02
   Down Radiance           :  6.136762E-02
   Down Solar Radiance     :  0.000000E+00
   Surface Planck Radiance :  6.516455E-02
   Radiance                :  5.702812E-02
   Brightness Temperature  :  2.787405E+02

     Channel 9 results
 RTSolution OBJECT
   n_Layers : 0
   Surface Emissivity      :  9.500000E-01
   Up Radiance             :  8.281580E-02
   Down Radiance           :  9.565922E-02
   Down Solar Radiance     :  0.000000E+00
   Surface Planck Radiance :  9.718980E-02
   Radiance                :  8.281580E-02
   Brightness Temperature  :  2.716147E+02

     Channel 10 results
 RTSolution OBJECT
   n_Layers : 0
   Surface Emissivity      :  9.500000E-01
   Up Radiance             :  8.036087E-02
   Down Radiance           :  9.620512E-02
   Down Solar Radiance     :  0.000000E+00
   Surface Planck Radiance :  9.709243E-02
   Radiance                :  8.036087E-02
   Brightness Temperature  :  2.639511E+02

     Channel 11 results
 RTSolution OBJECT
   n_Layers : 0
   Surface Emissivity      :  9.500000E-01
   Up Radiance             :  7.841231E-02
   Down Radiance           :  9.621623E-02
   Down Solar Radiance     :  0.000000E+00
   Surface Planck Radiance :  9.706978E-02
   Radiance                :  7.841231E-02
   Brightness Temperature  :  2.577151E+02

     Channel 12 results
 RTSolution OBJECT
   n_Layers : 0
   Surface Emissivity      :  9.700088E-01
   Up Radiance             :  7.980436E-04
   Down Radiance           :  8.126015E-04
   Down Solar Radiance     :  0.000000E+00
   Surface Planck Radiance :  1.095116E-03
   Radiance                :  9.971251E-04
   Brightness Temperature  :  2.895869E+02

     Channel 13 results
 RTSolution OBJECT
   n_Layers : 0
   Surface Emissivity      :  9.756230E-01
   Up Radiance             :  7.980442E-04
   Down Radiance           :  8.126021E-04
   Down Solar Radiance     :  0.000000E+00
   Surface Planck Radiance :  1.095116E-03
   Radiance                :  9.974160E-04
   Brightness Temperature  :  2.896712E+02

     Channel 14 results
 RTSolution OBJECT
   n_Layers : 0
   Surface Emissivity      :  9.765584E-01
   Up Radiance             :  1.166161E-03
   Down Radiance           :  1.200085E-03
   Down Solar Radiance     :  0.000000E+00
   Surface Planck Radiance :  1.445701E-03
   Radiance                :  1.297772E-03
   Brightness Temperature  :  2.855158E+02

     Channel 15 results
 RTSolution OBJECT
   n_Layers : 0
   Surface Emissivity      :  9.754253E-01
   Up Radiance             :  3.521565E-03
   Down Radiance           :  3.643072E-03
   Down Solar Radiance     :  0.000000E+00
   Surface Planck Radiance :  3.999228E-03
   Radiance                :  3.534261E-03
   Brightness Temperature  :  2.811311E+02

     Channel 16 results
 RTSolution OBJECT
   n_Layers : 0
   Surface Emissivity      :  9.797765E-01
   Up Radiance             :  3.521541E-03
   Down Radiance           :  3.643047E-03
   Down Solar Radiance     :  0.000000E+00
   Surface Planck Radiance :  3.999200E-03
   Radiance                :  3.534242E-03
   Brightness Temperature  :  2.811315E+02

     Channel 17 results
 RTSolution OBJECT
   n_Layers : 0
   Surface Emissivity      :  9.500000E-01
   Up Radiance             :  2.146509E-02
   Down Radiance           :  2.260318E-02
   Down Solar Radiance     :  0.000000E+00
   Surface Planck Radiance :  2.443855E-02
   Radiance                :  2.146509E-02
   Brightness Temperature  :  2.795750E+02

     Channel 18 results
 RTSolution OBJECT
   n_Layers : 0
   Surface Emissivity      :  9.500000E-01
   Up Radiance             :  2.146507E-02
   Down Radiance           :  2.260316E-02
   Down Solar Radiance     :  0.000000E+00
   Surface Planck Radiance :  2.443853E-02
   Radiance                :  2.146507E-02
   Brightness Temperature  :  2.795750E+02

     Channel 19 results
 RTSolution OBJECT
   n_Layers : 0
   Surface Emissivity      :  9.819080E-01
   Up Radiance             :  8.925210E-03
   Down Radiance           :  1.066177E-02
   Down Solar Radiance     :  0.000000E+00
   Surface Planck Radiance :  1.167430E-02
   Radiance                :  8.925210E-03
   Brightness Temperature  :  2.434730E+02

     Channel 20 results
 RTSolution OBJECT
   n_Layers : 0
   Surface Emissivity      :  9.818105E-01
   Up Radiance             :  7.967252E-03
   Down Radiance           :  9.839930E-03
   Down Solar Radiance     :  0.000000E+00
   Surface Planck Radiance :  1.077565E-02
   Radiance                :  7.967252E-03
   Brightness Temperature  :  2.355002E+02

     Channel 21 results
 RTSolution OBJECT
   n_Layers : 0
   Surface Emissivity      :  9.818105E-01
   Up Radiance             :  8.782886E-03
   Down Radiance           :  9.839930E-03
   Down Solar Radiance     :  0.000000E+00
   Surface Planck Radiance :  1.077565E-02
   Radiance                :  8.782886E-03
   Brightness Temperature  :  2.594604E+02

     Channel 22 results
 RTSolution OBJECT
   n_Layers : 0
   Surface Emissivity      :  9.818105E-01
   Up Radiance             :  8.599610E-03
   Down Radiance           :  9.839930E-03
   Down Solar Radiance     :  0.000000E+00
   Surface Planck Radiance :  1.077565E-02
   Radiance                :  8.599610E-03
   Brightness Temperature  :  2.540764E+02

     Channel 23 results
 RTSolution OBJECT
   n_Layers : 0
   Surface Emissivity      :  9.818105E-01
   Up Radiance             :  8.052415E-03
   Down Radiance           :  1.067952E-02
   Down Solar Radiance     :  0.000000E+00
   Surface Planck Radiance :  1.077565E-02
   Radiance                :  8.052415E-03
   Brightness Temperature  :  2.380019E+02

     Channel 24 results
 RTSolution OBJECT
   n_Layers : 0
   Surface Emissivity      :  9.818105E-01
   Up Radiance             :  7.746418E-03
   Down Radiance           :  1.068073E-02
   Down Solar Radiance     :  0.000000E+00
   Surface Planck Radiance :  1.077566E-02
   Radiance                :  7.746418E-03
   Brightness Temperature  :  2.290128E+02


       Profile 2 output for ssmis_f16

     Channel 1 results
 RTSolution OBJECT
   n_Layers : 0
   Surface Emissivity      :  7.094307E-01
   Up Radiance             :  0.000000E+00
   Down Radiance           :  0.000000E+00
   Down Solar Radiance     :  0.000000E+00
   Surface Planck Radiance :  0.000000E+00
   Radiance                :  5.396974E-03
   Brightness Temperature  :  2.327946E+02

     Channel 2 results
 RTSolution OBJECT
   n_Layers : 0
   Surface Emissivity      :  7.147538E-01
   Up Radiance             :  0.000000E+00
   Down Radiance           :  0.000000E+00
   Down Solar Radiance     :  0.000000E+00
   Surface Planck Radiance :  0.000000E+00
   Radiance                :  6.069430E-03
   Brightness Temperature  :  2.376308E+02

     Channel 3 results
 RTSolution OBJECT
   n_Layers : 0
   Surface Emissivity      :  7.164037E-01
   Up Radiance             :  0.000000E+00
   Down Radiance           :  0.000000E+00
   Down Solar Radiance     :  0.000000E+00
   Surface Planck Radiance :  0.000000E+00
   Radiance                :  6.273176E-03
   Brightness Temperature  :  2.383818E+02

     Channel 4 results
 RTSolution OBJECT
   n_Layers : 0
   Surface Emissivity      :  7.180489E-01
   Up Radiance             :  0.000000E+00
   Down Radiance           :  0.000000E+00
   Down Solar Radiance     :  0.000000E+00
   Surface Planck Radiance :  0.000000E+00
   Radiance                :  6.402710E-03
   Brightness Temperature  :  2.361967E+02

     Channel 5 results
 RTSolution OBJECT
   n_Layers : 0
   Surface Emissivity      :  7.202663E-01
   Up Radiance             :  0.000000E+00
   Down Radiance           :  0.000000E+00
   Down Solar Radiance     :  0.000000E+00
   Surface Planck Radiance :  0.000000E+00
   Radiance                :  6.639106E-03
   Brightness Temperature  :  2.353363E+02

     Channel 6 results
 RTSolution OBJECT
   n_Layers : 0
   Surface Emissivity      :  7.237945E-01
   Up Radiance             :  0.000000E+00
   Down Radiance           :  0.000000E+00
   Down Solar Radiance     :  0.000000E+00
   Surface Planck Radiance :  0.000000E+00
   Radiance                :  7.105489E-03
   Brightness Temperature  :  2.364123E+02

     Channel 7 results
 RTSolution OBJECT
   n_Layers : 0
   Surface Emissivity      :  7.278318E-01
   Up Radiance             :  0.000000E+00
   Down Radiance           :  0.000000E+00
   Down Solar Radiance     :  0.000000E+00
   Surface Planck Radiance :  0.000000E+00
   Radiance                :  7.626828E-03
   Brightness Temperature  :  2.361033E+02

     Channel 8 results
 RTSolution OBJECT
   n_Layers : 0
   Surface Emissivity      :  7.485944E-01
   Up Radiance             :  0.000000E+00
   Down Radiance           :  0.000000E+00
   Down Solar Radiance     :  0.000000E+00
   Surface Planck Radiance :  0.000000E+00
   Radiance                :  4.920024E-02
   Brightness Temperature  :  2.409692E+02

     Channel 9 results
 RTSolution OBJECT
   n_Layers : 0
   Surface Emissivity      :  7.684262E-01
   Up Radiance             :  0.000000E+00
   Down Radiance           :  0.000000E+00
   Down Solar Radiance     :  0.000000E+00
   Surface Planck Radiance :  0.000000E+00
   Radiance                :  7.402249E-02
   Brightness Temperature  :  2.432379E+02

     Channel 10 results
 RTSolution OBJECT
   n_Layers : 0
   Surface Emissivity      :  7.684262E-01
   Up Radiance             :  0.000000E+00
   Down Radiance           :  0.000000E+00
   Down Solar Radiance     :  0.000000E+00
   Surface Planck Radiance :  0.000000E+00
   Radiance                :  7.423335E-02
   Brightness Temperature  :  2.441565E+02

     Channel 11 results
 RTSolution OBJECT
   n_Layers : 0
   Surface Emissivity      :  7.684262E-01
   Up Radiance             :  0.000000E+00
   Down Radiance           :  0.000000E+00
   Down Solar Radiance     :  0.000000E+00
   Surface Planck Radiance :  0.000000E+00
   Radiance                :  7.354503E-02
   Brightness Temperature  :  2.419879E+02

     Channel 12 results
 RTSolution OBJECT
   n_Layers : 0
   Surface Emissivity      :  5.649238E-01
   Up Radiance             :  0.000000E+00
   Down Radiance           :  0.000000E+00
   Down Solar Radiance     :  0.000000E+00
   Surface Planck Radiance :  0.000000E+00
   Radiance                :  8.075986E-04
   Brightness Temperature  :  2.346325E+02

     Channel 13 results
 RTSolution OBJECT
   n_Layers : 0
   Surface Emissivity      :  6.209698E-01
   Up Radiance             :  0.000000E+00
   Down Radiance           :  0.000000E+00
   Down Solar Radiance     :  0.000000E+00
   Surface Planck Radiance :  0.000000E+00
   Radiance                :  8.075990E-04
   Brightness Temperature  :  2.346325E+02

     Channel 14 results
 RTSolution OBJECT
   n_Layers : 0
   Surface Emissivity      :  6.283048E-01
   Up Radiance             :  0.000000E+00
   Down Radiance           :  0.000000E+00
   Down Solar Radiance     :  0.000000E+00
   Surface Planck Radiance :  0.000000E+00
   Radiance                :  1.054247E-03
   Brightness Temperature  :  2.320392E+02

     Channel 15 results
 RTSolution OBJECT
   n_Layers : 0
   Surface Emissivity      :  6.017382E-01
   Up Radiance             :  0.000000E+00
   Down Radiance           :  0.000000E+00
   Down Solar Radiance     :  0.000000E+00
   Surface Planck Radiance :  0.000000E+00
   Radiance                :  2.848233E-03
   Brightness Temperature  :  2.267333E+02

     Channel 16 results
 RTSolution OBJECT
   n_Layers : 0
   Surface Emissivity      :  6.767546E-01
   Up Radiance             :  0.000000E+00
   Down Radiance           :  0.000000E+00
   Down Solar Radiance     :  0.000000E+00
   Surface Planck Radiance :  0.000000E+00
   Radiance                :  2.848212E-03
   Brightness Temperature  :  2.267332E+02

     Channel 17 results
 RTSolution OBJECT
   n_Layers : 0
   Surface Emissivity      :  7.688947E-01
   Up Radiance             :  0.000000E+00
   Down Radiance           :  0.000000E+00
   Down Solar Radiance     :  0.000000E+00
   Surface Planck Radiance :  0.000000E+00
   Radiance                :  1.810345E-02
   Brightness Temperature  :  2.361334E+02

     Channel 18 results
 RTSolution OBJECT
   n_Layers : 0
   Surface Emissivity      :  6.928449E-01
   Up Radiance             :  0.000000E+00
   Down Radiance           :  0.000000E+00
   Down Solar Radiance     :  0.000000E+00
   Surface Planck Radiance :  0.000000E+00
   Radiance                :  1.810343E-02
   Brightness Temperature  :  2.361334E+02

     Channel 19 results
 RTSolution OBJECT
   n_Layers : 0
   Surface Emissivity      :  7.349408E-01
   Up Radiance             :  0.000000E+00
   Down Radiance           :  0.000000E+00
   Down Solar Radiance     :  0.000000E+00
   Surface Planck Radiance :  0.000000E+00
   Radiance                :  8.195409E-03
   Brightness Temperature  :  2.236882E+02

     Channel 20 results
 RTSolution OBJECT
   n_Layers : 0
   Surface Emissivity      :  7.304277E-01
   Up Radiance             :  0.000000E+00
   Down Radiance           :  0.000000E+00
   Down Solar Radiance     :  0.000000E+00
   Surface Planck Radiance :  0.000000E+00
   Radiance                :  6.739823E-03
   Brightness Temperature  :  1.994430E+02

     Channel 21 results
 RTSolution OBJECT
   n_Layers : 0
   Surface Emissivity      :  7.304277E-01
   Up Radiance             :  0.000000E+00
   Down Radiance           :  0.000000E+00
   Down Solar Radiance     :  0.000000E+00
   Surface Planck Radiance :  0.000000E+00
   Radiance                :  8.351336E-03
   Brightness Temperature  :  2.467831E+02

     Channel 22 results
 RTSolution OBJECT
   n_Layers : 0
   Surface Emissivity      :  7.304277E-01
   Up Radiance             :  0.000000E+00
   Down Radiance           :  0.000000E+00
   Down Solar Radiance     :  0.000000E+00
   Surface Planck Radiance :  0.000000E+00
   Radiance                :  8.235634E-03
   Brightness Temperature  :  2.433842E+02

     Channel 23 results
 RTSolution OBJECT
   n_Layers : 0
   Surface Emissivity      :  7.304277E-01
   Up Radiance             :  0.000000E+00
   Down Radiance           :  0.000000E+00
   Down Solar Radiance     :  0.000000E+00
   Surface Planck Radiance :  0.000000E+00
   Radiance                :  8.122840E-03
   Brightness Temperature  :  2.400708E+02

     Channel 24 results
 RTSolution OBJECT
   n_Layers : 0
   Surface Emissivity      :  7.304277E-01
   Up Radiance             :  0.000000E+00
   Down Radiance           :  0.000000E+00
   Down Solar Radiance     :  0.000000E+00
   Surface Planck Radiance :  0.000000E+00
   Radiance                :  8.104046E-03
   Brightness Temperature  :  2.395185E+02

     Destroying the CRTM...

     Comparing calculated results with saved ones...
 Example_Forward(INFORMATION) : RTSolution results are the same!
