
     **********************************************************
                           Example_Forward

      Program to provide an example of CRTM Forward function 
      usage.

      CRTM Version: alpha.REL-2.0
     **********************************************************


     Enter sensor id [hirs4_n18, amsua_n18, or mhs_n18]: 

     Running CRTM for ssu_n14 sensor...

     Initializing the CRTM...
 Read_SpcCoeff_Binary(INFORMATION) : FILE: ../Coefficient_Data/ssu_n14.SpcCoeff.bin; 
 SpcCoeff RELEASE.VERSION:  7.02  N_CHANNELS=3
 Read_ODSSU_Binary(INFORMATION) : FILE: ../Coefficient_Data/ssu_n14.TauCoeff.bin; 
   ODSSU RELEASE.VERSION:  6.04  SUBALGORITHM= 1  N_ABSORBERS= 3  N_CHANNELS=3  N_TC_CELLPRESSURES=20  N_REF_CELLPRESSURES=293
 Read_CloudCoeff_Binary(INFORMATION) : FILE: ../Coefficient_Data/CloudCoeff.bin; 
 CloudCoeff RELEASE.VERSION:  2.04  N_FREQUENCIES(MW)=  31  N_FREQUENCIES(IR)=  61  N_RADII(MW)=10  N_RADII(IR)=10  N_TEMPERATURES= 5  N_DENSITIES= 3  N_LEGENDRE_TERMS=38  N_PHASE_ELEMENTS= 1
 Read_AerosolCoeff_Binary(INFORMATION) : FILE: ../Coefficient_Data/AerosolCoeff.bin; 
 AerosolCoeff RELEASE.VERSION:  2.03  N_WAVELENGTHS=  61  N_RADII= 36  N_TYPES= 8  N_RH= 36  N_LEGENDRE_TERMS=37  N_PHASE_ELEMENTS= 1
 Read_EmisCoeff_Binary(INFORMATION) : FILE: ../Coefficient_Data/EmisCoeff.bin; 
 EmisCoeff RELEASE.VERSION:  2.01  N_ANGLES= 67  N_FREQUENCIES=  153  N_WIND_SPEEDS= 23


       Profile 1 output for ssu_n14

     Channel 1 results
 RTSolution OBJECT
   n_Layers : 0
   Surface Emissivity      :  9.321736E-01
   Up Radiance             :  0.000000E+00
   Down Radiance           :  0.000000E+00
   Down Solar Radiance     :  0.000000E+00
   Surface Planck Radiance :  0.000000E+00
   Radiance                :  5.457889E+01
   Brightness Temperature  :  2.295675E+02

     Channel 2 results
 RTSolution OBJECT
   n_Layers : 0
   Surface Emissivity      :  9.319460E-01
   Up Radiance             :  0.000000E+00
   Down Radiance           :  0.000000E+00
   Down Solar Radiance     :  0.000000E+00
   Surface Planck Radiance :  0.000000E+00
   Radiance                :  6.547511E+01
   Brightness Temperature  :  2.397622E+02

     Channel 3 results
 RTSolution OBJECT
   n_Layers : 0
   Surface Emissivity      :  9.317160E-01
   Up Radiance             :  0.000000E+00
   Down Radiance           :  0.000000E+00
   Down Solar Radiance     :  0.000000E+00
   Surface Planck Radiance :  0.000000E+00
   Radiance                :  7.712043E+01
   Brightness Temperature  :  2.497083E+02


       Profile 2 output for ssu_n14

     Channel 1 results
 RTSolution OBJECT
   n_Layers : 0
   Surface Emissivity      :  9.605864E-01
   Up Radiance             :  0.000000E+00
   Down Radiance           :  0.000000E+00
   Down Solar Radiance     :  0.000000E+00
   Surface Planck Radiance :  0.000000E+00
   Radiance                :  6.477349E+01
   Brightness Temperature  :  2.391684E+02

     Channel 2 results
 RTSolution OBJECT
   n_Layers : 0
   Surface Emissivity      :  9.605422E-01
   Up Radiance             :  0.000000E+00
   Down Radiance           :  0.000000E+00
   Down Solar Radiance     :  0.000000E+00
   Surface Planck Radiance :  0.000000E+00
   Radiance                :  6.621500E+01
   Brightness Temperature  :  2.404227E+02

     Channel 3 results
 RTSolution OBJECT
   n_Layers : 0
   Surface Emissivity      :  9.604976E-01
   Up Radiance             :  0.000000E+00
   Down Radiance           :  0.000000E+00
   Down Solar Radiance     :  0.000000E+00
   Surface Planck Radiance :  0.000000E+00
   Radiance                :  6.815054E+01
   Brightness Temperature  :  2.420969E+02

     Destroying the CRTM...

     Comparing calculated results with saved ones...
 Example_Forward(INFORMATION) : RTSolution results are the same!
