
     **********************************************************
                           Example_Forward

      Program to provide an example of CRTM Forward function 
      usage.

      $Revision: 5479 $
     **********************************************************


     Enter sensor id [hirs4_n18, amsua_n18, or mhs_n18]: 
     Initializing the CRTM...
 Read_SpcCoeff_Binary(INFORMATION) : FILE: ../Coefficient_Data/zssmis_f16.SpcCoeff.bin; 
 SpcCoeff RELEASE.VERSION:  7.01  N_CHANNELS=4
 Read_ODPS_Binary(INFORMATION) : FILE: ../Coefficient_Data/zssmis_f16.TauCoeff.bin; 
   ODPS RELEASE.VERSION:  2.01  N_LAYERS=105  N_COMPONENTS=1  N_ABSORBERS=1  N_CHANNELS=4  N_COEFFS=59575
 Read_CloudCoeff_Binary(INFORMATION) : FILE: ../Coefficient_Data/CloudCoeff.bin; 
 CloudCoeff RELEASE.VERSION:  2.03  N_FREQUENCIES(MW)=  31  N_FREQUENCIES(IR)= 601  N_RADII(MW)=10  N_RADII(IR)=10  N_TEMPERATURES= 5  N_DENSITIES= 3  N_LEGENDRE_TERMS=38  N_PHASE_ELEMENTS= 1
 Read_AerosolCoeff_Binary(INFORMATION) : FILE: ../Coefficient_Data/AerosolCoeff.bin; 
 AerosolCoeff RELEASE.VERSION:  2.02  N_WAVELENGTHS=  91  N_RADII= 36  N_TYPES= 8  N_RH= 36  N_LEGENDRE_TERMS=37  N_PHASE_ELEMENTS= 1
 Read_EmisCoeff_Binary(INFORMATION) : FILE: ../Coefficient_Data/EmisCoeff.bin; 
 EmisCoeff RELEASE.VERSION:  2.01  N_ANGLES= 67  N_FREQUENCIES=  153  N_WIND_SPEEDS= 23

       Profile 1 FWD output
       Sensor_Id   Channel         R            Tb
       zssmis_f1     19      8.925210E-03     243.473
       zssmis_f1     20      7.967252E-03     235.500
       zssmis_f1     21      8.782886E-03     259.460
       zssmis_f1     22      8.599610E-03     254.076

       Profile 2 FWD output
       Sensor_Id   Channel         R            Tb
       zssmis_f1     19      8.195409E-03     223.688
       zssmis_f1     20      6.739823E-03     199.443
       zssmis_f1     21      8.351336E-03     246.783
       zssmis_f1     22      8.235634E-03     243.384

     Destroying the CRTM...
