
     **********************************************************
                           Example1_Simple

      Program to provide a (relatively) simple example of how 
      to call the CRTM Forward function.

      CRTM Version: beta.REL-2.0
     **********************************************************


     Enter sensor id [hirs4_n18, amsua_n18, or mhs_n18]: 

     Running CRTM for ssmis_f16 sensor...

     Initializing the CRTM...
 Read_SpcCoeff_Binary(INFORMATION) : FILE: ./Coefficient_Data/ssmis_f16.SpcCoeff.bin; 
 SpcCoeff RELEASE.VERSION:  7.02  N_CHANNELS=24
 Read_ODAS_Binary(INFORMATION) : FILE: ./Coefficient_Data/ssmis_f16.TauCoeff.bin; 
   ODAS RELEASE.VERSION:  7.08  N_PREDICTORS= 6  N_ABSORBERS= 3  N_CHANNELS=24  N_Alphas= 3  N_Coeffs=2147
 CloudCoeff_ReadFile(Binary)(INFORMATION) : FILE: ./Coefficient_Data/CloudCoeff.bin; 
 CloudCoeff RELEASE.VERSION:  3.04  N_FREQUENCIES(MW)=  31  N_FREQUENCIES(IR)=  61  N_RADII(MW)=10  N_RADII(IR)=10  N_TEMPERATURES= 5  N_DENSITIES= 3  N_LEGENDRE_TERMS=38  N_PHASE_ELEMENTS= 1
 AerosolCoeff_ReadFile(Binary)(INFORMATION) : FILE: ./Coefficient_Data/AerosolCoeff.bin; 
 AerosolCoeff RELEASE.VERSION:  3.04  N_WAVELENGTHS=  61  N_RADII= 36  N_TYPES= 8  N_RH= 36  N_LEGENDRE_TERMS=37  N_PHASE_ELEMENTS= 1
 Read_EmisCoeff_Binary(INFORMATION) : FILE: ./Coefficient_Data/Wu-Smith.EmisCoeff.bin; 
 EmisCoeff RELEASE.VERSION:  2.01  N_ANGLES= 67  N_FREQUENCIES=  153  N_WIND_SPEEDS= 23


       Profile 1 output for ssmis_f16

     Channel 1 results
 RTSolution OBJECT
   Surface Emissivity      :  9.812067E-01
   Up Radiance             :  6.411009E-03
   Down Radiance           :  6.832823E-03
   Down Solar Radiance     :  0.000000E+00
   Surface Planck Radiance :  7.382590E-03
   Radiance                :  6.411209E-03
   Brightness Temperature  :  2.763168E+02

     Channel 2 results
 RTSolution OBJECT
   Surface Emissivity      :  9.813831E-01
   Up Radiance             :  6.831301E-03
   Down Radiance           :  7.691319E-03
   Down Solar Radiance     :  0.000000E+00
   Surface Planck Radiance :  8.133142E-03
   Radiance                :  6.831331E-03
   Brightness Temperature  :  2.673023E+02

     Channel 3 results
 RTSolution OBJECT
   Surface Emissivity      :  9.814345E-01
   Up Radiance             :  6.717542E-03
   Down Radiance           :  8.033461E-03
   Down Solar Radiance     :  0.000000E+00
   Surface Planck Radiance :  8.379710E-03
   Radiance                :  6.717548E-03
   Brightness Temperature  :  2.551773E+02

     Channel 4 results
 RTSolution OBJECT
   Surface Emissivity      :  9.814843E-01
   Up Radiance             :  6.495023E-03
   Down Radiance           :  8.395607E-03
   Down Solar Radiance     :  0.000000E+00
   Surface Planck Radiance :  8.632481E-03
   Radiance                :  6.495023E-03
   Brightness Temperature  :  2.395834E+02

     Channel 5 results
 RTSolution OBJECT
   Surface Emissivity      :  9.815491E-01
   Up Radiance             :  6.076488E-03
   Down Radiance           :  8.849349E-03
   Down Solar Radiance     :  0.000000E+00
   Surface Planck Radiance :  8.984371E-03
   Radiance                :  6.076488E-03
   Brightness Temperature  :  2.155056E+02

     Channel 6 results
 RTSolution OBJECT
   Surface Emissivity      :  9.816464E-01
   Up Radiance             :  6.223480E-03
   Down Radiance           :  9.477936E-03
   Down Solar Radiance     :  0.000000E+00
   Surface Planck Radiance :  9.571943E-03
   Radiance                :  6.223480E-03
   Brightness Temperature  :  2.072362E+02

     Channel 7 results
 RTSolution OBJECT
   Surface Emissivity      :  9.817492E-01
   Up Radiance             :  6.965537E-03
   Down Radiance           :  1.019652E-02
   Down Solar Radiance     :  0.000000E+00
   Surface Planck Radiance :  1.028834E-02
   Radiance                :  6.965537E-03
   Brightness Temperature  :  2.157548E+02

     Channel 8 results
 RTSolution OBJECT
   Surface Emissivity      :  9.500000E-01
   Up Radiance             :  5.702811E-02
   Down Radiance           :  6.136762E-02
   Down Solar Radiance     :  0.000000E+00
   Surface Planck Radiance :  6.516455E-02
   Radiance                :  5.702811E-02
   Brightness Temperature  :  2.787405E+02

     Channel 9 results
 RTSolution OBJECT
   Surface Emissivity      :  9.500000E-01
   Up Radiance             :  8.281580E-02
   Down Radiance           :  9.565922E-02
   Down Solar Radiance     :  0.000000E+00
   Surface Planck Radiance :  9.718980E-02
   Radiance                :  8.281580E-02
   Brightness Temperature  :  2.716147E+02

     Channel 10 results
 RTSolution OBJECT
   Surface Emissivity      :  9.500000E-01
   Up Radiance             :  8.036087E-02
   Down Radiance           :  9.620512E-02
   Down Solar Radiance     :  0.000000E+00
   Surface Planck Radiance :  9.709243E-02
   Radiance                :  8.036087E-02
   Brightness Temperature  :  2.639511E+02

     Channel 11 results
 RTSolution OBJECT
   Surface Emissivity      :  9.500000E-01
   Up Radiance             :  7.841231E-02
   Down Radiance           :  9.621623E-02
   Down Solar Radiance     :  0.000000E+00
   Surface Planck Radiance :  9.706978E-02
   Radiance                :  7.841231E-02
   Brightness Temperature  :  2.577151E+02

     Channel 12 results
 RTSolution OBJECT
   Surface Emissivity      :  9.700088E-01
   Up Radiance             :  7.980436E-04
   Down Radiance           :  8.126015E-04
   Down Solar Radiance     :  0.000000E+00
   Surface Planck Radiance :  1.095116E-03
   Radiance                :  9.971250E-04
   Brightness Temperature  :  2.895869E+02

     Channel 13 results
 RTSolution OBJECT
   Surface Emissivity      :  9.756230E-01
   Up Radiance             :  7.980442E-04
   Down Radiance           :  8.126021E-04
   Down Solar Radiance     :  0.000000E+00
   Surface Planck Radiance :  1.095116E-03
   Radiance                :  9.974160E-04
   Brightness Temperature  :  2.896712E+02

     Channel 14 results
 RTSolution OBJECT
   Surface Emissivity      :  9.765584E-01
   Up Radiance             :  1.166161E-03
   Down Radiance           :  1.200085E-03
   Down Solar Radiance     :  0.000000E+00
   Surface Planck Radiance :  1.445701E-03
   Radiance                :  1.297772E-03
   Brightness Temperature  :  2.855157E+02

     Channel 15 results
 RTSolution OBJECT
   Surface Emissivity      :  9.754253E-01
   Up Radiance             :  3.521565E-03
   Down Radiance           :  3.643072E-03
   Down Solar Radiance     :  0.000000E+00
   Surface Planck Radiance :  3.999228E-03
   Radiance                :  3.534261E-03
   Brightness Temperature  :  2.811310E+02

     Channel 16 results
 RTSolution OBJECT
   Surface Emissivity      :  9.797765E-01
   Up Radiance             :  3.521541E-03
   Down Radiance           :  3.643047E-03
   Down Solar Radiance     :  0.000000E+00
   Surface Planck Radiance :  3.999200E-03
   Radiance                :  3.534242E-03
   Brightness Temperature  :  2.811315E+02

     Channel 17 results
 RTSolution OBJECT
   Surface Emissivity      :  9.500000E-01
   Up Radiance             :  2.146509E-02
   Down Radiance           :  2.260318E-02
   Down Solar Radiance     :  0.000000E+00
   Surface Planck Radiance :  2.443855E-02
   Radiance                :  2.146509E-02
   Brightness Temperature  :  2.795750E+02

     Channel 18 results
 RTSolution OBJECT
   Surface Emissivity      :  9.500000E-01
   Up Radiance             :  2.146507E-02
   Down Radiance           :  2.260316E-02
   Down Solar Radiance     :  0.000000E+00
   Surface Planck Radiance :  2.443853E-02
   Radiance                :  2.146507E-02
   Brightness Temperature  :  2.795750E+02

     Channel 19 results
 RTSolution OBJECT
   Surface Emissivity      :  9.819080E-01
   Up Radiance             :  8.699461E-03
   Down Radiance           :  1.153175E-02
   Down Solar Radiance     :  0.000000E+00
   Surface Planck Radiance :  1.167430E-02
   Radiance                :  8.699461E-03
   Brightness Temperature  :  2.373530E+02

     Channel 20 results
 RTSolution OBJECT
   Surface Emissivity      :  9.818105E-01
   Up Radiance             :  7.522293E-03
   Down Radiance           :  1.068183E-02
   Down Solar Radiance     :  0.000000E+00
   Surface Planck Radiance :  1.077565E-02
   Radiance                :  7.522293E-03
   Brightness Temperature  :  2.224290E+02

     Channel 21 results
 RTSolution OBJECT
   Surface Emissivity      :  9.818105E-01
   Up Radiance             :  8.807733E-03
   Down Radiance           :  1.068183E-02
   Down Solar Radiance     :  0.000000E+00
   Surface Planck Radiance :  1.077565E-02
   Radiance                :  8.807733E-03
   Brightness Temperature  :  2.601903E+02

     Channel 22 results
 RTSolution OBJECT
   Surface Emissivity      :  9.818105E-01
   Up Radiance             :  8.597140E-03
   Down Radiance           :  1.068106E-02
   Down Solar Radiance     :  0.000000E+00
   Surface Planck Radiance :  1.077565E-02
   Radiance                :  8.597140E-03
   Brightness Temperature  :  2.540039E+02

     Channel 23 results
 RTSolution OBJECT
   Surface Emissivity      :  9.818105E-01
   Up Radiance             :  8.052430E-03
   Down Radiance           :  1.067952E-02
   Down Solar Radiance     :  0.000000E+00
   Surface Planck Radiance :  1.077565E-02
   Radiance                :  8.052430E-03
   Brightness Temperature  :  2.380024E+02

     Channel 24 results
 RTSolution OBJECT
   Surface Emissivity      :  9.818105E-01
   Up Radiance             :  7.746420E-03
   Down Radiance           :  1.068073E-02
   Down Solar Radiance     :  0.000000E+00
   Surface Planck Radiance :  1.077566E-02
   Radiance                :  7.746420E-03
   Brightness Temperature  :  2.290129E+02


       Profile 2 output for ssmis_f16

     Channel 1 results
 RTSolution OBJECT
   Surface Emissivity      :  7.227734E-01
   Up Radiance             :  0.000000E+00
   Down Radiance           :  0.000000E+00
   Down Solar Radiance     :  0.000000E+00
   Surface Planck Radiance :  0.000000E+00
   Radiance                :  5.396974E-03
   Brightness Temperature  :  2.327946E+02

     Channel 2 results
 RTSolution OBJECT
   Surface Emissivity      :  7.279576E-01
   Up Radiance             :  0.000000E+00
   Down Radiance           :  0.000000E+00
   Down Solar Radiance     :  0.000000E+00
   Surface Planck Radiance :  0.000000E+00
   Radiance                :  6.069430E-03
   Brightness Temperature  :  2.376308E+02

     Channel 3 results
 RTSolution OBJECT
   Surface Emissivity      :  7.295634E-01
   Up Radiance             :  0.000000E+00
   Down Radiance           :  0.000000E+00
   Down Solar Radiance     :  0.000000E+00
   Surface Planck Radiance :  0.000000E+00
   Radiance                :  6.273390E-03
   Brightness Temperature  :  2.383899E+02

     Channel 4 results
 RTSolution OBJECT
   Surface Emissivity      :  7.311643E-01
   Up Radiance             :  0.000000E+00
   Down Radiance           :  0.000000E+00
   Down Solar Radiance     :  0.000000E+00
   Surface Planck Radiance :  0.000000E+00
   Radiance                :  6.402711E-03
   Brightness Temperature  :  2.361967E+02

     Channel 5 results
 RTSolution OBJECT
   Surface Emissivity      :  7.333210E-01
   Up Radiance             :  0.000000E+00
   Down Radiance           :  0.000000E+00
   Down Solar Radiance     :  0.000000E+00
   Surface Planck Radiance :  0.000000E+00
   Radiance                :  6.639111E-03
   Brightness Temperature  :  2.353365E+02

     Channel 6 results
 RTSolution OBJECT
   Surface Emissivity      :  7.367509E-01
   Up Radiance             :  0.000000E+00
   Down Radiance           :  0.000000E+00
   Down Solar Radiance     :  0.000000E+00
   Surface Planck Radiance :  0.000000E+00
   Radiance                :  7.105498E-03
   Brightness Temperature  :  2.364126E+02

     Channel 7 results
 RTSolution OBJECT
   Surface Emissivity      :  7.406728E-01
   Up Radiance             :  0.000000E+00
   Down Radiance           :  0.000000E+00
   Down Solar Radiance     :  0.000000E+00
   Surface Planck Radiance :  0.000000E+00
   Radiance                :  7.626859E-03
   Brightness Temperature  :  2.361042E+02

     Channel 8 results
 RTSolution OBJECT
   Surface Emissivity      :  7.611211E-01
   Up Radiance             :  0.000000E+00
   Down Radiance           :  0.000000E+00
   Down Solar Radiance     :  0.000000E+00
   Surface Planck Radiance :  0.000000E+00
   Radiance                :  4.920024E-02
   Brightness Temperature  :  2.409692E+02

     Channel 9 results
 RTSolution OBJECT
   Surface Emissivity      :  7.790701E-01
   Up Radiance             :  0.000000E+00
   Down Radiance           :  0.000000E+00
   Down Solar Radiance     :  0.000000E+00
   Surface Planck Radiance :  0.000000E+00
   Radiance                :  7.402249E-02
   Brightness Temperature  :  2.432379E+02

     Channel 10 results
 RTSolution OBJECT
   Surface Emissivity      :  7.790701E-01
   Up Radiance             :  0.000000E+00
   Down Radiance           :  0.000000E+00
   Down Solar Radiance     :  0.000000E+00
   Surface Planck Radiance :  0.000000E+00
   Radiance                :  7.423335E-02
   Brightness Temperature  :  2.441565E+02

     Channel 11 results
 RTSolution OBJECT
   Surface Emissivity      :  7.790701E-01
   Up Radiance             :  0.000000E+00
   Down Radiance           :  0.000000E+00
   Down Solar Radiance     :  0.000000E+00
   Surface Planck Radiance :  0.000000E+00
   Radiance                :  7.354503E-02
   Brightness Temperature  :  2.419879E+02

     Channel 12 results
 RTSolution OBJECT
   Surface Emissivity      :  5.649238E-01
   Up Radiance             :  0.000000E+00
   Down Radiance           :  0.000000E+00
   Down Solar Radiance     :  0.000000E+00
   Surface Planck Radiance :  0.000000E+00
   Radiance                :  8.075986E-04
   Brightness Temperature  :  2.346325E+02

     Channel 13 results
 RTSolution OBJECT
   Surface Emissivity      :  6.209698E-01
   Up Radiance             :  0.000000E+00
   Down Radiance           :  0.000000E+00
   Down Solar Radiance     :  0.000000E+00
   Surface Planck Radiance :  0.000000E+00
   Radiance                :  8.075990E-04
   Brightness Temperature  :  2.346325E+02

     Channel 14 results
 RTSolution OBJECT
   Surface Emissivity      :  6.432137E-01
   Up Radiance             :  0.000000E+00
   Down Radiance           :  0.000000E+00
   Down Solar Radiance     :  0.000000E+00
   Surface Planck Radiance :  0.000000E+00
   Radiance                :  1.054247E-03
   Brightness Temperature  :  2.320391E+02

     Channel 15 results
 RTSolution OBJECT
   Surface Emissivity      :  6.177587E-01
   Up Radiance             :  0.000000E+00
   Down Radiance           :  0.000000E+00
   Down Solar Radiance     :  0.000000E+00
   Surface Planck Radiance :  0.000000E+00
   Radiance                :  2.848233E-03
   Brightness Temperature  :  2.267333E+02

     Channel 16 results
 RTSolution OBJECT
   Surface Emissivity      :  6.908481E-01
   Up Radiance             :  0.000000E+00
   Down Radiance           :  0.000000E+00
   Down Solar Radiance     :  0.000000E+00
   Surface Planck Radiance :  0.000000E+00
   Radiance                :  2.848212E-03
   Brightness Temperature  :  2.267332E+02

     Channel 17 results
 RTSolution OBJECT
   Surface Emissivity      :  7.800105E-01
   Up Radiance             :  0.000000E+00
   Down Radiance           :  0.000000E+00
   Down Solar Radiance     :  0.000000E+00
   Surface Planck Radiance :  0.000000E+00
   Radiance                :  1.810345E-02
   Brightness Temperature  :  2.361334E+02

     Channel 18 results
 RTSolution OBJECT
   Surface Emissivity      :  7.078402E-01
   Up Radiance             :  0.000000E+00
   Down Radiance           :  0.000000E+00
   Down Solar Radiance     :  0.000000E+00
   Surface Planck Radiance :  0.000000E+00
   Radiance                :  1.810343E-02
   Brightness Temperature  :  2.361334E+02

     Channel 19 results
 RTSolution OBJECT
   Surface Emissivity      :  7.475707E-01
   Up Radiance             :  0.000000E+00
   Down Radiance           :  0.000000E+00
   Down Solar Radiance     :  0.000000E+00
   Surface Planck Radiance :  0.000000E+00
   Radiance                :  8.573116E-03
   Brightness Temperature  :  2.339278E+02

     Channel 20 results
 RTSolution OBJECT
   Surface Emissivity      :  7.431929E-01
   Up Radiance             :  0.000000E+00
   Down Radiance           :  0.000000E+00
   Down Solar Radiance     :  0.000000E+00
   Surface Planck Radiance :  0.000000E+00
   Radiance                :  7.508563E-03
   Brightness Temperature  :  2.220257E+02

     Channel 21 results
 RTSolution OBJECT
   Surface Emissivity      :  7.431929E-01
   Up Radiance             :  0.000000E+00
   Down Radiance           :  0.000000E+00
   Down Solar Radiance     :  0.000000E+00
   Surface Planck Radiance :  0.000000E+00
   Radiance                :  8.480643E-03
   Brightness Temperature  :  2.505817E+02

     Channel 22 results
 RTSolution OBJECT
   Surface Emissivity      :  7.431929E-01
   Up Radiance             :  0.000000E+00
   Down Radiance           :  0.000000E+00
   Down Solar Radiance     :  0.000000E+00
   Surface Planck Radiance :  0.000000E+00
   Radiance                :  8.256572E-03
   Brightness Temperature  :  2.439993E+02

     Channel 23 results
 RTSolution OBJECT
   Surface Emissivity      :  7.431929E-01
   Up Radiance             :  0.000000E+00
   Down Radiance           :  0.000000E+00
   Down Solar Radiance     :  0.000000E+00
   Surface Planck Radiance :  0.000000E+00
   Radiance                :  8.124971E-03
   Brightness Temperature  :  2.401334E+02

     Channel 24 results
 RTSolution OBJECT
   Surface Emissivity      :  7.431929E-01
   Up Radiance             :  0.000000E+00
   Down Radiance           :  0.000000E+00
   Down Solar Radiance     :  0.000000E+00
   Surface Planck Radiance :  0.000000E+00
   Radiance                :  8.104298E-03
   Brightness Temperature  :  2.395259E+02

     Destroying the CRTM...

     Comparing calculated results with saved ones...
 Example1_Simple(INFORMATION) : RTSolution results are the same!
