
     **********************************************************
                           Example1_Simple

      Program to provide a (relatively) simple example of how 
      to call the CRTM Forward function.

      CRTM Version: beta.REL-2.0
     **********************************************************


     Enter sensor id [hirs4_n18, amsua_n18, or mhs_n18]: 

     Running CRTM for v.seviri_m09 sensor...

     Initializing the CRTM...
 Read_SpcCoeff_Binary(INFORMATION) : FILE: ./Coefficient_Data/v.seviri_m09.SpcCoeff.bin; 
 SpcCoeff RELEASE.VERSION:  7.02  N_CHANNELS=4
 Read_ODAS_Binary(INFORMATION) : FILE: ./Coefficient_Data/v.seviri_m09.TauCoeff.bin; 
   ODAS RELEASE.VERSION:  7.04  N_PREDICTORS= 6  N_ABSORBERS= 3  N_CHANNELS=4  N_Alphas= 3  N_Coeffs=273
 CloudCoeff_ReadFile(Binary)(INFORMATION) : FILE: ./Coefficient_Data/CloudCoeff.bin; 
 CloudCoeff RELEASE.VERSION:  3.04  N_FREQUENCIES(MW)=  31  N_FREQUENCIES(IR)=  61  N_RADII(MW)=10  N_RADII(IR)=10  N_TEMPERATURES= 5  N_DENSITIES= 3  N_LEGENDRE_TERMS=38  N_PHASE_ELEMENTS= 1
 AerosolCoeff_ReadFile(Binary)(INFORMATION) : FILE: ./Coefficient_Data/AerosolCoeff.bin; 
 AerosolCoeff RELEASE.VERSION:  3.04  N_WAVELENGTHS=  61  N_RADII= 36  N_TYPES= 8  N_RH= 36  N_LEGENDRE_TERMS=37  N_PHASE_ELEMENTS= 1
 Read_EmisCoeff_Binary(INFORMATION) : FILE: ./Coefficient_Data/Wu-Smith.EmisCoeff.bin; 
 EmisCoeff RELEASE.VERSION:  2.01  N_ANGLES= 67  N_FREQUENCIES=  153  N_WIND_SPEEDS= 23


       Profile 1 output for v.seviri_m09

     Channel 1 results
 RTSolution OBJECT
   Surface Emissivity      :  9.694889E-01
   Up Radiance             :  0.000000E+00
   Down Radiance           :  0.000000E+00
   Down Solar Radiance     :  0.000000E+00
   Surface Planck Radiance :  0.000000E+00
   Radiance                :  2.658240E-28
   Brightness Temperature  :  2.780385E+02

     Channel 2 results
 RTSolution OBJECT
   Surface Emissivity      :  8.301058E-01
   Up Radiance             :  0.000000E+00
   Down Radiance           :  0.000000E+00
   Down Solar Radiance     :  0.000000E+00
   Surface Planck Radiance :  0.000000E+00
   Radiance                :  4.488312E-22
   Brightness Temperature  :  2.697719E+02

     Channel 3 results
 RTSolution OBJECT
   Surface Emissivity      :  8.055045E-01
   Up Radiance             :  0.000000E+00
   Down Radiance           :  0.000000E+00
   Down Solar Radiance     :  0.000000E+00
   Surface Planck Radiance :  0.000000E+00
   Radiance                :  3.703433E-08
   Brightness Temperature  :  2.755246E+02

     Channel 12 results
 RTSolution OBJECT
   Surface Emissivity      :  9.624428E-01
   Up Radiance             :  0.000000E+00
   Down Radiance           :  0.000000E+00
   Down Solar Radiance     :  0.000000E+00
   Surface Planck Radiance :  0.000000E+00
   Radiance                :  7.877694E-30
   Brightness Temperature  :  2.779722E+02


       Profile 2 output for v.seviri_m09

     Channel 1 results
 RTSolution OBJECT
   Surface Emissivity      :  8.818611E-01
   Up Radiance             :  0.000000E+00
   Down Radiance           :  0.000000E+00
   Down Solar Radiance     :  0.000000E+00
   Surface Planck Radiance :  0.000000E+00
   Radiance                :  1.435110E-34
   Brightness Temperature  :  2.360517E+02

     Channel 2 results
 RTSolution OBJECT
   Surface Emissivity      :  8.696805E-01
   Up Radiance             :  0.000000E+00
   Down Radiance           :  0.000000E+00
   Down Solar Radiance     :  0.000000E+00
   Surface Planck Radiance :  0.000000E+00
   Radiance                :  4.479938E-27
   Brightness Temperature  :  2.297448E+02

     Channel 3 results
 RTSolution OBJECT
   Surface Emissivity      :  8.228621E-01
   Up Radiance             :  0.000000E+00
   Down Radiance           :  0.000000E+00
   Down Solar Radiance     :  0.000000E+00
   Surface Planck Radiance :  0.000000E+00
   Radiance                :  6.342218E-11
   Brightness Temperature  :  2.296992E+02

     Channel 12 results
 RTSolution OBJECT
   Surface Emissivity      :  8.749428E-01
   Up Radiance             :  0.000000E+00
   Down Radiance           :  0.000000E+00
   Down Solar Radiance     :  0.000000E+00
   Surface Planck Radiance :  0.000000E+00
   Radiance                :  2.570277E-36
   Brightness Temperature  :  2.363401E+02

     Destroying the CRTM...

     Comparing calculated results with saved ones...
 Example1_Simple(INFORMATION) : RTSolution save file does not exist. Creating...
 Example1_Simple(INFORMATION) : RTSolution results are the same!
