
     **********************************************************
                           Example3_Zeeman

      Program to provide a (relatively) simple example of how 
      to call the CRTM Forward function.

      CRTM Version: beta.REL-2.0
     **********************************************************


     Enter sensor id [ssmis_f16]: 

     Running CRTM for ssmis_f16 sensor...

     Initializing the CRTM...
 Read_SpcCoeff_Binary(INFORMATION) : FILE: ./Coefficient_Data/ssmis_f16.SpcCoeff.bin; 
 SpcCoeff RELEASE.VERSION:  7.02  N_CHANNELS=24
 Read_ODPS_Binary(INFORMATION) : FILE: ./Coefficient_Data/ssmis_f16.TauCoeff.bin; 
   ODPS RELEASE.VERSION:  2.01  N_LAYERS=100  N_COMPONENTS=2  N_ABSORBERS=1  N_CHANNELS=24  N_COEFFS=37300
 Read_ODPS_Binary(INFORMATION) : FILE: ./Coefficient_Data/zssmis_f16.TauCoeff.bin; 
   ODPS RELEASE.VERSION:  2.01  N_LAYERS=105  N_COMPONENTS=1  N_ABSORBERS=1  N_CHANNELS=4  N_COEFFS=59575
 CloudCoeff_ReadFile(Binary)(INFORMATION) : FILE: ./Coefficient_Data/CloudCoeff.bin; 
 CloudCoeff RELEASE.VERSION:  3.04  N_FREQUENCIES(MW)=  31  N_FREQUENCIES(IR)=  61  N_RADII(MW)=10  N_RADII(IR)=10  N_TEMPERATURES= 5  N_DENSITIES= 3  N_LEGENDRE_TERMS=38  N_PHASE_ELEMENTS= 1
 AerosolCoeff_ReadFile(Binary)(INFORMATION) : FILE: ./Coefficient_Data/AerosolCoeff.bin; 
 AerosolCoeff RELEASE.VERSION:  3.04  N_WAVELENGTHS=  61  N_RADII= 36  N_TYPES= 8  N_RH= 36  N_LEGENDRE_TERMS=37  N_PHASE_ELEMENTS= 1
 Read_EmisCoeff_Binary(INFORMATION) : FILE: ./Coefficient_Data/Wu-Smith.EmisCoeff.bin; 
 EmisCoeff RELEASE.VERSION:  2.01  N_ANGLES= 67  N_FREQUENCIES=  153  N_WIND_SPEEDS= 23
 CRTM_Atmosphere_IsValid(WARNING) : O3 absorber profile must be specified for infrared sensors


       Profile 1 output for ssmis_f16

     Channel 1 results
 RTSolution OBJECT
   Surface Emissivity      :  7.030090E-01
   Up Radiance             :  2.825624E-03
   Down Radiance           :  2.926704E-03
   Down Solar Radiance     :  0.000000E+00
   Surface Planck Radiance :  6.660169E-03
   Radiance                :  5.767591E-03
   Brightness Temperature  :  2.486983E+02

     Channel 2 results
 RTSolution OBJECT
   Surface Emissivity      :  7.091097E-01
   Up Radiance             :  5.446942E-03
   Down Radiance           :  5.914090E-03
   Down Solar Radiance     :  0.000000E+00
   Surface Planck Radiance :  7.337126E-03
   Radiance                :  6.485460E-03
   Brightness Temperature  :  2.538327E+02

     Channel 3 results
 RTSolution OBJECT
   Surface Emissivity      :  7.110017E-01
   Up Radiance             :  6.111993E-03
   Down Radiance           :  7.047654E-03
   Down Solar Radiance     :  0.000000E+00
   Surface Planck Radiance :  7.559512E-03
   Radiance                :  6.342769E-03
   Brightness Temperature  :  2.410122E+02

     Channel 4 results
 RTSolution OBJECT
   Surface Emissivity      :  7.128887E-01
   Up Radiance             :  6.166954E-03
   Down Radiance           :  7.618805E-03
   Down Solar Radiance     :  0.000000E+00
   Surface Planck Radiance :  7.787491E-03
   Radiance                :  6.179232E-03
   Brightness Temperature  :  2.279979E+02

     Channel 5 results
 RTSolution OBJECT
   Surface Emissivity      :  7.154321E-01
   Up Radiance             :  6.163163E-03
   Down Radiance           :  8.042081E-03
   Down Solar Radiance     :  0.000000E+00
   Surface Planck Radiance :  8.104864E-03
   Radiance                :  6.163165E-03
   Brightness Temperature  :  2.185608E+02

     Channel 6 results
 RTSolution OBJECT
   Surface Emissivity      :  7.194787E-01
   Up Radiance             :  6.564246E-03
   Down Radiance           :  7.545392E-03
   Down Solar Radiance     :  0.000000E+00
   Surface Planck Radiance :  8.634790E-03
   Radiance                :  6.564246E-03
   Brightness Temperature  :  2.185084E+02

     Channel 7 results
 RTSolution OBJECT
   Surface Emissivity      :  7.241074E-01
   Up Radiance             :  7.148652E-03
   Down Radiance           :  7.311475E-03
   Down Solar Radiance     :  0.000000E+00
   Surface Planck Radiance :  9.280891E-03
   Radiance                :  7.148652E-03
   Brightness Temperature  :  2.213894E+02

     Channel 8 results
 RTSolution OBJECT
   Surface Emissivity      :  5.605432E-01
   Up Radiance             :  2.719642E-02
   Down Radiance           :  2.765419E-02
   Down Solar Radiance     :  0.000000E+00
   Surface Planck Radiance :  5.873987E-02
   Radiance                :  5.038622E-02
   Brightness Temperature  :  2.466919E+02

     Channel 9 results
 RTSolution OBJECT
   Surface Emissivity      :  5.851881E-01
   Up Radiance             :  7.921788E-02
   Down Radiance           :  8.519227E-02
   Down Solar Radiance     :  0.000000E+00
   Surface Planck Radiance :  8.758339E-02
   Radiance                :  8.064883E-02
   Brightness Temperature  :  2.646218E+02

     Channel 10 results
 RTSolution OBJECT
   Surface Emissivity      :  5.851881E-01
   Up Radiance             :  7.671594E-02
   Down Radiance           :  8.734772E-02
   Down Solar Radiance     :  0.000000E+00
   Surface Planck Radiance :  8.749591E-02
   Radiance                :  7.671723E-02
   Brightness Temperature  :  2.521806E+02

     Channel 11 results
 RTSolution OBJECT
   Surface Emissivity      :  5.851881E-01
   Up Radiance             :  7.273102E-02
   Down Radiance           :  8.753300E-02
   Down Solar Radiance     :  0.000000E+00
   Surface Planck Radiance :  8.747556E-02
   Radiance                :  7.273102E-02
   Brightness Temperature  :  2.393576E+02

     Channel 12 results
 RTSolution OBJECT
   Surface Emissivity      :  3.322948E-01
   Up Radiance             :  6.684517E-05
   Down Radiance           :  7.432166E-05
   Down Solar Radiance     :  0.000000E+00
   Surface Planck Radiance :  9.882032E-04
   Radiance                :  4.177702E-04
   Brightness Temperature  :  1.215989E+02

     Channel 13 results
 RTSolution OBJECT
   Surface Emissivity      :  5.898476E-01
   Up Radiance             :  6.684595E-05
   Down Radiance           :  7.432245E-05
   Down Solar Radiance     :  0.000000E+00
   Surface Planck Radiance :  9.882036E-04
   Radiance                :  6.362849E-04
   Brightness Temperature  :  1.849588E+02

     Channel 14 results
 RTSolution OBJECT
   Surface Emissivity      :  6.161972E-01
   Up Radiance             :  2.056322E-04
   Down Radiance           :  2.152146E-04
   Down Solar Radiance     :  0.000000E+00
   Surface Planck Radiance :  1.304531E-03
   Radiance                :  9.435136E-04
   Brightness Temperature  :  2.077227E+02

     Channel 15 results
 RTSolution OBJECT
   Surface Emissivity      :  3.831171E-01
   Up Radiance             :  3.675515E-04
   Down Radiance           :  3.909563E-04
   Down Solar Radiance     :  0.000000E+00
   Surface Planck Radiance :  3.608276E-03
   Radiance                :  1.812664E-03
   Brightness Temperature  :  1.446188E+02

     Channel 16 results
 RTSolution OBJECT
   Surface Emissivity      :  6.660777E-01
   Up Radiance             :  3.675338E-04
   Down Radiance           :  3.909385E-04
   Down Solar Radiance     :  0.000000E+00
   Surface Planck Radiance :  3.608252E-03
   Radiance                :  2.622949E-03
   Brightness Temperature  :  2.088711E+02

     Channel 17 results
 RTSolution OBJECT
   Surface Emissivity      :  7.801148E-01
   Up Radiance             :  4.993184E-03
   Down Radiance           :  5.098782E-03
   Down Solar Radiance     :  0.000000E+00
   Surface Planck Radiance :  2.203966E-02
   Radiance                :  1.891507E-02
   Brightness Temperature  :  2.466218E+02

     Channel 18 results
 RTSolution OBJECT
   Surface Emissivity      :  4.915582E-01
   Up Radiance             :  4.993159E-03
   Down Radiance           :  5.098756E-03
   Down Solar Radiance     :  0.000000E+00
   Surface Planck Radiance :  2.203964E-02
   Radiance                :  1.519911E-02
   Brightness Temperature  :  1.986012E+02

     Channel 19 results
 RTSolution OBJECT
   Surface Emissivity      :  7.322491E-01
   Up Radiance             :  8.413790E-03
   Down Radiance           :  9.244027E-03
   Down Solar Radiance     :  0.000000E+00
   Surface Planck Radiance :  1.053080E-02
   Radiance                :  8.413790E-03
   Brightness Temperature  :  2.296085E+02

     Channel 20 results
 RTSolution OBJECT
   Surface Emissivity      :  7.270820E-01
   Up Radiance             :  7.132406E-03
   Down Radiance           :  8.603819E-03
   Down Solar Radiance     :  0.000000E+00
   Surface Planck Radiance :  9.720371E-03
   Radiance                :  7.132406E-03
   Brightness Temperature  :  2.109756E+02

     Channel 21 results
 RTSolution OBJECT
   Surface Emissivity      :  7.270820E-01
   Up Radiance             :  8.770306E-03
   Down Radiance           :  8.604159E-03
   Down Solar Radiance     :  0.000000E+00
   Surface Planck Radiance :  9.720371E-03
   Radiance                :  8.770306E-03
   Brightness Temperature  :  2.590908E+02

     Channel 22 results
 RTSolution OBJECT
   Surface Emissivity      :  7.270820E-01
   Up Radiance             :  8.763639E-03
   Down Radiance           :  8.604193E-03
   Down Solar Radiance     :  0.000000E+00
   Surface Planck Radiance :  9.720371E-03
   Radiance                :  8.763639E-03
   Brightness Temperature  :  2.588950E+02

     Channel 23 results
 RTSolution OBJECT
   Surface Emissivity      :  7.270820E-01
   Up Radiance             :  8.210688E-03
   Down Radiance           :  7.327484E-03
   Down Solar Radiance     :  0.000000E+00
   Surface Planck Radiance :  9.720372E-03
   Radiance                :  8.210688E-03
   Brightness Temperature  :  2.426514E+02

     Channel 24 results
 RTSolution OBJECT
   Surface Emissivity      :  7.270820E-01
   Up Radiance             :  7.738359E-03
   Down Radiance           :  7.327276E-03
   Down Solar Radiance     :  0.000000E+00
   Surface Planck Radiance :  9.720377E-03
   Radiance                :  7.738359E-03
   Brightness Temperature  :  2.287761E+02

     Destroying the CRTM...

     Comparing calculated results with saved ones...
 Example3_Zeeman(INFORMATION) : RTSolution results are the same!
