The system is: Linux - 3.10.0-957.1.3.el7.x86_64 - x86_64
Compiling the Fortran compiler identification source file "CMakeFortranCompilerId.F" succeeded.
Compiler: /opt/intel/18/compilers_and_libraries_2018.3.222/linux/bin/intel64/ifort 
Build flags: 
Id flags: -v 

The output was:
0
ifort version 18.0.3
/opt/intel/18/compilers_and_libraries_2018.3.222/linux/bin/intel64/fpp    -D__INTEL_COMPILER=1800 -D__INTEL_COMPILER_UPDATE=3 -D__unix__ -D__unix -D__linux__ -D__linux -D__gnu_linux__ -Dunix -Dlinux -D__ELF__ -D__x86_64 -D__x86_64__ -D__amd64 -D__amd64__ -D__INTEL_COMPILER_BUILD_DATE=20180410 -D__INTEL_OFFLOAD -D__i686 -D__i686__ -D__pentiumpro -D__pentiumpro__ -D__pentium4 -D__pentium4__ -D__tune_pentium4__ -D__SSE2__ -D__SSE2_MATH__ -D__SSE__ -D__SSE_MATH__ -D__MMX__ -I. -I/opt/intel/18/compilers_and_libraries_2018.3.222/linux/ipp/include -I/opt/intel/18/compilers_and_libraries_2018.3.222/linux/mkl/include -I/opt/intel/18/compilers_and_libraries_2018.3.222/linux/pstl/include -I/opt/intel/18/compilers_and_libraries_2018.3.222/linux/tbb/include -I/opt/intel/18/compilers_and_libraries_2018.3.222/linux/tbb/include -I/opt/intel/18/compilers_and_libraries_2018.3.222/linux/compiler/include/intel64 -I/opt/intel/18/compilers_and_libraries_2018.3.222/linux/compiler/include/icc -I/opt/intel/18/compilers_and_libraries_2018.3.222/linux/compiler/include -I/usr/local/include -I/usr/lib/gcc/x86_64-redhat-linux/4.8.5/include -I/usr/include/ -I/usr/include -fixed -4Ycpp -4Ncvf -f_com=yes -MX CMakeFortranCompilerId.F /tmp/ifort2OISn4.i
#include "..." search starts here:
#include <...> search starts here:
 .
 /opt/intel/18/compilers_and_libraries_2018.3.222/linux/ipp/include
 /opt/intel/18/compilers_and_libraries_2018.3.222/linux/mkl/include
 /opt/intel/18/compilers_and_libraries_2018.3.222/linux/pstl/include
 /opt/intel/18/compilers_and_libraries_2018.3.222/linux/tbb/include
 /opt/intel/18/compilers_and_libraries_2018.3.222/linux/tbb/include
 /opt/intel/18/compilers_and_libraries_2018.3.222/linux/compiler/include/intel64
 /opt/intel/18/compilers_and_libraries_2018.3.222/linux/compiler/include/icc
 /opt/intel/18/compilers_and_libraries_2018.3.222/linux/compiler/include
 /usr/local/include
 /usr/lib/gcc/x86_64-redhat-linux/4.8.5/include
 /usr/include/
 /usr/include
End of search list.
/opt/intel/18/compilers_and_libraries_2018.3.222/linux/bin/intel64/fortcom    -D__INTEL_COMPILER=1800 -D__INTEL_COMPILER_UPDATE=3 -D__unix__ -D__unix -D__linux__ -D__linux -D__gnu_linux__ -Dunix -Dlinux -D__ELF__ -D__x86_64 -D__x86_64__ -D__amd64 -D__amd64__ -D__INTEL_COMPILER_BUILD_DATE=20180410 -D__INTEL_OFFLOAD -D__i686 -D__i686__ -D__pentiumpro -D__pentiumpro__ -D__pentium4 -D__pentium4__ -D__tune_pentium4__ -D__SSE2__ -D__SSE2_MATH__ -D__SSE__ -D__SSE_MATH__ -D__MMX__ -mGLOB_pack_sort_init_list -I. -I/opt/intel/18/compilers_and_libraries_2018.3.222/linux/ipp/include -I/opt/intel/18/compilers_and_libraries_2018.3.222/linux/mkl/include -I/opt/intel/18/compilers_and_libraries_2018.3.222/linux/pstl/include -I/opt/intel/18/compilers_and_libraries_2018.3.222/linux/tbb/include -I/opt/intel/18/compilers_and_libraries_2018.3.222/linux/tbb/include -I/opt/intel/18/compilers_and_libraries_2018.3.222/linux/compiler/include/intel64 -I/opt/intel/18/compilers_and_libraries_2018.3.222/linux/compiler/include/icc -I/opt/intel/18/compilers_and_libraries_2018.3.222/linux/compiler/include -I/usr/local/include -I/usr/lib/gcc/x86_64-redhat-linux/4.8.5/include -I/usr/include/ -I/usr/include -O2 "-reentrancy threaded" -simd -offload_host -mGLOB_em64t=TRUE -mP1OPT_version=18.0-intel64 -mGLOB_diag_file=/tmp/ifortP3gZxS.diag -mGLOB_long_size_64 -mGLOB_routine_pointer_size_64 -mGLOB_source_language=GLOB_SOURCE_LANGUAGE_F90 -mP2OPT_static_promotion -mP1OPT_print_version=FALSE -mCG_use_gas_got_workaround=F -mP2OPT_align_option_used=TRUE -mGLOB_gcc_version=485 -mGLOB_options_string=-v -mGLOB_cxx_limited_range=FALSE -mCG_extend_parms=FALSE -mGLOB_compiler_bin_directory=/opt/intel/18/compilers_and_libraries_2018.3.222/linux/bin/intel64 -mGLOB_as_output_backup_file_name=/tmp/ifortPzVbWDas_.s -mGLOB_dashboard_use_source_name -mIPOPT_activate -mIPOPT_lite -mGLOB_instruction_tuning=0x0 -mGLOB_uarch_tuning=0x0 -mGLOB_product_id_code=0x22006d90 -mCG_bnl_movbe=T -mGLOB_extended_instructions=0x8 -mP3OPT_use_mspp_call_convention -mP2OPT_subs_out_of_bound=FALSE -mP2OPT_disam_type_based_disam=2 -mGLOB_ansi_alias -mPGOPTI_value_profile_use=T -mGLOB_opt_report_use_source_name -mP2OPT_il0_array_sections=TRUE -mGLOB_offload_mode=1 -mP2OPT_offload_unique_var_string=ifort17121222466C32aa -mP2OPT_hlo_level=2 -mP2OPT_hlo -mP2OPT_hpo_rtt_control=0 -mIPOPT_args_in_regs=0 -mP2OPT_disam_assume_nonstd_intent_in=FALSE -mGLOB_imf_mapping_library=/opt/intel/18/compilers_and_libraries_2018.3.222/linux/bin/intel64/libiml_attr.so -mIPOPT_single_file_compile_and_link=TRUE -mPGOPTI_gen_threadsafe_level=0 -mIPOPT_lto_object_enabled -mIPOPT_lto_object_value=1 -mIPOPT_obj_output_file_name=/tmp/ifortP3gZxS.o -mIPOPT_whole_archive_fixup_file_name=/tmp/ifortwarchbi1eF1 -mGLOB_linker_version=2.27 -mGLOB_driver_tempfile_name=/tmp/iforttempfileeP8Swd -mP3OPT_asm_target=P3OPT_ASM_TARGET_GAS -mGLOB_async_unwind_tables=TRUE -mGLOB_obj_output_file=/tmp/ifortP3gZxS.o -mGLOB_source_dialect=GLOB_SOURCE_DIALECT_FORTRAN -mP1OPT_source_file_name=CMakeFortranCompilerId.F -mP1OPT_full_source_file_name=/scratch/long/users/bjohnson/singularity/CRTM_dev/src/Build/CMakeFiles/3.17.1/CompilerIdFortran/CMakeFortranCompilerId.F -mP2OPT_symtab_type_copy=true /tmp/ifort2OISn4.i
#include "..." search starts here:
#include <...> search starts here:
 .
 /opt/intel/18/compilers_and_libraries_2018.3.222/linux/ipp/include
 /opt/intel/18/compilers_and_libraries_2018.3.222/linux/mkl/include
 /opt/intel/18/compilers_and_libraries_2018.3.222/linux/pstl/include
 /opt/intel/18/compilers_and_libraries_2018.3.222/linux/tbb/include
 /opt/intel/18/compilers_and_libraries_2018.3.222/linux/tbb/include
 /opt/intel/18/compilers_and_libraries_2018.3.222/linux/compiler/include/intel64
 /opt/intel/18/compilers_and_libraries_2018.3.222/linux/compiler/include/icc
 /opt/intel/18/compilers_and_libraries_2018.3.222/linux/compiler/include
 /usr/local/include
 /usr/lib/gcc/x86_64-redhat-linux/4.8.5/include
 /usr/include/
 /usr/include
End of search list.
ld    /usr/lib/gcc/x86_64-redhat-linux/4.8.5/../../../../lib64/crt1.o /usr/lib/gcc/x86_64-redhat-linux/4.8.5/../../../../lib64/crti.o /usr/lib/gcc/x86_64-redhat-linux/4.8.5/crtbegin.o --eh-frame-hdr --build-id -dynamic-linker /lib64/ld-linux-x86-64.so.2 -m elf_x86_64 -o a.out /opt/intel/18/compilers_and_libraries_2018.3.222/linux/compiler/lib/intel64_lin/for_main.o -L/opt/intel/18/clck/2018.3/lib/intel64 -L/opt/intel/18/compilers_and_libraries_2018.3.222/linux/ipp/lib/intel64 -L/opt/intel/18/compilers_and_libraries_2018.3.222/linux/compiler/lib/intel64_lin -L/opt/intel/18/compilers_and_libraries_2018.3.222/linux/mkl/lib/intel64_lin -L/opt/intel/18/compilers_and_libraries_2018.3.222/linux/tbb/lib/intel64/gcc4.4 -L/opt/intel/18/compilers_and_libraries_2018.3.222/linux/compiler/lib/intel64_lin -L/usr/lib/gcc/x86_64-redhat-linux/4.8.5/ -L/usr/lib/gcc/x86_64-redhat-linux/4.8.5/../../../../lib64 -L/usr/lib/gcc/x86_64-redhat-linux/4.8.5/../../../../lib64/ -L/lib/../lib64 -L/lib/../lib64/ -L/usr/lib/../lib64 -L/usr/lib/../lib64/ -L/opt/intel/18/clck/2018.3/lib/intel64/ -L/opt/intel/18/compilers_and_libraries_2018.3.222/linux/ipp/lib/intel64/ -L/opt/intel/18/compilers_and_libraries_2018.3.222/linux/compiler/lib/intel64_lin/ -L/opt/intel/18/compilers_and_libraries_2018.3.222/linux/mkl/lib/intel64_lin/ -L/opt/intel/18/compilers_and_libraries_2018.3.222/linux/tbb/lib/intel64/gcc4.4/ -L/usr/lib/gcc/x86_64-redhat-linux/4.8.5/../../../ -L/lib64 -L/lib/ -L/usr/lib64 -L/usr/lib /tmp/ifortP3gZxS.o -Bdynamic -Bstatic -lifport -lifcoremt -limf -lsvml -Bdynamic -lm -Bstatic -lipgo -lirc -Bdynamic -lpthread -Bstatic -lsvml -Bdynamic -lc -lgcc -lgcc_s -Bstatic -lirc_s -Bdynamic -ldl -lc /usr/lib/gcc/x86_64-redhat-linux/4.8.5/crtend.o /usr/lib/gcc/x86_64-redhat-linux/4.8.5/../../../../lib64/crtn.o


Compilation of the Fortran compiler identification source "CMakeFortranCompilerId.F" produced "a.out"

The Fortran compiler identification is Intel, found in "/scratch/long/users/bjohnson/singularity/CRTM_dev/src/Build/CMakeFiles/3.17.1/CompilerIdFortran/a.out"

Determining if the Fortran compiler works passed with the following output:
Change Dir: /scratch/long/users/bjohnson/singularity/CRTM_dev/src/Build/CMakeFiles/CMakeTmp

Run Build Command(s):/usr/bin/gmake cmTC_bf79b/fast && /usr/bin/gmake  -f CMakeFiles/cmTC_bf79b.dir/build.make CMakeFiles/cmTC_bf79b.dir/build
gmake[1]: Entering directory `/scratch/long/users/bjohnson/singularity/CRTM_dev/src/Build/CMakeFiles/CMakeTmp'
Building Fortran object CMakeFiles/cmTC_bf79b.dir/testFortranCompiler.f.o
/opt/intel/18/compilers_and_libraries_2018.3.222/linux/bin/intel64/ifort    -c /scratch/long/users/bjohnson/singularity/CRTM_dev/src/Build/CMakeFiles/CMakeTmp/testFortranCompiler.f -o CMakeFiles/cmTC_bf79b.dir/testFortranCompiler.f.o
Linking Fortran executable cmTC_bf79b
/usr/bin/cmake -E cmake_link_script CMakeFiles/cmTC_bf79b.dir/link.txt --verbose=1
/opt/intel/18/compilers_and_libraries_2018.3.222/linux/bin/intel64/ifort  -qopenmp    CMakeFiles/cmTC_bf79b.dir/testFortranCompiler.f.o  -o cmTC_bf79b 
gmake[1]: Leaving directory `/scratch/long/users/bjohnson/singularity/CRTM_dev/src/Build/CMakeFiles/CMakeTmp'



Detecting Fortran compiler ABI info compiled with the following output:
Change Dir: /scratch/long/users/bjohnson/singularity/CRTM_dev/src/Build/CMakeFiles/CMakeTmp

Run Build Command(s):/usr/bin/gmake cmTC_32ad6/fast && /usr/bin/gmake  -f CMakeFiles/cmTC_32ad6.dir/build.make CMakeFiles/cmTC_32ad6.dir/build
gmake[1]: Entering directory `/scratch/long/users/bjohnson/singularity/CRTM_dev/src/Build/CMakeFiles/CMakeTmp'
Building Fortran object CMakeFiles/cmTC_32ad6.dir/CMakeFortranCompilerABI.F.o
/opt/intel/18/compilers_and_libraries_2018.3.222/linux/bin/intel64/ifort   -v -c /usr/share/cmake-3.17/Modules/CMakeFortranCompilerABI.F -o CMakeFiles/cmTC_32ad6.dir/CMakeFortranCompilerABI.F.o
ifort version 18.0.3
/opt/intel/18/compilers_and_libraries_2018.3.222/linux/bin/intel64/fpp    -D__INTEL_COMPILER=1800 -D__INTEL_COMPILER_UPDATE=3 -D__unix__ -D__unix -D__linux__ -D__linux -D__gnu_linux__ -Dunix -Dlinux -D__ELF__ -D__x86_64 -D__x86_64__ -D__amd64 -D__amd64__ -D__INTEL_COMPILER_BUILD_DATE=20180410 -D__INTEL_OFFLOAD -D__i686 -D__i686__ -D__pentiumpro -D__pentiumpro__ -D__pentium4 -D__pentium4__ -D__tune_pentium4__ -D__SSE2__ -D__SSE2_MATH__ -D__SSE__ -D__SSE_MATH__ -D__MMX__ -I. -I/opt/intel/18/compilers_and_libraries_2018.3.222/linux/ipp/include -I/opt/intel/18/compilers_and_libraries_2018.3.222/linux/mkl/include -I/opt/intel/18/compilers_and_libraries_2018.3.222/linux/pstl/include -I/opt/intel/18/compilers_and_libraries_2018.3.222/linux/tbb/include -I/opt/intel/18/compilers_and_libraries_2018.3.222/linux/tbb/include -I/opt/intel/18/compilers_and_libraries_2018.3.222/linux/compiler/include/intel64 -I/opt/intel/18/compilers_and_libraries_2018.3.222/linux/compiler/include/icc -I/opt/intel/18/compilers_and_libraries_2018.3.222/linux/compiler/include -I/usr/local/include -I/usr/lib/gcc/x86_64-redhat-linux/4.8.5/include -I/usr/include/ -I/usr/include -fixed -4Ycpp -4Ncvf -f_com=yes -MX /usr/share/cmake-3.17/Modules/CMakeFortranCompilerABI.F /tmp/ifortgZorku.i
#include "..." search starts here:
#include <...> search starts here:
 .
 /opt/intel/18/compilers_and_libraries_2018.3.222/linux/ipp/include
 /opt/intel/18/compilers_and_libraries_2018.3.222/linux/mkl/include
 /opt/intel/18/compilers_and_libraries_2018.3.222/linux/pstl/include
 /opt/intel/18/compilers_and_libraries_2018.3.222/linux/tbb/include
 /opt/intel/18/compilers_and_libraries_2018.3.222/linux/tbb/include
 /opt/intel/18/compilers_and_libraries_2018.3.222/linux/compiler/include/intel64
 /opt/intel/18/compilers_and_libraries_2018.3.222/linux/compiler/include/icc
 /opt/intel/18/compilers_and_libraries_2018.3.222/linux/compiler/include
 /usr/local/include
 /usr/lib/gcc/x86_64-redhat-linux/4.8.5/include
 /usr/include/
 /usr/include
End of search list.
/opt/intel/18/compilers_and_libraries_2018.3.222/linux/bin/intel64/fortcom    -D__INTEL_COMPILER=1800 -D__INTEL_COMPILER_UPDATE=3 -D__unix__ -D__unix -D__linux__ -D__linux -D__gnu_linux__ -Dunix -Dlinux -D__ELF__ -D__x86_64 -D__x86_64__ -D__amd64 -D__amd64__ -D__INTEL_COMPILER_BUILD_DATE=20180410 -D__INTEL_OFFLOAD -D__i686 -D__i686__ -D__pentiumpro -D__pentiumpro__ -D__pentium4 -D__pentium4__ -D__tune_pentium4__ -D__SSE2__ -D__SSE2_MATH__ -D__SSE__ -D__SSE_MATH__ -D__MMX__ -mGLOB_pack_sort_init_list -I/usr/share/cmake-3.17/Modules -I. -I/opt/intel/18/compilers_and_libraries_2018.3.222/linux/ipp/include -I/opt/intel/18/compilers_and_libraries_2018.3.222/linux/mkl/include -I/opt/intel/18/compilers_and_libraries_2018.3.222/linux/pstl/include -I/opt/intel/18/compilers_and_libraries_2018.3.222/linux/tbb/include -I/opt/intel/18/compilers_and_libraries_2018.3.222/linux/tbb/include -I/opt/intel/18/compilers_and_libraries_2018.3.222/linux/compiler/include/intel64 -I/opt/intel/18/compilers_and_libraries_2018.3.222/linux/compiler/include/icc -I/opt/intel/18/compilers_and_libraries_2018.3.222/linux/compiler/include -I/usr/local/include -I/usr/lib/gcc/x86_64-redhat-linux/4.8.5/include -I/usr/include/ -I/usr/include -O2 "-reentrancy threaded" -simd -offload_host -mGLOB_em64t=TRUE -mP1OPT_version=18.0-intel64 -mGLOB_diag_file=CMakeFiles/cmTC_32ad6.dir/CMakeFortranCompilerABI.F.diag -mGLOB_long_size_64 -mGLOB_routine_pointer_size_64 -mGLOB_source_language=GLOB_SOURCE_LANGUAGE_F90 -mP2OPT_static_promotion -mP1OPT_print_version=FALSE -mCG_use_gas_got_workaround=F -mP2OPT_align_option_used=TRUE -mGLOB_gcc_version=485 "-mGLOB_options_string=-v -c -o CMakeFiles/cmTC_32ad6.dir/CMakeFortranCompilerABI.F.o" -mGLOB_cxx_limited_range=FALSE -mCG_extend_parms=FALSE -mGLOB_compiler_bin_directory=/opt/intel/18/compilers_and_libraries_2018.3.222/linux/bin/intel64 -mGLOB_as_output_backup_file_name=/tmp/ifortnTayU7as_.s -mIPOPT_activate -mIPOPT_lite -mGLOB_instruction_tuning=0x0 -mGLOB_uarch_tuning=0x0 -mGLOB_product_id_code=0x22006d90 -mCG_bnl_movbe=T -mGLOB_extended_instructions=0x8 -mP3OPT_use_mspp_call_convention -mP2OPT_subs_out_of_bound=FALSE -mP2OPT_disam_type_based_disam=2 -mGLOB_ansi_alias -mPGOPTI_value_profile_use=T -mP2OPT_il0_array_sections=TRUE -mGLOB_offload_mode=1 -mP2OPT_offload_unique_var_string=ifort10342123004tk1WM -mP2OPT_hlo_level=2 -mP2OPT_hlo -mP2OPT_hpo_rtt_control=0 -mIPOPT_args_in_regs=0 -mP2OPT_disam_assume_nonstd_intent_in=FALSE -mGLOB_imf_mapping_library=/opt/intel/18/compilers_and_libraries_2018.3.222/linux/bin/intel64/libiml_attr.so -mPGOPTI_gen_threadsafe_level=0 -mIPOPT_lto_object_enabled -mIPOPT_lto_object_value=1 -mIPOPT_obj_output_file_name=CMakeFiles/cmTC_32ad6.dir/CMakeFortranCompilerABI.F.o -mIPOPT_whole_archive_fixup_file_name=/tmp/ifortwarchLQ8Jjy -mGLOB_linker_version=2.27 -mGLOB_driver_tempfile_name=/tmp/iforttempfileioEtwL -mP3OPT_asm_target=P3OPT_ASM_TARGET_GAS -mGLOB_async_unwind_tables=TRUE -mGLOB_obj_output_file=CMakeFiles/cmTC_32ad6.dir/CMakeFortranCompilerABI.F.o -mGLOB_source_dialect=GLOB_SOURCE_DIALECT_FORTRAN -mP1OPT_source_file_name=/usr/share/cmake-3.17/Modules/CMakeFortranCompilerABI.F -mP1OPT_full_source_file_name=/usr/share/cmake-3.17/Modules/CMakeFortranCompilerABI.F -mP2OPT_symtab_type_copy=true /tmp/ifortgZorku.i
#include "..." search starts here:
#include <...> search starts here:
 /usr/share/cmake-3.17/Modules
 .
 /opt/intel/18/compilers_and_libraries_2018.3.222/linux/ipp/include
 /opt/intel/18/compilers_and_libraries_2018.3.222/linux/mkl/include
 /opt/intel/18/compilers_and_libraries_2018.3.222/linux/pstl/include
 /opt/intel/18/compilers_and_libraries_2018.3.222/linux/tbb/include
 /opt/intel/18/compilers_and_libraries_2018.3.222/linux/tbb/include
 /opt/intel/18/compilers_and_libraries_2018.3.222/linux/compiler/include/intel64
 /opt/intel/18/compilers_and_libraries_2018.3.222/linux/compiler/include/icc
 /opt/intel/18/compilers_and_libraries_2018.3.222/linux/compiler/include
 /usr/local/include
 /usr/lib/gcc/x86_64-redhat-linux/4.8.5/include
 /usr/include/
 /usr/include
End of search list.
Linking Fortran executable cmTC_32ad6
/usr/bin/cmake -E cmake_link_script CMakeFiles/cmTC_32ad6.dir/link.txt --verbose=1
/opt/intel/18/compilers_and_libraries_2018.3.222/linux/bin/intel64/ifort  -qopenmp -v   CMakeFiles/cmTC_32ad6.dir/CMakeFortranCompilerABI.F.o  -o cmTC_32ad6 
ifort version 18.0.3
/opt/intel/18/compilers_and_libraries_2018.3.222/linux/bin/intel64/fortcom    -mGLOB_em64t=TRUE -mP1OPT_version=18.0-intel64 -mGLOB_diag_file=CMakeFiles/cmTC_32ad6.dir/CMakeFortranCompilerABI.F.diag -mGLOB_long_size_64 -mGLOB_routine_pointer_size_64 -mGLOB_source_language=GLOB_SOURCE_LANGUAGE_F90 -mP2OPT_static_promotion -mP1OPT_print_version=FALSE -mCG_use_gas_got_workaround=F -mP2OPT_align_option_used=TRUE -mGLOB_gcc_version=485 "-mGLOB_options_string=-qopenmp -v -o cmTC_32ad6" -mGLOB_cxx_limited_range=FALSE -mCG_extend_parms=FALSE -mGLOB_compiler_bin_directory=/opt/intel/18/compilers_and_libraries_2018.3.222/linux/bin/intel64 -mGLOB_as_output_backup_file_name=/tmp/ifort7HTZWtas_.s -mGLOB_dashboard_use_source_name -mIPOPT_activate -mGLOB_product_id_code=0x22006d90 -mP3OPT_use_mspp_call_convention -mP2OPT_subs_out_of_bound=FALSE -mP2OPT_disam_type_based_disam=2 -mGLOB_ansi_alias -mPGOPTI_value_profile_use=T -mGLOB_opt_report_use_source_name -mPAROPT_openmp=TRUE -mP2OPT_il0_array_sections=TRUE -mGLOB_offload_mode=1 -mP2OPT_offload_unique_var_string=ifort1234220830TodadS -mP2OPT_hlo -mP2OPT_hpo_rtt_control=0 -mIPOPT_args_in_regs=0 -mP2OPT_disam_assume_nonstd_intent_in=FALSE -mGLOB_imf_mapping_library=/opt/intel/18/compilers_and_libraries_2018.3.222/linux/bin/intel64/libiml_attr.so -mPGOPTI_gen_threadsafe_level=0 -mIPOPT_link -mIPOPT_ipo_activate -mIPOPT_mo_activate -mIPOPT_source_files_list=/tmp/ifortslisnGggNP -mIPOPT_mo_global_data -mIPOPT_link_script_file=/tmp/ifortscriptlF5Za3 "-mIPOPT_cmdline_link="/usr/lib/gcc/x86_64-redhat-linux/4.8.5/../../../../lib64/crt1.o" "/usr/lib/gcc/x86_64-redhat-linux/4.8.5/../../../../lib64/crti.o" "/usr/lib/gcc/x86_64-redhat-linux/4.8.5/crtbegin.o" "--eh-frame-hdr" "--build-id" "-dynamic-linker" "/lib64/ld-linux-x86-64.so.2" "-m" "elf_x86_64" "-o" "cmTC_32ad6" "/opt/intel/18/compilers_and_libraries_2018.3.222/linux/compiler/lib/intel64_lin/for_main.o" "-L/opt/intel/18/clck/2018.3/lib/intel64" "-L/opt/intel/18/compilers_and_libraries_2018.3.222/linux/ipp/lib/intel64" "-L/opt/intel/18/compilers_and_libraries_2018.3.222/linux/compiler/lib/intel64_lin" "-L/opt/intel/18/compilers_and_libraries_2018.3.222/linux/mkl/lib/intel64_lin" "-L/opt/intel/18/compilers_and_libraries_2018.3.222/linux/tbb/lib/intel64/gcc4.4" "-L/opt/intel/18/compilers_and_libraries_2018.3.222/linux/compiler/lib/intel64_lin" "-L/usr/lib/gcc/x86_64-redhat-linux/4.8.5/" "-L/usr/lib/gcc/x86_64-redhat-linux/4.8.5/../../../../lib64" "-L/usr/lib/gcc/x86_64-redhat-linux/4.8.5/../../../../lib64/" "-L/lib/../lib64" "-L/lib/../lib64/" "-L/usr/lib/../lib64" "-L/usr/lib/../lib64/" "-L/opt/intel/18/clck/2018.3/lib/intel64/" "-L/opt/intel/18/compilers_and_libraries_2018.3.222/linux/ipp/lib/intel64/" "-L/opt/intel/18/compilers_and_libraries_2018.3.222/linux/compiler/lib/intel64_lin/" "-L/opt/intel/18/compilers_and_libraries_2018.3.222/linux/mkl/lib/intel64_lin/" "-L/opt/intel/18/compilers_and_libraries_2018.3.222/linux/tbb/lib/intel64/gcc4.4/" "-L/usr/lib/gcc/x86_64-redhat-linux/4.8.5/../../../" "-L/lib64" "-L/lib/" "-L/usr/lib64" "-L/usr/lib" "CMakeFiles/cmTC_32ad6.dir/CMakeFortranCompilerABI.F.o" "-Bdynamic" "-Bstatic" "-lifport" "-lifcoremt" "-limf" "-lsvml" "-Bdynamic" "-lm" "-Bstatic" "-lipgo" "-Bdynamic" "-liomp5" "-Bstatic" "-lirc" "-Bdynamic" "-lpthread" "-Bstatic" "-lsvml" "-Bdynamic" "-lc" "-lgcc" "-lgcc_s" "-Bstatic" "-lirc_s" "-Bdynamic" "-ldl" "-lc" "/usr/lib/gcc/x86_64-redhat-linux/4.8.5/crtend.o" "/usr/lib/gcc/x86_64-redhat-linux/4.8.5/../../../../lib64/crtn.o"" -mIPOPT_il_in_obj -mIPOPT_ipo_activate_warn=FALSE -mIPOPT_obj_output_file_name=/tmp/ipo_ifortzsqQux.o -mIPOPT_whole_archive_fixup_file_name=/tmp/ifortwarchJ3sw87 -mGLOB_linker_version=2.27 -mGLOB_driver_tempfile_name=/tmp/iforttempfileTSHmxl -mP3OPT_asm_target=P3OPT_ASM_TARGET_GAS -mGLOB_async_unwind_tables=TRUE -mGLOB_obj_output_file=/tmp/ipo_ifortzsqQux.o -mGLOB_source_dialect=GLOB_SOURCE_DIALECT_NONE -mP1OPT_source_file_name=ipo_out.f -mP2OPT_symtab_type_copy=true CMakeFiles/cmTC_32ad6.dir/CMakeFortranCompilerABI.F.o -mIPOPT_object_files=T -mIPOPT_assembly_files=/tmp/ifortalisjozjgY -mIPOPT_generated_tempfiles=/tmp/ifortelis7og2Db -mIPOPT_embedded_object_base_name=/tmp/iforteobjDWdL1o -mIPOPT_cmdline_link_new_name=/tmp/ifortllisJ0BvpC
ld    /usr/lib/gcc/x86_64-redhat-linux/4.8.5/../../../../lib64/crt1.o /usr/lib/gcc/x86_64-redhat-linux/4.8.5/../../../../lib64/crti.o /usr/lib/gcc/x86_64-redhat-linux/4.8.5/crtbegin.o --eh-frame-hdr --build-id -dynamic-linker /lib64/ld-linux-x86-64.so.2 -m elf_x86_64 -o cmTC_32ad6 /opt/intel/18/compilers_and_libraries_2018.3.222/linux/compiler/lib/intel64_lin/for_main.o -L/opt/intel/18/clck/2018.3/lib/intel64 -L/opt/intel/18/compilers_and_libraries_2018.3.222/linux/ipp/lib/intel64 -L/opt/intel/18/compilers_and_libraries_2018.3.222/linux/compiler/lib/intel64_lin -L/opt/intel/18/compilers_and_libraries_2018.3.222/linux/mkl/lib/intel64_lin -L/opt/intel/18/compilers_and_libraries_2018.3.222/linux/tbb/lib/intel64/gcc4.4 -L/opt/intel/18/compilers_and_libraries_2018.3.222/linux/compiler/lib/intel64_lin -L/usr/lib/gcc/x86_64-redhat-linux/4.8.5/ -L/usr/lib/gcc/x86_64-redhat-linux/4.8.5/../../../../lib64 -L/usr/lib/gcc/x86_64-redhat-linux/4.8.5/../../../../lib64/ -L/lib/../lib64 -L/lib/../lib64/ -L/usr/lib/../lib64 -L/usr/lib/../lib64/ -L/opt/intel/18/clck/2018.3/lib/intel64/ -L/opt/intel/18/compilers_and_libraries_2018.3.222/linux/ipp/lib/intel64/ -L/opt/intel/18/compilers_and_libraries_2018.3.222/linux/compiler/lib/intel64_lin/ -L/opt/intel/18/compilers_and_libraries_2018.3.222/linux/mkl/lib/intel64_lin/ -L/opt/intel/18/compilers_and_libraries_2018.3.222/linux/tbb/lib/intel64/gcc4.4/ -L/usr/lib/gcc/x86_64-redhat-linux/4.8.5/../../../ -L/lib64 -L/lib/ -L/usr/lib64 -L/usr/lib CMakeFiles/cmTC_32ad6.dir/CMakeFortranCompilerABI.F.o -Bdynamic -Bstatic -lifport -lifcoremt -limf -lsvml -Bdynamic -lm -Bstatic -lipgo -Bdynamic -liomp5 -Bstatic -lirc -Bdynamic -lpthread -Bstatic -lsvml -Bdynamic -lc -lgcc -lgcc_s -Bstatic -lirc_s -Bdynamic -ldl -lc /usr/lib/gcc/x86_64-redhat-linux/4.8.5/crtend.o /usr/lib/gcc/x86_64-redhat-linux/4.8.5/../../../../lib64/crtn.o
gmake[1]: Leaving directory `/scratch/long/users/bjohnson/singularity/CRTM_dev/src/Build/CMakeFiles/CMakeTmp'



Parsed Fortran implicit include dir info from above output: rv=done
  found start of include info
  found start of implicit include info
    add: [.]
    add: [/opt/intel/18/compilers_and_libraries_2018.3.222/linux/ipp/include]
    add: [/opt/intel/18/compilers_and_libraries_2018.3.222/linux/mkl/include]
    add: [/opt/intel/18/compilers_and_libraries_2018.3.222/linux/pstl/include]
    add: [/opt/intel/18/compilers_and_libraries_2018.3.222/linux/tbb/include]
    add: [/opt/intel/18/compilers_and_libraries_2018.3.222/linux/tbb/include]
    add: [/opt/intel/18/compilers_and_libraries_2018.3.222/linux/compiler/include/intel64]
    add: [/opt/intel/18/compilers_and_libraries_2018.3.222/linux/compiler/include/icc]
    add: [/opt/intel/18/compilers_and_libraries_2018.3.222/linux/compiler/include]
    add: [/usr/local/include]
    add: [/usr/lib/gcc/x86_64-redhat-linux/4.8.5/include]
    add: [/usr/include/]
    add: [/usr/include]
  end of search list found
  skipping relative include dir [.]
  collapse include dir [/opt/intel/18/compilers_and_libraries_2018.3.222/linux/ipp/include] ==> [/opt/intel/18/compilers_and_libraries_2018.3.222/linux/ipp/include]
  collapse include dir [/opt/intel/18/compilers_and_libraries_2018.3.222/linux/mkl/include] ==> [/opt/intel/18/compilers_and_libraries_2018.3.222/linux/mkl/include]
  collapse include dir [/opt/intel/18/compilers_and_libraries_2018.3.222/linux/pstl/include] ==> [/opt/intel/18/compilers_and_libraries_2018.3.222/linux/pstl/include]
  collapse include dir [/opt/intel/18/compilers_and_libraries_2018.3.222/linux/tbb/include] ==> [/opt/intel/18/compilers_and_libraries_2018.3.222/linux/tbb/include]
  collapse include dir [/opt/intel/18/compilers_and_libraries_2018.3.222/linux/tbb/include] ==> [/opt/intel/18/compilers_and_libraries_2018.3.222/linux/tbb/include]
  collapse include dir [/opt/intel/18/compilers_and_libraries_2018.3.222/linux/compiler/include/intel64] ==> [/opt/intel/18/compilers_and_libraries_2018.3.222/linux/compiler/include/intel64]
  collapse include dir [/opt/intel/18/compilers_and_libraries_2018.3.222/linux/compiler/include/icc] ==> [/opt/intel/18/compilers_and_libraries_2018.3.222/linux/compiler/include/icc]
  collapse include dir [/opt/intel/18/compilers_and_libraries_2018.3.222/linux/compiler/include] ==> [/opt/intel/18/compilers_and_libraries_2018.3.222/linux/compiler/include]
  collapse include dir [/usr/local/include] ==> [/usr/local/include]
  collapse include dir [/usr/lib/gcc/x86_64-redhat-linux/4.8.5/include] ==> [/usr/lib/gcc/x86_64-redhat-linux/4.8.5/include]
  collapse include dir [/usr/include/] ==> [/usr/include]
  collapse include dir [/usr/include] ==> [/usr/include]
  implicit include dirs: [/opt/intel/18/compilers_and_libraries_2018.3.222/linux/ipp/include;/opt/intel/18/compilers_and_libraries_2018.3.222/linux/mkl/include;/opt/intel/18/compilers_and_libraries_2018.3.222/linux/pstl/include;/opt/intel/18/compilers_and_libraries_2018.3.222/linux/tbb/include;/opt/intel/18/compilers_and_libraries_2018.3.222/linux/compiler/include/intel64;/opt/intel/18/compilers_and_libraries_2018.3.222/linux/compiler/include/icc;/opt/intel/18/compilers_and_libraries_2018.3.222/linux/compiler/include;/usr/local/include;/usr/lib/gcc/x86_64-redhat-linux/4.8.5/include;/usr/include]


Parsed Fortran implicit link information from above output:
  link line regex: [^( *|.*[/\])(ld|CMAKE_LINK_STARTFILE-NOTFOUND|([^/\]+-)?ld|collect2)[^/\]*( |$)]
  ignore line: [Change Dir: /scratch/long/users/bjohnson/singularity/CRTM_dev/src/Build/CMakeFiles/CMakeTmp]
  ignore line: []
  ignore line: [Run Build Command(s):/usr/bin/gmake cmTC_32ad6/fast && /usr/bin/gmake  -f CMakeFiles/cmTC_32ad6.dir/build.make CMakeFiles/cmTC_32ad6.dir/build]
  ignore line: [gmake[1]: Entering directory `/scratch/long/users/bjohnson/singularity/CRTM_dev/src/Build/CMakeFiles/CMakeTmp']
  ignore line: [Building Fortran object CMakeFiles/cmTC_32ad6.dir/CMakeFortranCompilerABI.F.o]
  ignore line: [/opt/intel/18/compilers_and_libraries_2018.3.222/linux/bin/intel64/ifort   -v -c /usr/share/cmake-3.17/Modules/CMakeFortranCompilerABI.F -o CMakeFiles/cmTC_32ad6.dir/CMakeFortranCompilerABI.F.o]
  ignore line: [ifort version 18.0.3]
  ignore line: [/opt/intel/18/compilers_and_libraries_2018.3.222/linux/bin/intel64/fpp    -D__INTEL_COMPILER=1800 -D__INTEL_COMPILER_UPDATE=3 -D__unix__ -D__unix -D__linux__ -D__linux -D__gnu_linux__ -Dunix -Dlinux -D__ELF__ -D__x86_64 -D__x86_64__ -D__amd64 -D__amd64__ -D__INTEL_COMPILER_BUILD_DATE=20180410 -D__INTEL_OFFLOAD -D__i686 -D__i686__ -D__pentiumpro -D__pentiumpro__ -D__pentium4 -D__pentium4__ -D__tune_pentium4__ -D__SSE2__ -D__SSE2_MATH__ -D__SSE__ -D__SSE_MATH__ -D__MMX__ -I. -I/opt/intel/18/compilers_and_libraries_2018.3.222/linux/ipp/include -I/opt/intel/18/compilers_and_libraries_2018.3.222/linux/mkl/include -I/opt/intel/18/compilers_and_libraries_2018.3.222/linux/pstl/include -I/opt/intel/18/compilers_and_libraries_2018.3.222/linux/tbb/include -I/opt/intel/18/compilers_and_libraries_2018.3.222/linux/tbb/include -I/opt/intel/18/compilers_and_libraries_2018.3.222/linux/compiler/include/intel64 -I/opt/intel/18/compilers_and_libraries_2018.3.222/linux/compiler/include/icc -I/opt/intel/18/compilers_and_libraries_2018.3.222/linux/compiler/include -I/usr/local/include -I/usr/lib/gcc/x86_64-redhat-linux/4.8.5/include -I/usr/include/ -I/usr/include -fixed -4Ycpp -4Ncvf -f_com=yes -MX /usr/share/cmake-3.17/Modules/CMakeFortranCompilerABI.F /tmp/ifortgZorku.i]
  ignore line: [#include "..." search starts here:]
  ignore line: [#include <...> search starts here:]
  ignore line: [ .]
  ignore line: [ /opt/intel/18/compilers_and_libraries_2018.3.222/linux/ipp/include]
  ignore line: [ /opt/intel/18/compilers_and_libraries_2018.3.222/linux/mkl/include]
  ignore line: [ /opt/intel/18/compilers_and_libraries_2018.3.222/linux/pstl/include]
  ignore line: [ /opt/intel/18/compilers_and_libraries_2018.3.222/linux/tbb/include]
  ignore line: [ /opt/intel/18/compilers_and_libraries_2018.3.222/linux/tbb/include]
  ignore line: [ /opt/intel/18/compilers_and_libraries_2018.3.222/linux/compiler/include/intel64]
  ignore line: [ /opt/intel/18/compilers_and_libraries_2018.3.222/linux/compiler/include/icc]
  ignore line: [ /opt/intel/18/compilers_and_libraries_2018.3.222/linux/compiler/include]
  ignore line: [ /usr/local/include]
  ignore line: [ /usr/lib/gcc/x86_64-redhat-linux/4.8.5/include]
  ignore line: [ /usr/include/]
  ignore line: [ /usr/include]
  ignore line: [End of search list.]
  ignore line: [/opt/intel/18/compilers_and_libraries_2018.3.222/linux/bin/intel64/fortcom    -D__INTEL_COMPILER=1800 -D__INTEL_COMPILER_UPDATE=3 -D__unix__ -D__unix -D__linux__ -D__linux -D__gnu_linux__ -Dunix -Dlinux -D__ELF__ -D__x86_64 -D__x86_64__ -D__amd64 -D__amd64__ -D__INTEL_COMPILER_BUILD_DATE=20180410 -D__INTEL_OFFLOAD -D__i686 -D__i686__ -D__pentiumpro -D__pentiumpro__ -D__pentium4 -D__pentium4__ -D__tune_pentium4__ -D__SSE2__ -D__SSE2_MATH__ -D__SSE__ -D__SSE_MATH__ -D__MMX__ -mGLOB_pack_sort_init_list -I/usr/share/cmake-3.17/Modules -I. -I/opt/intel/18/compilers_and_libraries_2018.3.222/linux/ipp/include -I/opt/intel/18/compilers_and_libraries_2018.3.222/linux/mkl/include -I/opt/intel/18/compilers_and_libraries_2018.3.222/linux/pstl/include -I/opt/intel/18/compilers_and_libraries_2018.3.222/linux/tbb/include -I/opt/intel/18/compilers_and_libraries_2018.3.222/linux/tbb/include -I/opt/intel/18/compilers_and_libraries_2018.3.222/linux/compiler/include/intel64 -I/opt/intel/18/compilers_and_libraries_2018.3.222/linux/compiler/include/icc -I/opt/intel/18/compilers_and_libraries_2018.3.222/linux/compiler/include -I/usr/local/include -I/usr/lib/gcc/x86_64-redhat-linux/4.8.5/include -I/usr/include/ -I/usr/include -O2 "-reentrancy threaded" -simd -offload_host -mGLOB_em64t=TRUE -mP1OPT_version=18.0-intel64 -mGLOB_diag_file=CMakeFiles/cmTC_32ad6.dir/CMakeFortranCompilerABI.F.diag -mGLOB_long_size_64 -mGLOB_routine_pointer_size_64 -mGLOB_source_language=GLOB_SOURCE_LANGUAGE_F90 -mP2OPT_static_promotion -mP1OPT_print_version=FALSE -mCG_use_gas_got_workaround=F -mP2OPT_align_option_used=TRUE -mGLOB_gcc_version=485 "-mGLOB_options_string=-v -c -o CMakeFiles/cmTC_32ad6.dir/CMakeFortranCompilerABI.F.o" -mGLOB_cxx_limited_range=FALSE -mCG_extend_parms=FALSE -mGLOB_compiler_bin_directory=/opt/intel/18/compilers_and_libraries_2018.3.222/linux/bin/intel64 -mGLOB_as_output_backup_file_name=/tmp/ifortnTayU7as_.s -mIPOPT_activate -mIPOPT_lite -mGLOB_instruction_tuning=0x0 -mGLOB_uarch_tuning=0x0 -mGLOB_product_id_code=0x22006d90 -mCG_bnl_movbe=T -mGLOB_extended_instructions=0x8 -mP3OPT_use_mspp_call_convention -mP2OPT_subs_out_of_bound=FALSE -mP2OPT_disam_type_based_disam=2 -mGLOB_ansi_alias -mPGOPTI_value_profile_use=T -mP2OPT_il0_array_sections=TRUE -mGLOB_offload_mode=1 -mP2OPT_offload_unique_var_string=ifort10342123004tk1WM -mP2OPT_hlo_level=2 -mP2OPT_hlo -mP2OPT_hpo_rtt_control=0 -mIPOPT_args_in_regs=0 -mP2OPT_disam_assume_nonstd_intent_in=FALSE -mGLOB_imf_mapping_library=/opt/intel/18/compilers_and_libraries_2018.3.222/linux/bin/intel64/libiml_attr.so -mPGOPTI_gen_threadsafe_level=0 -mIPOPT_lto_object_enabled -mIPOPT_lto_object_value=1 -mIPOPT_obj_output_file_name=CMakeFiles/cmTC_32ad6.dir/CMakeFortranCompilerABI.F.o -mIPOPT_whole_archive_fixup_file_name=/tmp/ifortwarchLQ8Jjy -mGLOB_linker_version=2.27 -mGLOB_driver_tempfile_name=/tmp/iforttempfileioEtwL -mP3OPT_asm_target=P3OPT_ASM_TARGET_GAS -mGLOB_async_unwind_tables=TRUE -mGLOB_obj_output_file=CMakeFiles/cmTC_32ad6.dir/CMakeFortranCompilerABI.F.o -mGLOB_source_dialect=GLOB_SOURCE_DIALECT_FORTRAN -mP1OPT_source_file_name=/usr/share/cmake-3.17/Modules/CMakeFortranCompilerABI.F -mP1OPT_full_source_file_name=/usr/share/cmake-3.17/Modules/CMakeFortranCompilerABI.F -mP2OPT_symtab_type_copy=true /tmp/ifortgZorku.i]
  ignore line: [#include "..." search starts here:]
  ignore line: [#include <...> search starts here:]
  ignore line: [ /usr/share/cmake-3.17/Modules]
  ignore line: [ .]
  ignore line: [ /opt/intel/18/compilers_and_libraries_2018.3.222/linux/ipp/include]
  ignore line: [ /opt/intel/18/compilers_and_libraries_2018.3.222/linux/mkl/include]
  ignore line: [ /opt/intel/18/compilers_and_libraries_2018.3.222/linux/pstl/include]
  ignore line: [ /opt/intel/18/compilers_and_libraries_2018.3.222/linux/tbb/include]
  ignore line: [ /opt/intel/18/compilers_and_libraries_2018.3.222/linux/tbb/include]
  ignore line: [ /opt/intel/18/compilers_and_libraries_2018.3.222/linux/compiler/include/intel64]
  ignore line: [ /opt/intel/18/compilers_and_libraries_2018.3.222/linux/compiler/include/icc]
  ignore line: [ /opt/intel/18/compilers_and_libraries_2018.3.222/linux/compiler/include]
  ignore line: [ /usr/local/include]
  ignore line: [ /usr/lib/gcc/x86_64-redhat-linux/4.8.5/include]
  ignore line: [ /usr/include/]
  ignore line: [ /usr/include]
  ignore line: [End of search list.]
  ignore line: [Linking Fortran executable cmTC_32ad6]
  ignore line: [/usr/bin/cmake -E cmake_link_script CMakeFiles/cmTC_32ad6.dir/link.txt --verbose=1]
  ignore line: [/opt/intel/18/compilers_and_libraries_2018.3.222/linux/bin/intel64/ifort  -qopenmp -v   CMakeFiles/cmTC_32ad6.dir/CMakeFortranCompilerABI.F.o  -o cmTC_32ad6 ]
  ignore line: [ifort version 18.0.3]
  ignore line: [/opt/intel/18/compilers_and_libraries_2018.3.222/linux/bin/intel64/fortcom    -mGLOB_em64t=TRUE -mP1OPT_version=18.0-intel64 -mGLOB_diag_file=CMakeFiles/cmTC_32ad6.dir/CMakeFortranCompilerABI.F.diag -mGLOB_long_size_64 -mGLOB_routine_pointer_size_64 -mGLOB_source_language=GLOB_SOURCE_LANGUAGE_F90 -mP2OPT_static_promotion -mP1OPT_print_version=FALSE -mCG_use_gas_got_workaround=F -mP2OPT_align_option_used=TRUE -mGLOB_gcc_version=485 "-mGLOB_options_string=-qopenmp -v -o cmTC_32ad6" -mGLOB_cxx_limited_range=FALSE -mCG_extend_parms=FALSE -mGLOB_compiler_bin_directory=/opt/intel/18/compilers_and_libraries_2018.3.222/linux/bin/intel64 -mGLOB_as_output_backup_file_name=/tmp/ifort7HTZWtas_.s -mGLOB_dashboard_use_source_name -mIPOPT_activate -mGLOB_product_id_code=0x22006d90 -mP3OPT_use_mspp_call_convention -mP2OPT_subs_out_of_bound=FALSE -mP2OPT_disam_type_based_disam=2 -mGLOB_ansi_alias -mPGOPTI_value_profile_use=T -mGLOB_opt_report_use_source_name -mPAROPT_openmp=TRUE -mP2OPT_il0_array_sections=TRUE -mGLOB_offload_mode=1 -mP2OPT_offload_unique_var_string=ifort1234220830TodadS -mP2OPT_hlo -mP2OPT_hpo_rtt_control=0 -mIPOPT_args_in_regs=0 -mP2OPT_disam_assume_nonstd_intent_in=FALSE -mGLOB_imf_mapping_library=/opt/intel/18/compilers_and_libraries_2018.3.222/linux/bin/intel64/libiml_attr.so -mPGOPTI_gen_threadsafe_level=0 -mIPOPT_link -mIPOPT_ipo_activate -mIPOPT_mo_activate -mIPOPT_source_files_list=/tmp/ifortslisnGggNP -mIPOPT_mo_global_data -mIPOPT_link_script_file=/tmp/ifortscriptlF5Za3 "-mIPOPT_cmdline_link="/usr/lib/gcc/x86_64-redhat-linux/4.8.5/../../../../lib64/crt1.o" "/usr/lib/gcc/x86_64-redhat-linux/4.8.5/../../../../lib64/crti.o" "/usr/lib/gcc/x86_64-redhat-linux/4.8.5/crtbegin.o" "--eh-frame-hdr" "--build-id" "-dynamic-linker" "/lib64/ld-linux-x86-64.so.2" "-m" "elf_x86_64" "-o" "cmTC_32ad6" "/opt/intel/18/compilers_and_libraries_2018.3.222/linux/compiler/lib/intel64_lin/for_main.o" "-L/opt/intel/18/clck/2018.3/lib/intel64" "-L/opt/intel/18/compilers_and_libraries_2018.3.222/linux/ipp/lib/intel64" "-L/opt/intel/18/compilers_and_libraries_2018.3.222/linux/compiler/lib/intel64_lin" "-L/opt/intel/18/compilers_and_libraries_2018.3.222/linux/mkl/lib/intel64_lin" "-L/opt/intel/18/compilers_and_libraries_2018.3.222/linux/tbb/lib/intel64/gcc4.4" "-L/opt/intel/18/compilers_and_libraries_2018.3.222/linux/compiler/lib/intel64_lin" "-L/usr/lib/gcc/x86_64-redhat-linux/4.8.5/" "-L/usr/lib/gcc/x86_64-redhat-linux/4.8.5/../../../../lib64" "-L/usr/lib/gcc/x86_64-redhat-linux/4.8.5/../../../../lib64/" "-L/lib/../lib64" "-L/lib/../lib64/" "-L/usr/lib/../lib64" "-L/usr/lib/../lib64/" "-L/opt/intel/18/clck/2018.3/lib/intel64/" "-L/opt/intel/18/compilers_and_libraries_2018.3.222/linux/ipp/lib/intel64/" "-L/opt/intel/18/compilers_and_libraries_2018.3.222/linux/compiler/lib/intel64_lin/" "-L/opt/intel/18/compilers_and_libraries_2018.3.222/linux/mkl/lib/intel64_lin/" "-L/opt/intel/18/compilers_and_libraries_2018.3.222/linux/tbb/lib/intel64/gcc4.4/" "-L/usr/lib/gcc/x86_64-redhat-linux/4.8.5/../../../" "-L/lib64" "-L/lib/" "-L/usr/lib64" "-L/usr/lib" "CMakeFiles/cmTC_32ad6.dir/CMakeFortranCompilerABI.F.o" "-Bdynamic" "-Bstatic" "-lifport" "-lifcoremt" "-limf" "-lsvml" "-Bdynamic" "-lm" "-Bstatic" "-lipgo" "-Bdynamic" "-liomp5" "-Bstatic" "-lirc" "-Bdynamic" "-lpthread" "-Bstatic" "-lsvml" "-Bdynamic" "-lc" "-lgcc" "-lgcc_s" "-Bstatic" "-lirc_s" "-Bdynamic" "-ldl" "-lc" "/usr/lib/gcc/x86_64-redhat-linux/4.8.5/crtend.o" "/usr/lib/gcc/x86_64-redhat-linux/4.8.5/../../../../lib64/crtn.o"" -mIPOPT_il_in_obj -mIPOPT_ipo_activate_warn=FALSE -mIPOPT_obj_output_file_name=/tmp/ipo_ifortzsqQux.o -mIPOPT_whole_archive_fixup_file_name=/tmp/ifortwarchJ3sw87 -mGLOB_linker_version=2.27 -mGLOB_driver_tempfile_name=/tmp/iforttempfileTSHmxl -mP3OPT_asm_target=P3OPT_ASM_TARGET_GAS -mGLOB_async_unwind_tables=TRUE -mGLOB_obj_output_file=/tmp/ipo_ifortzsqQux.o -mGLOB_source_dialect=GLOB_SOURCE_DIALECT_NONE -mP1OPT_source_file_name=ipo_out.f -mP2OPT_symtab_type_copy=true CMakeFiles/cmTC_32ad6.dir/CMakeFortranCompilerABI.F.o -mIPOPT_object_files=T -mIPOPT_assembly_files=/tmp/ifortalisjozjgY -mIPOPT_generated_tempfiles=/tmp/ifortelis7og2Db -mIPOPT_embedded_object_base_name=/tmp/iforteobjDWdL1o -mIPOPT_cmdline_link_new_name=/tmp/ifortllisJ0BvpC]
  link line: [ld    /usr/lib/gcc/x86_64-redhat-linux/4.8.5/../../../../lib64/crt1.o /usr/lib/gcc/x86_64-redhat-linux/4.8.5/../../../../lib64/crti.o /usr/lib/gcc/x86_64-redhat-linux/4.8.5/crtbegin.o --eh-frame-hdr --build-id -dynamic-linker /lib64/ld-linux-x86-64.so.2 -m elf_x86_64 -o cmTC_32ad6 /opt/intel/18/compilers_and_libraries_2018.3.222/linux/compiler/lib/intel64_lin/for_main.o -L/opt/intel/18/clck/2018.3/lib/intel64 -L/opt/intel/18/compilers_and_libraries_2018.3.222/linux/ipp/lib/intel64 -L/opt/intel/18/compilers_and_libraries_2018.3.222/linux/compiler/lib/intel64_lin -L/opt/intel/18/compilers_and_libraries_2018.3.222/linux/mkl/lib/intel64_lin -L/opt/intel/18/compilers_and_libraries_2018.3.222/linux/tbb/lib/intel64/gcc4.4 -L/opt/intel/18/compilers_and_libraries_2018.3.222/linux/compiler/lib/intel64_lin -L/usr/lib/gcc/x86_64-redhat-linux/4.8.5/ -L/usr/lib/gcc/x86_64-redhat-linux/4.8.5/../../../../lib64 -L/usr/lib/gcc/x86_64-redhat-linux/4.8.5/../../../../lib64/ -L/lib/../lib64 -L/lib/../lib64/ -L/usr/lib/../lib64 -L/usr/lib/../lib64/ -L/opt/intel/18/clck/2018.3/lib/intel64/ -L/opt/intel/18/compilers_and_libraries_2018.3.222/linux/ipp/lib/intel64/ -L/opt/intel/18/compilers_and_libraries_2018.3.222/linux/compiler/lib/intel64_lin/ -L/opt/intel/18/compilers_and_libraries_2018.3.222/linux/mkl/lib/intel64_lin/ -L/opt/intel/18/compilers_and_libraries_2018.3.222/linux/tbb/lib/intel64/gcc4.4/ -L/usr/lib/gcc/x86_64-redhat-linux/4.8.5/../../../ -L/lib64 -L/lib/ -L/usr/lib64 -L/usr/lib CMakeFiles/cmTC_32ad6.dir/CMakeFortranCompilerABI.F.o -Bdynamic -Bstatic -lifport -lifcoremt -limf -lsvml -Bdynamic -lm -Bstatic -lipgo -Bdynamic -liomp5 -Bstatic -lirc -Bdynamic -lpthread -Bstatic -lsvml -Bdynamic -lc -lgcc -lgcc_s -Bstatic -lirc_s -Bdynamic -ldl -lc /usr/lib/gcc/x86_64-redhat-linux/4.8.5/crtend.o /usr/lib/gcc/x86_64-redhat-linux/4.8.5/../../../../lib64/crtn.o]
    arg [ld] ==> ignore
    arg [/usr/lib/gcc/x86_64-redhat-linux/4.8.5/../../../../lib64/crt1.o] ==> ignore
    arg [/usr/lib/gcc/x86_64-redhat-linux/4.8.5/../../../../lib64/crti.o] ==> ignore
    arg [/usr/lib/gcc/x86_64-redhat-linux/4.8.5/crtbegin.o] ==> ignore
    arg [--eh-frame-hdr] ==> ignore
    arg [--build-id] ==> ignore
    arg [-dynamic-linker] ==> ignore
    arg [/lib64/ld-linux-x86-64.so.2] ==> ignore
    arg [-m] ==> ignore
    arg [elf_x86_64] ==> ignore
    arg [-o] ==> ignore
    arg [cmTC_32ad6] ==> ignore
    arg [/opt/intel/18/compilers_and_libraries_2018.3.222/linux/compiler/lib/intel64_lin/for_main.o] ==> ignore
    arg [-L/opt/intel/18/clck/2018.3/lib/intel64] ==> dir [/opt/intel/18/clck/2018.3/lib/intel64]
    arg [-L/opt/intel/18/compilers_and_libraries_2018.3.222/linux/ipp/lib/intel64] ==> dir [/opt/intel/18/compilers_and_libraries_2018.3.222/linux/ipp/lib/intel64]
    arg [-L/opt/intel/18/compilers_and_libraries_2018.3.222/linux/compiler/lib/intel64_lin] ==> dir [/opt/intel/18/compilers_and_libraries_2018.3.222/linux/compiler/lib/intel64_lin]
    arg [-L/opt/intel/18/compilers_and_libraries_2018.3.222/linux/mkl/lib/intel64_lin] ==> dir [/opt/intel/18/compilers_and_libraries_2018.3.222/linux/mkl/lib/intel64_lin]
    arg [-L/opt/intel/18/compilers_and_libraries_2018.3.222/linux/tbb/lib/intel64/gcc4.4] ==> dir [/opt/intel/18/compilers_and_libraries_2018.3.222/linux/tbb/lib/intel64/gcc4.4]
    arg [-L/opt/intel/18/compilers_and_libraries_2018.3.222/linux/compiler/lib/intel64_lin] ==> dir [/opt/intel/18/compilers_and_libraries_2018.3.222/linux/compiler/lib/intel64_lin]
    arg [-L/usr/lib/gcc/x86_64-redhat-linux/4.8.5/] ==> dir [/usr/lib/gcc/x86_64-redhat-linux/4.8.5/]
    arg [-L/usr/lib/gcc/x86_64-redhat-linux/4.8.5/../../../../lib64] ==> dir [/usr/lib/gcc/x86_64-redhat-linux/4.8.5/../../../../lib64]
    arg [-L/usr/lib/gcc/x86_64-redhat-linux/4.8.5/../../../../lib64/] ==> dir [/usr/lib/gcc/x86_64-redhat-linux/4.8.5/../../../../lib64/]
    arg [-L/lib/../lib64] ==> dir [/lib/../lib64]
    arg [-L/lib/../lib64/] ==> dir [/lib/../lib64/]
    arg [-L/usr/lib/../lib64] ==> dir [/usr/lib/../lib64]
    arg [-L/usr/lib/../lib64/] ==> dir [/usr/lib/../lib64/]
    arg [-L/opt/intel/18/clck/2018.3/lib/intel64/] ==> dir [/opt/intel/18/clck/2018.3/lib/intel64/]
    arg [-L/opt/intel/18/compilers_and_libraries_2018.3.222/linux/ipp/lib/intel64/] ==> dir [/opt/intel/18/compilers_and_libraries_2018.3.222/linux/ipp/lib/intel64/]
    arg [-L/opt/intel/18/compilers_and_libraries_2018.3.222/linux/compiler/lib/intel64_lin/] ==> dir [/opt/intel/18/compilers_and_libraries_2018.3.222/linux/compiler/lib/intel64_lin/]
    arg [-L/opt/intel/18/compilers_and_libraries_2018.3.222/linux/mkl/lib/intel64_lin/] ==> dir [/opt/intel/18/compilers_and_libraries_2018.3.222/linux/mkl/lib/intel64_lin/]
    arg [-L/opt/intel/18/compilers_and_libraries_2018.3.222/linux/tbb/lib/intel64/gcc4.4/] ==> dir [/opt/intel/18/compilers_and_libraries_2018.3.222/linux/tbb/lib/intel64/gcc4.4/]
    arg [-L/usr/lib/gcc/x86_64-redhat-linux/4.8.5/../../../] ==> dir [/usr/lib/gcc/x86_64-redhat-linux/4.8.5/../../../]
    arg [-L/lib64] ==> dir [/lib64]
    arg [-L/lib/] ==> dir [/lib/]
    arg [-L/usr/lib64] ==> dir [/usr/lib64]
    arg [-L/usr/lib] ==> dir [/usr/lib]
    arg [CMakeFiles/cmTC_32ad6.dir/CMakeFortranCompilerABI.F.o] ==> ignore
    arg [-Bdynamic] ==> ignore
    arg [-Bstatic] ==> ignore
    arg [-lifport] ==> lib [ifport]
    arg [-lifcoremt] ==> lib [ifcoremt]
    arg [-limf] ==> lib [imf]
    arg [-lsvml] ==> lib [svml]
    arg [-Bdynamic] ==> ignore
    arg [-lm] ==> lib [m]
    arg [-Bstatic] ==> ignore
    arg [-lipgo] ==> lib [ipgo]
    arg [-Bdynamic] ==> ignore
    arg [-liomp5] ==> lib [iomp5]
    arg [-Bstatic] ==> ignore
    arg [-lirc] ==> lib [irc]
    arg [-Bdynamic] ==> ignore
    arg [-lpthread] ==> lib [pthread]
    arg [-Bstatic] ==> ignore
    arg [-lsvml] ==> lib [svml]
    arg [-Bdynamic] ==> ignore
    arg [-lc] ==> lib [c]
    arg [-lgcc] ==> lib [gcc]
    arg [-lgcc_s] ==> lib [gcc_s]
    arg [-Bstatic] ==> ignore
    arg [-lirc_s] ==> lib [irc_s]
    arg [-Bdynamic] ==> ignore
    arg [-ldl] ==> lib [dl]
    arg [-lc] ==> lib [c]
    arg [/usr/lib/gcc/x86_64-redhat-linux/4.8.5/crtend.o] ==> ignore
    arg [/usr/lib/gcc/x86_64-redhat-linux/4.8.5/../../../../lib64/crtn.o] ==> ignore
  collapse library dir [/opt/intel/18/clck/2018.3/lib/intel64] ==> [/opt/intel/18/clck/2018.3/lib/intel64]
  collapse library dir [/opt/intel/18/compilers_and_libraries_2018.3.222/linux/ipp/lib/intel64] ==> [/opt/intel/18/compilers_and_libraries_2018.3.222/linux/ipp/lib/intel64]
  collapse library dir [/opt/intel/18/compilers_and_libraries_2018.3.222/linux/compiler/lib/intel64_lin] ==> [/opt/intel/18/compilers_and_libraries_2018.3.222/linux/compiler/lib/intel64_lin]
  collapse library dir [/opt/intel/18/compilers_and_libraries_2018.3.222/linux/mkl/lib/intel64_lin] ==> [/opt/intel/18/compilers_and_libraries_2018.3.222/linux/mkl/lib/intel64_lin]
  collapse library dir [/opt/intel/18/compilers_and_libraries_2018.3.222/linux/tbb/lib/intel64/gcc4.4] ==> [/opt/intel/18/compilers_and_libraries_2018.3.222/linux/tbb/lib/intel64/gcc4.4]
  collapse library dir [/opt/intel/18/compilers_and_libraries_2018.3.222/linux/compiler/lib/intel64_lin] ==> [/opt/intel/18/compilers_and_libraries_2018.3.222/linux/compiler/lib/intel64_lin]
  collapse library dir [/usr/lib/gcc/x86_64-redhat-linux/4.8.5/] ==> [/usr/lib/gcc/x86_64-redhat-linux/4.8.5]
  collapse library dir [/usr/lib/gcc/x86_64-redhat-linux/4.8.5/../../../../lib64] ==> [/usr/lib64]
  collapse library dir [/usr/lib/gcc/x86_64-redhat-linux/4.8.5/../../../../lib64/] ==> [/usr/lib64]
  collapse library dir [/lib/../lib64] ==> [/lib64]
  collapse library dir [/lib/../lib64/] ==> [/lib64]
  collapse library dir [/usr/lib/../lib64] ==> [/usr/lib64]
  collapse library dir [/usr/lib/../lib64/] ==> [/usr/lib64]
  collapse library dir [/opt/intel/18/clck/2018.3/lib/intel64/] ==> [/opt/intel/18/clck/2018.3/lib/intel64]
  collapse library dir [/opt/intel/18/compilers_and_libraries_2018.3.222/linux/ipp/lib/intel64/] ==> [/opt/intel/18/compilers_and_libraries_2018.3.222/linux/ipp/lib/intel64]
  collapse library dir [/opt/intel/18/compilers_and_libraries_2018.3.222/linux/compiler/lib/intel64_lin/] ==> [/opt/intel/18/compilers_and_libraries_2018.3.222/linux/compiler/lib/intel64_lin]
  collapse library dir [/opt/intel/18/compilers_and_libraries_2018.3.222/linux/mkl/lib/intel64_lin/] ==> [/opt/intel/18/compilers_and_libraries_2018.3.222/linux/mkl/lib/intel64_lin]
  collapse library dir [/opt/intel/18/compilers_and_libraries_2018.3.222/linux/tbb/lib/intel64/gcc4.4/] ==> [/opt/intel/18/compilers_and_libraries_2018.3.222/linux/tbb/lib/intel64/gcc4.4]
  collapse library dir [/usr/lib/gcc/x86_64-redhat-linux/4.8.5/../../../] ==> [/usr/lib]
  collapse library dir [/lib64] ==> [/lib64]
  collapse library dir [/lib/] ==> [/lib]
  collapse library dir [/usr/lib64] ==> [/usr/lib64]
  collapse library dir [/usr/lib] ==> [/usr/lib]
  implicit libs: [ifport;ifcoremt;imf;svml;m;ipgo;iomp5;irc;pthread;svml;c;gcc;gcc_s;irc_s;dl;c]
  implicit dirs: [/opt/intel/18/clck/2018.3/lib/intel64;/opt/intel/18/compilers_and_libraries_2018.3.222/linux/ipp/lib/intel64;/opt/intel/18/compilers_and_libraries_2018.3.222/linux/compiler/lib/intel64_lin;/opt/intel/18/compilers_and_libraries_2018.3.222/linux/mkl/lib/intel64_lin;/opt/intel/18/compilers_and_libraries_2018.3.222/linux/tbb/lib/intel64/gcc4.4;/usr/lib/gcc/x86_64-redhat-linux/4.8.5;/usr/lib64;/lib64;/usr/lib;/lib]
  implicit fwks: []


Determining if the Fortran compiler supports Fortran 90 passed with the following output:
Change Dir: /scratch/long/users/bjohnson/singularity/CRTM_dev/src/Build/CMakeFiles/CMakeTmp

Run Build Command(s):/usr/bin/gmake cmTC_06c35/fast && /usr/bin/gmake  -f CMakeFiles/cmTC_06c35.dir/build.make CMakeFiles/cmTC_06c35.dir/build
gmake[1]: Entering directory `/scratch/long/users/bjohnson/singularity/CRTM_dev/src/Build/CMakeFiles/CMakeTmp'
Building Fortran object CMakeFiles/cmTC_06c35.dir/testFortranCompilerF90.f90.o
/opt/intel/18/compilers_and_libraries_2018.3.222/linux/bin/intel64/ifort    -c /scratch/long/users/bjohnson/singularity/CRTM_dev/src/Build/CMakeFiles/CMakeTmp/testFortranCompilerF90.f90 -o CMakeFiles/cmTC_06c35.dir/testFortranCompilerF90.f90.o
Linking Fortran executable cmTC_06c35
/usr/bin/cmake -E cmake_link_script CMakeFiles/cmTC_06c35.dir/link.txt --verbose=1
/opt/intel/18/compilers_and_libraries_2018.3.222/linux/bin/intel64/ifort  -qopenmp    CMakeFiles/cmTC_06c35.dir/testFortranCompilerF90.f90.o  -o cmTC_06c35 
gmake[1]: Leaving directory `/scratch/long/users/bjohnson/singularity/CRTM_dev/src/Build/CMakeFiles/CMakeTmp'



The system is: Linux - /bin/sh: 1: /usr/bin/uname: not found - unknown
The system is: Linux - 3.10.0-957.1.3.el7.x86_64 - x86_64
Compiling the Fortran compiler identification source file "CMakeFortranCompilerId.F" succeeded.
Compiler: /usr/bin/gfortran 
Build flags: 
Id flags: -v 

The output was:
0
Driving: /usr/bin/gfortran -v CMakeFortranCompilerId.F -l gfortran -l m -shared-libgcc
Using built-in specs.
COLLECT_GCC=/usr/bin/gfortran
COLLECT_LTO_WRAPPER=/usr/lib/gcc/x86_64-linux-gnu/9/lto-wrapper
OFFLOAD_TARGET_NAMES=nvptx-none:hsa
OFFLOAD_TARGET_DEFAULT=1
Target: x86_64-linux-gnu
Configured with: ../src/configure -v --with-pkgversion='Ubuntu 9.3.0-11ubuntu0~18.04.1' --with-bugurl=file:///usr/share/doc/gcc-9/README.Bugs --enable-languages=c,ada,c++,go,brig,d,fortran,objc,obj-c++,gm2 --prefix=/usr --with-gcc-major-version-only --program-suffix=-9 --program-prefix=x86_64-linux-gnu- --enable-shared --enable-linker-build-id --libexecdir=/usr/lib --without-included-gettext --enable-threads=posix --libdir=/usr/lib --enable-nls --enable-clocale=gnu --enable-libstdcxx-debug --enable-libstdcxx-time=yes --with-default-libstdcxx-abi=new --enable-gnu-unique-object --disable-vtable-verify --enable-plugin --enable-default-pie --with-system-zlib --with-target-system-zlib=auto --enable-objc-gc=auto --enable-multiarch --disable-werror --with-arch-32=i686 --with-abi=m64 --with-multilib-list=m32,m64,mx32 --enable-multilib --with-tune=generic --enable-offload-targets=nvptx-none,hsa --without-cuda-driver --enable-checking=release --build=x86_64-linux-gnu --host=x86_64-linux-gnu --target=x86_64-linux-gnu
Thread model: posix
gcc version 9.3.0 (Ubuntu 9.3.0-11ubuntu0~18.04.1) 
COLLECT_GCC_OPTIONS='-v' '-shared-libgcc' '-mtune=generic' '-march=x86-64'
 /usr/lib/gcc/x86_64-linux-gnu/9/f951 CMakeFortranCompilerId.F -ffixed-form -cpp=/tmp/ccPzxOvq.f90 -quiet -v -imultiarch x86_64-linux-gnu CMakeFortranCompilerId.F -quiet -dumpbase CMakeFortranCompilerId.F -mtune=generic -march=x86-64 -auxbase CMakeFortranCompilerId -version -fintrinsic-modules-path /usr/lib/gcc/x86_64-linux-gnu/9/finclude -o /tmp/ccIs4NK7.s
GNU Fortran (Ubuntu 9.3.0-11ubuntu0~18.04.1) version 9.3.0 (x86_64-linux-gnu)
	compiled by GNU C version 9.3.0, GMP version 6.1.2, MPFR version 4.0.1, MPC version 1.1.0, isl version isl-0.19-GMP

GGC heuristics: --param ggc-min-expand=100 --param ggc-min-heapsize=131072
ignoring nonexistent directory "/usr/local/include/x86_64-linux-gnu"
ignoring nonexistent directory "/usr/lib/gcc/x86_64-linux-gnu/9/include-fixed"
ignoring nonexistent directory "/usr/lib/gcc/x86_64-linux-gnu/9/../../../../x86_64-linux-gnu/include"
#include "..." search starts here:
#include <...> search starts here:
 /usr/lib/gcc/x86_64-linux-gnu/9/finclude
 /usr/lib/gcc/x86_64-linux-gnu/9/include
 /usr/local/include
 /usr/include/x86_64-linux-gnu
 /usr/include
End of search list.
GNU Fortran2008 (Ubuntu 9.3.0-11ubuntu0~18.04.1) version 9.3.0 (x86_64-linux-gnu)
	compiled by GNU C version 9.3.0, GMP version 6.1.2, MPFR version 4.0.1, MPC version 1.1.0, isl version isl-0.19-GMP

GGC heuristics: --param ggc-min-expand=100 --param ggc-min-heapsize=131072
COLLECT_GCC_OPTIONS='-v' '-shared-libgcc' '-mtune=generic' '-march=x86-64'
 as -v --64 -o /tmp/ccDdGO4O.o /tmp/ccIs4NK7.s
GNU assembler version 2.30 (x86_64-linux-gnu) using BFD version (GNU Binutils for Ubuntu) 2.30
Reading specs from /usr/lib/gcc/x86_64-linux-gnu/9/libgfortran.spec
rename spec lib to liborig
COLLECT_GCC_OPTIONS='-v' '-shared-libgcc' '-mtune=generic' '-march=x86-64'
COMPILER_PATH=/usr/lib/gcc/x86_64-linux-gnu/9/:/usr/lib/gcc/x86_64-linux-gnu/9/:/usr/lib/gcc/x86_64-linux-gnu/:/usr/lib/gcc/x86_64-linux-gnu/9/:/usr/lib/gcc/x86_64-linux-gnu/
LIBRARY_PATH=/usr/lib/gcc/x86_64-linux-gnu/9/:/usr/lib/gcc/x86_64-linux-gnu/9/../../../x86_64-linux-gnu/:/usr/lib/gcc/x86_64-linux-gnu/9/../../../../lib/:/lib/x86_64-linux-gnu/:/lib/../lib/:/usr/lib/x86_64-linux-gnu/:/usr/lib/../lib/:/usr/lib/gcc/x86_64-linux-gnu/9/../../../:/lib/:/usr/lib/
COLLECT_GCC_OPTIONS='-v' '-shared-libgcc' '-mtune=generic' '-march=x86-64'
 /usr/lib/gcc/x86_64-linux-gnu/9/collect2 -plugin /usr/lib/gcc/x86_64-linux-gnu/9/liblto_plugin.so -plugin-opt=/usr/lib/gcc/x86_64-linux-gnu/9/lto-wrapper -plugin-opt=-fresolution=/tmp/ccoPu0pw.res -plugin-opt=-pass-through=-lgcc_s -plugin-opt=-pass-through=-lgcc -plugin-opt=-pass-through=-lquadmath -plugin-opt=-pass-through=-lm -plugin-opt=-pass-through=-lgcc_s -plugin-opt=-pass-through=-lgcc -plugin-opt=-pass-through=-lc -plugin-opt=-pass-through=-lgcc_s -plugin-opt=-pass-through=-lgcc --build-id --eh-frame-hdr -m elf_x86_64 --hash-style=gnu --as-needed -dynamic-linker /lib64/ld-linux-x86-64.so.2 -pie -z now -z relro /usr/lib/gcc/x86_64-linux-gnu/9/../../../x86_64-linux-gnu/Scrt1.o /usr/lib/gcc/x86_64-linux-gnu/9/../../../x86_64-linux-gnu/crti.o /usr/lib/gcc/x86_64-linux-gnu/9/crtbeginS.o -L/usr/lib/gcc/x86_64-linux-gnu/9 -L/usr/lib/gcc/x86_64-linux-gnu/9/../../../x86_64-linux-gnu -L/usr/lib/gcc/x86_64-linux-gnu/9/../../../../lib -L/lib/x86_64-linux-gnu -L/lib/../lib -L/usr/lib/x86_64-linux-gnu -L/usr/lib/../lib -L/usr/lib/gcc/x86_64-linux-gnu/9/../../.. /tmp/ccDdGO4O.o -lgfortran -lm -lgcc_s -lgcc -lquadmath -lm -lgcc_s -lgcc -lc -lgcc_s -lgcc /usr/lib/gcc/x86_64-linux-gnu/9/crtendS.o /usr/lib/gcc/x86_64-linux-gnu/9/../../../x86_64-linux-gnu/crtn.o
COLLECT_GCC_OPTIONS='-v' '-shared-libgcc' '-mtune=generic' '-march=x86-64'


Compilation of the Fortran compiler identification source "CMakeFortranCompilerId.F" produced "a.out"

The Fortran compiler identification is GNU, found in "/scratch/long/users/bjohnson/singularity/CRTM_dev/src/Build/CMakeFiles/3.16.0/CompilerIdFortran/a.out"

Determining if the Fortran compiler works passed with the following output:
Change Dir: /scratch/long/users/bjohnson/singularity/CRTM_dev/src/Build/CMakeFiles/CMakeTmp

Run Build Command(s):/usr/bin/make cmTC_1c9db/fast && /usr/bin/make -f CMakeFiles/cmTC_1c9db.dir/build.make CMakeFiles/cmTC_1c9db.dir/build
make[1]: Entering directory '/scratch/long/users/bjohnson/singularity/CRTM_dev/src/Build/CMakeFiles/CMakeTmp'
Building Fortran object CMakeFiles/cmTC_1c9db.dir/testFortranCompiler.f.o
/usr/bin/gfortran    -c /scratch/long/users/bjohnson/singularity/CRTM_dev/src/Build/CMakeFiles/CMakeTmp/testFortranCompiler.f -o CMakeFiles/cmTC_1c9db.dir/testFortranCompiler.f.o
Linking Fortran executable cmTC_1c9db
/usr/local/bin/cmake -E cmake_link_script CMakeFiles/cmTC_1c9db.dir/link.txt --verbose=1
/usr/bin/gfortran  -fopenmp    CMakeFiles/cmTC_1c9db.dir/testFortranCompiler.f.o  -o cmTC_1c9db 
make[1]: Leaving directory '/scratch/long/users/bjohnson/singularity/CRTM_dev/src/Build/CMakeFiles/CMakeTmp'



Detecting Fortran compiler ABI info compiled with the following output:
Change Dir: /scratch/long/users/bjohnson/singularity/CRTM_dev/src/Build/CMakeFiles/CMakeTmp

Run Build Command(s):/usr/bin/make cmTC_84089/fast && /usr/bin/make -f CMakeFiles/cmTC_84089.dir/build.make CMakeFiles/cmTC_84089.dir/build
make[1]: Entering directory '/scratch/long/users/bjohnson/singularity/CRTM_dev/src/Build/CMakeFiles/CMakeTmp'
Building Fortran object CMakeFiles/cmTC_84089.dir/CMakeFortranCompilerABI.F.o
/usr/bin/gfortran   -v -c /usr/local/share/cmake-3.16/Modules/CMakeFortranCompilerABI.F -o CMakeFiles/cmTC_84089.dir/CMakeFortranCompilerABI.F.o
Using built-in specs.
COLLECT_GCC=/usr/bin/gfortran
OFFLOAD_TARGET_NAMES=nvptx-none:hsa
OFFLOAD_TARGET_DEFAULT=1
Target: x86_64-linux-gnu
Configured with: ../src/configure -v --with-pkgversion='Ubuntu 9.3.0-11ubuntu0~18.04.1' --with-bugurl=file:///usr/share/doc/gcc-9/README.Bugs --enable-languages=c,ada,c++,go,brig,d,fortran,objc,obj-c++,gm2 --prefix=/usr --with-gcc-major-version-only --program-suffix=-9 --program-prefix=x86_64-linux-gnu- --enable-shared --enable-linker-build-id --libexecdir=/usr/lib --without-included-gettext --enable-threads=posix --libdir=/usr/lib --enable-nls --enable-clocale=gnu --enable-libstdcxx-debug --enable-libstdcxx-time=yes --with-default-libstdcxx-abi=new --enable-gnu-unique-object --disable-vtable-verify --enable-plugin --enable-default-pie --with-system-zlib --with-target-system-zlib=auto --enable-objc-gc=auto --enable-multiarch --disable-werror --with-arch-32=i686 --with-abi=m64 --with-multilib-list=m32,m64,mx32 --enable-multilib --with-tune=generic --enable-offload-targets=nvptx-none,hsa --without-cuda-driver --enable-checking=release --build=x86_64-linux-gnu --host=x86_64-linux-gnu --target=x86_64-linux-gnu
Thread model: posix
gcc version 9.3.0 (Ubuntu 9.3.0-11ubuntu0~18.04.1) 
COLLECT_GCC_OPTIONS='-v' '-c' '-o' 'CMakeFiles/cmTC_84089.dir/CMakeFortranCompilerABI.F.o' '-mtune=generic' '-march=x86-64'
 /usr/lib/gcc/x86_64-linux-gnu/9/f951 /usr/local/share/cmake-3.16/Modules/CMakeFortranCompilerABI.F -ffixed-form -cpp=/tmp/cceTh9XX.f90 -quiet -v -imultiarch x86_64-linux-gnu /usr/local/share/cmake-3.16/Modules/CMakeFortranCompilerABI.F -quiet -dumpbase CMakeFortranCompilerABI.F -mtune=generic -march=x86-64 -auxbase-strip CMakeFiles/cmTC_84089.dir/CMakeFortranCompilerABI.F.o -version -fintrinsic-modules-path /usr/lib/gcc/x86_64-linux-gnu/9/finclude -o /tmp/cc6zInuG.s
GNU Fortran (Ubuntu 9.3.0-11ubuntu0~18.04.1) version 9.3.0 (x86_64-linux-gnu)
	compiled by GNU C version 9.3.0, GMP version 6.1.2, MPFR version 4.0.1, MPC version 1.1.0, isl version isl-0.19-GMP

GGC heuristics: --param ggc-min-expand=100 --param ggc-min-heapsize=131072
ignoring nonexistent directory "/usr/local/include/x86_64-linux-gnu"
ignoring nonexistent directory "/usr/lib/gcc/x86_64-linux-gnu/9/include-fixed"
ignoring nonexistent directory "/usr/lib/gcc/x86_64-linux-gnu/9/../../../../x86_64-linux-gnu/include"
#include "..." search starts here:
#include <...> search starts here:
 /usr/lib/gcc/x86_64-linux-gnu/9/finclude
 /usr/lib/gcc/x86_64-linux-gnu/9/include
 /usr/local/include
 /usr/include/x86_64-linux-gnu
 /usr/include
End of search list.
GNU Fortran2008 (Ubuntu 9.3.0-11ubuntu0~18.04.1) version 9.3.0 (x86_64-linux-gnu)
	compiled by GNU C version 9.3.0, GMP version 6.1.2, MPFR version 4.0.1, MPC version 1.1.0, isl version isl-0.19-GMP

GGC heuristics: --param ggc-min-expand=100 --param ggc-min-heapsize=131072
COLLECT_GCC_OPTIONS='-v' '-c' '-o' 'CMakeFiles/cmTC_84089.dir/CMakeFortranCompilerABI.F.o' '-mtune=generic' '-march=x86-64'
 as -v --64 -o CMakeFiles/cmTC_84089.dir/CMakeFortranCompilerABI.F.o /tmp/cc6zInuG.s
GNU assembler version 2.30 (x86_64-linux-gnu) using BFD version (GNU Binutils for Ubuntu) 2.30
COMPILER_PATH=/usr/lib/gcc/x86_64-linux-gnu/9/:/usr/lib/gcc/x86_64-linux-gnu/9/:/usr/lib/gcc/x86_64-linux-gnu/:/usr/lib/gcc/x86_64-linux-gnu/9/:/usr/lib/gcc/x86_64-linux-gnu/
LIBRARY_PATH=/usr/lib/gcc/x86_64-linux-gnu/9/:/usr/lib/gcc/x86_64-linux-gnu/9/../../../x86_64-linux-gnu/:/usr/lib/gcc/x86_64-linux-gnu/9/../../../../lib/:/lib/x86_64-linux-gnu/:/lib/../lib/:/usr/lib/x86_64-linux-gnu/:/usr/lib/../lib/:/usr/lib/gcc/x86_64-linux-gnu/9/../../../:/lib/:/usr/lib/
COLLECT_GCC_OPTIONS='-v' '-c' '-o' 'CMakeFiles/cmTC_84089.dir/CMakeFortranCompilerABI.F.o' '-mtune=generic' '-march=x86-64'
Linking Fortran executable cmTC_84089
/usr/local/bin/cmake -E cmake_link_script CMakeFiles/cmTC_84089.dir/link.txt --verbose=1
/usr/bin/gfortran  -fopenmp -v   CMakeFiles/cmTC_84089.dir/CMakeFortranCompilerABI.F.o  -o cmTC_84089 
Driving: /usr/bin/gfortran -fopenmp -v CMakeFiles/cmTC_84089.dir/CMakeFortranCompilerABI.F.o -o cmTC_84089 -l gfortran -l m -shared-libgcc
Using built-in specs.
COLLECT_GCC=/usr/bin/gfortran
COLLECT_LTO_WRAPPER=/usr/lib/gcc/x86_64-linux-gnu/9/lto-wrapper
OFFLOAD_TARGET_NAMES=nvptx-none:hsa
OFFLOAD_TARGET_DEFAULT=1
Target: x86_64-linux-gnu
Configured with: ../src/configure -v --with-pkgversion='Ubuntu 9.3.0-11ubuntu0~18.04.1' --with-bugurl=file:///usr/share/doc/gcc-9/README.Bugs --enable-languages=c,ada,c++,go,brig,d,fortran,objc,obj-c++,gm2 --prefix=/usr --with-gcc-major-version-only --program-suffix=-9 --program-prefix=x86_64-linux-gnu- --enable-shared --enable-linker-build-id --libexecdir=/usr/lib --without-included-gettext --enable-threads=posix --libdir=/usr/lib --enable-nls --enable-clocale=gnu --enable-libstdcxx-debug --enable-libstdcxx-time=yes --with-default-libstdcxx-abi=new --enable-gnu-unique-object --disable-vtable-verify --enable-plugin --enable-default-pie --with-system-zlib --with-target-system-zlib=auto --enable-objc-gc=auto --enable-multiarch --disable-werror --with-arch-32=i686 --with-abi=m64 --with-multilib-list=m32,m64,mx32 --enable-multilib --with-tune=generic --enable-offload-targets=nvptx-none,hsa --without-cuda-driver --enable-checking=release --build=x86_64-linux-gnu --host=x86_64-linux-gnu --target=x86_64-linux-gnu
Thread model: posix
gcc version 9.3.0 (Ubuntu 9.3.0-11ubuntu0~18.04.1) 
Reading specs from /usr/lib/gcc/x86_64-linux-gnu/9/libgfortran.spec
rename spec lib to liborig
COLLECT_GCC_OPTIONS='-fopenmp' '-v' '-o' 'cmTC_84089' '-shared-libgcc' '-mtune=generic' '-march=x86-64' '-pthread'
COMPILER_PATH=/usr/lib/gcc/x86_64-linux-gnu/9/:/usr/lib/gcc/x86_64-linux-gnu/9/:/usr/lib/gcc/x86_64-linux-gnu/:/usr/lib/gcc/x86_64-linux-gnu/9/:/usr/lib/gcc/x86_64-linux-gnu/
LIBRARY_PATH=/usr/lib/gcc/x86_64-linux-gnu/9/:/usr/lib/gcc/x86_64-linux-gnu/9/../../../x86_64-linux-gnu/:/usr/lib/gcc/x86_64-linux-gnu/9/../../../../lib/:/lib/x86_64-linux-gnu/:/lib/../lib/:/usr/lib/x86_64-linux-gnu/:/usr/lib/../lib/:/usr/lib/gcc/x86_64-linux-gnu/9/../../../:/lib/:/usr/lib/
Reading specs from /usr/lib/gcc/x86_64-linux-gnu/9/libgomp.spec
COLLECT_GCC_OPTIONS='-fopenmp' '-v' '-o' 'cmTC_84089' '-shared-libgcc' '-mtune=generic' '-march=x86-64' '-pthread'
 /usr/lib/gcc/x86_64-linux-gnu/9/collect2 -plugin /usr/lib/gcc/x86_64-linux-gnu/9/liblto_plugin.so -plugin-opt=/usr/lib/gcc/x86_64-linux-gnu/9/lto-wrapper -plugin-opt=-fresolution=/tmp/ccovcshX.res -plugin-opt=-pass-through=-lgcc_s -plugin-opt=-pass-through=-lgcc -plugin-opt=-pass-through=-lquadmath -plugin-opt=-pass-through=-lm -plugin-opt=-pass-through=-lgcc_s -plugin-opt=-pass-through=-lgcc -plugin-opt=-pass-through=-lpthread -plugin-opt=-pass-through=-lc -plugin-opt=-pass-through=-lgcc_s -plugin-opt=-pass-through=-lgcc --build-id --eh-frame-hdr -m elf_x86_64 --hash-style=gnu --as-needed -dynamic-linker /lib64/ld-linux-x86-64.so.2 -pie -z now -z relro -o cmTC_84089 /usr/lib/gcc/x86_64-linux-gnu/9/../../../x86_64-linux-gnu/Scrt1.o /usr/lib/gcc/x86_64-linux-gnu/9/../../../x86_64-linux-gnu/crti.o /usr/lib/gcc/x86_64-linux-gnu/9/crtbeginS.o /usr/lib/gcc/x86_64-linux-gnu/9/crtoffloadbegin.o -L/usr/lib/gcc/x86_64-linux-gnu/9 -L/usr/lib/gcc/x86_64-linux-gnu/9/../../../x86_64-linux-gnu -L/usr/lib/gcc/x86_64-linux-gnu/9/../../../../lib -L/lib/x86_64-linux-gnu -L/lib/../lib -L/usr/lib/x86_64-linux-gnu -L/usr/lib/../lib -L/usr/lib/gcc/x86_64-linux-gnu/9/../../.. CMakeFiles/cmTC_84089.dir/CMakeFortranCompilerABI.F.o -lgfortran -lm -lgomp -lgcc_s -lgcc -lquadmath -lm -lgcc_s -lgcc -lpthread -lc -lgcc_s -lgcc /usr/lib/gcc/x86_64-linux-gnu/9/crtendS.o /usr/lib/gcc/x86_64-linux-gnu/9/../../../x86_64-linux-gnu/crtn.o /usr/lib/gcc/x86_64-linux-gnu/9/crtoffloadend.o
COLLECT_GCC_OPTIONS='-fopenmp' '-v' '-o' 'cmTC_84089' '-shared-libgcc' '-mtune=generic' '-march=x86-64' '-pthread'
make[1]: Leaving directory '/scratch/long/users/bjohnson/singularity/CRTM_dev/src/Build/CMakeFiles/CMakeTmp'



Parsed Fortran implicit include dir info from above output: rv=done
  found start of include info
  found start of implicit include info
    add: [/usr/lib/gcc/x86_64-linux-gnu/9/finclude]
    add: [/usr/lib/gcc/x86_64-linux-gnu/9/include]
    add: [/usr/local/include]
    add: [/usr/include/x86_64-linux-gnu]
    add: [/usr/include]
  end of search list found
  collapse include dir [/usr/lib/gcc/x86_64-linux-gnu/9/finclude] ==> [/usr/lib/gcc/x86_64-linux-gnu/9/finclude]
  collapse include dir [/usr/lib/gcc/x86_64-linux-gnu/9/include] ==> [/usr/lib/gcc/x86_64-linux-gnu/9/include]
  collapse include dir [/usr/local/include] ==> [/usr/local/include]
  collapse include dir [/usr/include/x86_64-linux-gnu] ==> [/usr/include/x86_64-linux-gnu]
  collapse include dir [/usr/include] ==> [/usr/include]
  implicit include dirs: [/usr/lib/gcc/x86_64-linux-gnu/9/finclude;/usr/lib/gcc/x86_64-linux-gnu/9/include;/usr/local/include;/usr/include/x86_64-linux-gnu;/usr/include]


Parsed Fortran implicit link information from above output:
  link line regex: [^( *|.*[/\])(ld|CMAKE_LINK_STARTFILE-NOTFOUND|([^/\]+-)?ld|collect2)[^/\]*( |$)]
  ignore line: [Change Dir: /scratch/long/users/bjohnson/singularity/CRTM_dev/src/Build/CMakeFiles/CMakeTmp]
  ignore line: []
  ignore line: [Run Build Command(s):/usr/bin/make cmTC_84089/fast && /usr/bin/make -f CMakeFiles/cmTC_84089.dir/build.make CMakeFiles/cmTC_84089.dir/build]
  ignore line: [make[1]: Entering directory '/scratch/long/users/bjohnson/singularity/CRTM_dev/src/Build/CMakeFiles/CMakeTmp']
  ignore line: [Building Fortran object CMakeFiles/cmTC_84089.dir/CMakeFortranCompilerABI.F.o]
  ignore line: [/usr/bin/gfortran   -v -c /usr/local/share/cmake-3.16/Modules/CMakeFortranCompilerABI.F -o CMakeFiles/cmTC_84089.dir/CMakeFortranCompilerABI.F.o]
  ignore line: [Using built-in specs.]
  ignore line: [COLLECT_GCC=/usr/bin/gfortran]
  ignore line: [OFFLOAD_TARGET_NAMES=nvptx-none:hsa]
  ignore line: [OFFLOAD_TARGET_DEFAULT=1]
  ignore line: [Target: x86_64-linux-gnu]
  ignore line: [Configured with: ../src/configure -v --with-pkgversion='Ubuntu 9.3.0-11ubuntu0~18.04.1' --with-bugurl=file:///usr/share/doc/gcc-9/README.Bugs --enable-languages=c ada c++ go brig d fortran objc obj-c++ gm2 --prefix=/usr --with-gcc-major-version-only --program-suffix=-9 --program-prefix=x86_64-linux-gnu- --enable-shared --enable-linker-build-id --libexecdir=/usr/lib --without-included-gettext --enable-threads=posix --libdir=/usr/lib --enable-nls --enable-clocale=gnu --enable-libstdcxx-debug --enable-libstdcxx-time=yes --with-default-libstdcxx-abi=new --enable-gnu-unique-object --disable-vtable-verify --enable-plugin --enable-default-pie --with-system-zlib --with-target-system-zlib=auto --enable-objc-gc=auto --enable-multiarch --disable-werror --with-arch-32=i686 --with-abi=m64 --with-multilib-list=m32 m64 mx32 --enable-multilib --with-tune=generic --enable-offload-targets=nvptx-none hsa --without-cuda-driver --enable-checking=release --build=x86_64-linux-gnu --host=x86_64-linux-gnu --target=x86_64-linux-gnu]
  ignore line: [Thread model: posix]
  ignore line: [gcc version 9.3.0 (Ubuntu 9.3.0-11ubuntu0~18.04.1) ]
  ignore line: [COLLECT_GCC_OPTIONS='-v' '-c' '-o' 'CMakeFiles/cmTC_84089.dir/CMakeFortranCompilerABI.F.o' '-mtune=generic' '-march=x86-64']
  ignore line: [ /usr/lib/gcc/x86_64-linux-gnu/9/f951 /usr/local/share/cmake-3.16/Modules/CMakeFortranCompilerABI.F -ffixed-form -cpp=/tmp/cceTh9XX.f90 -quiet -v -imultiarch x86_64-linux-gnu /usr/local/share/cmake-3.16/Modules/CMakeFortranCompilerABI.F -quiet -dumpbase CMakeFortranCompilerABI.F -mtune=generic -march=x86-64 -auxbase-strip CMakeFiles/cmTC_84089.dir/CMakeFortranCompilerABI.F.o -version -fintrinsic-modules-path /usr/lib/gcc/x86_64-linux-gnu/9/finclude -o /tmp/cc6zInuG.s]
  ignore line: [GNU Fortran (Ubuntu 9.3.0-11ubuntu0~18.04.1) version 9.3.0 (x86_64-linux-gnu)]
  ignore line: [	compiled by GNU C version 9.3.0  GMP version 6.1.2  MPFR version 4.0.1  MPC version 1.1.0  isl version isl-0.19-GMP]
  ignore line: []
  ignore line: [GGC heuristics: --param ggc-min-expand=100 --param ggc-min-heapsize=131072]
  ignore line: [ignoring nonexistent directory "/usr/local/include/x86_64-linux-gnu"]
  ignore line: [ignoring nonexistent directory "/usr/lib/gcc/x86_64-linux-gnu/9/include-fixed"]
  ignore line: [ignoring nonexistent directory "/usr/lib/gcc/x86_64-linux-gnu/9/../../../../x86_64-linux-gnu/include"]
  ignore line: [#include "..." search starts here:]
  ignore line: [#include <...> search starts here:]
  ignore line: [ /usr/lib/gcc/x86_64-linux-gnu/9/finclude]
  ignore line: [ /usr/lib/gcc/x86_64-linux-gnu/9/include]
  ignore line: [ /usr/local/include]
  ignore line: [ /usr/include/x86_64-linux-gnu]
  ignore line: [ /usr/include]
  ignore line: [End of search list.]
  ignore line: [GNU Fortran2008 (Ubuntu 9.3.0-11ubuntu0~18.04.1) version 9.3.0 (x86_64-linux-gnu)]
  ignore line: [	compiled by GNU C version 9.3.0  GMP version 6.1.2  MPFR version 4.0.1  MPC version 1.1.0  isl version isl-0.19-GMP]
  ignore line: []
  ignore line: [GGC heuristics: --param ggc-min-expand=100 --param ggc-min-heapsize=131072]
  ignore line: [COLLECT_GCC_OPTIONS='-v' '-c' '-o' 'CMakeFiles/cmTC_84089.dir/CMakeFortranCompilerABI.F.o' '-mtune=generic' '-march=x86-64']
  ignore line: [ as -v --64 -o CMakeFiles/cmTC_84089.dir/CMakeFortranCompilerABI.F.o /tmp/cc6zInuG.s]
  ignore line: [GNU assembler version 2.30 (x86_64-linux-gnu) using BFD version (GNU Binutils for Ubuntu) 2.30]
  ignore line: [COMPILER_PATH=/usr/lib/gcc/x86_64-linux-gnu/9/:/usr/lib/gcc/x86_64-linux-gnu/9/:/usr/lib/gcc/x86_64-linux-gnu/:/usr/lib/gcc/x86_64-linux-gnu/9/:/usr/lib/gcc/x86_64-linux-gnu/]
  ignore line: [LIBRARY_PATH=/usr/lib/gcc/x86_64-linux-gnu/9/:/usr/lib/gcc/x86_64-linux-gnu/9/../../../x86_64-linux-gnu/:/usr/lib/gcc/x86_64-linux-gnu/9/../../../../lib/:/lib/x86_64-linux-gnu/:/lib/../lib/:/usr/lib/x86_64-linux-gnu/:/usr/lib/../lib/:/usr/lib/gcc/x86_64-linux-gnu/9/../../../:/lib/:/usr/lib/]
  ignore line: [COLLECT_GCC_OPTIONS='-v' '-c' '-o' 'CMakeFiles/cmTC_84089.dir/CMakeFortranCompilerABI.F.o' '-mtune=generic' '-march=x86-64']
  ignore line: [Linking Fortran executable cmTC_84089]
  ignore line: [/usr/local/bin/cmake -E cmake_link_script CMakeFiles/cmTC_84089.dir/link.txt --verbose=1]
  ignore line: [/usr/bin/gfortran  -fopenmp -v   CMakeFiles/cmTC_84089.dir/CMakeFortranCompilerABI.F.o  -o cmTC_84089 ]
  ignore line: [Driving: /usr/bin/gfortran -fopenmp -v CMakeFiles/cmTC_84089.dir/CMakeFortranCompilerABI.F.o -o cmTC_84089 -l gfortran -l m -shared-libgcc]
  ignore line: [Using built-in specs.]
  ignore line: [COLLECT_GCC=/usr/bin/gfortran]
  ignore line: [COLLECT_LTO_WRAPPER=/usr/lib/gcc/x86_64-linux-gnu/9/lto-wrapper]
  ignore line: [OFFLOAD_TARGET_NAMES=nvptx-none:hsa]
  ignore line: [OFFLOAD_TARGET_DEFAULT=1]
  ignore line: [Target: x86_64-linux-gnu]
  ignore line: [Configured with: ../src/configure -v --with-pkgversion='Ubuntu 9.3.0-11ubuntu0~18.04.1' --with-bugurl=file:///usr/share/doc/gcc-9/README.Bugs --enable-languages=c ada c++ go brig d fortran objc obj-c++ gm2 --prefix=/usr --with-gcc-major-version-only --program-suffix=-9 --program-prefix=x86_64-linux-gnu- --enable-shared --enable-linker-build-id --libexecdir=/usr/lib --without-included-gettext --enable-threads=posix --libdir=/usr/lib --enable-nls --enable-clocale=gnu --enable-libstdcxx-debug --enable-libstdcxx-time=yes --with-default-libstdcxx-abi=new --enable-gnu-unique-object --disable-vtable-verify --enable-plugin --enable-default-pie --with-system-zlib --with-target-system-zlib=auto --enable-objc-gc=auto --enable-multiarch --disable-werror --with-arch-32=i686 --with-abi=m64 --with-multilib-list=m32 m64 mx32 --enable-multilib --with-tune=generic --enable-offload-targets=nvptx-none hsa --without-cuda-driver --enable-checking=release --build=x86_64-linux-gnu --host=x86_64-linux-gnu --target=x86_64-linux-gnu]
  ignore line: [Thread model: posix]
  ignore line: [gcc version 9.3.0 (Ubuntu 9.3.0-11ubuntu0~18.04.1) ]
  ignore line: [Reading specs from /usr/lib/gcc/x86_64-linux-gnu/9/libgfortran.spec]
  ignore line: [rename spec lib to liborig]
  ignore line: [COLLECT_GCC_OPTIONS='-fopenmp' '-v' '-o' 'cmTC_84089' '-shared-libgcc' '-mtune=generic' '-march=x86-64' '-pthread']
  ignore line: [COMPILER_PATH=/usr/lib/gcc/x86_64-linux-gnu/9/:/usr/lib/gcc/x86_64-linux-gnu/9/:/usr/lib/gcc/x86_64-linux-gnu/:/usr/lib/gcc/x86_64-linux-gnu/9/:/usr/lib/gcc/x86_64-linux-gnu/]
  ignore line: [LIBRARY_PATH=/usr/lib/gcc/x86_64-linux-gnu/9/:/usr/lib/gcc/x86_64-linux-gnu/9/../../../x86_64-linux-gnu/:/usr/lib/gcc/x86_64-linux-gnu/9/../../../../lib/:/lib/x86_64-linux-gnu/:/lib/../lib/:/usr/lib/x86_64-linux-gnu/:/usr/lib/../lib/:/usr/lib/gcc/x86_64-linux-gnu/9/../../../:/lib/:/usr/lib/]
  ignore line: [Reading specs from /usr/lib/gcc/x86_64-linux-gnu/9/libgomp.spec]
  ignore line: [COLLECT_GCC_OPTIONS='-fopenmp' '-v' '-o' 'cmTC_84089' '-shared-libgcc' '-mtune=generic' '-march=x86-64' '-pthread']
  link line: [ /usr/lib/gcc/x86_64-linux-gnu/9/collect2 -plugin /usr/lib/gcc/x86_64-linux-gnu/9/liblto_plugin.so -plugin-opt=/usr/lib/gcc/x86_64-linux-gnu/9/lto-wrapper -plugin-opt=-fresolution=/tmp/ccovcshX.res -plugin-opt=-pass-through=-lgcc_s -plugin-opt=-pass-through=-lgcc -plugin-opt=-pass-through=-lquadmath -plugin-opt=-pass-through=-lm -plugin-opt=-pass-through=-lgcc_s -plugin-opt=-pass-through=-lgcc -plugin-opt=-pass-through=-lpthread -plugin-opt=-pass-through=-lc -plugin-opt=-pass-through=-lgcc_s -plugin-opt=-pass-through=-lgcc --build-id --eh-frame-hdr -m elf_x86_64 --hash-style=gnu --as-needed -dynamic-linker /lib64/ld-linux-x86-64.so.2 -pie -z now -z relro -o cmTC_84089 /usr/lib/gcc/x86_64-linux-gnu/9/../../../x86_64-linux-gnu/Scrt1.o /usr/lib/gcc/x86_64-linux-gnu/9/../../../x86_64-linux-gnu/crti.o /usr/lib/gcc/x86_64-linux-gnu/9/crtbeginS.o /usr/lib/gcc/x86_64-linux-gnu/9/crtoffloadbegin.o -L/usr/lib/gcc/x86_64-linux-gnu/9 -L/usr/lib/gcc/x86_64-linux-gnu/9/../../../x86_64-linux-gnu -L/usr/lib/gcc/x86_64-linux-gnu/9/../../../../lib -L/lib/x86_64-linux-gnu -L/lib/../lib -L/usr/lib/x86_64-linux-gnu -L/usr/lib/../lib -L/usr/lib/gcc/x86_64-linux-gnu/9/../../.. CMakeFiles/cmTC_84089.dir/CMakeFortranCompilerABI.F.o -lgfortran -lm -lgomp -lgcc_s -lgcc -lquadmath -lm -lgcc_s -lgcc -lpthread -lc -lgcc_s -lgcc /usr/lib/gcc/x86_64-linux-gnu/9/crtendS.o /usr/lib/gcc/x86_64-linux-gnu/9/../../../x86_64-linux-gnu/crtn.o /usr/lib/gcc/x86_64-linux-gnu/9/crtoffloadend.o]
    arg [/usr/lib/gcc/x86_64-linux-gnu/9/collect2] ==> ignore
    arg [-plugin] ==> ignore
    arg [/usr/lib/gcc/x86_64-linux-gnu/9/liblto_plugin.so] ==> ignore
    arg [-plugin-opt=/usr/lib/gcc/x86_64-linux-gnu/9/lto-wrapper] ==> ignore
    arg [-plugin-opt=-fresolution=/tmp/ccovcshX.res] ==> ignore
    arg [-plugin-opt=-pass-through=-lgcc_s] ==> ignore
    arg [-plugin-opt=-pass-through=-lgcc] ==> ignore
    arg [-plugin-opt=-pass-through=-lquadmath] ==> ignore
    arg [-plugin-opt=-pass-through=-lm] ==> ignore
    arg [-plugin-opt=-pass-through=-lgcc_s] ==> ignore
    arg [-plugin-opt=-pass-through=-lgcc] ==> ignore
    arg [-plugin-opt=-pass-through=-lpthread] ==> ignore
    arg [-plugin-opt=-pass-through=-lc] ==> ignore
    arg [-plugin-opt=-pass-through=-lgcc_s] ==> ignore
    arg [-plugin-opt=-pass-through=-lgcc] ==> ignore
    arg [--build-id] ==> ignore
    arg [--eh-frame-hdr] ==> ignore
    arg [-m] ==> ignore
    arg [elf_x86_64] ==> ignore
    arg [--hash-style=gnu] ==> ignore
    arg [--as-needed] ==> ignore
    arg [-dynamic-linker] ==> ignore
    arg [/lib64/ld-linux-x86-64.so.2] ==> ignore
    arg [-pie] ==> ignore
    arg [-znow] ==> ignore
    arg [-zrelro] ==> ignore
    arg [-o] ==> ignore
    arg [cmTC_84089] ==> ignore
    arg [/usr/lib/gcc/x86_64-linux-gnu/9/../../../x86_64-linux-gnu/Scrt1.o] ==> ignore
    arg [/usr/lib/gcc/x86_64-linux-gnu/9/../../../x86_64-linux-gnu/crti.o] ==> ignore
    arg [/usr/lib/gcc/x86_64-linux-gnu/9/crtbeginS.o] ==> ignore
    arg [/usr/lib/gcc/x86_64-linux-gnu/9/crtoffloadbegin.o] ==> ignore
    arg [-L/usr/lib/gcc/x86_64-linux-gnu/9] ==> dir [/usr/lib/gcc/x86_64-linux-gnu/9]
    arg [-L/usr/lib/gcc/x86_64-linux-gnu/9/../../../x86_64-linux-gnu] ==> dir [/usr/lib/gcc/x86_64-linux-gnu/9/../../../x86_64-linux-gnu]
    arg [-L/usr/lib/gcc/x86_64-linux-gnu/9/../../../../lib] ==> dir [/usr/lib/gcc/x86_64-linux-gnu/9/../../../../lib]
    arg [-L/lib/x86_64-linux-gnu] ==> dir [/lib/x86_64-linux-gnu]
    arg [-L/lib/../lib] ==> dir [/lib/../lib]
    arg [-L/usr/lib/x86_64-linux-gnu] ==> dir [/usr/lib/x86_64-linux-gnu]
    arg [-L/usr/lib/../lib] ==> dir [/usr/lib/../lib]
    arg [-L/usr/lib/gcc/x86_64-linux-gnu/9/../../..] ==> dir [/usr/lib/gcc/x86_64-linux-gnu/9/../../..]
    arg [CMakeFiles/cmTC_84089.dir/CMakeFortranCompilerABI.F.o] ==> ignore
    arg [-lgfortran] ==> lib [gfortran]
    arg [-lm] ==> lib [m]
    arg [-lgomp] ==> lib [gomp]
    arg [-lgcc_s] ==> lib [gcc_s]
    arg [-lgcc] ==> lib [gcc]
    arg [-lquadmath] ==> lib [quadmath]
    arg [-lm] ==> lib [m]
    arg [-lgcc_s] ==> lib [gcc_s]
    arg [-lgcc] ==> lib [gcc]
    arg [-lpthread] ==> lib [pthread]
    arg [-lc] ==> lib [c]
    arg [-lgcc_s] ==> lib [gcc_s]
    arg [-lgcc] ==> lib [gcc]
    arg [/usr/lib/gcc/x86_64-linux-gnu/9/crtendS.o] ==> ignore
    arg [/usr/lib/gcc/x86_64-linux-gnu/9/../../../x86_64-linux-gnu/crtn.o] ==> ignore
    arg [/usr/lib/gcc/x86_64-linux-gnu/9/crtoffloadend.o] ==> ignore
  collapse library dir [/usr/lib/gcc/x86_64-linux-gnu/9] ==> [/usr/lib/gcc/x86_64-linux-gnu/9]
  collapse library dir [/usr/lib/gcc/x86_64-linux-gnu/9/../../../x86_64-linux-gnu] ==> [/usr/lib/x86_64-linux-gnu]
  collapse library dir [/usr/lib/gcc/x86_64-linux-gnu/9/../../../../lib] ==> [/usr/lib]
  collapse library dir [/lib/x86_64-linux-gnu] ==> [/lib/x86_64-linux-gnu]
  collapse library dir [/lib/../lib] ==> [/lib]
  collapse library dir [/usr/lib/x86_64-linux-gnu] ==> [/usr/lib/x86_64-linux-gnu]
  collapse library dir [/usr/lib/../lib] ==> [/usr/lib]
  collapse library dir [/usr/lib/gcc/x86_64-linux-gnu/9/../../..] ==> [/usr/lib]
  implicit libs: [gfortran;m;gomp;gcc_s;gcc;quadmath;m;gcc_s;gcc;pthread;c;gcc_s;gcc]
  implicit dirs: [/usr/lib/gcc/x86_64-linux-gnu/9;/usr/lib/x86_64-linux-gnu;/usr/lib;/lib/x86_64-linux-gnu;/lib]
  implicit fwks: []


Determining if the Fortran compiler supports Fortran 90 passed with the following output:
Change Dir: /scratch/long/users/bjohnson/singularity/CRTM_dev/src/Build/CMakeFiles/CMakeTmp

Run Build Command(s):/usr/bin/make cmTC_936c0/fast && /usr/bin/make -f CMakeFiles/cmTC_936c0.dir/build.make CMakeFiles/cmTC_936c0.dir/build
make[1]: Entering directory '/scratch/long/users/bjohnson/singularity/CRTM_dev/src/Build/CMakeFiles/CMakeTmp'
Building Fortran object CMakeFiles/cmTC_936c0.dir/testFortranCompilerF90.f90.o
/usr/bin/gfortran    -c /scratch/long/users/bjohnson/singularity/CRTM_dev/src/Build/CMakeFiles/CMakeTmp/testFortranCompilerF90.f90 -o CMakeFiles/cmTC_936c0.dir/testFortranCompilerF90.f90.o
Linking Fortran executable cmTC_936c0
/usr/local/bin/cmake -E cmake_link_script CMakeFiles/cmTC_936c0.dir/link.txt --verbose=1
/usr/bin/gfortran  -fopenmp    CMakeFiles/cmTC_936c0.dir/testFortranCompilerF90.f90.o  -o cmTC_936c0 
make[1]: Leaving directory '/scratch/long/users/bjohnson/singularity/CRTM_dev/src/Build/CMakeFiles/CMakeTmp'



