Compiling the Fortran compiler identification source file "CMakeFortranCompilerId.F" failed.
Compiler: /opt/intel/18/compilers_and_libraries_2018.3.222/linux/bin/intel64/ifort 
Build flags: 
Id flags: -v 

The output was:
No such file or directory


Compiling the Fortran compiler identification source file "CMakeFortranCompilerId.F" failed.
Compiler: /opt/intel/18/compilers_and_libraries_2018.3.222/linux/bin/intel64/ifort 
Build flags: 
Id flags:  

The output was:
No such file or directory


Compiling the Fortran compiler identification source file "CMakeFortranCompilerId.F" failed.
Compiler: /opt/intel/18/compilers_and_libraries_2018.3.222/linux/bin/intel64/ifort 
Build flags: 
Id flags: -c 

The output was:
No such file or directory


Compiling the Fortran compiler identification source file "CMakeFortranCompilerId.F" failed.
Compiler: /opt/intel/18/compilers_and_libraries_2018.3.222/linux/bin/intel64/ifort 
Build flags: 
Id flags: -fpp 

The output was:
No such file or directory


Compiling the Fortran compiler identification source file "CMakeFortranCompilerId.F" failed.
Compiler: /opt/intel/18/compilers_and_libraries_2018.3.222/linux/bin/intel64/ifort 
Build flags: 
Id flags: -v 

The output was:
No such file or directory


Compiling the Fortran compiler identification source file "CMakeFortranCompilerId.F" failed.
Compiler: /opt/intel/18/compilers_and_libraries_2018.3.222/linux/bin/intel64/ifort 
Build flags: 
Id flags:  

The output was:
No such file or directory


Compiling the Fortran compiler identification source file "CMakeFortranCompilerId.F" failed.
Compiler: /opt/intel/18/compilers_and_libraries_2018.3.222/linux/bin/intel64/ifort 
Build flags: 
Id flags: -c 

The output was:
No such file or directory


Compiling the Fortran compiler identification source file "CMakeFortranCompilerId.F" failed.
Compiler: /opt/intel/18/compilers_and_libraries_2018.3.222/linux/bin/intel64/ifort 
Build flags: 
Id flags: -fpp 

The output was:
No such file or directory


Checking whether the Fortran compiler is Compaq using "-what" did not match "Compaq Visual Fortran":
Checking whether the Fortran compiler is NAG using "-V" did not match "NAG Fortran Compiler":
Checking whether the Fortran compiler is Compaq using "-what" did not match "Compaq Visual Fortran":
Checking whether the Fortran compiler is NAG using "-V" did not match "NAG Fortran Compiler":
